2025-03-20 10:43:03.012 +05:30 [INF] User profile is available. Using 'C:\Users\liyan\AppData\Local\ASP.NET\DataProtection-Keys' as key repository and Windows DPAPI to encrypt keys at rest.
2025-03-20 10:43:03.149 +05:30 [INF] EmployeeApp started successfully.
2025-03-20 10:43:03.299 +05:30 [INF] Now listening on: https://localhost:7134
2025-03-20 10:43:03.301 +05:30 [INF] Now listening on: http://localhost:5207
2025-03-20 10:43:03.358 +05:30 [INF] Application started. Press Ctrl+C to shut down.
2025-03-20 10:43:03.360 +05:30 [INF] Hosting environment: Development
2025-03-20 10:43:03.361 +05:30 [INF] Content root path: C:\Users\liyan\Documents\GitHub\CCS\EmployeeApp
2025-03-20 10:43:03.910 +05:30 [INF] Request starting HTTP/2 GET https://localhost:7134/ - null null
2025-03-20 10:43:04.013 +05:30 [INF] Executing endpoint '/Index'
2025-03-20 10:43:04.060 +05:30 [INF] Route matched with {page = "/Index"}. Executing page /Index
2025-03-20 10:43:04.066 +05:30 [INF] Executing handler method EmployeeApp.Pages.IndexModel.OnGet - ModelState is "Valid"
2025-03-20 10:43:04.068 +05:30 [INF] Executed handler method OnGet, returned result .
2025-03-20 10:43:04.070 +05:30 [INF] Executing an implicit handler method - ModelState is "Valid"
2025-03-20 10:43:04.070 +05:30 [INF] Executed an implicit handler method, returned result Microsoft.AspNetCore.Mvc.RazorPages.PageResult.
2025-03-20 10:43:04.235 +05:30 [INF] Executed page /Index in 172.0092ms
2025-03-20 10:43:04.240 +05:30 [INF] Executed endpoint '/Index'
2025-03-20 10:43:04.244 +05:30 [INF] HTTP GET / responded 200 in 242.1146 ms
2025-03-20 10:43:04.250 +05:30 [INF] Request starting HTTP/2 GET https://localhost:7134/css/site.css - null null
2025-03-20 10:43:04.250 +05:30 [INF] Request starting HTTP/2 GET https://localhost:7134/_framework/aspnetcore-browser-refresh.js - null null
2025-03-20 10:43:04.250 +05:30 [INF] Request starting HTTP/2 GET https://localhost:7134/_vs/browserLink - null null
2025-03-20 10:43:04.252 +05:30 [INF] Request finished HTTP/2 GET https://localhost:7134/ - 200 null text/html; charset=utf-8 343.0413ms
2025-03-20 10:43:04.254 +05:30 [INF] The file /css/site.css was not modified
2025-03-20 10:43:04.258 +05:30 [INF] HTTP GET /css/site.css responded 304 in 5.6572 ms
2025-03-20 10:43:04.259 +05:30 [INF] Request finished HTTP/2 GET https://localhost:7134/_framework/aspnetcore-browser-refresh.js - 200 13758 application/javascript; charset=utf-8 8.4979ms
2025-03-20 10:43:04.259 +05:30 [INF] Request finished HTTP/2 GET https://localhost:7134/css/site.css - 304 null text/css 9.1316ms
2025-03-20 10:43:04.291 +05:30 [INF] Request finished HTTP/2 GET https://localhost:7134/_vs/browserLink - 200 null text/javascript; charset=UTF-8 40.7406ms
2025-03-20 12:07:30.474 +05:30 [INF] User profile is available. Using 'C:\Users\liyan\AppData\Local\ASP.NET\DataProtection-Keys' as key repository and Windows DPAPI to encrypt keys at rest.
2025-03-20 12:07:30.542 +05:30 [INF] EmployeeApp started successfully.
2025-03-20 12:07:30.614 +05:30 [INF] Now listening on: https://localhost:7134
2025-03-20 12:07:30.616 +05:30 [INF] Now listening on: http://localhost:5207
2025-03-20 12:07:30.662 +05:30 [INF] Application started. Press Ctrl+C to shut down.
2025-03-20 12:07:30.664 +05:30 [INF] Hosting environment: Development
2025-03-20 12:07:30.665 +05:30 [INF] Content root path: C:\Users\liyan\Documents\GitHub\CCS\EmployeeApp
2025-03-20 12:07:30.977 +05:30 [INF] Request starting HTTP/2 GET https://localhost:7134/ - null null
2025-03-20 12:07:31.084 +05:30 [INF] Executing endpoint '/Index'
2025-03-20 12:07:31.108 +05:30 [INF] Route matched with {page = "/Index"}. Executing page /Index
2025-03-20 12:07:31.115 +05:30 [INF] Executing handler method EmployeeApp.Pages.IndexModel.OnGet - ModelState is "Valid"
2025-03-20 12:07:31.117 +05:30 [INF] Executed handler method OnGet, returned result .
2025-03-20 12:07:31.119 +05:30 [INF] Executing an implicit handler method - ModelState is "Valid"
2025-03-20 12:07:31.120 +05:30 [INF] Executed an implicit handler method, returned result Microsoft.AspNetCore.Mvc.RazorPages.PageResult.
2025-03-20 12:07:31.238 +05:30 [INF] Executed page /Index in 127.7803ms
2025-03-20 12:07:31.243 +05:30 [INF] Executed endpoint '/Index'
2025-03-20 12:07:31.246 +05:30 [INF] HTTP GET / responded 200 in 174.6429 ms
2025-03-20 12:07:31.251 +05:30 [INF] Request starting HTTP/2 GET https://localhost:7134/_vs/browserLink - null null
2025-03-20 12:07:31.251 +05:30 [INF] Request starting HTTP/2 GET https://localhost:7134/_framework/aspnetcore-browser-refresh.js - null null
2025-03-20 12:07:31.254 +05:30 [INF] Request finished HTTP/2 GET https://localhost:7134/ - 200 null text/html; charset=utf-8 278.2301ms
2025-03-20 12:07:31.262 +05:30 [INF] Request finished HTTP/2 GET https://localhost:7134/_framework/aspnetcore-browser-refresh.js - 200 13758 application/javascript; charset=utf-8 10.4761ms
2025-03-20 12:07:31.292 +05:30 [INF] Request finished HTTP/2 GET https://localhost:7134/_vs/browserLink - 200 null text/javascript; charset=UTF-8 40.9616ms
2025-03-20 12:07:36.811 +05:30 [INF] Request starting HTTP/2 GET https://localhost:7134/Account/Login - null null
2025-03-20 12:07:36.820 +05:30 [INF] Executing endpoint '/Account/Login'
2025-03-20 12:07:36.829 +05:30 [INF] Route matched with {page = "/Account/Login"}. Executing page /Account/Login
2025-03-20 12:07:36.839 +05:30 [INF] Executing an implicit handler method - ModelState is "Valid"
2025-03-20 12:07:36.839 +05:30 [INF] Executed an implicit handler method, returned result Microsoft.AspNetCore.Mvc.RazorPages.PageResult.
2025-03-20 12:07:36.859 +05:30 [INF] Executed page /Account/Login in 27.9303ms
2025-03-20 12:07:36.862 +05:30 [INF] Executed endpoint '/Account/Login'
2025-03-20 12:07:36.864 +05:30 [INF] HTTP GET /Account/Login responded 200 in 45.7133 ms
2025-03-20 12:07:36.866 +05:30 [INF] Request finished HTTP/2 GET https://localhost:7134/Account/Login - 200 null text/html; charset=utf-8 55.1357ms
2025-03-20 12:07:36.874 +05:30 [INF] Request starting HTTP/2 GET https://localhost:7134/_framework/aspnetcore-browser-refresh.js - null null
2025-03-20 12:07:36.874 +05:30 [INF] Request starting HTTP/2 GET https://localhost:7134/_vs/browserLink - null null
2025-03-20 12:07:36.878 +05:30 [INF] Request finished HTTP/2 GET https://localhost:7134/_framework/aspnetcore-browser-refresh.js - 200 13758 application/javascript; charset=utf-8 3.6211ms
2025-03-20 12:07:36.883 +05:30 [INF] Request finished HTTP/2 GET https://localhost:7134/_vs/browserLink - 200 null text/javascript; charset=UTF-8 8.6542ms
2025-03-20 12:07:41.993 +05:30 [INF] Request starting HTTP/2 POST https://localhost:7134/Account/Login - application/x-www-form-urlencoded 240
2025-03-20 12:07:42.000 +05:30 [INF] Executing endpoint '/Account/Login'
2025-03-20 12:07:42.001 +05:30 [INF] Route matched with {page = "/Account/Login"}. Executing page /Account/Login
2025-03-20 12:07:42.019 +05:30 [INF] Executing handler method EmployeeApp.Pages.Account.LoginModel.OnPostAsync - ModelState is "Valid"
2025-03-20 12:07:42.985 +05:30 [INF] Executed DbCommand (80ms) [Parameters=[@__normalizedEmail_0='?' (Size = 256)], CommandType='"Text"', CommandTimeout='30']
SELECT TOP(2) [a].[Id], [a].[AccessFailedCount], [a].[ConcurrencyStamp], [a].[Email], [a].[EmailConfirmed], [a].[FullName], [a].[LockoutEnabled], [a].[LockoutEnd], [a].[NormalizedEmail], [a].[NormalizedUserName], [a].[PasswordHash], [a].[PhoneNumber], [a].[PhoneNumberConfirmed], [a].[SecurityStamp], [a].[TwoFactorEnabled], [a].[UserName]
FROM [AspNetUsers] AS [a]
WHERE [a].[NormalizedEmail] = @__normalizedEmail_0
2025-03-20 12:07:43.060 +05:30 [INF] Executed DbCommand (7ms) [Parameters=[@__normalizedUserName_0='?' (Size = 256)], CommandType='"Text"', CommandTimeout='30']
SELECT TOP(1) [a].[Id], [a].[AccessFailedCount], [a].[ConcurrencyStamp], [a].[Email], [a].[EmailConfirmed], [a].[FullName], [a].[LockoutEnabled], [a].[LockoutEnd], [a].[NormalizedEmail], [a].[NormalizedUserName], [a].[PasswordHash], [a].[PhoneNumber], [a].[PhoneNumberConfirmed], [a].[SecurityStamp], [a].[TwoFactorEnabled], [a].[UserName]
FROM [AspNetUsers] AS [a]
WHERE [a].[NormalizedUserName] = @__normalizedUserName_0
2025-03-20 12:07:43.176 +05:30 [INF] Executed DbCommand (2ms) [Parameters=[@__user_Id_0='?' (Size = 450)], CommandType='"Text"', CommandTimeout='30']
SELECT [a].[Id], [a].[ClaimType], [a].[ClaimValue], [a].[UserId]
FROM [AspNetUserClaims] AS [a]
WHERE [a].[UserId] = @__user_Id_0
2025-03-20 12:07:43.200 +05:30 [INF] Executed DbCommand (7ms) [Parameters=[@__userId_0='?' (Size = 450)], CommandType='"Text"', CommandTimeout='30']
SELECT [a0].[Name]
FROM [AspNetUserRoles] AS [a]
INNER JOIN [AspNetRoles] AS [a0] ON [a].[RoleId] = [a0].[Id]
WHERE [a].[UserId] = @__userId_0
2025-03-20 12:07:43.212 +05:30 [INF] Executed DbCommand (2ms) [Parameters=[@__normalizedName_0='?' (Size = 256)], CommandType='"Text"', CommandTimeout='30']
SELECT TOP(1) [a].[Id], [a].[ConcurrencyStamp], [a].[Name], [a].[NormalizedName]
FROM [AspNetRoles] AS [a]
WHERE [a].[NormalizedName] = @__normalizedName_0
2025-03-20 12:07:43.232 +05:30 [INF] Executed DbCommand (2ms) [Parameters=[@__role_Id_0='?' (Size = 450)], CommandType='"Text"', CommandTimeout='30']
SELECT [a].[ClaimType], [a].[ClaimValue]
FROM [AspNetRoleClaims] AS [a]
WHERE [a].[RoleId] = @__role_Id_0
2025-03-20 12:07:43.238 +05:30 [INF] AuthenticationScheme: Identity.Application signed in.
2025-03-20 12:07:43.240 +05:30 [INF] Executed handler method OnPostAsync, returned result Microsoft.AspNetCore.Mvc.RedirectToPageResult.
2025-03-20 12:07:43.242 +05:30 [INF] Executing RedirectToPageResult, redirecting to /Dashboard/Index.
2025-03-20 12:07:43.243 +05:30 [INF] Executed page /Account/Login in 1241.1529ms
2025-03-20 12:07:43.244 +05:30 [INF] Executed endpoint '/Account/Login'
2025-03-20 12:07:43.245 +05:30 [INF] HTTP POST /Account/Login responded 302 in 1247.9380 ms
2025-03-20 12:07:43.249 +05:30 [INF] Request starting HTTP/2 GET https://localhost:7134/Dashboard - null null
2025-03-20 12:07:43.250 +05:30 [INF] Request finished HTTP/2 POST https://localhost:7134/Account/Login - 302 0 null 1256.5914ms
2025-03-20 12:07:43.257 +05:30 [INF] Executing endpoint '/Dashboard/Index'
2025-03-20 12:07:43.259 +05:30 [INF] Route matched with {page = "/Dashboard/Index"}. Executing page /Dashboard/Index
2025-03-20 12:07:43.260 +05:30 [INF] Executing handler method EmployeeApp.Pages.Dashboard.IndexModel.OnGetAsync - ModelState is "Invalid"
2025-03-20 12:07:43.307 +05:30 [INF] Executed DbCommand (5ms) [Parameters=[], CommandType='"Text"', CommandTimeout='30']
SELECT [e].[Id], [e].[Department], [e].[Email], [e].[Name], [e].[PhoneNumber], [e].[Salary]
FROM [Employees] AS [e]
2025-03-20 12:07:43.318 +05:30 [INF] Executed handler method OnGetAsync, returned result Microsoft.AspNetCore.Mvc.RazorPages.PageResult.
2025-03-20 12:07:43.328 +05:30 [INF] Executed page /Dashboard/Index in 68.2824ms
2025-03-20 12:07:43.329 +05:30 [INF] Executed endpoint '/Dashboard/Index'
2025-03-20 12:07:43.330 +05:30 [INF] HTTP GET /Dashboard responded 200 in 78.4179 ms
2025-03-20 12:07:43.332 +05:30 [INF] Request finished HTTP/2 GET https://localhost:7134/Dashboard - 200 null text/html; charset=utf-8 83.0718ms
2025-03-20 12:07:43.337 +05:30 [INF] Request starting HTTP/2 GET https://localhost:7134/_framework/aspnetcore-browser-refresh.js - null null
2025-03-20 12:07:43.337 +05:30 [INF] Request starting HTTP/2 GET https://localhost:7134/_vs/browserLink - null null
2025-03-20 12:07:43.339 +05:30 [INF] Request finished HTTP/2 GET https://localhost:7134/_framework/aspnetcore-browser-refresh.js - 200 13758 application/javascript; charset=utf-8 1.4787ms
2025-03-20 12:07:43.343 +05:30 [INF] Request finished HTTP/2 GET https://localhost:7134/_vs/browserLink - 200 null text/javascript; charset=UTF-8 5.9044ms
2025-03-20 12:07:48.389 +05:30 [INF] Request starting HTTP/2 GET https://localhost:7134/Dashboard?SearchQuery=ja - null null
2025-03-20 12:07:48.397 +05:30 [INF] Executing endpoint '/Dashboard/Index'
2025-03-20 12:07:48.398 +05:30 [INF] Route matched with {page = "/Dashboard/Index"}. Executing page /Dashboard/Index
2025-03-20 12:07:48.401 +05:30 [INF] Executing handler method EmployeeApp.Pages.Dashboard.IndexModel.OnGetAsync - ModelState is "Valid"
2025-03-20 12:07:48.422 +05:30 [INF] Executed DbCommand (6ms) [Parameters=[@__SearchQuery_0_startswith='?' (Size = 4000)], CommandType='"Text"', CommandTimeout='30']
SELECT [e].[Id], [e].[Department], [e].[Email], [e].[Name], [e].[PhoneNumber], [e].[Salary]
FROM [Employees] AS [e]
WHERE [e].[Name] LIKE @__SearchQuery_0_startswith ESCAPE N'\'
2025-03-20 12:07:48.425 +05:30 [INF] Executed handler method OnGetAsync, returned result Microsoft.AspNetCore.Mvc.RazorPages.PageResult.
2025-03-20 12:07:48.428 +05:30 [INF] Executed page /Dashboard/Index in 29.1225ms
2025-03-20 12:07:48.429 +05:30 [INF] Executed endpoint '/Dashboard/Index'
2025-03-20 12:07:48.430 +05:30 [INF] HTTP GET /Dashboard responded 200 in 35.6216 ms
2025-03-20 12:07:48.432 +05:30 [INF] Request finished HTTP/2 GET https://localhost:7134/Dashboard?SearchQuery=ja - 200 null text/html; charset=utf-8 43.2128ms
2025-03-20 12:07:48.440 +05:30 [INF] Request starting HTTP/2 GET https://localhost:7134/_framework/aspnetcore-browser-refresh.js - null null
2025-03-20 12:07:48.440 +05:30 [INF] Request starting HTTP/2 GET https://localhost:7134/_vs/browserLink - null null
2025-03-20 12:07:48.442 +05:30 [INF] Request finished HTTP/2 GET https://localhost:7134/_framework/aspnetcore-browser-refresh.js - 200 13758 application/javascript; charset=utf-8 1.5414ms
2025-03-20 12:07:48.445 +05:30 [INF] Request finished HTTP/2 GET https://localhost:7134/_vs/browserLink - 200 null text/javascript; charset=UTF-8 5.0934ms
2025-03-20 12:07:50.435 +05:30 [INF] Request starting HTTP/2 GET https://localhost:7134/Dashboard?SearchQuery=j - null null
2025-03-20 12:07:50.442 +05:30 [INF] Executing endpoint '/Dashboard/Index'
2025-03-20 12:07:50.444 +05:30 [INF] Route matched with {page = "/Dashboard/Index"}. Executing page /Dashboard/Index
2025-03-20 12:07:50.444 +05:30 [INF] Executing handler method EmployeeApp.Pages.Dashboard.IndexModel.OnGetAsync - ModelState is "Valid"
2025-03-20 12:07:50.448 +05:30 [INF] Executed DbCommand (1ms) [Parameters=[@__SearchQuery_0_startswith='?' (Size = 4000)], CommandType='"Text"', CommandTimeout='30']
SELECT [e].[Id], [e].[Department], [e].[Email], [e].[Name], [e].[PhoneNumber], [e].[Salary]
FROM [Employees] AS [e]
WHERE [e].[Name] LIKE @__SearchQuery_0_startswith ESCAPE N'\'
2025-03-20 12:07:50.450 +05:30 [INF] Executed handler method OnGetAsync, returned result Microsoft.AspNetCore.Mvc.RazorPages.PageResult.
2025-03-20 12:07:50.452 +05:30 [INF] Executed page /Dashboard/Index in 7.9137ms
2025-03-20 12:07:50.453 +05:30 [INF] Executed endpoint '/Dashboard/Index'
2025-03-20 12:07:50.454 +05:30 [INF] HTTP GET /Dashboard responded 200 in 14.7408 ms
2025-03-20 12:07:50.456 +05:30 [INF] Request finished HTTP/2 GET https://localhost:7134/Dashboard?SearchQuery=j - 200 null text/html; charset=utf-8 20.4727ms
2025-03-20 12:07:50.464 +05:30 [INF] Request starting HTTP/2 GET https://localhost:7134/_vs/browserLink - null null
2025-03-20 12:07:50.464 +05:30 [INF] Request starting HTTP/2 GET https://localhost:7134/_framework/aspnetcore-browser-refresh.js - null null
2025-03-20 12:07:50.468 +05:30 [INF] Request finished HTTP/2 GET https://localhost:7134/_framework/aspnetcore-browser-refresh.js - 200 13758 application/javascript; charset=utf-8 3.8455ms
2025-03-20 12:07:50.470 +05:30 [INF] Request finished HTTP/2 GET https://localhost:7134/_vs/browserLink - 200 null text/javascript; charset=UTF-8 5.7597ms
2025-03-20 12:07:53.199 +05:30 [INF] Request starting HTTP/2 GET https://localhost:7134/EmployeeManagement - null null
2025-03-20 12:07:53.204 +05:30 [INF] Executing endpoint '/EmployeeManagement/Index'
2025-03-20 12:07:53.208 +05:30 [INF] Route matched with {page = "/EmployeeManagement/Index"}. Executing page /EmployeeManagement/Index
2025-03-20 12:07:53.209 +05:30 [INF] Executing handler method EmployeeApp.Pages.EmployeeManagement.IndexModel.OnGetAsync - ModelState is "Valid"
2025-03-20 12:07:53.214 +05:30 [INF] Executed DbCommand (1ms) [Parameters=[], CommandType='"Text"', CommandTimeout='30']
SELECT [e].[Id], [e].[Department], [e].[Email], [e].[Name], [e].[PhoneNumber], [e].[Salary]
FROM [Employees] AS [e]
2025-03-20 12:07:53.216 +05:30 [INF] Executed handler method OnGetAsync, returned result .
2025-03-20 12:07:53.217 +05:30 [INF] Executing an implicit handler method - ModelState is "Valid"
2025-03-20 12:07:53.218 +05:30 [INF] Executed an implicit handler method, returned result Microsoft.AspNetCore.Mvc.RazorPages.PageResult.
2025-03-20 12:07:53.223 +05:30 [INF] Executed page /EmployeeManagement/Index in 14.1397ms
2025-03-20 12:07:53.224 +05:30 [INF] Executed endpoint '/EmployeeManagement/Index'
2025-03-20 12:07:53.224 +05:30 [INF] HTTP GET /EmployeeManagement responded 200 in 20.7512 ms
2025-03-20 12:07:53.227 +05:30 [INF] Request finished HTTP/2 GET https://localhost:7134/EmployeeManagement - 200 null text/html; charset=utf-8 27.6905ms
2025-03-20 12:07:53.236 +05:30 [INF] Request starting HTTP/2 GET https://localhost:7134/_vs/browserLink - null null
2025-03-20 12:07:53.236 +05:30 [INF] Request starting HTTP/2 GET https://localhost:7134/_framework/aspnetcore-browser-refresh.js - null null
2025-03-20 12:07:53.239 +05:30 [INF] Request finished HTTP/2 GET https://localhost:7134/_framework/aspnetcore-browser-refresh.js - 200 13758 application/javascript; charset=utf-8 2.9608ms
2025-03-20 12:07:53.240 +05:30 [INF] Request finished HTTP/2 GET https://localhost:7134/_vs/browserLink - 200 null text/javascript; charset=UTF-8 4.1733ms
2025-03-20 12:07:56.254 +05:30 [INF] Request starting HTTP/2 GET https://localhost:7134/EmployeeManagement/Edit?id=1 - null null
2025-03-20 12:07:56.260 +05:30 [INF] Executing endpoint '/EmployeeManagement/Edit'
2025-03-20 12:07:56.265 +05:30 [INF] Route matched with {page = "/EmployeeManagement/Edit"}. Executing page /EmployeeManagement/Edit
2025-03-20 12:07:56.267 +05:30 [INF] Executing handler method EmployeeApp.Pages.EmployeeManagement.EditModel.OnGetAsync - ModelState is "Valid"
2025-03-20 12:07:56.287 +05:30 [INF] Executed DbCommand (2ms) [Parameters=[@__p_0='?' (DbType = Int32)], CommandType='"Text"', CommandTimeout='30']
SELECT TOP(1) [e].[Id], [e].[Department], [e].[Email], [e].[Name], [e].[PhoneNumber], [e].[Salary]
FROM [Employees] AS [e]
WHERE [e].[Id] = @__p_0
2025-03-20 12:07:56.289 +05:30 [INF] Executed handler method OnGetAsync, returned result Microsoft.AspNetCore.Mvc.RazorPages.PageResult.
2025-03-20 12:07:56.305 +05:30 [INF] Executed page /EmployeeManagement/Edit in 39.2194ms
2025-03-20 12:07:56.308 +05:30 [INF] Executed endpoint '/EmployeeManagement/Edit'
2025-03-20 12:07:56.309 +05:30 [INF] HTTP GET /EmployeeManagement/Edit responded 200 in 50.3646 ms
2025-03-20 12:07:56.311 +05:30 [INF] Request finished HTTP/2 GET https://localhost:7134/EmployeeManagement/Edit?id=1 - 200 null text/html; charset=utf-8 57.1163ms
2025-03-20 12:07:56.317 +05:30 [INF] Request starting HTTP/2 GET https://localhost:7134/_framework/aspnetcore-browser-refresh.js - null null
2025-03-20 12:07:56.317 +05:30 [INF] Request starting HTTP/2 GET https://localhost:7134/_vs/browserLink - null null
2025-03-20 12:07:56.318 +05:30 [INF] Request finished HTTP/2 GET https://localhost:7134/_framework/aspnetcore-browser-refresh.js - 200 13758 application/javascript; charset=utf-8 1.3146ms
2025-03-20 12:07:56.322 +05:30 [INF] Request finished HTTP/2 GET https://localhost:7134/_vs/browserLink - 200 null text/javascript; charset=UTF-8 5.3514ms
2025-03-20 12:07:58.986 +05:30 [INF] Request starting HTTP/2 GET https://localhost:7134/EmployeeManagement - null null
2025-03-20 12:07:58.989 +05:30 [INF] Executing endpoint '/EmployeeManagement/Index'
2025-03-20 12:07:58.991 +05:30 [INF] Route matched with {page = "/EmployeeManagement/Index"}. Executing page /EmployeeManagement/Index
2025-03-20 12:07:58.992 +05:30 [INF] Executing handler method EmployeeApp.Pages.EmployeeManagement.IndexModel.OnGetAsync - ModelState is "Valid"
2025-03-20 12:07:58.994 +05:30 [INF] Executed DbCommand (1ms) [Parameters=[], CommandType='"Text"', CommandTimeout='30']
SELECT [e].[Id], [e].[Department], [e].[Email], [e].[Name], [e].[PhoneNumber], [e].[Salary]
FROM [Employees] AS [e]
2025-03-20 12:07:58.996 +05:30 [INF] Executed handler method OnGetAsync, returned result .
2025-03-20 12:07:58.997 +05:30 [INF] Executing an implicit handler method - ModelState is "Valid"
2025-03-20 12:07:58.997 +05:30 [INF] Executed an implicit handler method, returned result Microsoft.AspNetCore.Mvc.RazorPages.PageResult.
2025-03-20 12:07:59.000 +05:30 [INF] Executed page /EmployeeManagement/Index in 8.7208ms
2025-03-20 12:07:59.001 +05:30 [INF] Executed endpoint '/EmployeeManagement/Index'
2025-03-20 12:07:59.001 +05:30 [INF] HTTP GET /EmployeeManagement responded 200 in 12.5988 ms
2025-03-20 12:07:59.003 +05:30 [INF] Request finished HTTP/2 GET https://localhost:7134/EmployeeManagement - 200 null text/html; charset=utf-8 16.7112ms
2025-03-20 12:07:59.013 +05:30 [INF] Request starting HTTP/2 GET https://localhost:7134/_framework/aspnetcore-browser-refresh.js - null null
2025-03-20 12:07:59.015 +05:30 [INF] Request finished HTTP/2 GET https://localhost:7134/_framework/aspnetcore-browser-refresh.js - 200 13758 application/javascript; charset=utf-8 1.586ms
2025-03-20 12:08:01.058 +05:30 [INF] Request starting HTTP/2 POST https://localhost:7134/Account/Logout - application/x-www-form-urlencoded 225
2025-03-20 12:08:01.062 +05:30 [INF] Executing endpoint '/Account/Logout'
2025-03-20 12:08:01.065 +05:30 [INF] Route matched with {page = "/Account/Logout"}. Executing page /Account/Logout
2025-03-20 12:08:01.067 +05:30 [INF] Executing handler method EmployeeApp.Pages.Account.LogoutModel.OnPost - ModelState is "Valid"
2025-03-20 12:08:01.069 +05:30 [INF] AuthenticationScheme: Identity.Application signed out.
2025-03-20 12:08:01.069 +05:30 [INF] AuthenticationScheme: Identity.External signed out.
2025-03-20 12:08:01.070 +05:30 [INF] AuthenticationScheme: Identity.TwoFactorUserId signed out.
2025-03-20 12:08:01.070 +05:30 [INF] Executed handler method OnPost, returned result Microsoft.AspNetCore.Mvc.RedirectToPageResult.
2025-03-20 12:08:01.071 +05:30 [INF] Executing RedirectToPageResult, redirecting to /Account/Login.
2025-03-20 12:08:01.072 +05:30 [INF] Executed page /Account/Logout in 6.0042ms
2025-03-20 12:08:01.073 +05:30 [INF] Executed endpoint '/Account/Logout'
2025-03-20 12:08:01.074 +05:30 [INF] HTTP POST /Account/Logout responded 302 in 12.3957 ms
2025-03-20 12:08:01.075 +05:30 [INF] Request finished HTTP/2 POST https://localhost:7134/Account/Logout - 302 0 null 16.959ms
2025-03-20 12:08:01.077 +05:30 [INF] Request starting HTTP/2 GET https://localhost:7134/Account/Login - null null
2025-03-20 12:08:01.079 +05:30 [INF] Executing endpoint '/Account/Login'
2025-03-20 12:08:01.079 +05:30 [INF] Route matched with {page = "/Account/Login"}. Executing page /Account/Login
2025-03-20 12:08:01.080 +05:30 [INF] Executing an implicit handler method - ModelState is "Valid"
2025-03-20 12:08:01.080 +05:30 [INF] Executed an implicit handler method, returned result Microsoft.AspNetCore.Mvc.RazorPages.PageResult.
2025-03-20 12:08:01.082 +05:30 [INF] Executed page /Account/Login in 2.1052ms
2025-03-20 12:08:01.083 +05:30 [INF] Executed endpoint '/Account/Login'
2025-03-20 12:08:01.083 +05:30 [INF] HTTP GET /Account/Login responded 200 in 4.4420 ms
2025-03-20 12:08:01.084 +05:30 [INF] Request finished HTTP/2 GET https://localhost:7134/Account/Login - 200 null text/html; charset=utf-8 7.2592ms
2025-03-20 12:08:01.094 +05:30 [INF] Request starting HTTP/2 GET https://localhost:7134/_vs/browserLink - null null
2025-03-20 12:08:01.097 +05:30 [INF] Request starting HTTP/2 GET https://localhost:7134/_framework/aspnetcore-browser-refresh.js - null null
2025-03-20 12:08:01.098 +05:30 [INF] Request finished HTTP/2 GET https://localhost:7134/_vs/browserLink - 200 null text/javascript; charset=UTF-8 4.1936ms
2025-03-20 12:08:01.100 +05:30 [INF] Request finished HTTP/2 GET https://localhost:7134/_framework/aspnetcore-browser-refresh.js - 200 13758 application/javascript; charset=utf-8 2.1085ms
