2025-03-21 14:31:43.305 +05:30 [INF] User profile is available. Using 'C:\Users\liyan\AppData\Local\ASP.NET\DataProtection-Keys' as key repository and Windows DPAPI to encrypt keys at rest.
2025-03-21 14:31:43.392 +05:30 [INF] EmployeeApp started successfully.
2025-03-21 14:31:43.503 +05:30 [INF] Now listening on: https://localhost:7134
2025-03-21 14:31:43.504 +05:30 [INF] Now listening on: http://localhost:5207
2025-03-21 14:31:43.559 +05:30 [INF] Application started. Press Ctrl+C to shut down.
2025-03-21 14:31:43.560 +05:30 [INF] Hosting environment: Development
2025-03-21 14:31:43.561 +05:30 [INF] Content root path: C:\Users\liyan\Documents\GitHub\CCS\EmployeeApp
2025-03-21 14:31:44.191 +05:30 [INF] Request starting HTTP/2 GET https://localhost:7134/ - null null
2025-03-21 14:31:44.332 +05:30 [INF] Executing endpoint '/Index'
2025-03-21 14:31:44.370 +05:30 [INF] Route matched with {page = "/Index"}. Executing page /Index
2025-03-21 14:31:44.377 +05:30 [INF] Executing handler method EmployeeApp.Pages.IndexModel.OnGet - ModelState is "Valid"
2025-03-21 14:31:44.379 +05:30 [INF] Executed handler method OnGet, returned result .
2025-03-21 14:31:44.381 +05:30 [INF] Executing an implicit handler method - ModelState is "Valid"
2025-03-21 14:31:44.381 +05:30 [INF] Executed an implicit handler method, returned result Microsoft.AspNetCore.Mvc.RazorPages.PageResult.
2025-03-21 14:31:44.541 +05:30 [INF] Executed page /Index in 167.0928ms
2025-03-21 14:31:44.547 +05:30 [INF] Executed endpoint '/Index'
2025-03-21 14:31:44.551 +05:30 [INF] HTTP GET / responded 200 in 232.8578 ms
2025-03-21 14:31:44.554 +05:30 [INF] Request starting HTTP/2 GET https://localhost:7134/_framework/aspnetcore-browser-refresh.js - null null
2025-03-21 14:31:44.554 +05:30 [INF] Request starting HTTP/2 GET https://localhost:7134/_vs/browserLink - null null
2025-03-21 14:31:44.554 +05:30 [INF] Request starting HTTP/2 GET https://localhost:7134/css/site.css - null null
2025-03-21 14:31:44.558 +05:30 [INF] Request finished HTTP/2 GET https://localhost:7134/ - 200 null text/html; charset=utf-8 368.6224ms
2025-03-21 14:31:44.562 +05:30 [INF] The file /css/site.css was not modified
2025-03-21 14:31:44.564 +05:30 [INF] Request finished HTTP/2 GET https://localhost:7134/_framework/aspnetcore-browser-refresh.js - 200 13758 application/javascript; charset=utf-8 9.5291ms
2025-03-21 14:31:44.566 +05:30 [INF] HTTP GET /css/site.css responded 304 in 7.2037 ms
2025-03-21 14:31:44.569 +05:30 [INF] Request finished HTTP/2 GET https://localhost:7134/css/site.css - 304 null text/css 15.0087ms
2025-03-21 14:31:44.603 +05:30 [INF] Request finished HTTP/2 GET https://localhost:7134/_vs/browserLink - 200 null text/javascript; charset=UTF-8 49.1717ms
2025-03-21 14:31:49.385 +05:30 [INF] Request starting HTTP/2 GET https://localhost:7134/Account/Login - null null
2025-03-21 14:31:49.393 +05:30 [INF] Executing endpoint '/Account/Login'
2025-03-21 14:31:49.400 +05:30 [INF] Route matched with {page = "/Account/Login"}. Executing page /Account/Login
2025-03-21 14:31:49.410 +05:30 [INF] Executing an implicit handler method - ModelState is "Valid"
2025-03-21 14:31:49.411 +05:30 [INF] Executed an implicit handler method, returned result Microsoft.AspNetCore.Mvc.RazorPages.PageResult.
2025-03-21 14:31:49.431 +05:30 [INF] Executed page /Account/Login in 29.789ms
2025-03-21 14:31:49.434 +05:30 [INF] Executed endpoint '/Account/Login'
2025-03-21 14:31:49.436 +05:30 [INF] HTTP GET /Account/Login responded 200 in 44.5935 ms
2025-03-21 14:31:49.441 +05:30 [INF] Request finished HTTP/2 GET https://localhost:7134/Account/Login - 200 null text/html; charset=utf-8 55.6783ms
2025-03-21 14:31:49.448 +05:30 [INF] Request starting HTTP/2 GET https://localhost:7134/_vs/browserLink - null null
2025-03-21 14:31:49.448 +05:30 [INF] Request starting HTTP/2 GET https://localhost:7134/_framework/aspnetcore-browser-refresh.js - null null
2025-03-21 14:31:49.454 +05:30 [INF] Request finished HTTP/2 GET https://localhost:7134/_framework/aspnetcore-browser-refresh.js - 200 13758 application/javascript; charset=utf-8 6.1342ms
2025-03-21 14:31:49.457 +05:30 [INF] Request finished HTTP/2 GET https://localhost:7134/_vs/browserLink - 200 null text/javascript; charset=UTF-8 8.5146ms
2025-03-21 14:31:55.462 +05:30 [INF] Request starting HTTP/2 POST https://localhost:7134/Account/Login - application/x-www-form-urlencoded 240
2025-03-21 14:31:55.470 +05:30 [INF] Executing endpoint '/Account/Login'
2025-03-21 14:31:55.471 +05:30 [INF] Route matched with {page = "/Account/Login"}. Executing page /Account/Login
2025-03-21 14:31:55.489 +05:30 [INF] Executing handler method EmployeeApp.Pages.Account.LoginModel.OnPostAsync - ModelState is "Valid"
2025-03-21 14:31:56.324 +05:30 [INF] Executed DbCommand (63ms) [Parameters=[@__normalizedEmail_0='?' (Size = 256)], CommandType='"Text"', CommandTimeout='30']
SELECT TOP(2) [a].[Id], [a].[AccessFailedCount], [a].[ConcurrencyStamp], [a].[Email], [a].[EmailConfirmed], [a].[FullName], [a].[LockoutEnabled], [a].[LockoutEnd], [a].[NormalizedEmail], [a].[NormalizedUserName], [a].[PasswordHash], [a].[PhoneNumber], [a].[PhoneNumberConfirmed], [a].[SecurityStamp], [a].[TwoFactorEnabled], [a].[UserName]
FROM [AspNetUsers] AS [a]
WHERE [a].[NormalizedEmail] = @__normalizedEmail_0
2025-03-21 14:31:56.399 +05:30 [INF] Executed DbCommand (5ms) [Parameters=[@__normalizedUserName_0='?' (Size = 256)], CommandType='"Text"', CommandTimeout='30']
SELECT TOP(1) [a].[Id], [a].[AccessFailedCount], [a].[ConcurrencyStamp], [a].[Email], [a].[EmailConfirmed], [a].[FullName], [a].[LockoutEnabled], [a].[LockoutEnd], [a].[NormalizedEmail], [a].[NormalizedUserName], [a].[PasswordHash], [a].[PhoneNumber], [a].[PhoneNumberConfirmed], [a].[SecurityStamp], [a].[TwoFactorEnabled], [a].[UserName]
FROM [AspNetUsers] AS [a]
WHERE [a].[NormalizedUserName] = @__normalizedUserName_0
2025-03-21 14:31:56.496 +05:30 [INF] Executed DbCommand (4ms) [Parameters=[@__user_Id_0='?' (Size = 450)], CommandType='"Text"', CommandTimeout='30']
SELECT [a].[Id], [a].[ClaimType], [a].[ClaimValue], [a].[UserId]
FROM [AspNetUserClaims] AS [a]
WHERE [a].[UserId] = @__user_Id_0
2025-03-21 14:31:56.522 +05:30 [INF] Executed DbCommand (9ms) [Parameters=[@__userId_0='?' (Size = 450)], CommandType='"Text"', CommandTimeout='30']
SELECT [a0].[Name]
FROM [AspNetUserRoles] AS [a]
INNER JOIN [AspNetRoles] AS [a0] ON [a].[RoleId] = [a0].[Id]
WHERE [a].[UserId] = @__userId_0
2025-03-21 14:31:56.531 +05:30 [INF] Executed DbCommand (1ms) [Parameters=[@__normalizedName_0='?' (Size = 256)], CommandType='"Text"', CommandTimeout='30']
SELECT TOP(1) [a].[Id], [a].[ConcurrencyStamp], [a].[Name], [a].[NormalizedName]
FROM [AspNetRoles] AS [a]
WHERE [a].[NormalizedName] = @__normalizedName_0
2025-03-21 14:31:56.548 +05:30 [INF] Executed DbCommand (4ms) [Parameters=[@__role_Id_0='?' (Size = 450)], CommandType='"Text"', CommandTimeout='30']
SELECT [a].[ClaimType], [a].[ClaimValue]
FROM [AspNetRoleClaims] AS [a]
WHERE [a].[RoleId] = @__role_Id_0
2025-03-21 14:31:56.555 +05:30 [INF] AuthenticationScheme: Identity.Application signed in.
2025-03-21 14:31:56.556 +05:30 [INF] Executed handler method OnPostAsync, returned result Microsoft.AspNetCore.Mvc.RedirectToPageResult.
2025-03-21 14:31:56.558 +05:30 [INF] Executing RedirectToPageResult, redirecting to /Dashboard/Index.
2025-03-21 14:31:56.559 +05:30 [INF] Executed page /Account/Login in 1086.6556ms
2025-03-21 14:31:56.559 +05:30 [INF] Executed endpoint '/Account/Login'
2025-03-21 14:31:56.560 +05:30 [INF] HTTP POST /Account/Login responded 302 in 1092.9960 ms
2025-03-21 14:31:56.564 +05:30 [INF] Request finished HTTP/2 POST https://localhost:7134/Account/Login - 302 0 null 1102.031ms
2025-03-21 14:31:56.564 +05:30 [INF] Request starting HTTP/2 GET https://localhost:7134/Dashboard - null null
2025-03-21 14:31:56.573 +05:30 [INF] Executing endpoint '/Dashboard/Index'
2025-03-21 14:31:56.576 +05:30 [INF] Route matched with {page = "/Dashboard/Index"}. Executing page /Dashboard/Index
2025-03-21 14:31:56.577 +05:30 [INF] Executing handler method EmployeeApp.Pages.Dashboard.IndexModel.OnGetAsync - ModelState is "Invalid"
2025-03-21 14:31:56.622 +05:30 [INF] Executed DbCommand (5ms) [Parameters=[], CommandType='"Text"', CommandTimeout='30']
SELECT [e].[Id], [e].[Department], [e].[Email], [e].[Name], [e].[PhoneNumber], [e].[Salary]
FROM [Employees] AS [e]
2025-03-21 14:31:56.639 +05:30 [INF] Executed handler method OnGetAsync, returned result Microsoft.AspNetCore.Mvc.RazorPages.PageResult.
2025-03-21 14:31:56.649 +05:30 [INF] Executed page /Dashboard/Index in 72.8918ms
2025-03-21 14:31:56.651 +05:30 [INF] Executed endpoint '/Dashboard/Index'
2025-03-21 14:31:56.653 +05:30 [INF] HTTP GET /Dashboard responded 200 in 83.4216 ms
2025-03-21 14:31:56.655 +05:30 [INF] Request finished HTTP/2 GET https://localhost:7134/Dashboard - 200 null text/html; charset=utf-8 90.5569ms
2025-03-21 14:31:56.661 +05:30 [INF] Request starting HTTP/2 GET https://localhost:7134/_vs/browserLink - null null
2025-03-21 14:31:56.661 +05:30 [INF] Request starting HTTP/2 GET https://localhost:7134/_framework/aspnetcore-browser-refresh.js - null null
2025-03-21 14:31:56.665 +05:30 [INF] Request finished HTTP/2 GET https://localhost:7134/_framework/aspnetcore-browser-refresh.js - 200 13758 application/javascript; charset=utf-8 3.7016ms
2025-03-21 14:31:56.666 +05:30 [INF] Request finished HTTP/2 GET https://localhost:7134/_vs/browserLink - 200 null text/javascript; charset=UTF-8 4.6919ms
2025-03-21 14:32:01.807 +05:30 [INF] Request starting HTTP/2 GET https://localhost:7134/EmployeeManagement - null null
2025-03-21 14:32:01.816 +05:30 [INF] Executing endpoint '/EmployeeManagement/Index'
2025-03-21 14:32:01.821 +05:30 [INF] Route matched with {page = "/EmployeeManagement/Index"}. Executing page /EmployeeManagement/Index
2025-03-21 14:32:01.821 +05:30 [INF] Executing handler method EmployeeApp.Pages.EmployeeManagement.IndexModel.OnGetAsync - ModelState is "Valid"
2025-03-21 14:32:01.835 +05:30 [INF] Executed DbCommand (1ms) [Parameters=[], CommandType='"Text"', CommandTimeout='30']
SELECT [e].[Id], [e].[Department], [e].[Email], [e].[Name], [e].[PhoneNumber], [e].[Salary]
FROM [Employees] AS [e]
2025-03-21 14:32:01.837 +05:30 [INF] Executed handler method OnGetAsync, returned result .
2025-03-21 14:32:01.837 +05:30 [INF] Executing an implicit handler method - ModelState is "Valid"
2025-03-21 14:32:01.838 +05:30 [INF] Executed an implicit handler method, returned result Microsoft.AspNetCore.Mvc.RazorPages.PageResult.
2025-03-21 14:32:01.844 +05:30 [INF] Executed page /EmployeeManagement/Index in 23.2175ms
2025-03-21 14:32:01.845 +05:30 [INF] Executed endpoint '/EmployeeManagement/Index'
2025-03-21 14:32:01.846 +05:30 [INF] HTTP GET /EmployeeManagement responded 200 in 32.5778 ms
2025-03-21 14:32:01.848 +05:30 [INF] Request finished HTTP/2 GET https://localhost:7134/EmployeeManagement - 200 null text/html; charset=utf-8 41.1079ms
2025-03-21 14:32:01.855 +05:30 [INF] Request starting HTTP/2 GET https://localhost:7134/_framework/aspnetcore-browser-refresh.js - null null
2025-03-21 14:32:01.855 +05:30 [INF] Request starting HTTP/2 GET https://localhost:7134/_vs/browserLink - null null
2025-03-21 14:32:01.857 +05:30 [INF] Request finished HTTP/2 GET https://localhost:7134/_framework/aspnetcore-browser-refresh.js - 200 13758 application/javascript; charset=utf-8 1.17ms
2025-03-21 14:32:01.860 +05:30 [INF] Request finished HTTP/2 GET https://localhost:7134/_vs/browserLink - 200 null text/javascript; charset=UTF-8 4.9087ms
