2025-03-18 14:53:40.262 +05:30 [INF] User profile is available. Using 'C:\Users\liyan\AppData\Local\ASP.NET\DataProtection-Keys' as key repository and Windows DPAPI to encrypt keys at rest.
2025-03-18 14:53:40.401 +05:30 [INF] EmployeeApp started successfully and is listening on []
2025-03-18 14:53:40.489 +05:30 [INF] Now listening on: https://localhost:7134
2025-03-18 14:53:40.492 +05:30 [INF] Now listening on: http://localhost:5207
2025-03-18 14:53:40.533 +05:30 [INF] Application started. Press Ctrl+C to shut down.
2025-03-18 14:53:40.536 +05:30 [INF] Hosting environment: Development
2025-03-18 14:53:40.538 +05:30 [INF] Content root path: C:\Users\liyan\Documents\GitHub\CCS\EmployeeApp
2025-03-18 14:53:40.841 +05:30 [INF] Request starting HTTP/2 GET https://localhost:7134/ - null null
2025-03-18 14:53:41.065 +05:30 [INF] Executing endpoint '/Index'
2025-03-18 14:53:41.081 +05:30 [INF] Route matched with {page = "/Index", area = ""}. Executing page /Index
2025-03-18 14:53:41.089 +05:30 [INF] Executing handler method EmployeeApp.Pages.IndexModel.OnGet - ModelState is "Valid"
2025-03-18 14:53:41.090 +05:30 [INF] Executed handler method OnGet, returned result .
2025-03-18 14:53:41.092 +05:30 [INF] Executing an implicit handler method - ModelState is "Valid"
2025-03-18 14:53:41.093 +05:30 [INF] Executed an implicit handler method, returned result Microsoft.AspNetCore.Mvc.RazorPages.PageResult.
2025-03-18 14:53:41.107 +05:30 [INF] Executed page /Index in 22.3119ms
2025-03-18 14:53:41.110 +05:30 [INF] Executed endpoint '/Index'
2025-03-18 14:53:41.112 +05:30 [ERR] HTTP GET / responded 500 in 218.5013 ms
System.InvalidOperationException: No service for type 'Microsoft.AspNetCore.Identity.UserManager`1[Microsoft.AspNetCore.Identity.IdentityUser]' has been registered.
   at Microsoft.Extensions.DependencyInjection.ServiceProviderServiceExtensions.GetRequiredService(IServiceProvider provider, Type serviceType)
   at Microsoft.AspNetCore.Mvc.Razor.RazorPagePropertyActivator.<>c__DisplayClass8_0.<CreateActivateInfo>b__2(ViewContext context)
   at Microsoft.Extensions.Internal.PropertyActivator`1.Activate(Object instance, TContext context)
   at Microsoft.AspNetCore.Mvc.Razor.RazorPagePropertyActivator.Activate(Object page, ViewContext context)
   at Microsoft.AspNetCore.Mvc.Razor.RazorView.RenderPageCoreAsync(IRazorPage page, ViewContext context)
   at Microsoft.AspNetCore.Mvc.Razor.RazorView.RenderPageAsync(IRazorPage page, ViewContext context, Boolean invokeViewStarts)
   at Microsoft.AspNetCore.Mvc.Razor.RazorView.RenderLayoutAsync(ViewContext context, ViewBufferTextWriter bodyWriter)
   at Microsoft.AspNetCore.Mvc.Razor.RazorView.RenderAsync(ViewContext context)
   at Microsoft.AspNetCore.Mvc.ViewFeatures.ViewExecutor.ExecuteAsync(ViewContext viewContext, String contentType, Nullable`1 statusCode)
   at Microsoft.AspNetCore.Mvc.ViewFeatures.ViewExecutor.ExecuteAsync(ViewContext viewContext, String contentType, Nullable`1 statusCode)
   at Microsoft.AspNetCore.Mvc.Infrastructure.ResourceInvoker.<InvokeNextResultFilterAsync>g__Awaited|30_0[TFilter,TFilterAsync](ResourceInvoker invoker, Task lastTask, State next, Scope scope, Object state, Boolean isCompleted)
   at Microsoft.AspNetCore.Mvc.Infrastructure.ResourceInvoker.Rethrow(ResultExecutedContextSealed context)
   at Microsoft.AspNetCore.Mvc.Infrastructure.ResourceInvoker.ResultNext[TFilter,TFilterAsync](State& next, Scope& scope, Object& state, Boolean& isCompleted)
   at Microsoft.AspNetCore.Mvc.Infrastructure.ResourceInvoker.InvokeResultFilters()
--- End of stack trace from previous location ---
   at Microsoft.AspNetCore.Mvc.Infrastructure.ResourceInvoker.<InvokeNextResourceFilter>g__Awaited|25_0(ResourceInvoker invoker, Task lastTask, State next, Scope scope, Object state, Boolean isCompleted)
   at Microsoft.AspNetCore.Mvc.Infrastructure.ResourceInvoker.Rethrow(ResourceExecutedContextSealed context)
   at Microsoft.AspNetCore.Mvc.Infrastructure.ResourceInvoker.Next(State& next, Scope& scope, Object& state, Boolean& isCompleted)
   at Microsoft.AspNetCore.Mvc.Infrastructure.ResourceInvoker.InvokeFilterPipelineAsync()
--- End of stack trace from previous location ---
   at Microsoft.AspNetCore.Mvc.Infrastructure.ResourceInvoker.<InvokeAsync>g__Logged|17_1(ResourceInvoker invoker)
   at Microsoft.AspNetCore.Mvc.Infrastructure.ResourceInvoker.<InvokeAsync>g__Logged|17_1(ResourceInvoker invoker)
   at Microsoft.AspNetCore.Routing.EndpointMiddleware.<Invoke>g__AwaitRequestTask|7_0(Endpoint endpoint, Task requestTask, ILogger logger)
   at Microsoft.AspNetCore.Authorization.AuthorizationMiddleware.Invoke(HttpContext context)
   at Microsoft.AspNetCore.Authentication.AuthenticationMiddleware.Invoke(HttpContext context)
   at Serilog.AspNetCore.RequestLoggingMiddleware.Invoke(HttpContext httpContext)
2025-03-18 14:53:41.125 +05:30 [ERR] An unhandled exception has occurred while executing the request.
System.InvalidOperationException: No service for type 'Microsoft.AspNetCore.Identity.UserManager`1[Microsoft.AspNetCore.Identity.IdentityUser]' has been registered.
   at Microsoft.Extensions.DependencyInjection.ServiceProviderServiceExtensions.GetRequiredService(IServiceProvider provider, Type serviceType)
   at Microsoft.AspNetCore.Mvc.Razor.RazorPagePropertyActivator.<>c__DisplayClass8_0.<CreateActivateInfo>b__2(ViewContext context)
   at Microsoft.Extensions.Internal.PropertyActivator`1.Activate(Object instance, TContext context)
   at Microsoft.AspNetCore.Mvc.Razor.RazorPagePropertyActivator.Activate(Object page, ViewContext context)
   at Microsoft.AspNetCore.Mvc.Razor.RazorView.RenderPageCoreAsync(IRazorPage page, ViewContext context)
   at Microsoft.AspNetCore.Mvc.Razor.RazorView.RenderPageAsync(IRazorPage page, ViewContext context, Boolean invokeViewStarts)
   at Microsoft.AspNetCore.Mvc.Razor.RazorView.RenderLayoutAsync(ViewContext context, ViewBufferTextWriter bodyWriter)
   at Microsoft.AspNetCore.Mvc.Razor.RazorView.RenderAsync(ViewContext context)
   at Microsoft.AspNetCore.Mvc.ViewFeatures.ViewExecutor.ExecuteAsync(ViewContext viewContext, String contentType, Nullable`1 statusCode)
   at Microsoft.AspNetCore.Mvc.ViewFeatures.ViewExecutor.ExecuteAsync(ViewContext viewContext, String contentType, Nullable`1 statusCode)
   at Microsoft.AspNetCore.Mvc.Infrastructure.ResourceInvoker.<InvokeNextResultFilterAsync>g__Awaited|30_0[TFilter,TFilterAsync](ResourceInvoker invoker, Task lastTask, State next, Scope scope, Object state, Boolean isCompleted)
   at Microsoft.AspNetCore.Mvc.Infrastructure.ResourceInvoker.Rethrow(ResultExecutedContextSealed context)
   at Microsoft.AspNetCore.Mvc.Infrastructure.ResourceInvoker.ResultNext[TFilter,TFilterAsync](State& next, Scope& scope, Object& state, Boolean& isCompleted)
   at Microsoft.AspNetCore.Mvc.Infrastructure.ResourceInvoker.InvokeResultFilters()
--- End of stack trace from previous location ---
   at Microsoft.AspNetCore.Mvc.Infrastructure.ResourceInvoker.<InvokeNextResourceFilter>g__Awaited|25_0(ResourceInvoker invoker, Task lastTask, State next, Scope scope, Object state, Boolean isCompleted)
   at Microsoft.AspNetCore.Mvc.Infrastructure.ResourceInvoker.Rethrow(ResourceExecutedContextSealed context)
   at Microsoft.AspNetCore.Mvc.Infrastructure.ResourceInvoker.Next(State& next, Scope& scope, Object& state, Boolean& isCompleted)
   at Microsoft.AspNetCore.Mvc.Infrastructure.ResourceInvoker.InvokeFilterPipelineAsync()
--- End of stack trace from previous location ---
   at Microsoft.AspNetCore.Mvc.Infrastructure.ResourceInvoker.<InvokeAsync>g__Logged|17_1(ResourceInvoker invoker)
   at Microsoft.AspNetCore.Mvc.Infrastructure.ResourceInvoker.<InvokeAsync>g__Logged|17_1(ResourceInvoker invoker)
   at Microsoft.AspNetCore.Routing.EndpointMiddleware.<Invoke>g__AwaitRequestTask|7_0(Endpoint endpoint, Task requestTask, ILogger logger)
   at Microsoft.AspNetCore.Authorization.AuthorizationMiddleware.Invoke(HttpContext context)
   at Microsoft.AspNetCore.Authentication.AuthenticationMiddleware.Invoke(HttpContext context)
   at Serilog.AspNetCore.RequestLoggingMiddleware.Invoke(HttpContext httpContext)
   at Microsoft.AspNetCore.Diagnostics.DeveloperExceptionPageMiddlewareImpl.Invoke(HttpContext context)
2025-03-18 14:53:41.155 +05:30 [INF] Request finished HTTP/2 GET https://localhost:7134/ - 500 null text/html; charset=utf-8 315.4479ms
2025-03-18 14:53:41.163 +05:30 [INF] Request starting HTTP/2 GET https://localhost:7134/_vs/browserLink - null null
2025-03-18 14:53:41.163 +05:30 [INF] Request starting HTTP/2 GET https://localhost:7134/_framework/aspnetcore-browser-refresh.js - null null
2025-03-18 14:53:41.168 +05:30 [INF] Request finished HTTP/2 GET https://localhost:7134/_framework/aspnetcore-browser-refresh.js - 200 13758 application/javascript; charset=utf-8 5.5885ms
2025-03-18 14:53:41.188 +05:30 [INF] Request finished HTTP/2 GET https://localhost:7134/_vs/browserLink - 200 null text/javascript; charset=UTF-8 25.6696ms
2025-03-18 15:06:39.660 +05:30 [INF] User profile is available. Using 'C:\Users\liyan\AppData\Local\ASP.NET\DataProtection-Keys' as key repository and Windows DPAPI to encrypt keys at rest.
2025-03-18 15:06:39.729 +05:30 [INF] EmployeeApp started successfully.
2025-03-18 15:06:39.803 +05:30 [INF] Now listening on: https://localhost:7134
2025-03-18 15:06:39.805 +05:30 [INF] Now listening on: http://localhost:5207
2025-03-18 15:06:39.845 +05:30 [INF] Application started. Press Ctrl+C to shut down.
2025-03-18 15:06:39.848 +05:30 [INF] Hosting environment: Development
2025-03-18 15:06:39.849 +05:30 [INF] Content root path: C:\Users\liyan\Documents\GitHub\CCS\EmployeeApp
2025-03-18 15:07:09.951 +05:30 [INF] User profile is available. Using 'C:\Users\liyan\AppData\Local\ASP.NET\DataProtection-Keys' as key repository and Windows DPAPI to encrypt keys at rest.
2025-03-18 15:07:10.078 +05:30 [INF] EmployeeApp started successfully.
2025-03-18 15:07:10.169 +05:30 [INF] Now listening on: https://localhost:7134
2025-03-18 15:07:10.171 +05:30 [INF] Now listening on: http://localhost:5207
2025-03-18 15:07:10.226 +05:30 [INF] Application started. Press Ctrl+C to shut down.
2025-03-18 15:07:10.227 +05:30 [INF] Hosting environment: Development
2025-03-18 15:07:10.228 +05:30 [INF] Content root path: C:\Users\liyan\Documents\GitHub\CCS\EmployeeApp
2025-03-18 15:07:21.240 +05:30 [INF] User profile is available. Using 'C:\Users\liyan\AppData\Local\ASP.NET\DataProtection-Keys' as key repository and Windows DPAPI to encrypt keys at rest.
2025-03-18 15:07:21.319 +05:30 [INF] EmployeeApp started successfully.
2025-03-18 15:07:21.392 +05:30 [INF] Now listening on: https://localhost:7134
2025-03-18 15:07:21.393 +05:30 [INF] Now listening on: http://localhost:5207
2025-03-18 15:07:21.436 +05:30 [INF] Application started. Press Ctrl+C to shut down.
2025-03-18 15:07:21.438 +05:30 [INF] Hosting environment: Development
2025-03-18 15:07:21.438 +05:30 [INF] Content root path: C:\Users\liyan\Documents\GitHub\CCS\EmployeeApp
