2025-04-07 21:21:16.848 +05:30 [INF] Request starting HTTP/2 POST https://localhost:7134/Settings/Index - application/x-www-form-urlencoded 316
2025-04-07 21:21:16.995 +05:30 [INF] Executed DbCommand (27ms) [Parameters=[@__p_0='?' (Size = 450)], CommandType='"Text"', CommandTimeout='30']
SELECT TOP(1) [a].[Id], [a].[AccessFailedCount], [a].[ConcurrencyStamp], [a].[Email], [a].[EmailConfirmed], [a].[FullName], [a].[LockoutEnabled], [a].[LockoutEnd], [a].[NormalizedEmail], [a].[NormalizedUserName], [a].[PasswordHash], [a].[PhoneNumber], [a].[PhoneNumberConfirmed], [a].[SecurityStamp], [a].[TwoFactorEnabled], [a].[UserName]
FROM [AspNetUsers] AS [a]
WHERE [a].[Id] = @__p_0
2025-04-07 21:21:17.013 +05:30 [INF] Executed DbCommand (5ms) [Parameters=[@__user_Id_0='?' (Size = 450)], CommandType='"Text"', CommandTimeout='30']
SELECT [a].[Id], [a].[ClaimType], [a].[ClaimValue], [a].[UserId]
FROM [AspNetUserClaims] AS [a]
WHERE [a].[UserId] = @__user_Id_0
2025-04-07 21:21:17.025 +05:30 [INF] Executed DbCommand (4ms) [Parameters=[@__userId_0='?' (Size = 450)], CommandType='"Text"', CommandTimeout='30']
SELECT [a0].[Name]
FROM [AspNetUserRoles] AS [a]
INNER JOIN [AspNetRoles] AS [a0] ON [a].[RoleId] = [a0].[Id]
WHERE [a].[UserId] = @__userId_0
2025-04-07 21:21:17.033 +05:30 [INF] Executed DbCommand (2ms) [Parameters=[@__normalizedName_0='?' (Size = 256)], CommandType='"Text"', CommandTimeout='30']
SELECT TOP(1) [a].[Id], [a].[ConcurrencyStamp], [a].[Name], [a].[NormalizedName]
FROM [AspNetRoles] AS [a]
WHERE [a].[NormalizedName] = @__normalizedName_0
2025-04-07 21:21:17.044 +05:30 [INF] Executed DbCommand (5ms) [Parameters=[@__role_Id_0='?' (Size = 450)], CommandType='"Text"', CommandTimeout='30']
SELECT [a].[ClaimType], [a].[ClaimValue]
FROM [AspNetRoleClaims] AS [a]
WHERE [a].[RoleId] = @__role_Id_0
2025-04-07 21:21:17.054 +05:30 [INF] Executing endpoint '/Settings/Index'
2025-04-07 21:21:17.056 +05:30 [INF] Route matched with {page = "/Settings/Index"}. Executing page /Settings/Index
2025-04-07 21:21:17.060 +05:30 [INF] Executing handler method EmployeeApp.Pages.Settings.IndexModel.OnPostAsync - ModelState is "Valid"
2025-04-07 21:21:17.348 +05:30 [INF] Executed handler method OnPostAsync, returned result Microsoft.AspNetCore.Mvc.RazorPages.PageResult.
2025-04-07 21:21:17.361 +05:30 [INF] Executed DbCommand (1ms) [Parameters=[@__userId_0='?' (Size = 450)], CommandType='"Text"', CommandTimeout='30']
SELECT [a0].[Name]
FROM [AspNetUserRoles] AS [a]
INNER JOIN [AspNetRoles] AS [a0] ON [a].[RoleId] = [a0].[Id]
WHERE [a].[UserId] = @__userId_0
2025-04-07 21:21:17.370 +05:30 [INF] Executed page /Settings/Index in 311.3951ms
2025-04-07 21:21:17.372 +05:30 [INF] Executed endpoint '/Settings/Index'
2025-04-07 21:21:17.375 +05:30 [INF] HTTP POST /Settings/Index responded 200 in 484.3071 ms
2025-04-07 21:21:17.379 +05:30 [INF] Request finished HTTP/2 POST https://localhost:7134/Settings/Index - 200 null text/html; charset=utf-8 531.2348ms
2025-04-07 21:21:17.398 +05:30 [INF] Request starting HTTP/2 GET https://localhost:7134/_framework/aspnetcore-browser-refresh.js - null null
2025-04-07 21:21:17.399 +05:30 [INF] Request starting HTTP/2 GET https://localhost:7134/_vs/browserLink - null null
2025-04-07 21:21:17.403 +05:30 [INF] Request finished HTTP/2 GET https://localhost:7134/_framework/aspnetcore-browser-refresh.js - 200 13758 application/javascript; charset=utf-8 4.6582ms
2025-04-07 21:21:17.412 +05:30 [INF] Request finished HTTP/2 GET https://localhost:7134/_vs/browserLink - 200 null text/javascript; charset=UTF-8 13.2874ms
2025-04-07 21:29:03.388 +05:30 [INF] Request starting HTTP/2 POST https://localhost:7134/Settings/Index - application/x-www-form-urlencoded 322
2025-04-07 21:29:03.402 +05:30 [INF] Executing endpoint '/Settings/Index'
2025-04-07 21:29:03.406 +05:30 [INF] Route matched with {page = "/Settings/Index"}. Executing page /Settings/Index
2025-04-07 21:29:03.413 +05:30 [INF] Executing handler method EmployeeApp.Pages.Settings.IndexModel.OnPostAsync - ModelState is "Valid"
2025-04-07 21:29:03.441 +05:30 [INF] Executed DbCommand (23ms) [Parameters=[@__p_0='?' (Size = 450)], CommandType='"Text"', CommandTimeout='30']
SELECT TOP(1) [a].[Id], [a].[AccessFailedCount], [a].[ConcurrencyStamp], [a].[Email], [a].[EmailConfirmed], [a].[FullName], [a].[LockoutEnabled], [a].[LockoutEnd], [a].[NormalizedEmail], [a].[NormalizedUserName], [a].[PasswordHash], [a].[PhoneNumber], [a].[PhoneNumberConfirmed], [a].[SecurityStamp], [a].[TwoFactorEnabled], [a].[UserName]
FROM [AspNetUsers] AS [a]
WHERE [a].[Id] = @__p_0
2025-04-07 21:29:03.698 +05:30 [INF] Executed handler method OnPostAsync, returned result Microsoft.AspNetCore.Mvc.RazorPages.PageResult.
2025-04-07 21:29:03.708 +05:30 [INF] Executed DbCommand (3ms) [Parameters=[@__userId_0='?' (Size = 450)], CommandType='"Text"', CommandTimeout='30']
SELECT [a0].[Name]
FROM [AspNetUserRoles] AS [a]
INNER JOIN [AspNetRoles] AS [a0] ON [a].[RoleId] = [a0].[Id]
WHERE [a].[UserId] = @__userId_0
2025-04-07 21:29:03.715 +05:30 [INF] Executed page /Settings/Index in 304.1557ms
2025-04-07 21:29:03.718 +05:30 [INF] Executed endpoint '/Settings/Index'
2025-04-07 21:29:03.720 +05:30 [INF] HTTP POST /Settings/Index responded 200 in 318.9501 ms
2025-04-07 21:29:03.723 +05:30 [INF] Request finished HTTP/2 POST https://localhost:7134/Settings/Index - 200 null text/html; charset=utf-8 334.0793ms
2025-04-07 21:29:03.736 +05:30 [INF] Request starting HTTP/2 GET https://localhost:7134/_framework/aspnetcore-browser-refresh.js - null null
2025-04-07 21:29:03.736 +05:30 [INF] Request starting HTTP/2 GET https://localhost:7134/_vs/browserLink - null null
2025-04-07 21:29:03.740 +05:30 [INF] Request finished HTTP/2 GET https://localhost:7134/_framework/aspnetcore-browser-refresh.js - 200 13758 application/javascript; charset=utf-8 4.0263ms
2025-04-07 21:29:03.748 +05:30 [INF] Request finished HTTP/2 GET https://localhost:7134/_vs/browserLink - 200 null text/javascript; charset=UTF-8 12.044ms
2025-04-07 21:29:28.106 +05:30 [INF] Request starting HTTP/2 POST https://localhost:7134/Settings/Index - application/x-www-form-urlencoded 322
2025-04-07 21:29:28.117 +05:30 [INF] Executing endpoint '/Settings/Index'
2025-04-07 21:29:28.120 +05:30 [INF] Route matched with {page = "/Settings/Index"}. Executing page /Settings/Index
2025-04-07 21:29:28.126 +05:30 [INF] Executing handler method EmployeeApp.Pages.Settings.IndexModel.OnPostAsync - ModelState is "Valid"
2025-04-07 21:29:28.155 +05:30 [INF] Executed DbCommand (25ms) [Parameters=[@__p_0='?' (Size = 450)], CommandType='"Text"', CommandTimeout='30']
SELECT TOP(1) [a].[Id], [a].[AccessFailedCount], [a].[ConcurrencyStamp], [a].[Email], [a].[EmailConfirmed], [a].[FullName], [a].[LockoutEnabled], [a].[LockoutEnd], [a].[NormalizedEmail], [a].[NormalizedUserName], [a].[PasswordHash], [a].[PhoneNumber], [a].[PhoneNumberConfirmed], [a].[SecurityStamp], [a].[TwoFactorEnabled], [a].[UserName]
FROM [AspNetUsers] AS [a]
WHERE [a].[Id] = @__p_0
2025-04-07 21:29:28.879 +05:30 [INF] Executed DbCommand (7ms) [Parameters=[@__normalizedUserName_0='?' (Size = 256)], CommandType='"Text"', CommandTimeout='30']
SELECT TOP(1) [a].[Id], [a].[AccessFailedCount], [a].[ConcurrencyStamp], [a].[Email], [a].[EmailConfirmed], [a].[FullName], [a].[LockoutEnabled], [a].[LockoutEnd], [a].[NormalizedEmail], [a].[NormalizedUserName], [a].[PasswordHash], [a].[PhoneNumber], [a].[PhoneNumberConfirmed], [a].[SecurityStamp], [a].[TwoFactorEnabled], [a].[UserName]
FROM [AspNetUsers] AS [a]
WHERE [a].[NormalizedUserName] = @__normalizedUserName_0
2025-04-07 21:29:29.184 +05:30 [INF] Executed DbCommand (24ms) [Parameters=[@p15='?' (Size = 450), @p0='?' (DbType = Int32), @p1='?' (Size = 4000), @p16='?' (Size = 4000), @p2='?' (Size = 256), @p3='?' (DbType = Boolean), @p4='?' (Size = 100), @p5='?' (DbType = Boolean), @p6='?' (DbType = DateTimeOffset), @p7='?' (Size = 256), @p8='?' (Size = 256), @p9='?' (Size = 4000), @p10='?' (Size = 4000), @p11='?' (DbType = Boolean), @p12='?' (Size = 4000), @p13='?' (DbType = Boolean), @p14='?' (Size = 256)], CommandType='"Text"', CommandTimeout='30']
SET IMPLICIT_TRANSACTIONS OFF;
SET NOCOUNT ON;
UPDATE [AspNetUsers] SET [AccessFailedCount] = @p0, [ConcurrencyStamp] = @p1, [Email] = @p2, [EmailConfirmed] = @p3, [FullName] = @p4, [LockoutEnabled] = @p5, [LockoutEnd] = @p6, [NormalizedEmail] = @p7, [NormalizedUserName] = @p8, [PasswordHash] = @p9, [PhoneNumber] = @p10, [PhoneNumberConfirmed] = @p11, [SecurityStamp] = @p12, [TwoFactorEnabled] = @p13, [UserName] = @p14
OUTPUT 1
WHERE [Id] = @p15 AND [ConcurrencyStamp] = @p16;
2025-04-07 21:29:29.231 +05:30 [INF] Executed DbCommand (6ms) [Parameters=[@__user_Id_0='?' (Size = 450)], CommandType='"Text"', CommandTimeout='30']
SELECT [a].[Id], [a].[ClaimType], [a].[ClaimValue], [a].[UserId]
FROM [AspNetUserClaims] AS [a]
WHERE [a].[UserId] = @__user_Id_0
2025-04-07 21:29:29.242 +05:30 [INF] Executed DbCommand (4ms) [Parameters=[@__userId_0='?' (Size = 450)], CommandType='"Text"', CommandTimeout='30']
SELECT [a0].[Name]
FROM [AspNetUserRoles] AS [a]
INNER JOIN [AspNetRoles] AS [a0] ON [a].[RoleId] = [a0].[Id]
WHERE [a].[UserId] = @__userId_0
2025-04-07 21:29:29.254 +05:30 [INF] Executed DbCommand (2ms) [Parameters=[@__normalizedName_0='?' (Size = 256)], CommandType='"Text"', CommandTimeout='30']
SELECT TOP(1) [a].[Id], [a].[ConcurrencyStamp], [a].[Name], [a].[NormalizedName]
FROM [AspNetRoles] AS [a]
WHERE [a].[NormalizedName] = @__normalizedName_0
2025-04-07 21:29:29.267 +05:30 [INF] Executed DbCommand (5ms) [Parameters=[@__role_Id_0='?' (Size = 450)], CommandType='"Text"', CommandTimeout='30']
SELECT [a].[ClaimType], [a].[ClaimValue]
FROM [AspNetRoleClaims] AS [a]
WHERE [a].[RoleId] = @__role_Id_0
2025-04-07 21:29:29.276 +05:30 [INF] AuthenticationScheme: Identity.Application signed in.
2025-04-07 21:29:29.281 +05:30 [INF] Executed handler method OnPostAsync, returned result Microsoft.AspNetCore.Mvc.RedirectToPageResult.
2025-04-07 21:29:29.287 +05:30 [INF] Executing RedirectToPageResult, redirecting to null.
2025-04-07 21:29:29.297 +05:30 [INF] Executed page /Settings/Index in 1171.8091ms
2025-04-07 21:29:29.304 +05:30 [INF] Executed endpoint '/Settings/Index'
2025-04-07 21:29:29.309 +05:30 [INF] HTTP POST /Settings/Index responded 302 in 1193.3188 ms
2025-04-07 21:29:29.318 +05:30 [INF] Request finished HTTP/2 POST https://localhost:7134/Settings/Index - 302 0 null 1212.5883ms
2025-04-07 21:29:29.325 +05:30 [INF] Request starting HTTP/2 GET https://localhost:7134/Settings - null null
2025-04-07 21:29:29.347 +05:30 [INF] Executing endpoint '/Settings/Index'
2025-04-07 21:29:29.363 +05:30 [INF] Route matched with {page = "/Settings/Index"}. Executing page /Settings/Index
2025-04-07 21:29:29.371 +05:30 [INF] Executing handler method EmployeeApp.Pages.Settings.IndexModel.OnGet - ModelState is "Valid"
2025-04-07 21:29:29.376 +05:30 [INF] Executed handler method OnGet, returned result .
2025-04-07 21:29:29.383 +05:30 [INF] Executing an implicit handler method - ModelState is "Valid"
2025-04-07 21:29:29.388 +05:30 [INF] Executed an implicit handler method, returned result Microsoft.AspNetCore.Mvc.RazorPages.PageResult.
2025-04-07 21:29:29.403 +05:30 [INF] Executed DbCommand (1ms) [Parameters=[@__p_0='?' (Size = 450)], CommandType='"Text"', CommandTimeout='30']
SELECT TOP(1) [a].[Id], [a].[AccessFailedCount], [a].[ConcurrencyStamp], [a].[Email], [a].[EmailConfirmed], [a].[FullName], [a].[LockoutEnabled], [a].[LockoutEnd], [a].[NormalizedEmail], [a].[NormalizedUserName], [a].[PasswordHash], [a].[PhoneNumber], [a].[PhoneNumberConfirmed], [a].[SecurityStamp], [a].[TwoFactorEnabled], [a].[UserName]
FROM [AspNetUsers] AS [a]
WHERE [a].[Id] = @__p_0
2025-04-07 21:29:29.417 +05:30 [INF] Executed DbCommand (1ms) [Parameters=[@__userId_0='?' (Size = 450)], CommandType='"Text"', CommandTimeout='30']
SELECT [a0].[Name]
FROM [AspNetUserRoles] AS [a]
INNER JOIN [AspNetRoles] AS [a0] ON [a].[RoleId] = [a0].[Id]
WHERE [a].[UserId] = @__userId_0
2025-04-07 21:29:29.429 +05:30 [INF] Executed page /Settings/Index in 58.2835ms
2025-04-07 21:29:29.435 +05:30 [INF] Executed endpoint '/Settings/Index'
2025-04-07 21:29:29.439 +05:30 [INF] HTTP GET /Settings responded 200 in 92.4858 ms
2025-04-07 21:29:29.446 +05:30 [INF] Request finished HTTP/2 GET https://localhost:7134/Settings - 200 null text/html; charset=utf-8 120.3971ms
2025-04-07 21:29:29.485 +05:30 [INF] Request starting HTTP/2 GET https://localhost:7134/_framework/aspnetcore-browser-refresh.js - null null
2025-04-07 21:29:29.485 +05:30 [INF] Request starting HTTP/2 GET https://localhost:7134/_vs/browserLink - null null
2025-04-07 21:29:29.497 +05:30 [INF] Request finished HTTP/2 GET https://localhost:7134/_framework/aspnetcore-browser-refresh.js - 200 13758 application/javascript; charset=utf-8 11.7574ms
2025-04-07 21:29:29.515 +05:30 [INF] Request finished HTTP/2 GET https://localhost:7134/_vs/browserLink - 200 null text/javascript; charset=UTF-8 29.5132ms
2025-04-07 21:30:04.158 +05:30 [INF] Request starting HTTP/2 POST https://localhost:7134/Settings - application/x-www-form-urlencoded 318
2025-04-07 21:30:04.173 +05:30 [INF] Executing endpoint '/Settings/Index'
2025-04-07 21:30:04.176 +05:30 [INF] Route matched with {page = "/Settings/Index"}. Executing page /Settings/Index
2025-04-07 21:30:04.182 +05:30 [INF] Executing handler method EmployeeApp.Pages.Settings.IndexModel.OnPostAsync - ModelState is "Valid"
2025-04-07 21:30:04.195 +05:30 [INF] Executed DbCommand (7ms) [Parameters=[@__p_0='?' (Size = 450)], CommandType='"Text"', CommandTimeout='30']
SELECT TOP(1) [a].[Id], [a].[AccessFailedCount], [a].[ConcurrencyStamp], [a].[Email], [a].[EmailConfirmed], [a].[FullName], [a].[LockoutEnabled], [a].[LockoutEnd], [a].[NormalizedEmail], [a].[NormalizedUserName], [a].[PasswordHash], [a].[PhoneNumber], [a].[PhoneNumberConfirmed], [a].[SecurityStamp], [a].[TwoFactorEnabled], [a].[UserName]
FROM [AspNetUsers] AS [a]
WHERE [a].[Id] = @__p_0
2025-04-07 21:30:04.481 +05:30 [INF] Executed handler method OnPostAsync, returned result Microsoft.AspNetCore.Mvc.RazorPages.PageResult.
2025-04-07 21:30:04.491 +05:30 [INF] Executed DbCommand (1ms) [Parameters=[@__userId_0='?' (Size = 450)], CommandType='"Text"', CommandTimeout='30']
SELECT [a0].[Name]
FROM [AspNetUserRoles] AS [a]
INNER JOIN [AspNetRoles] AS [a0] ON [a].[RoleId] = [a0].[Id]
WHERE [a].[UserId] = @__userId_0
2025-04-07 21:30:04.498 +05:30 [INF] Executed page /Settings/Index in 317.681ms
2025-04-07 21:30:04.501 +05:30 [INF] Executed endpoint '/Settings/Index'
2025-04-07 21:30:04.505 +05:30 [INF] HTTP POST /Settings responded 200 in 334.2668 ms
2025-04-07 21:30:04.511 +05:30 [INF] Request finished HTTP/2 POST https://localhost:7134/Settings - 200 null text/html; charset=utf-8 352.6984ms
2025-04-07 21:30:04.523 +05:30 [INF] Request starting HTTP/2 GET https://localhost:7134/_vs/browserLink - null null
2025-04-07 21:30:04.530 +05:30 [INF] Request starting HTTP/2 GET https://localhost:7134/_framework/aspnetcore-browser-refresh.js - null null
2025-04-07 21:30:04.540 +05:30 [INF] Request finished HTTP/2 GET https://localhost:7134/_vs/browserLink - 200 null text/javascript; charset=UTF-8 16.5453ms
2025-04-07 21:30:04.540 +05:30 [INF] Request finished HTTP/2 GET https://localhost:7134/_framework/aspnetcore-browser-refresh.js - 200 13758 application/javascript; charset=utf-8 6.7248ms
2025-04-07 21:30:33.130 +05:30 [INF] Request starting HTTP/2 POST https://localhost:7134/Settings - application/x-www-form-urlencoded 325
2025-04-07 21:30:33.141 +05:30 [INF] Executing endpoint '/Settings/Index'
2025-04-07 21:30:33.145 +05:30 [INF] Route matched with {page = "/Settings/Index"}. Executing page /Settings/Index
2025-04-07 21:30:33.149 +05:30 [INF] Executing handler method EmployeeApp.Pages.Settings.IndexModel.OnPostAsync - ModelState is "Valid"
2025-04-07 21:30:33.180 +05:30 [INF] Executed DbCommand (25ms) [Parameters=[@__p_0='?' (Size = 450)], CommandType='"Text"', CommandTimeout='30']
SELECT TOP(1) [a].[Id], [a].[AccessFailedCount], [a].[ConcurrencyStamp], [a].[Email], [a].[EmailConfirmed], [a].[FullName], [a].[LockoutEnabled], [a].[LockoutEnd], [a].[NormalizedEmail], [a].[NormalizedUserName], [a].[PasswordHash], [a].[PhoneNumber], [a].[PhoneNumberConfirmed], [a].[SecurityStamp], [a].[TwoFactorEnabled], [a].[UserName]
FROM [AspNetUsers] AS [a]
WHERE [a].[Id] = @__p_0
2025-04-07 21:30:33.436 +05:30 [INF] Executed handler method OnPostAsync, returned result Microsoft.AspNetCore.Mvc.RazorPages.PageResult.
2025-04-07 21:30:33.448 +05:30 [INF] Executed DbCommand (6ms) [Parameters=[@__userId_0='?' (Size = 450)], CommandType='"Text"', CommandTimeout='30']
SELECT [a0].[Name]
FROM [AspNetUserRoles] AS [a]
INNER JOIN [AspNetRoles] AS [a0] ON [a].[RoleId] = [a0].[Id]
WHERE [a].[UserId] = @__userId_0
2025-04-07 21:30:33.457 +05:30 [INF] Executed page /Settings/Index in 309.0144ms
2025-04-07 21:30:33.461 +05:30 [INF] Executed endpoint '/Settings/Index'
2025-04-07 21:30:33.465 +05:30 [INF] HTTP POST /Settings responded 200 in 325.5587 ms
2025-04-07 21:30:33.471 +05:30 [INF] Request finished HTTP/2 POST https://localhost:7134/Settings - 200 null text/html; charset=utf-8 341.8364ms
2025-04-07 21:30:33.497 +05:30 [INF] Request starting HTTP/2 GET https://localhost:7134/_vs/browserLink - null null
2025-04-07 21:30:33.503 +05:30 [INF] Request starting HTTP/2 GET https://localhost:7134/_framework/aspnetcore-browser-refresh.js - null null
2025-04-07 21:30:33.510 +05:30 [INF] Request finished HTTP/2 GET https://localhost:7134/_framework/aspnetcore-browser-refresh.js - 200 13758 application/javascript; charset=utf-8 7.6358ms
2025-04-07 21:30:33.510 +05:30 [INF] Request finished HTTP/2 GET https://localhost:7134/_vs/browserLink - 200 null text/javascript; charset=UTF-8 12.9193ms
2025-04-07 21:30:56.644 +05:30 [INF] Request starting HTTP/2 POST https://localhost:7134/Settings - application/x-www-form-urlencoded 327
2025-04-07 21:30:56.664 +05:30 [INF] Executing endpoint '/Settings/Index'
2025-04-07 21:30:56.669 +05:30 [INF] Route matched with {page = "/Settings/Index"}. Executing page /Settings/Index
2025-04-07 21:30:56.672 +05:30 [INF] Executing handler method EmployeeApp.Pages.Settings.IndexModel.OnPostAsync - ModelState is "Valid"
2025-04-07 21:30:56.678 +05:30 [INF] Executed DbCommand (1ms) [Parameters=[@__p_0='?' (Size = 450)], CommandType='"Text"', CommandTimeout='30']
SELECT TOP(1) [a].[Id], [a].[AccessFailedCount], [a].[ConcurrencyStamp], [a].[Email], [a].[EmailConfirmed], [a].[FullName], [a].[LockoutEnabled], [a].[LockoutEnd], [a].[NormalizedEmail], [a].[NormalizedUserName], [a].[PasswordHash], [a].[PhoneNumber], [a].[PhoneNumberConfirmed], [a].[SecurityStamp], [a].[TwoFactorEnabled], [a].[UserName]
FROM [AspNetUsers] AS [a]
WHERE [a].[Id] = @__p_0
2025-04-07 21:30:56.957 +05:30 [INF] Executed handler method OnPostAsync, returned result Microsoft.AspNetCore.Mvc.RazorPages.PageResult.
2025-04-07 21:30:56.965 +05:30 [INF] Executed DbCommand (1ms) [Parameters=[@__userId_0='?' (Size = 450)], CommandType='"Text"', CommandTimeout='30']
SELECT [a0].[Name]
FROM [AspNetUserRoles] AS [a]
INNER JOIN [AspNetRoles] AS [a0] ON [a].[RoleId] = [a0].[Id]
WHERE [a].[UserId] = @__userId_0
2025-04-07 21:30:56.973 +05:30 [INF] Executed page /Settings/Index in 302.0014ms
2025-04-07 21:30:56.976 +05:30 [INF] Executed endpoint '/Settings/Index'
2025-04-07 21:30:56.978 +05:30 [INF] HTTP POST /Settings responded 200 in 315.1059 ms
2025-04-07 21:30:56.982 +05:30 [INF] Request finished HTTP/2 POST https://localhost:7134/Settings - 200 null text/html; charset=utf-8 337.9201ms
2025-04-07 21:30:57.010 +05:30 [INF] Request starting HTTP/2 GET https://localhost:7134/_vs/browserLink - null null
2025-04-07 21:30:57.010 +05:30 [INF] Request starting HTTP/2 GET https://localhost:7134/_framework/aspnetcore-browser-refresh.js - null null
2025-04-07 21:30:57.025 +05:30 [INF] Request finished HTTP/2 GET https://localhost:7134/_framework/aspnetcore-browser-refresh.js - 200 13758 application/javascript; charset=utf-8 14.5764ms
2025-04-07 21:30:57.029 +05:30 [INF] Request finished HTTP/2 GET https://localhost:7134/_vs/browserLink - 200 null text/javascript; charset=UTF-8 18.8436ms
2025-04-07 22:36:04.800 +05:30 [INF] User profile is available. Using 'C:\Users\liyan\AppData\Local\ASP.NET\DataProtection-Keys' as key repository and Windows DPAPI to encrypt keys at rest.
2025-04-07 22:36:06.820 +05:30 [INF] Executed DbCommand (91ms) [Parameters=[@__normalizedName_0='?' (Size = 256)], CommandType='"Text"', CommandTimeout='30']
SELECT TOP(1) [a].[Id], [a].[ConcurrencyStamp], [a].[Name], [a].[NormalizedName]
FROM [AspNetRoles] AS [a]
WHERE [a].[NormalizedName] = @__normalizedName_0
2025-04-07 22:36:06.924 +05:30 [INF] Executed DbCommand (6ms) [Parameters=[@__normalizedName_0='?' (Size = 256)], CommandType='"Text"', CommandTimeout='30']
SELECT TOP(1) [a].[Id], [a].[ConcurrencyStamp], [a].[Name], [a].[NormalizedName]
FROM [AspNetRoles] AS [a]
WHERE [a].[NormalizedName] = @__normalizedName_0
2025-04-07 22:36:06.942 +05:30 [INF] EmployeeApp started successfully.
2025-04-07 22:36:07.114 +05:30 [INF] Now listening on: https://localhost:7134
2025-04-07 22:36:07.116 +05:30 [INF] Now listening on: http://localhost:5207
2025-04-07 22:36:07.239 +05:30 [INF] Application started. Press Ctrl+C to shut down.
2025-04-07 22:36:07.242 +05:30 [INF] Hosting environment: Development
2025-04-07 22:36:07.246 +05:30 [INF] Content root path: C:\Users\liyan\Documents\GitHub\CCS\EmployeeApp
2025-04-07 22:36:07.534 +05:30 [INF] Request starting HTTP/2 GET https://localhost:7134/ - null null
2025-04-07 22:36:07.819 +05:30 [INF] Executed DbCommand (25ms) [Parameters=[@__p_0='?' (Size = 450)], CommandType='"Text"', CommandTimeout='30']
SELECT TOP(1) [a].[Id], [a].[AccessFailedCount], [a].[ConcurrencyStamp], [a].[Email], [a].[EmailConfirmed], [a].[FullName], [a].[LockoutEnabled], [a].[LockoutEnd], [a].[NormalizedEmail], [a].[NormalizedUserName], [a].[PasswordHash], [a].[PhoneNumber], [a].[PhoneNumberConfirmed], [a].[SecurityStamp], [a].[TwoFactorEnabled], [a].[UserName]
FROM [AspNetUsers] AS [a]
WHERE [a].[Id] = @__p_0
2025-04-07 22:36:07.970 +05:30 [INF] Executed DbCommand (16ms) [Parameters=[@__user_Id_0='?' (Size = 450)], CommandType='"Text"', CommandTimeout='30']
SELECT [a].[Id], [a].[ClaimType], [a].[ClaimValue], [a].[UserId]
FROM [AspNetUserClaims] AS [a]
WHERE [a].[UserId] = @__user_Id_0
2025-04-07 22:36:08.037 +05:30 [INF] Executed DbCommand (11ms) [Parameters=[@__userId_0='?' (Size = 450)], CommandType='"Text"', CommandTimeout='30']
SELECT [a0].[Name]
FROM [AspNetUserRoles] AS [a]
INNER JOIN [AspNetRoles] AS [a0] ON [a].[RoleId] = [a0].[Id]
WHERE [a].[UserId] = @__userId_0
2025-04-07 22:36:08.050 +05:30 [INF] Executed DbCommand (1ms) [Parameters=[@__normalizedName_0='?' (Size = 256)], CommandType='"Text"', CommandTimeout='30']
SELECT TOP(1) [a].[Id], [a].[ConcurrencyStamp], [a].[Name], [a].[NormalizedName]
FROM [AspNetRoles] AS [a]
WHERE [a].[NormalizedName] = @__normalizedName_0
2025-04-07 22:36:08.081 +05:30 [INF] Executed DbCommand (10ms) [Parameters=[@__role_Id_0='?' (Size = 450)], CommandType='"Text"', CommandTimeout='30']
SELECT [a].[ClaimType], [a].[ClaimValue]
FROM [AspNetRoleClaims] AS [a]
WHERE [a].[RoleId] = @__role_Id_0
2025-04-07 22:36:08.097 +05:30 [INF] Executing endpoint '/Index'
2025-04-07 22:36:08.123 +05:30 [INF] Route matched with {page = "/Index"}. Executing page /Index
2025-04-07 22:36:08.139 +05:30 [INF] Executing handler method EmployeeApp.Pages.IndexModel.OnGet - ModelState is "Valid"
2025-04-07 22:36:08.142 +05:30 [INF] Executed handler method OnGet, returned result .
2025-04-07 22:36:08.148 +05:30 [INF] Executing an implicit handler method - ModelState is "Valid"
2025-04-07 22:36:08.151 +05:30 [INF] Executed an implicit handler method, returned result Microsoft.AspNetCore.Mvc.RazorPages.PageResult.
2025-04-07 22:36:08.192 +05:30 [INF] Executed DbCommand (1ms) [Parameters=[@__userId_0='?' (Size = 450)], CommandType='"Text"', CommandTimeout='30']
SELECT [a0].[Name]
FROM [AspNetUserRoles] AS [a]
INNER JOIN [AspNetRoles] AS [a0] ON [a].[RoleId] = [a0].[Id]
WHERE [a].[UserId] = @__userId_0
2025-04-07 22:36:08.234 +05:30 [INF] Executed page /Index in 105.1953ms
2025-04-07 22:36:08.242 +05:30 [INF] Executed endpoint '/Index'
2025-04-07 22:36:08.248 +05:30 [INF] HTTP GET / responded 200 in 626.6985 ms
2025-04-07 22:36:08.253 +05:30 [INF] Request starting HTTP/2 GET https://localhost:7134/_framework/aspnetcore-browser-refresh.js - null null
2025-04-07 22:36:08.259 +05:30 [INF] Request starting HTTP/2 GET https://localhost:7134/_vs/browserLink - null null
2025-04-07 22:36:08.262 +05:30 [INF] Request finished HTTP/2 GET https://localhost:7134/ - 200 null text/html; charset=utf-8 730.9776ms
2025-04-07 22:36:08.268 +05:30 [INF] Request finished HTTP/2 GET https://localhost:7134/_framework/aspnetcore-browser-refresh.js - 200 13758 application/javascript; charset=utf-8 14.9551ms
2025-04-07 22:36:08.291 +05:30 [INF] Request finished HTTP/2 GET https://localhost:7134/_vs/browserLink - 200 null text/javascript; charset=UTF-8 31.6186ms
2025-04-07 22:36:11.308 +05:30 [INF] Request starting HTTP/2 GET https://localhost:7134/Settings/Index - null null
2025-04-07 22:36:11.322 +05:30 [INF] Executing endpoint '/Settings/Index'
2025-04-07 22:36:11.342 +05:30 [INF] Route matched with {page = "/Settings/Index"}. Executing page /Settings/Index
2025-04-07 22:36:11.351 +05:30 [INF] Executed page /Settings/Index in 5.9406ms
2025-04-07 22:36:11.355 +05:30 [INF] Executed endpoint '/Settings/Index'
2025-04-07 22:36:11.358 +05:30 [ERR] HTTP GET /Settings/Index responded 500 in 41.1467 ms
System.InvalidOperationException: Unable to resolve service for type 'Microsoft.AspNetCore.Identity.UserManager`1[Microsoft.AspNetCore.Identity.IdentityUser]' while attempting to activate 'EmployeeApp.Pages.Settings.IndexModel'.
   at Microsoft.Extensions.DependencyInjection.ActivatorUtilities.ThrowHelperUnableToResolveService(Type type, Type requiredBy)
   at lambda_method180(Closure, IServiceProvider, Object[])
   at Microsoft.AspNetCore.Mvc.RazorPages.Infrastructure.DefaultPageModelFactoryProvider.<>c__DisplayClass3_0.<CreateModelFactory>b__0(PageContext pageContext)
   at Microsoft.AspNetCore.Mvc.RazorPages.Infrastructure.PageActionInvoker.CreateInstance()
   at Microsoft.AspNetCore.Mvc.RazorPages.Infrastructure.PageActionInvoker.Next(State& next, Scope& scope, Object& state, Boolean& isCompleted)
   at Microsoft.AspNetCore.Mvc.RazorPages.Infrastructure.PageActionInvoker.InvokeInnerFilterAsync()
   at Microsoft.AspNetCore.Mvc.Infrastructure.ResourceInvoker.<InvokeNextResourceFilter>g__Awaited|25_0(ResourceInvoker invoker, Task lastTask, State next, Scope scope, Object state, Boolean isCompleted)
   at Microsoft.AspNetCore.Mvc.Infrastructure.ResourceInvoker.Rethrow(ResourceExecutedContextSealed context)
   at Microsoft.AspNetCore.Mvc.Infrastructure.ResourceInvoker.Next(State& next, Scope& scope, Object& state, Boolean& isCompleted)
   at Microsoft.AspNetCore.Mvc.Infrastructure.ResourceInvoker.InvokeFilterPipelineAsync()
--- End of stack trace from previous location ---
   at Microsoft.AspNetCore.Mvc.Infrastructure.ResourceInvoker.<InvokeAsync>g__Logged|17_1(ResourceInvoker invoker)
   at Microsoft.AspNetCore.Mvc.Infrastructure.ResourceInvoker.<InvokeAsync>g__Logged|17_1(ResourceInvoker invoker)
   at Microsoft.AspNetCore.Routing.EndpointMiddleware.<Invoke>g__AwaitRequestTask|7_0(Endpoint endpoint, Task requestTask, ILogger logger)
   at Microsoft.AspNetCore.Authorization.AuthorizationMiddleware.Invoke(HttpContext context)
   at Microsoft.AspNetCore.Authentication.AuthenticationMiddleware.Invoke(HttpContext context)
   at Serilog.AspNetCore.RequestLoggingMiddleware.Invoke(HttpContext httpContext)
2025-04-07 22:36:11.413 +05:30 [ERR] An unhandled exception has occurred while executing the request.
System.InvalidOperationException: Unable to resolve service for type 'Microsoft.AspNetCore.Identity.UserManager`1[Microsoft.AspNetCore.Identity.IdentityUser]' while attempting to activate 'EmployeeApp.Pages.Settings.IndexModel'.
   at Microsoft.Extensions.DependencyInjection.ActivatorUtilities.ThrowHelperUnableToResolveService(Type type, Type requiredBy)
   at lambda_method180(Closure, IServiceProvider, Object[])
   at Microsoft.AspNetCore.Mvc.RazorPages.Infrastructure.DefaultPageModelFactoryProvider.<>c__DisplayClass3_0.<CreateModelFactory>b__0(PageContext pageContext)
   at Microsoft.AspNetCore.Mvc.RazorPages.Infrastructure.PageActionInvoker.CreateInstance()
   at Microsoft.AspNetCore.Mvc.RazorPages.Infrastructure.PageActionInvoker.Next(State& next, Scope& scope, Object& state, Boolean& isCompleted)
   at Microsoft.AspNetCore.Mvc.RazorPages.Infrastructure.PageActionInvoker.InvokeInnerFilterAsync()
   at Microsoft.AspNetCore.Mvc.Infrastructure.ResourceInvoker.<InvokeNextResourceFilter>g__Awaited|25_0(ResourceInvoker invoker, Task lastTask, State next, Scope scope, Object state, Boolean isCompleted)
   at Microsoft.AspNetCore.Mvc.Infrastructure.ResourceInvoker.Rethrow(ResourceExecutedContextSealed context)
   at Microsoft.AspNetCore.Mvc.Infrastructure.ResourceInvoker.Next(State& next, Scope& scope, Object& state, Boolean& isCompleted)
   at Microsoft.AspNetCore.Mvc.Infrastructure.ResourceInvoker.InvokeFilterPipelineAsync()
--- End of stack trace from previous location ---
   at Microsoft.AspNetCore.Mvc.Infrastructure.ResourceInvoker.<InvokeAsync>g__Logged|17_1(ResourceInvoker invoker)
   at Microsoft.AspNetCore.Mvc.Infrastructure.ResourceInvoker.<InvokeAsync>g__Logged|17_1(ResourceInvoker invoker)
   at Microsoft.AspNetCore.Routing.EndpointMiddleware.<Invoke>g__AwaitRequestTask|7_0(Endpoint endpoint, Task requestTask, ILogger logger)
   at Microsoft.AspNetCore.Authorization.AuthorizationMiddleware.Invoke(HttpContext context)
   at Microsoft.AspNetCore.Authentication.AuthenticationMiddleware.Invoke(HttpContext context)
   at Serilog.AspNetCore.RequestLoggingMiddleware.Invoke(HttpContext httpContext)
   at Microsoft.AspNetCore.Diagnostics.DeveloperExceptionPageMiddlewareImpl.Invoke(HttpContext context)
2025-04-07 22:36:11.459 +05:30 [INF] Request finished HTTP/2 GET https://localhost:7134/Settings/Index - 500 null text/html; charset=utf-8 151.6084ms
2025-04-07 22:36:11.481 +05:30 [INF] Request starting HTTP/2 GET https://localhost:7134/_framework/aspnetcore-browser-refresh.js - null null
2025-04-07 22:36:11.481 +05:30 [INF] Request starting HTTP/2 GET https://localhost:7134/_vs/browserLink - null null
2025-04-07 22:36:11.486 +05:30 [INF] Request finished HTTP/2 GET https://localhost:7134/_framework/aspnetcore-browser-refresh.js - 200 13758 application/javascript; charset=utf-8 5.5845ms
2025-04-07 22:36:11.504 +05:30 [INF] Request finished HTTP/2 GET https://localhost:7134/_vs/browserLink - 200 null text/javascript; charset=UTF-8 23.3335ms
2025-04-07 22:43:11.521 +05:30 [INF] User profile is available. Using 'C:\Users\liyan\AppData\Local\ASP.NET\DataProtection-Keys' as key repository and Windows DPAPI to encrypt keys at rest.
2025-04-07 22:43:13.173 +05:30 [INF] Executed DbCommand (57ms) [Parameters=[@__normalizedName_0='?' (Size = 256)], CommandType='"Text"', CommandTimeout='30']
SELECT TOP(1) [a].[Id], [a].[ConcurrencyStamp], [a].[Name], [a].[NormalizedName]
FROM [AspNetRoles] AS [a]
WHERE [a].[NormalizedName] = @__normalizedName_0
2025-04-07 22:43:13.235 +05:30 [INF] Executed DbCommand (2ms) [Parameters=[@__normalizedName_0='?' (Size = 256)], CommandType='"Text"', CommandTimeout='30']
SELECT TOP(1) [a].[Id], [a].[ConcurrencyStamp], [a].[Name], [a].[NormalizedName]
FROM [AspNetRoles] AS [a]
WHERE [a].[NormalizedName] = @__normalizedName_0
2025-04-07 22:43:13.246 +05:30 [INF] EmployeeApp started successfully.
2025-04-07 22:43:13.330 +05:30 [INF] Now listening on: https://localhost:7134
2025-04-07 22:43:13.331 +05:30 [INF] Now listening on: http://localhost:5207
2025-04-07 22:43:13.398 +05:30 [INF] Application started. Press Ctrl+C to shut down.
2025-04-07 22:43:13.402 +05:30 [INF] Hosting environment: Development
2025-04-07 22:43:13.407 +05:30 [INF] Content root path: C:\Users\liyan\Documents\GitHub\CCS\EmployeeApp
2025-04-07 22:43:13.602 +05:30 [INF] Request starting HTTP/2 GET https://localhost:7134/ - null null
2025-04-07 22:43:13.755 +05:30 [INF] Executing endpoint '/Index'
2025-04-07 22:43:13.783 +05:30 [INF] Route matched with {page = "/Index"}. Executing page /Index
2025-04-07 22:43:13.799 +05:30 [INF] Executing handler method EmployeeApp.Pages.IndexModel.OnGet - ModelState is "Valid"
2025-04-07 22:43:13.803 +05:30 [INF] Executed handler method OnGet, returned result .
2025-04-07 22:43:13.810 +05:30 [INF] Executing an implicit handler method - ModelState is "Valid"
2025-04-07 22:43:13.812 +05:30 [INF] Executed an implicit handler method, returned result Microsoft.AspNetCore.Mvc.RazorPages.PageResult.
2025-04-07 22:43:13.995 +05:30 [INF] Executed DbCommand (15ms) [Parameters=[@__p_0='?' (Size = 450)], CommandType='"Text"', CommandTimeout='30']
SELECT TOP(1) [a].[Id], [a].[AccessFailedCount], [a].[ConcurrencyStamp], [a].[Email], [a].[EmailConfirmed], [a].[FullName], [a].[LockoutEnabled], [a].[LockoutEnd], [a].[NormalizedEmail], [a].[NormalizedUserName], [a].[PasswordHash], [a].[PhoneNumber], [a].[PhoneNumberConfirmed], [a].[SecurityStamp], [a].[TwoFactorEnabled], [a].[UserName]
FROM [AspNetUsers] AS [a]
WHERE [a].[Id] = @__p_0
2025-04-07 22:43:14.065 +05:30 [INF] Executed DbCommand (2ms) [Parameters=[@__userId_0='?' (Size = 450)], CommandType='"Text"', CommandTimeout='30']
SELECT [a0].[Name]
FROM [AspNetUserRoles] AS [a]
INNER JOIN [AspNetRoles] AS [a0] ON [a].[RoleId] = [a0].[Id]
WHERE [a].[UserId] = @__userId_0
2025-04-07 22:43:14.110 +05:30 [INF] Executed page /Index in 316.2393ms
2025-04-07 22:43:14.115 +05:30 [INF] Executed endpoint '/Index'
2025-04-07 22:43:14.123 +05:30 [INF] HTTP GET / responded 200 in 411.0091 ms
2025-04-07 22:43:14.129 +05:30 [INF] Request starting HTTP/2 GET https://localhost:7134/_vs/browserLink - null null
2025-04-07 22:43:14.129 +05:30 [INF] Request starting HTTP/2 GET https://localhost:7134/_framework/aspnetcore-browser-refresh.js - null null
2025-04-07 22:43:14.137 +05:30 [INF] Request finished HTTP/2 GET https://localhost:7134/ - 200 null text/html; charset=utf-8 539.151ms
2025-04-07 22:43:14.145 +05:30 [INF] Request finished HTTP/2 GET https://localhost:7134/_framework/aspnetcore-browser-refresh.js - 200 13758 application/javascript; charset=utf-8 15.8746ms
2025-04-07 22:43:14.162 +05:30 [INF] Request finished HTTP/2 GET https://localhost:7134/_vs/browserLink - 200 null text/javascript; charset=UTF-8 33.0422ms
2025-04-07 22:43:19.350 +05:30 [INF] Request starting HTTP/2 GET https://localhost:7134/Settings/Index - null null
2025-04-07 22:43:19.383 +05:30 [INF] Executing endpoint '/Settings/Index'
2025-04-07 22:43:19.428 +05:30 [INF] Route matched with {page = "/Settings/Index"}. Executing page /Settings/Index
2025-04-07 22:43:19.442 +05:30 [INF] Executing handler method EmployeeApp.Pages.Settings.IndexModel.OnGet - ModelState is "Valid"
2025-04-07 22:43:19.446 +05:30 [INF] Executed handler method OnGet, returned result .
2025-04-07 22:43:19.451 +05:30 [INF] Executing an implicit handler method - ModelState is "Valid"
2025-04-07 22:43:19.454 +05:30 [INF] Executed an implicit handler method, returned result Microsoft.AspNetCore.Mvc.RazorPages.PageResult.
2025-04-07 22:43:19.591 +05:30 [INF] Executed DbCommand (2ms) [Parameters=[@__p_0='?' (Size = 450)], CommandType='"Text"', CommandTimeout='30']
SELECT TOP(1) [a].[Id], [a].[AccessFailedCount], [a].[ConcurrencyStamp], [a].[Email], [a].[EmailConfirmed], [a].[FullName], [a].[LockoutEnabled], [a].[LockoutEnd], [a].[NormalizedEmail], [a].[NormalizedUserName], [a].[PasswordHash], [a].[PhoneNumber], [a].[PhoneNumberConfirmed], [a].[SecurityStamp], [a].[TwoFactorEnabled], [a].[UserName]
FROM [AspNetUsers] AS [a]
WHERE [a].[Id] = @__p_0
2025-04-07 22:43:19.604 +05:30 [INF] Executed DbCommand (1ms) [Parameters=[@__userId_0='?' (Size = 450)], CommandType='"Text"', CommandTimeout='30']
SELECT [a0].[Name]
FROM [AspNetUserRoles] AS [a]
INNER JOIN [AspNetRoles] AS [a0] ON [a].[RoleId] = [a0].[Id]
WHERE [a].[UserId] = @__userId_0
2025-04-07 22:43:19.662 +05:30 [INF] Executed page /Settings/Index in 227.1143ms
2025-04-07 22:43:19.666 +05:30 [INF] Executed endpoint '/Settings/Index'
2025-04-07 22:43:19.668 +05:30 [INF] HTTP GET /Settings/Index responded 200 in 302.3519 ms
2025-04-07 22:43:19.674 +05:30 [INF] Request finished HTTP/2 GET https://localhost:7134/Settings/Index - 200 null text/html; charset=utf-8 324.9147ms
2025-04-07 22:43:19.676 +05:30 [INF] Request starting HTTP/2 GET https://localhost:7134/_framework/aspnetcore-browser-refresh.js - null null
2025-04-07 22:43:19.679 +05:30 [INF] Request starting HTTP/2 GET https://localhost:7134/_vs/browserLink - null null
2025-04-07 22:43:19.696 +05:30 [INF] Request finished HTTP/2 GET https://localhost:7134/_framework/aspnetcore-browser-refresh.js - 200 13758 application/javascript; charset=utf-8 19.2185ms
2025-04-07 22:43:19.725 +05:30 [INF] Request finished HTTP/2 GET https://localhost:7134/_vs/browserLink - 200 null text/javascript; charset=UTF-8 46.4124ms
2025-04-07 22:43:41.187 +05:30 [INF] Request starting HTTP/2 POST https://localhost:7134/Settings/Index - application/x-www-form-urlencoded 315
2025-04-07 22:43:41.233 +05:30 [INF] Executing endpoint '/Settings/Index'
2025-04-07 22:43:41.236 +05:30 [INF] Route matched with {page = "/Settings/Index"}. Executing page /Settings/Index
2025-04-07 22:43:41.277 +05:30 [INF] Executing handler method EmployeeApp.Pages.Settings.IndexModel.OnPostAsync - ModelState is "Valid"
2025-04-07 22:43:41.290 +05:30 [INF] Executed DbCommand (2ms) [Parameters=[@__p_0='?' (Size = 450)], CommandType='"Text"', CommandTimeout='30']
SELECT TOP(1) [a].[Id], [a].[AccessFailedCount], [a].[ConcurrencyStamp], [a].[Email], [a].[EmailConfirmed], [a].[FullName], [a].[LockoutEnabled], [a].[LockoutEnd], [a].[NormalizedEmail], [a].[NormalizedUserName], [a].[PasswordHash], [a].[PhoneNumber], [a].[PhoneNumberConfirmed], [a].[SecurityStamp], [a].[TwoFactorEnabled], [a].[UserName]
FROM [AspNetUsers] AS [a]
WHERE [a].[Id] = @__p_0
2025-04-07 22:43:41.560 +05:30 [INF] Executed handler method OnPostAsync, returned result Microsoft.AspNetCore.Mvc.RazorPages.PageResult.
2025-04-07 22:43:41.579 +05:30 [INF] Executed DbCommand (1ms) [Parameters=[@__userId_0='?' (Size = 450)], CommandType='"Text"', CommandTimeout='30']
SELECT [a0].[Name]
FROM [AspNetUserRoles] AS [a]
INNER JOIN [AspNetRoles] AS [a0] ON [a].[RoleId] = [a0].[Id]
WHERE [a].[UserId] = @__userId_0
2025-04-07 22:43:41.594 +05:30 [INF] Executed page /Settings/Index in 354.4471ms
2025-04-07 22:43:41.598 +05:30 [INF] Executed endpoint '/Settings/Index'
2025-04-07 22:43:41.602 +05:30 [INF] HTTP POST /Settings/Index responded 200 in 404.2813 ms
2025-04-07 22:43:41.610 +05:30 [INF] Request finished HTTP/2 POST https://localhost:7134/Settings/Index - 200 null text/html; charset=utf-8 422.697ms
2025-04-07 22:43:41.616 +05:30 [INF] Request starting HTTP/2 GET https://localhost:7134/_vs/browserLink - null null
2025-04-07 22:43:41.621 +05:30 [INF] Request starting HTTP/2 GET https://localhost:7134/_framework/aspnetcore-browser-refresh.js - null null
2025-04-07 22:43:41.630 +05:30 [INF] Request finished HTTP/2 GET https://localhost:7134/_framework/aspnetcore-browser-refresh.js - 200 13758 application/javascript; charset=utf-8 9.0937ms
2025-04-07 22:43:41.633 +05:30 [INF] Request finished HTTP/2 GET https://localhost:7134/_vs/browserLink - 200 null text/javascript; charset=UTF-8 16.7114ms
