2025-04-04 11:00:15.366 +05:30 [INF] User profile is available. Using 'C:\Users\liyan\AppData\Local\ASP.NET\DataProtection-Keys' as key repository and Windows DPAPI to encrypt keys at rest.
2025-04-04 11:00:15.635 +05:30 [INF] EmployeeApp started successfully.
2025-04-04 11:00:15.943 +05:30 [INF] Now listening on: https://localhost:7134
2025-04-04 11:00:15.946 +05:30 [INF] Now listening on: http://localhost:5207
2025-04-04 11:00:16.035 +05:30 [INF] Application started. Press Ctrl+C to shut down.
2025-04-04 11:00:16.036 +05:30 [INF] Hosting environment: Development
2025-04-04 11:00:16.037 +05:30 [INF] Content root path: C:\Users\liyan\Documents\GitHub\CCS\EmployeeApp
2025-04-04 11:00:16.411 +05:30 [INF] Request starting HTTP/2 GET https://localhost:7134/ - null null
2025-04-04 11:00:17.969 +05:30 [WRN] No store type was specified for the decimal property 'Salary' on entity type 'Employee'. This will cause values to be silently truncated if they do not fit in the default precision and scale. Explicitly specify the SQL server column type that can accommodate all the values in 'OnModelCreating' using 'HasColumnType', specify precision and scale using 'HasPrecision', or configure a value converter using 'HasConversion'.
2025-04-04 11:00:19.631 +05:30 [INF] Executed DbCommand (190ms) [Parameters=[@__p_0='?' (Size = 450)], CommandType='"Text"', CommandTimeout='30']
SELECT TOP(1) [a].[Id], [a].[AccessFailedCount], [a].[ConcurrencyStamp], [a].[Email], [a].[EmailConfirmed], [a].[FullName], [a].[LockoutEnabled], [a].[LockoutEnd], [a].[NormalizedEmail], [a].[NormalizedUserName], [a].[PasswordHash], [a].[PhoneNumber], [a].[PhoneNumberConfirmed], [a].[SecurityStamp], [a].[TwoFactorEnabled], [a].[UserName]
FROM [AspNetUsers] AS [a]
WHERE [a].[Id] = @__p_0
2025-04-04 11:00:19.927 +05:30 [INF] Executed DbCommand (22ms) [Parameters=[@__user_Id_0='?' (Size = 450)], CommandType='"Text"', CommandTimeout='30']
SELECT [a].[Id], [a].[ClaimType], [a].[ClaimValue], [a].[UserId]
FROM [AspNetUserClaims] AS [a]
WHERE [a].[UserId] = @__user_Id_0
2025-04-04 11:00:19.985 +05:30 [INF] Executed DbCommand (7ms) [Parameters=[@__userId_0='?' (Size = 450)], CommandType='"Text"', CommandTimeout='30']
SELECT [a0].[Name]
FROM [AspNetUserRoles] AS [a]
INNER JOIN [AspNetRoles] AS [a0] ON [a].[RoleId] = [a0].[Id]
WHERE [a].[UserId] = @__userId_0
2025-04-04 11:00:20.025 +05:30 [INF] Executed DbCommand (7ms) [Parameters=[@__normalizedName_0='?' (Size = 256)], CommandType='"Text"', CommandTimeout='30']
SELECT TOP(1) [a].[Id], [a].[ConcurrencyStamp], [a].[Name], [a].[NormalizedName]
FROM [AspNetRoles] AS [a]
WHERE [a].[NormalizedName] = @__normalizedName_0
2025-04-04 11:00:20.089 +05:30 [INF] Executed DbCommand (5ms) [Parameters=[@__role_Id_0='?' (Size = 450)], CommandType='"Text"', CommandTimeout='30']
SELECT [a].[ClaimType], [a].[ClaimValue]
FROM [AspNetRoleClaims] AS [a]
WHERE [a].[RoleId] = @__role_Id_0
2025-04-04 11:00:20.111 +05:30 [INF] Executing endpoint '/Index'
2025-04-04 11:00:20.157 +05:30 [INF] Route matched with {page = "/Index"}. Executing page /Index
2025-04-04 11:00:20.182 +05:30 [INF] Executing handler method EmployeeApp.Pages.IndexModel.OnGet - ModelState is "Valid"
2025-04-04 11:00:20.186 +05:30 [INF] Executed handler method OnGet, returned result .
2025-04-04 11:00:20.194 +05:30 [INF] Executing an implicit handler method - ModelState is "Valid"
2025-04-04 11:00:20.197 +05:30 [INF] Executed an implicit handler method, returned result Microsoft.AspNetCore.Mvc.RazorPages.PageResult.
2025-04-04 11:00:20.274 +05:30 [INF] Executed DbCommand (2ms) [Parameters=[@__userId_0='?' (Size = 450)], CommandType='"Text"', CommandTimeout='30']
SELECT [a0].[Name]
FROM [AspNetUserRoles] AS [a]
INNER JOIN [AspNetRoles] AS [a0] ON [a].[RoleId] = [a0].[Id]
WHERE [a].[UserId] = @__userId_0
2025-04-04 11:00:20.390 +05:30 [INF] Executed page /Index in 221.4224ms
2025-04-04 11:00:20.398 +05:30 [INF] Executed endpoint '/Index'
2025-04-04 11:00:20.408 +05:30 [INF] HTTP GET / responded 200 in 3894.6519 ms
2025-04-04 11:00:20.432 +05:30 [INF] Request starting HTTP/2 GET https://localhost:7134/_framework/aspnetcore-browser-refresh.js - null null
2025-04-04 11:00:20.432 +05:30 [INF] Request starting HTTP/2 GET https://localhost:7134/_vs/browserLink - null null
2025-04-04 11:00:20.447 +05:30 [INF] Request finished HTTP/2 GET https://localhost:7134/ - 200 null text/html; charset=utf-8 4038.7701ms
2025-04-04 11:00:20.460 +05:30 [INF] Request finished HTTP/2 GET https://localhost:7134/_framework/aspnetcore-browser-refresh.js - 200 13758 application/javascript; charset=utf-8 27.9501ms
2025-04-04 11:00:20.519 +05:30 [INF] Request finished HTTP/2 GET https://localhost:7134/_vs/browserLink - 200 null text/javascript; charset=UTF-8 87.7009ms
2025-04-04 11:00:56.897 +05:30 [INF] Request starting HTTP/2 POST https://localhost:7134/Account/Logout - application/x-www-form-urlencoded 225
2025-04-04 11:00:56.931 +05:30 [INF] Executing endpoint '/Account/Logout'
2025-04-04 11:00:56.947 +05:30 [INF] Route matched with {page = "/Account/Logout"}. Executing page /Account/Logout
2025-04-04 11:00:56.965 +05:30 [INF] Executing handler method EmployeeApp.Pages.Account.LogoutModel.OnPost - ModelState is "Valid"
2025-04-04 11:00:56.978 +05:30 [INF] AuthenticationScheme: Identity.Application signed out.
2025-04-04 11:00:56.984 +05:30 [INF] AuthenticationScheme: Identity.External signed out.
2025-04-04 11:00:56.987 +05:30 [INF] AuthenticationScheme: Identity.TwoFactorUserId signed out.
2025-04-04 11:00:56.992 +05:30 [INF] Executed handler method OnPost, returned result Microsoft.AspNetCore.Mvc.RedirectToPageResult.
2025-04-04 11:00:56.998 +05:30 [INF] Executing RedirectToPageResult, redirecting to /Account/Login.
2025-04-04 11:00:57.002 +05:30 [INF] Executed page /Account/Logout in 51.9211ms
2025-04-04 11:00:57.005 +05:30 [INF] Executed endpoint '/Account/Logout'
2025-04-04 11:00:57.010 +05:30 [INF] HTTP POST /Account/Logout responded 302 in 96.1656 ms
2025-04-04 11:00:57.017 +05:30 [INF] Request finished HTTP/2 POST https://localhost:7134/Account/Logout - 302 0 null 119.9083ms
2025-04-04 11:00:57.028 +05:30 [INF] Request starting HTTP/2 GET https://localhost:7134/Account/Login - null null
2025-04-04 11:00:57.049 +05:30 [INF] Executing endpoint '/Account/Login'
2025-04-04 11:00:57.100 +05:30 [INF] Route matched with {page = "/Account/Login"}. Executing page /Account/Login
2025-04-04 11:00:57.171 +05:30 [INF] Executing an implicit handler method - ModelState is "Valid"
2025-04-04 11:00:57.174 +05:30 [INF] Executed an implicit handler method, returned result Microsoft.AspNetCore.Mvc.RazorPages.PageResult.
2025-04-04 11:00:57.301 +05:30 [INF] Executed page /Account/Login in 198.0215ms
2025-04-04 11:00:57.315 +05:30 [INF] Executed endpoint '/Account/Login'
2025-04-04 11:00:57.319 +05:30 [INF] HTTP GET /Account/Login responded 200 in 279.3237 ms
2025-04-04 11:00:57.331 +05:30 [INF] Request finished HTTP/2 GET https://localhost:7134/Account/Login - 200 null text/html; charset=utf-8 302.6451ms
2025-04-04 11:00:57.348 +05:30 [INF] Request starting HTTP/2 GET https://localhost:7134/lib/jquery-validation/dist/jquery.validate.min.js - null null
2025-04-04 11:00:57.348 +05:30 [INF] Request starting HTTP/2 GET https://localhost:7134/_vs/browserLink - null null
2025-04-04 11:00:57.348 +05:30 [INF] Request starting HTTP/2 GET https://localhost:7134/lib/jquery-validation-unobtrusive/jquery.validate.unobtrusive.min.js - null null
2025-04-04 11:00:57.348 +05:30 [INF] Request starting HTTP/2 GET https://localhost:7134/_framework/aspnetcore-browser-refresh.js - null null
2025-04-04 11:00:57.379 +05:30 [INF] The file /lib/jquery-validation/dist/jquery.validate.min.js was not modified
2025-04-04 11:00:57.387 +05:30 [INF] Request finished HTTP/2 GET https://localhost:7134/_vs/browserLink - 200 null text/javascript; charset=UTF-8 39.1619ms
2025-04-04 11:00:57.388 +05:30 [INF] The file /lib/jquery-validation-unobtrusive/jquery.validate.unobtrusive.min.js was not modified
2025-04-04 11:00:57.394 +05:30 [INF] Request finished HTTP/2 GET https://localhost:7134/_framework/aspnetcore-browser-refresh.js - 200 13758 application/javascript; charset=utf-8 45.7458ms
2025-04-04 11:00:57.396 +05:30 [INF] HTTP GET /lib/jquery-validation/dist/jquery.validate.min.js responded 304 in 39.7391 ms
2025-04-04 11:00:57.403 +05:30 [INF] HTTP GET /lib/jquery-validation-unobtrusive/jquery.validate.unobtrusive.min.js responded 304 in 15.6884 ms
2025-04-04 11:00:57.414 +05:30 [INF] Request finished HTTP/2 GET https://localhost:7134/lib/jquery-validation/dist/jquery.validate.min.js - 304 null text/javascript 66.3246ms
2025-04-04 11:00:57.419 +05:30 [INF] Request finished HTTP/2 GET https://localhost:7134/lib/jquery-validation-unobtrusive/jquery.validate.unobtrusive.min.js - 304 null text/javascript 70.6649ms
2025-04-04 11:01:08.867 +05:30 [INF] Request starting HTTP/2 GET https://localhost:7134/Account/Register - null null
2025-04-04 11:01:08.878 +05:30 [INF] Executing endpoint '/Account/Register'
2025-04-04 11:01:08.898 +05:30 [INF] Route matched with {page = "/Account/Register"}. Executing page /Account/Register
2025-04-04 11:01:08.904 +05:30 [INF] Executing handler method EmployeeApp.Pages.Account.RegisterModel.OnGet - ModelState is "Valid"
2025-04-04 11:01:08.910 +05:30 [INF] Executed handler method OnGet, returned result .
2025-04-04 11:01:08.917 +05:30 [INF] Executing an implicit handler method - ModelState is "Valid"
2025-04-04 11:01:08.921 +05:30 [INF] Executed an implicit handler method, returned result Microsoft.AspNetCore.Mvc.RazorPages.PageResult.
2025-04-04 11:01:08.972 +05:30 [INF] Executed page /Account/Register in 70.3814ms
2025-04-04 11:01:08.978 +05:30 [INF] Executed endpoint '/Account/Register'
2025-04-04 11:01:08.984 +05:30 [INF] HTTP GET /Account/Register responded 200 in 106.3769 ms
2025-04-04 11:01:08.995 +05:30 [INF] Request finished HTTP/2 GET https://localhost:7134/Account/Register - 200 null text/html; charset=utf-8 127.3124ms
2025-04-04 11:01:09.006 +05:30 [INF] Request starting HTTP/2 GET https://localhost:7134/_vs/browserLink - null null
2025-04-04 11:01:09.017 +05:30 [INF] Request starting HTTP/2 GET https://localhost:7134/_framework/aspnetcore-browser-refresh.js - null null
2025-04-04 11:01:09.027 +05:30 [INF] Request finished HTTP/2 GET https://localhost:7134/_vs/browserLink - 200 null text/javascript; charset=UTF-8 20.8953ms
2025-04-04 11:01:09.030 +05:30 [INF] Request finished HTTP/2 GET https://localhost:7134/_framework/aspnetcore-browser-refresh.js - 200 13758 application/javascript; charset=utf-8 13.0249ms
2025-04-04 11:01:36.906 +05:30 [INF] Request starting HTTP/2 GET https://localhost:7134/Account/Login - null null
2025-04-04 11:01:36.921 +05:30 [INF] Executing endpoint '/Account/Login'
2025-04-04 11:01:36.924 +05:30 [INF] Route matched with {page = "/Account/Login"}. Executing page /Account/Login
2025-04-04 11:01:36.928 +05:30 [INF] Executing an implicit handler method - ModelState is "Valid"
2025-04-04 11:01:36.931 +05:30 [INF] Executed an implicit handler method, returned result Microsoft.AspNetCore.Mvc.RazorPages.PageResult.
2025-04-04 11:01:36.943 +05:30 [INF] Executed page /Account/Login in 16.8681ms
2025-04-04 11:01:36.947 +05:30 [INF] Executed endpoint '/Account/Login'
2025-04-04 11:01:36.949 +05:30 [INF] HTTP GET /Account/Login responded 200 in 29.3067 ms
2025-04-04 11:01:36.955 +05:30 [INF] Request finished HTTP/2 GET https://localhost:7134/Account/Login - 200 null text/html; charset=utf-8 49.3443ms
2025-04-04 11:01:36.972 +05:30 [INF] Request starting HTTP/2 GET https://localhost:7134/_vs/browserLink - null null
2025-04-04 11:01:36.978 +05:30 [INF] Request starting HTTP/2 GET https://localhost:7134/_framework/aspnetcore-browser-refresh.js - null null
2025-04-04 11:01:36.982 +05:30 [INF] Request finished HTTP/2 GET https://localhost:7134/_framework/aspnetcore-browser-refresh.js - 200 13758 application/javascript; charset=utf-8 3.8343ms
2025-04-04 11:01:36.987 +05:30 [INF] Request finished HTTP/2 GET https://localhost:7134/_vs/browserLink - 200 null text/javascript; charset=UTF-8 14.4655ms
2025-04-04 11:01:41.673 +05:30 [INF] Request starting HTTP/2 GET https://localhost:7134/Account/Register - null null
2025-04-04 11:01:41.680 +05:30 [INF] Executing endpoint '/Account/Register'
2025-04-04 11:01:41.683 +05:30 [INF] Route matched with {page = "/Account/Register"}. Executing page /Account/Register
2025-04-04 11:01:41.686 +05:30 [INF] Executing handler method EmployeeApp.Pages.Account.RegisterModel.OnGet - ModelState is "Valid"
2025-04-04 11:01:41.688 +05:30 [INF] Executed handler method OnGet, returned result .
2025-04-04 11:01:41.690 +05:30 [INF] Executing an implicit handler method - ModelState is "Valid"
2025-04-04 11:01:41.694 +05:30 [INF] Executed an implicit handler method, returned result Microsoft.AspNetCore.Mvc.RazorPages.PageResult.
2025-04-04 11:01:41.704 +05:30 [INF] Executed page /Account/Register in 19.1971ms
2025-04-04 11:01:41.707 +05:30 [INF] Executed endpoint '/Account/Register'
2025-04-04 11:01:41.709 +05:30 [INF] HTTP GET /Account/Register responded 200 in 29.2870 ms
2025-04-04 11:01:41.713 +05:30 [INF] Request finished HTTP/2 GET https://localhost:7134/Account/Register - 200 null text/html; charset=utf-8 39.7297ms
2025-04-04 11:01:41.725 +05:30 [INF] Request starting HTTP/2 GET https://localhost:7134/_framework/aspnetcore-browser-refresh.js - null null
2025-04-04 11:01:41.725 +05:30 [INF] Request starting HTTP/2 GET https://localhost:7134/_vs/browserLink - null null
2025-04-04 11:01:41.732 +05:30 [INF] Request finished HTTP/2 GET https://localhost:7134/_framework/aspnetcore-browser-refresh.js - 200 13758 application/javascript; charset=utf-8 6.6396ms
2025-04-04 11:01:41.741 +05:30 [INF] Request finished HTTP/2 GET https://localhost:7134/_vs/browserLink - 200 null text/javascript; charset=UTF-8 15.8501ms
2025-04-04 11:01:46.660 +05:30 [INF] Request starting HTTP/2 GET https://localhost:7134/Account/Login - null null
2025-04-04 11:01:46.673 +05:30 [INF] Executing endpoint '/Account/Login'
2025-04-04 11:01:46.677 +05:30 [INF] Route matched with {page = "/Account/Login"}. Executing page /Account/Login
2025-04-04 11:01:46.682 +05:30 [INF] Executing an implicit handler method - ModelState is "Valid"
2025-04-04 11:01:46.685 +05:30 [INF] Executed an implicit handler method, returned result Microsoft.AspNetCore.Mvc.RazorPages.PageResult.
2025-04-04 11:01:46.692 +05:30 [INF] Executed page /Account/Login in 10.7965ms
2025-04-04 11:01:46.696 +05:30 [INF] Executed endpoint '/Account/Login'
2025-04-04 11:01:46.699 +05:30 [INF] HTTP GET /Account/Login responded 200 in 25.4919 ms
2025-04-04 11:01:46.736 +05:30 [INF] Request finished HTTP/2 GET https://localhost:7134/Account/Login - 200 null text/html; charset=utf-8 76.4012ms
2025-04-04 11:01:46.737 +05:30 [INF] Request starting HTTP/2 GET https://localhost:7134/_vs/browserLink - null null
2025-04-04 11:01:46.745 +05:30 [INF] Request starting HTTP/2 GET https://localhost:7134/_framework/aspnetcore-browser-refresh.js - null null
2025-04-04 11:01:46.755 +05:30 [INF] Request finished HTTP/2 GET https://localhost:7134/_framework/aspnetcore-browser-refresh.js - 200 13758 application/javascript; charset=utf-8 10.4549ms
2025-04-04 11:01:46.756 +05:30 [INF] Request finished HTTP/2 GET https://localhost:7134/_vs/browserLink - 200 null text/javascript; charset=UTF-8 19.0665ms
2025-04-04 11:01:51.945 +05:30 [INF] Request starting HTTP/2 POST https://localhost:7134/Account/Login?handler=Login - application/x-www-form-urlencoded; charset=UTF-8 228
2025-04-04 11:01:51.959 +05:30 [INF] Executing endpoint '/Account/Login'
2025-04-04 11:01:51.963 +05:30 [INF] Route matched with {page = "/Account/Login"}. Executing page /Account/Login
2025-04-04 11:01:52.014 +05:30 [INF] Executing handler method EmployeeApp.Pages.Account.LoginModel.OnPostLoginAsync - ModelState is "Valid"
2025-04-04 11:01:52.223 +05:30 [INF] Executed DbCommand (27ms) [Parameters=[@__normalizedEmail_0='?' (Size = 256)], CommandType='"Text"', CommandTimeout='30']
SELECT TOP(2) [a].[Id], [a].[AccessFailedCount], [a].[ConcurrencyStamp], [a].[Email], [a].[EmailConfirmed], [a].[FullName], [a].[LockoutEnabled], [a].[LockoutEnd], [a].[NormalizedEmail], [a].[NormalizedUserName], [a].[PasswordHash], [a].[PhoneNumber], [a].[PhoneNumberConfirmed], [a].[SecurityStamp], [a].[TwoFactorEnabled], [a].[UserName]
FROM [AspNetUsers] AS [a]
WHERE [a].[NormalizedEmail] = @__normalizedEmail_0
2025-04-04 11:01:52.257 +05:30 [INF] Executed DbCommand (10ms) [Parameters=[@__normalizedUserName_0='?' (Size = 256)], CommandType='"Text"', CommandTimeout='30']
SELECT TOP(1) [a].[Id], [a].[AccessFailedCount], [a].[ConcurrencyStamp], [a].[Email], [a].[EmailConfirmed], [a].[FullName], [a].[LockoutEnabled], [a].[LockoutEnd], [a].[NormalizedEmail], [a].[NormalizedUserName], [a].[PasswordHash], [a].[PhoneNumber], [a].[PhoneNumberConfirmed], [a].[SecurityStamp], [a].[TwoFactorEnabled], [a].[UserName]
FROM [AspNetUsers] AS [a]
WHERE [a].[NormalizedUserName] = @__normalizedUserName_0
2025-04-04 11:01:52.561 +05:30 [INF] Executed DbCommand (6ms) [Parameters=[@__user_Id_0='?' (Size = 450)], CommandType='"Text"', CommandTimeout='30']
SELECT [a].[Id], [a].[ClaimType], [a].[ClaimValue], [a].[UserId]
FROM [AspNetUserClaims] AS [a]
WHERE [a].[UserId] = @__user_Id_0
2025-04-04 11:01:52.571 +05:30 [INF] Executed DbCommand (4ms) [Parameters=[@__userId_0='?' (Size = 450)], CommandType='"Text"', CommandTimeout='30']
SELECT [a0].[Name]
FROM [AspNetUserRoles] AS [a]
INNER JOIN [AspNetRoles] AS [a0] ON [a].[RoleId] = [a0].[Id]
WHERE [a].[UserId] = @__userId_0
2025-04-04 11:01:52.580 +05:30 [INF] Executed DbCommand (1ms) [Parameters=[@__normalizedName_0='?' (Size = 256)], CommandType='"Text"', CommandTimeout='30']
SELECT TOP(1) [a].[Id], [a].[ConcurrencyStamp], [a].[Name], [a].[NormalizedName]
FROM [AspNetRoles] AS [a]
WHERE [a].[NormalizedName] = @__normalizedName_0
2025-04-04 11:01:52.593 +05:30 [INF] Executed DbCommand (5ms) [Parameters=[@__role_Id_0='?' (Size = 450)], CommandType='"Text"', CommandTimeout='30']
SELECT [a].[ClaimType], [a].[ClaimValue]
FROM [AspNetRoleClaims] AS [a]
WHERE [a].[RoleId] = @__role_Id_0
2025-04-04 11:01:52.604 +05:30 [INF] AuthenticationScheme: Identity.Application signed in.
2025-04-04 11:01:52.610 +05:30 [INF] Executed handler method OnPostLoginAsync, returned result Microsoft.AspNetCore.Mvc.JsonResult.
2025-04-04 11:01:52.618 +05:30 [INF] Executing JsonResult, writing value of type '<>f__AnonymousType11`1[[System.Boolean, System.Private.CoreLib, Version=8.0.0.0, Culture=neutral, PublicKeyToken=7cec85d7bea7798e]]'.
2025-04-04 11:01:52.638 +05:30 [INF] Executed page /Account/Login in 669.7834ms
2025-04-04 11:01:52.641 +05:30 [INF] Executed endpoint '/Account/Login'
2025-04-04 11:01:52.643 +05:30 [INF] HTTP POST /Account/Login responded 200 in 684.4403 ms
2025-04-04 11:01:52.649 +05:30 [INF] Request finished HTTP/2 POST https://localhost:7134/Account/Login?handler=Login - 200 null application/json; charset=utf-8 703.8868ms
2025-04-04 11:01:52.658 +05:30 [INF] Request starting HTTP/2 GET https://localhost:7134/Dashboard/Index - null null
2025-04-04 11:01:52.669 +05:30 [INF] Executing endpoint '/Dashboard/Index'
2025-04-04 11:01:52.684 +05:30 [INF] Route matched with {page = "/Dashboard/Index"}. Executing page /Dashboard/Index
2025-04-04 11:01:52.691 +05:30 [INF] Executing handler method EmployeeApp.Pages.Dashboard.IndexModel.OnGetAsync - ModelState is "Valid"
2025-04-04 11:01:52.839 +05:30 [INF] Executed DbCommand (10ms) [Parameters=[], CommandType='"Text"', CommandTimeout='30']
SELECT COUNT(*)
FROM [Employees] AS [e]
2025-04-04 11:01:52.876 +05:30 [INF] Executed DbCommand (6ms) [Parameters=[@__p_0='?' (DbType = Int32), @__p_1='?' (DbType = Int32)], CommandType='"Text"', CommandTimeout='30']
SELECT [e].[Id], [e].[Department], [e].[Email], [e].[Name], [e].[PhoneNumber], [e].[Salary]
FROM [Employees] AS [e]
ORDER BY [e].[Id]
OFFSET @__p_0 ROWS FETCH NEXT @__p_1 ROWS ONLY
2025-04-04 11:01:52.931 +05:30 [INF] Executed handler method OnGetAsync, returned result Microsoft.AspNetCore.Mvc.RazorPages.PageResult.
2025-04-04 11:01:52.953 +05:30 [INF] Executed DbCommand (7ms) [Parameters=[@__p_0='?' (Size = 450)], CommandType='"Text"', CommandTimeout='30']
SELECT TOP(1) [a].[Id], [a].[AccessFailedCount], [a].[ConcurrencyStamp], [a].[Email], [a].[EmailConfirmed], [a].[FullName], [a].[LockoutEnabled], [a].[LockoutEnd], [a].[NormalizedEmail], [a].[NormalizedUserName], [a].[PasswordHash], [a].[PhoneNumber], [a].[PhoneNumberConfirmed], [a].[SecurityStamp], [a].[TwoFactorEnabled], [a].[UserName]
FROM [AspNetUsers] AS [a]
WHERE [a].[Id] = @__p_0
2025-04-04 11:01:52.962 +05:30 [INF] Executed DbCommand (1ms) [Parameters=[@__userId_0='?' (Size = 450)], CommandType='"Text"', CommandTimeout='30']
SELECT [a0].[Name]
FROM [AspNetUserRoles] AS [a]
INNER JOIN [AspNetRoles] AS [a0] ON [a].[RoleId] = [a0].[Id]
WHERE [a].[UserId] = @__userId_0
2025-04-04 11:01:52.971 +05:30 [INF] Executed page /Dashboard/Index in 282.5362ms
2025-04-04 11:01:52.974 +05:30 [INF] Executed endpoint '/Dashboard/Index'
2025-04-04 11:01:52.975 +05:30 [INF] HTTP GET /Dashboard/Index responded 200 in 311.1871 ms
2025-04-04 11:01:52.980 +05:30 [INF] Request finished HTTP/2 GET https://localhost:7134/Dashboard/Index - 200 null text/html; charset=utf-8 321.7069ms
2025-04-04 11:01:53.001 +05:30 [INF] Request starting HTTP/2 GET https://localhost:7134/_vs/browserLink - null null
2025-04-04 11:01:53.003 +05:30 [INF] Request starting HTTP/2 GET https://localhost:7134/_framework/aspnetcore-browser-refresh.js - null null
2025-04-04 11:01:53.014 +05:30 [INF] Request finished HTTP/2 GET https://localhost:7134/_framework/aspnetcore-browser-refresh.js - 200 13758 application/javascript; charset=utf-8 10.9804ms
2025-04-04 11:01:53.015 +05:30 [INF] Request finished HTTP/2 GET https://localhost:7134/_vs/browserLink - 200 null text/javascript; charset=UTF-8 14.0964ms
2025-04-04 11:01:59.676 +05:30 [INF] Request starting HTTP/2 GET https://localhost:7134/EmployeeManagement/Index - null null
2025-04-04 11:01:59.700 +05:30 [INF] Executing endpoint '/EmployeeManagement/Index'
2025-04-04 11:01:59.714 +05:30 [INF] Route matched with {page = "/EmployeeManagement/Index"}. Executing page /EmployeeManagement/Index
2025-04-04 11:01:59.720 +05:30 [INF] Executing handler method EmployeeApp.Pages.EmployeeManagement.IndexModel.OnGetAsync - ModelState is "Valid"
2025-04-04 11:01:59.756 +05:30 [INF] Executed DbCommand (19ms) [Parameters=[], CommandType='"Text"', CommandTimeout='30']
SELECT COUNT(*)
FROM [Employees] AS [e]
2025-04-04 11:01:59.770 +05:30 [INF] Executed DbCommand (3ms) [Parameters=[@__p_0='?' (DbType = Int32), @__p_1='?' (DbType = Int32)], CommandType='"Text"', CommandTimeout='30']
SELECT [e].[Id], [e].[Department], [e].[Email], [e].[Name], [e].[PhoneNumber], [e].[Salary]
FROM [Employees] AS [e]
ORDER BY [e].[Id]
OFFSET @__p_0 ROWS FETCH NEXT @__p_1 ROWS ONLY
2025-04-04 11:01:59.780 +05:30 [INF] Executed handler method OnGetAsync, returned result .
2025-04-04 11:01:59.785 +05:30 [INF] Executing an implicit handler method - ModelState is "Valid"
2025-04-04 11:01:59.788 +05:30 [INF] Executed an implicit handler method, returned result Microsoft.AspNetCore.Mvc.RazorPages.PageResult.
2025-04-04 11:01:59.830 +05:30 [INF] Executed DbCommand (14ms) [Parameters=[@__p_0='?' (Size = 450)], CommandType='"Text"', CommandTimeout='30']
SELECT TOP(1) [a].[Id], [a].[AccessFailedCount], [a].[ConcurrencyStamp], [a].[Email], [a].[EmailConfirmed], [a].[FullName], [a].[LockoutEnabled], [a].[LockoutEnd], [a].[NormalizedEmail], [a].[NormalizedUserName], [a].[PasswordHash], [a].[PhoneNumber], [a].[PhoneNumberConfirmed], [a].[SecurityStamp], [a].[TwoFactorEnabled], [a].[UserName]
FROM [AspNetUsers] AS [a]
WHERE [a].[Id] = @__p_0
2025-04-04 11:01:59.840 +05:30 [INF] Executed DbCommand (4ms) [Parameters=[@__userId_0='?' (Size = 450)], CommandType='"Text"', CommandTimeout='30']
SELECT [a0].[Name]
FROM [AspNetUserRoles] AS [a]
INNER JOIN [AspNetRoles] AS [a0] ON [a].[RoleId] = [a0].[Id]
WHERE [a].[UserId] = @__userId_0
2025-04-04 11:01:59.849 +05:30 [INF] Executed page /EmployeeManagement/Index in 130.8444ms
2025-04-04 11:01:59.852 +05:30 [INF] Executed endpoint '/EmployeeManagement/Index'
2025-04-04 11:01:59.854 +05:30 [INF] HTTP GET /EmployeeManagement/Index responded 200 in 165.4892 ms
2025-04-04 11:01:59.861 +05:30 [INF] Request finished HTTP/2 GET https://localhost:7134/EmployeeManagement/Index - 200 null text/html; charset=utf-8 184.5561ms
2025-04-04 11:01:59.875 +05:30 [INF] Request starting HTTP/2 GET https://localhost:7134/_vs/browserLink - null null
2025-04-04 11:01:59.875 +05:30 [INF] Request starting HTTP/2 GET https://localhost:7134/_framework/aspnetcore-browser-refresh.js - null null
2025-04-04 11:01:59.884 +05:30 [INF] Request finished HTTP/2 GET https://localhost:7134/_framework/aspnetcore-browser-refresh.js - 200 13758 application/javascript; charset=utf-8 8.8918ms
2025-04-04 11:01:59.886 +05:30 [INF] Request finished HTTP/2 GET https://localhost:7134/_vs/browserLink - 200 null text/javascript; charset=UTF-8 10.4471ms
2025-04-04 11:02:06.409 +05:30 [INF] Request starting HTTP/2 GET https://localhost:7134/Dashboard/Index - null null
2025-04-04 11:02:06.419 +05:30 [INF] Executing endpoint '/Dashboard/Index'
2025-04-04 11:02:06.422 +05:30 [INF] Route matched with {page = "/Dashboard/Index"}. Executing page /Dashboard/Index
2025-04-04 11:02:06.424 +05:30 [INF] Executing handler method EmployeeApp.Pages.Dashboard.IndexModel.OnGetAsync - ModelState is "Valid"
2025-04-04 11:02:06.448 +05:30 [INF] Executed DbCommand (19ms) [Parameters=[], CommandType='"Text"', CommandTimeout='30']
SELECT COUNT(*)
FROM [Employees] AS [e]
2025-04-04 11:02:06.456 +05:30 [INF] Executed DbCommand (2ms) [Parameters=[@__p_0='?' (DbType = Int32), @__p_1='?' (DbType = Int32)], CommandType='"Text"', CommandTimeout='30']
SELECT [e].[Id], [e].[Department], [e].[Email], [e].[Name], [e].[PhoneNumber], [e].[Salary]
FROM [Employees] AS [e]
ORDER BY [e].[Id]
OFFSET @__p_0 ROWS FETCH NEXT @__p_1 ROWS ONLY
2025-04-04 11:02:06.466 +05:30 [INF] Executed handler method OnGetAsync, returned result Microsoft.AspNetCore.Mvc.RazorPages.PageResult.
2025-04-04 11:02:06.485 +05:30 [INF] Executed DbCommand (11ms) [Parameters=[@__p_0='?' (Size = 450)], CommandType='"Text"', CommandTimeout='30']
SELECT TOP(1) [a].[Id], [a].[AccessFailedCount], [a].[ConcurrencyStamp], [a].[Email], [a].[EmailConfirmed], [a].[FullName], [a].[LockoutEnabled], [a].[LockoutEnd], [a].[NormalizedEmail], [a].[NormalizedUserName], [a].[PasswordHash], [a].[PhoneNumber], [a].[PhoneNumberConfirmed], [a].[SecurityStamp], [a].[TwoFactorEnabled], [a].[UserName]
FROM [AspNetUsers] AS [a]
WHERE [a].[Id] = @__p_0
2025-04-04 11:02:06.496 +05:30 [INF] Executed DbCommand (4ms) [Parameters=[@__userId_0='?' (Size = 450)], CommandType='"Text"', CommandTimeout='30']
SELECT [a0].[Name]
FROM [AspNetUserRoles] AS [a]
INNER JOIN [AspNetRoles] AS [a0] ON [a].[RoleId] = [a0].[Id]
WHERE [a].[UserId] = @__userId_0
2025-04-04 11:02:06.505 +05:30 [INF] Executed page /Dashboard/Index in 81.3798ms
2025-04-04 11:02:06.510 +05:30 [INF] Executed endpoint '/Dashboard/Index'
2025-04-04 11:02:06.512 +05:30 [INF] HTTP GET /Dashboard/Index responded 200 in 93.9261 ms
2025-04-04 11:02:06.516 +05:30 [INF] Request finished HTTP/2 GET https://localhost:7134/Dashboard/Index - 200 null text/html; charset=utf-8 106.536ms
2025-04-04 11:02:06.526 +05:30 [INF] Request starting HTTP/2 GET https://localhost:7134/_vs/browserLink - null null
2025-04-04 11:02:06.535 +05:30 [INF] Request starting HTTP/2 GET https://localhost:7134/_framework/aspnetcore-browser-refresh.js - null null
2025-04-04 11:02:06.538 +05:30 [INF] Request finished HTTP/2 GET https://localhost:7134/_vs/browserLink - 200 null text/javascript; charset=UTF-8 12.5785ms
2025-04-04 11:02:06.542 +05:30 [INF] Request finished HTTP/2 GET https://localhost:7134/_framework/aspnetcore-browser-refresh.js - 200 13758 application/javascript; charset=utf-8 7.205ms
2025-04-04 11:02:47.041 +05:30 [INF] Request starting HTTP/2 POST https://localhost:7134/Account/Logout - application/x-www-form-urlencoded 225
2025-04-04 11:02:47.059 +05:30 [INF] Executing endpoint '/Account/Logout'
2025-04-04 11:02:47.063 +05:30 [INF] Route matched with {page = "/Account/Logout"}. Executing page /Account/Logout
2025-04-04 11:02:47.069 +05:30 [INF] Executing handler method EmployeeApp.Pages.Account.LogoutModel.OnPost - ModelState is "Valid"
2025-04-04 11:02:47.074 +05:30 [INF] AuthenticationScheme: Identity.Application signed out.
2025-04-04 11:02:47.077 +05:30 [INF] AuthenticationScheme: Identity.External signed out.
2025-04-04 11:02:47.080 +05:30 [INF] AuthenticationScheme: Identity.TwoFactorUserId signed out.
2025-04-04 11:02:47.083 +05:30 [INF] Executed handler method OnPost, returned result Microsoft.AspNetCore.Mvc.RedirectToPageResult.
2025-04-04 11:02:47.088 +05:30 [INF] Executing RedirectToPageResult, redirecting to /Account/Login.
2025-04-04 11:02:47.091 +05:30 [INF] Executed page /Account/Logout in 22.9135ms
2025-04-04 11:02:47.096 +05:30 [INF] Executed endpoint '/Account/Logout'
2025-04-04 11:02:47.099 +05:30 [INF] HTTP POST /Account/Logout responded 302 in 41.8655 ms
2025-04-04 11:02:47.108 +05:30 [INF] Request finished HTTP/2 POST https://localhost:7134/Account/Logout - 302 0 null 66.9058ms
2025-04-04 11:02:47.115 +05:30 [INF] Request starting HTTP/2 GET https://localhost:7134/Account/Login - null null
2025-04-04 11:02:47.128 +05:30 [INF] Executing endpoint '/Account/Login'
2025-04-04 11:02:47.131 +05:30 [INF] Route matched with {page = "/Account/Login"}. Executing page /Account/Login
2025-04-04 11:02:47.137 +05:30 [INF] Executing an implicit handler method - ModelState is "Valid"
2025-04-04 11:02:47.140 +05:30 [INF] Executed an implicit handler method, returned result Microsoft.AspNetCore.Mvc.RazorPages.PageResult.
2025-04-04 11:02:47.149 +05:30 [INF] Executed page /Account/Login in 12.8253ms
2025-04-04 11:02:47.154 +05:30 [INF] Executed endpoint '/Account/Login'
2025-04-04 11:02:47.157 +05:30 [INF] HTTP GET /Account/Login responded 200 in 29.1796 ms
2025-04-04 11:02:47.162 +05:30 [INF] Request finished HTTP/2 GET https://localhost:7134/Account/Login - 200 null text/html; charset=utf-8 47.5124ms
2025-04-04 11:02:47.178 +05:30 [INF] Request starting HTTP/2 GET https://localhost:7134/_framework/aspnetcore-browser-refresh.js - null null
2025-04-04 11:02:47.178 +05:30 [INF] Request starting HTTP/2 GET https://localhost:7134/_vs/browserLink - null null
2025-04-04 11:02:47.182 +05:30 [INF] Request finished HTTP/2 GET https://localhost:7134/_framework/aspnetcore-browser-refresh.js - 200 13758 application/javascript; charset=utf-8 4.1795ms
2025-04-04 11:02:47.195 +05:30 [INF] Request finished HTTP/2 GET https://localhost:7134/_vs/browserLink - 200 null text/javascript; charset=UTF-8 17.5566ms
2025-04-04 11:02:52.629 +05:30 [INF] Request starting HTTP/2 POST https://localhost:7134/Account/Login?handler=Login - application/x-www-form-urlencoded; charset=UTF-8 225
2025-04-04 11:02:52.635 +05:30 [INF] Executing endpoint '/Account/Login'
2025-04-04 11:02:52.636 +05:30 [INF] Route matched with {page = "/Account/Login"}. Executing page /Account/Login
2025-04-04 11:02:52.641 +05:30 [INF] Executing handler method EmployeeApp.Pages.Account.LoginModel.OnPostLoginAsync - ModelState is "Valid"
2025-04-04 11:02:52.654 +05:30 [INF] Executed DbCommand (7ms) [Parameters=[@__normalizedEmail_0='?' (Size = 256)], CommandType='"Text"', CommandTimeout='30']
SELECT TOP(2) [a].[Id], [a].[AccessFailedCount], [a].[ConcurrencyStamp], [a].[Email], [a].[EmailConfirmed], [a].[FullName], [a].[LockoutEnabled], [a].[LockoutEnd], [a].[NormalizedEmail], [a].[NormalizedUserName], [a].[PasswordHash], [a].[PhoneNumber], [a].[PhoneNumberConfirmed], [a].[SecurityStamp], [a].[TwoFactorEnabled], [a].[UserName]
FROM [AspNetUsers] AS [a]
WHERE [a].[NormalizedEmail] = @__normalizedEmail_0
2025-04-04 11:02:52.673 +05:30 [INF] Executed DbCommand (7ms) [Parameters=[@__normalizedUserName_0='?' (Size = 256)], CommandType='"Text"', CommandTimeout='30']
SELECT TOP(1) [a].[Id], [a].[AccessFailedCount], [a].[ConcurrencyStamp], [a].[Email], [a].[EmailConfirmed], [a].[FullName], [a].[LockoutEnabled], [a].[LockoutEnd], [a].[NormalizedEmail], [a].[NormalizedUserName], [a].[PasswordHash], [a].[PhoneNumber], [a].[PhoneNumberConfirmed], [a].[SecurityStamp], [a].[TwoFactorEnabled], [a].[UserName]
FROM [AspNetUsers] AS [a]
WHERE [a].[NormalizedUserName] = @__normalizedUserName_0
2025-04-04 11:02:53.002 +05:30 [INF] Executed DbCommand (5ms) [Parameters=[@__user_Id_0='?' (Size = 450)], CommandType='"Text"', CommandTimeout='30']
SELECT [a].[Id], [a].[ClaimType], [a].[ClaimValue], [a].[UserId]
FROM [AspNetUserClaims] AS [a]
WHERE [a].[UserId] = @__user_Id_0
2025-04-04 11:02:53.011 +05:30 [INF] Executed DbCommand (1ms) [Parameters=[@__userId_0='?' (Size = 450)], CommandType='"Text"', CommandTimeout='30']
SELECT [a0].[Name]
FROM [AspNetUserRoles] AS [a]
INNER JOIN [AspNetRoles] AS [a0] ON [a].[RoleId] = [a0].[Id]
WHERE [a].[UserId] = @__userId_0
2025-04-04 11:02:53.021 +05:30 [INF] Executed DbCommand (2ms) [Parameters=[@__normalizedName_0='?' (Size = 256)], CommandType='"Text"', CommandTimeout='30']
SELECT TOP(1) [a].[Id], [a].[ConcurrencyStamp], [a].[Name], [a].[NormalizedName]
FROM [AspNetRoles] AS [a]
WHERE [a].[NormalizedName] = @__normalizedName_0
2025-04-04 11:02:53.035 +05:30 [INF] Executed DbCommand (5ms) [Parameters=[@__role_Id_0='?' (Size = 450)], CommandType='"Text"', CommandTimeout='30']
SELECT [a].[ClaimType], [a].[ClaimValue]
FROM [AspNetRoleClaims] AS [a]
WHERE [a].[RoleId] = @__role_Id_0
2025-04-04 11:02:53.042 +05:30 [INF] AuthenticationScheme: Identity.Application signed in.
2025-04-04 11:02:53.046 +05:30 [INF] Executed handler method OnPostLoginAsync, returned result Microsoft.AspNetCore.Mvc.JsonResult.
2025-04-04 11:02:53.049 +05:30 [INF] Executing JsonResult, writing value of type '<>f__AnonymousType11`1[[System.Boolean, System.Private.CoreLib, Version=8.0.0.0, Culture=neutral, PublicKeyToken=7cec85d7bea7798e]]'.
2025-04-04 11:02:53.053 +05:30 [INF] Executed page /Account/Login in 414.5423ms
2025-04-04 11:02:53.056 +05:30 [INF] Executed endpoint '/Account/Login'
2025-04-04 11:02:53.059 +05:30 [INF] HTTP POST /Account/Login responded 200 in 425.0628 ms
2025-04-04 11:02:53.065 +05:30 [INF] Request finished HTTP/2 POST https://localhost:7134/Account/Login?handler=Login - 200 null application/json; charset=utf-8 435.1776ms
2025-04-04 11:02:53.080 +05:30 [INF] Request starting HTTP/2 GET https://localhost:7134/Dashboard/Index - null null
2025-04-04 11:02:53.090 +05:30 [INF] Executing endpoint '/Dashboard/Index'
2025-04-04 11:02:53.093 +05:30 [INF] Route matched with {page = "/Dashboard/Index"}. Executing page /Dashboard/Index
2025-04-04 11:02:53.097 +05:30 [INF] Executing handler method EmployeeApp.Pages.Dashboard.IndexModel.OnGetAsync - ModelState is "Valid"
2025-04-04 11:02:53.104 +05:30 [INF] Executed DbCommand (2ms) [Parameters=[], CommandType='"Text"', CommandTimeout='30']
SELECT COUNT(*)
FROM [Employees] AS [e]
2025-04-04 11:02:53.113 +05:30 [INF] Executed DbCommand (2ms) [Parameters=[@__p_0='?' (DbType = Int32), @__p_1='?' (DbType = Int32)], CommandType='"Text"', CommandTimeout='30']
SELECT [e].[Id], [e].[Department], [e].[Email], [e].[Name], [e].[PhoneNumber], [e].[Salary]
FROM [Employees] AS [e]
ORDER BY [e].[Id]
OFFSET @__p_0 ROWS FETCH NEXT @__p_1 ROWS ONLY
2025-04-04 11:02:53.120 +05:30 [INF] Executed handler method OnGetAsync, returned result Microsoft.AspNetCore.Mvc.RazorPages.PageResult.
2025-04-04 11:02:53.129 +05:30 [INF] Executed DbCommand (1ms) [Parameters=[@__p_0='?' (Size = 450)], CommandType='"Text"', CommandTimeout='30']
SELECT TOP(1) [a].[Id], [a].[AccessFailedCount], [a].[ConcurrencyStamp], [a].[Email], [a].[EmailConfirmed], [a].[FullName], [a].[LockoutEnabled], [a].[LockoutEnd], [a].[NormalizedEmail], [a].[NormalizedUserName], [a].[PasswordHash], [a].[PhoneNumber], [a].[PhoneNumberConfirmed], [a].[SecurityStamp], [a].[TwoFactorEnabled], [a].[UserName]
FROM [AspNetUsers] AS [a]
WHERE [a].[Id] = @__p_0
2025-04-04 11:02:53.138 +05:30 [INF] Executed DbCommand (2ms) [Parameters=[@__userId_0='?' (Size = 450)], CommandType='"Text"', CommandTimeout='30']
SELECT [a0].[Name]
FROM [AspNetUserRoles] AS [a]
INNER JOIN [AspNetRoles] AS [a0] ON [a].[RoleId] = [a0].[Id]
WHERE [a].[UserId] = @__userId_0
2025-04-04 11:02:53.146 +05:30 [INF] Executed page /Dashboard/Index in 49.6475ms
2025-04-04 11:02:53.150 +05:30 [INF] Executed endpoint '/Dashboard/Index'
2025-04-04 11:02:53.154 +05:30 [INF] HTTP GET /Dashboard/Index responded 200 in 64.7507 ms
2025-04-04 11:02:53.159 +05:30 [INF] Request finished HTTP/2 GET https://localhost:7134/Dashboard/Index - 200 null text/html; charset=utf-8 78.6249ms
2025-04-04 11:02:53.198 +05:30 [INF] Request starting HTTP/2 GET https://localhost:7134/_vs/browserLink - null null
2025-04-04 11:02:53.199 +05:30 [INF] Request starting HTTP/2 GET https://localhost:7134/_framework/aspnetcore-browser-refresh.js - null null
2025-04-04 11:02:53.208 +05:30 [INF] Request finished HTTP/2 GET https://localhost:7134/_framework/aspnetcore-browser-refresh.js - 200 13758 application/javascript; charset=utf-8 8.9193ms
2025-04-04 11:02:53.209 +05:30 [INF] Request finished HTTP/2 GET https://localhost:7134/_vs/browserLink - 200 null text/javascript; charset=UTF-8 11.0973ms
2025-04-04 11:39:49.000 +05:30 [INF] Request starting HTTP/2 POST https://localhost:7134/Account/Logout - application/x-www-form-urlencoded 225
2025-04-04 11:39:49.046 +05:30 [INF] Executed DbCommand (13ms) [Parameters=[@__p_0='?' (Size = 450)], CommandType='"Text"', CommandTimeout='30']
SELECT TOP(1) [a].[Id], [a].[AccessFailedCount], [a].[ConcurrencyStamp], [a].[Email], [a].[EmailConfirmed], [a].[FullName], [a].[LockoutEnabled], [a].[LockoutEnd], [a].[NormalizedEmail], [a].[NormalizedUserName], [a].[PasswordHash], [a].[PhoneNumber], [a].[PhoneNumberConfirmed], [a].[SecurityStamp], [a].[TwoFactorEnabled], [a].[UserName]
FROM [AspNetUsers] AS [a]
WHERE [a].[Id] = @__p_0
2025-04-04 11:39:49.061 +05:30 [INF] Executed DbCommand (6ms) [Parameters=[@__user_Id_0='?' (Size = 450)], CommandType='"Text"', CommandTimeout='30']
SELECT [a].[Id], [a].[ClaimType], [a].[ClaimValue], [a].[UserId]
FROM [AspNetUserClaims] AS [a]
WHERE [a].[UserId] = @__user_Id_0
2025-04-04 11:39:49.074 +05:30 [INF] Executed DbCommand (5ms) [Parameters=[@__userId_0='?' (Size = 450)], CommandType='"Text"', CommandTimeout='30']
SELECT [a0].[Name]
FROM [AspNetUserRoles] AS [a]
INNER JOIN [AspNetRoles] AS [a0] ON [a].[RoleId] = [a0].[Id]
WHERE [a].[UserId] = @__userId_0
2025-04-04 11:39:49.082 +05:30 [INF] Executed DbCommand (2ms) [Parameters=[@__normalizedName_0='?' (Size = 256)], CommandType='"Text"', CommandTimeout='30']
SELECT TOP(1) [a].[Id], [a].[ConcurrencyStamp], [a].[Name], [a].[NormalizedName]
FROM [AspNetRoles] AS [a]
WHERE [a].[NormalizedName] = @__normalizedName_0
2025-04-04 11:39:49.093 +05:30 [INF] Executed DbCommand (5ms) [Parameters=[@__role_Id_0='?' (Size = 450)], CommandType='"Text"', CommandTimeout='30']
SELECT [a].[ClaimType], [a].[ClaimValue]
FROM [AspNetRoleClaims] AS [a]
WHERE [a].[RoleId] = @__role_Id_0
2025-04-04 11:39:49.101 +05:30 [INF] Executing endpoint '/Account/Logout'
2025-04-04 11:39:49.105 +05:30 [INF] Route matched with {page = "/Account/Logout"}. Executing page /Account/Logout
2025-04-04 11:39:49.110 +05:30 [INF] Executing handler method EmployeeApp.Pages.Account.LogoutModel.OnPost - ModelState is "Valid"
2025-04-04 11:39:49.114 +05:30 [INF] AuthenticationScheme: Identity.Application signed out.
2025-04-04 11:39:49.116 +05:30 [INF] AuthenticationScheme: Identity.External signed out.
2025-04-04 11:39:49.119 +05:30 [INF] AuthenticationScheme: Identity.TwoFactorUserId signed out.
2025-04-04 11:39:49.121 +05:30 [INF] Executed handler method OnPost, returned result Microsoft.AspNetCore.Mvc.RedirectToPageResult.
2025-04-04 11:39:49.124 +05:30 [INF] Executing RedirectToPageResult, redirecting to /Account/Login.
2025-04-04 11:39:49.126 +05:30 [INF] Executed page /Account/Logout in 16.496ms
2025-04-04 11:39:49.128 +05:30 [INF] Executed endpoint '/Account/Logout'
2025-04-04 11:39:49.130 +05:30 [INF] HTTP POST /Account/Logout responded 302 in 118.2423 ms
2025-04-04 11:39:49.134 +05:30 [INF] Request finished HTTP/2 POST https://localhost:7134/Account/Logout - 302 0 null 134.3613ms
2025-04-04 11:39:49.138 +05:30 [INF] Request starting HTTP/2 GET https://localhost:7134/Account/Login - null null
2025-04-04 11:39:49.148 +05:30 [INF] Executing endpoint '/Account/Login'
2025-04-04 11:39:49.152 +05:30 [INF] Route matched with {page = "/Account/Login"}. Executing page /Account/Login
2025-04-04 11:39:49.156 +05:30 [INF] Executing an implicit handler method - ModelState is "Valid"
2025-04-04 11:39:49.159 +05:30 [INF] Executed an implicit handler method, returned result Microsoft.AspNetCore.Mvc.RazorPages.PageResult.
2025-04-04 11:39:49.166 +05:30 [INF] Executed page /Account/Login in 10.0846ms
2025-04-04 11:39:49.171 +05:30 [INF] Executed endpoint '/Account/Login'
2025-04-04 11:39:49.175 +05:30 [INF] HTTP GET /Account/Login responded 200 in 27.2359 ms
2025-04-04 11:39:49.184 +05:30 [INF] Request finished HTTP/2 GET https://localhost:7134/Account/Login - 200 null text/html; charset=utf-8 45.5224ms
2025-04-04 11:39:49.209 +05:30 [INF] Request starting HTTP/2 GET https://localhost:7134/_framework/aspnetcore-browser-refresh.js - null null
2025-04-04 11:39:49.210 +05:30 [INF] Request starting HTTP/2 GET https://localhost:7134/_vs/browserLink - null null
2025-04-04 11:39:49.218 +05:30 [INF] Request finished HTTP/2 GET https://localhost:7134/_framework/aspnetcore-browser-refresh.js - 200 13758 application/javascript; charset=utf-8 9.1425ms
2025-04-04 11:39:49.230 +05:30 [INF] Request finished HTTP/2 GET https://localhost:7134/_vs/browserLink - 200 null text/javascript; charset=UTF-8 20.032ms
2025-04-04 11:39:55.457 +05:30 [INF] Request starting HTTP/2 POST https://localhost:7134/Account/Login?handler=Login - application/x-www-form-urlencoded; charset=UTF-8 225
2025-04-04 11:39:55.465 +05:30 [INF] Executing endpoint '/Account/Login'
2025-04-04 11:39:55.467 +05:30 [INF] Route matched with {page = "/Account/Login"}. Executing page /Account/Login
2025-04-04 11:39:55.474 +05:30 [INF] Executing handler method EmployeeApp.Pages.Account.LoginModel.OnPostLoginAsync - ModelState is "Valid"
2025-04-04 11:39:55.486 +05:30 [INF] Executed DbCommand (5ms) [Parameters=[@__normalizedEmail_0='?' (Size = 256)], CommandType='"Text"', CommandTimeout='30']
SELECT TOP(2) [a].[Id], [a].[AccessFailedCount], [a].[ConcurrencyStamp], [a].[Email], [a].[EmailConfirmed], [a].[FullName], [a].[LockoutEnabled], [a].[LockoutEnd], [a].[NormalizedEmail], [a].[NormalizedUserName], [a].[PasswordHash], [a].[PhoneNumber], [a].[PhoneNumberConfirmed], [a].[SecurityStamp], [a].[TwoFactorEnabled], [a].[UserName]
FROM [AspNetUsers] AS [a]
WHERE [a].[NormalizedEmail] = @__normalizedEmail_0
2025-04-04 11:39:55.499 +05:30 [INF] Executed DbCommand (5ms) [Parameters=[@__normalizedUserName_0='?' (Size = 256)], CommandType='"Text"', CommandTimeout='30']
SELECT TOP(1) [a].[Id], [a].[AccessFailedCount], [a].[ConcurrencyStamp], [a].[Email], [a].[EmailConfirmed], [a].[FullName], [a].[LockoutEnabled], [a].[LockoutEnd], [a].[NormalizedEmail], [a].[NormalizedUserName], [a].[PasswordHash], [a].[PhoneNumber], [a].[PhoneNumberConfirmed], [a].[SecurityStamp], [a].[TwoFactorEnabled], [a].[UserName]
FROM [AspNetUsers] AS [a]
WHERE [a].[NormalizedUserName] = @__normalizedUserName_0
2025-04-04 11:39:55.755 +05:30 [INF] Executed DbCommand (1ms) [Parameters=[@__user_Id_0='?' (Size = 450)], CommandType='"Text"', CommandTimeout='30']
SELECT [a].[Id], [a].[ClaimType], [a].[ClaimValue], [a].[UserId]
FROM [AspNetUserClaims] AS [a]
WHERE [a].[UserId] = @__user_Id_0
2025-04-04 11:39:55.763 +05:30 [INF] Executed DbCommand (1ms) [Parameters=[@__userId_0='?' (Size = 450)], CommandType='"Text"', CommandTimeout='30']
SELECT [a0].[Name]
FROM [AspNetUserRoles] AS [a]
INNER JOIN [AspNetRoles] AS [a0] ON [a].[RoleId] = [a0].[Id]
WHERE [a].[UserId] = @__userId_0
2025-04-04 11:39:55.772 +05:30 [INF] Executed DbCommand (1ms) [Parameters=[@__normalizedName_0='?' (Size = 256)], CommandType='"Text"', CommandTimeout='30']
SELECT TOP(1) [a].[Id], [a].[ConcurrencyStamp], [a].[Name], [a].[NormalizedName]
FROM [AspNetRoles] AS [a]
WHERE [a].[NormalizedName] = @__normalizedName_0
2025-04-04 11:39:55.782 +05:30 [INF] Executed DbCommand (1ms) [Parameters=[@__role_Id_0='?' (Size = 450)], CommandType='"Text"', CommandTimeout='30']
SELECT [a].[ClaimType], [a].[ClaimValue]
FROM [AspNetRoleClaims] AS [a]
WHERE [a].[RoleId] = @__role_Id_0
2025-04-04 11:39:55.790 +05:30 [INF] AuthenticationScheme: Identity.Application signed in.
2025-04-04 11:39:55.793 +05:30 [INF] Executed handler method OnPostLoginAsync, returned result Microsoft.AspNetCore.Mvc.JsonResult.
2025-04-04 11:39:55.797 +05:30 [INF] Executing JsonResult, writing value of type '<>f__AnonymousType11`1[[System.Boolean, System.Private.CoreLib, Version=8.0.0.0, Culture=neutral, PublicKeyToken=7cec85d7bea7798e]]'.
2025-04-04 11:39:55.801 +05:30 [INF] Executed page /Account/Login in 329.8253ms
2025-04-04 11:39:55.804 +05:30 [INF] Executed endpoint '/Account/Login'
2025-04-04 11:39:55.806 +05:30 [INF] HTTP POST /Account/Login responded 200 in 341.9885 ms
2025-04-04 11:39:55.811 +05:30 [INF] Request finished HTTP/2 POST https://localhost:7134/Account/Login?handler=Login - 200 null application/json; charset=utf-8 353.8368ms
2025-04-04 11:39:55.818 +05:30 [INF] Request starting HTTP/2 GET https://localhost:7134/Dashboard/Index - null null
2025-04-04 11:39:55.824 +05:30 [INF] Executing endpoint '/Dashboard/Index'
2025-04-04 11:39:55.826 +05:30 [INF] Route matched with {page = "/Dashboard/Index"}. Executing page /Dashboard/Index
2025-04-04 11:39:55.828 +05:30 [INF] Executing handler method EmployeeApp.Pages.Dashboard.IndexModel.OnGetAsync - ModelState is "Valid"
2025-04-04 11:39:55.835 +05:30 [INF] Executed DbCommand (4ms) [Parameters=[], CommandType='"Text"', CommandTimeout='30']
SELECT COUNT(*)
FROM [Employees] AS [e]
2025-04-04 11:39:55.842 +05:30 [INF] Executed DbCommand (1ms) [Parameters=[@__p_0='?' (DbType = Int32), @__p_1='?' (DbType = Int32)], CommandType='"Text"', CommandTimeout='30']
SELECT [e].[Id], [e].[Department], [e].[Email], [e].[Name], [e].[PhoneNumber], [e].[Salary]
FROM [Employees] AS [e]
ORDER BY [e].[Id]
OFFSET @__p_0 ROWS FETCH NEXT @__p_1 ROWS ONLY
2025-04-04 11:39:55.847 +05:30 [INF] Executed handler method OnGetAsync, returned result Microsoft.AspNetCore.Mvc.RazorPages.PageResult.
2025-04-04 11:39:55.854 +05:30 [INF] Executed DbCommand (1ms) [Parameters=[@__p_0='?' (Size = 450)], CommandType='"Text"', CommandTimeout='30']
SELECT TOP(1) [a].[Id], [a].[AccessFailedCount], [a].[ConcurrencyStamp], [a].[Email], [a].[EmailConfirmed], [a].[FullName], [a].[LockoutEnabled], [a].[LockoutEnd], [a].[NormalizedEmail], [a].[NormalizedUserName], [a].[PasswordHash], [a].[PhoneNumber], [a].[PhoneNumberConfirmed], [a].[SecurityStamp], [a].[TwoFactorEnabled], [a].[UserName]
FROM [AspNetUsers] AS [a]
WHERE [a].[Id] = @__p_0
2025-04-04 11:39:55.860 +05:30 [INF] Executed DbCommand (1ms) [Parameters=[@__userId_0='?' (Size = 450)], CommandType='"Text"', CommandTimeout='30']
SELECT [a0].[Name]
FROM [AspNetUserRoles] AS [a]
INNER JOIN [AspNetRoles] AS [a0] ON [a].[RoleId] = [a0].[Id]
WHERE [a].[UserId] = @__userId_0
2025-04-04 11:39:55.868 +05:30 [INF] Executed page /Dashboard/Index in 40.3285ms
2025-04-04 11:39:55.871 +05:30 [INF] Executed endpoint '/Dashboard/Index'
2025-04-04 11:39:55.874 +05:30 [INF] HTTP GET /Dashboard/Index responded 200 in 50.7717 ms
2025-04-04 11:39:55.877 +05:30 [INF] Request finished HTTP/2 GET https://localhost:7134/Dashboard/Index - 200 null text/html; charset=utf-8 59.0697ms
2025-04-04 11:39:55.887 +05:30 [INF] Request starting HTTP/2 GET https://localhost:7134/_vs/browserLink - null null
2025-04-04 11:39:55.887 +05:30 [INF] Request starting HTTP/2 GET https://localhost:7134/_framework/aspnetcore-browser-refresh.js - null null
2025-04-04 11:39:55.895 +05:30 [INF] Request finished HTTP/2 GET https://localhost:7134/_framework/aspnetcore-browser-refresh.js - 200 13758 application/javascript; charset=utf-8 8.2767ms
2025-04-04 11:39:55.897 +05:30 [INF] Request finished HTTP/2 GET https://localhost:7134/_vs/browserLink - 200 null text/javascript; charset=UTF-8 10.581ms
2025-04-04 11:40:22.712 +05:30 [INF] Request starting HTTP/2 POST https://localhost:7134/Account/Logout - application/x-www-form-urlencoded 225
2025-04-04 11:40:22.722 +05:30 [INF] Executing endpoint '/Account/Logout'
2025-04-04 11:40:22.725 +05:30 [INF] Route matched with {page = "/Account/Logout"}. Executing page /Account/Logout
2025-04-04 11:40:22.730 +05:30 [INF] Executing handler method EmployeeApp.Pages.Account.LogoutModel.OnPost - ModelState is "Valid"
2025-04-04 11:40:22.734 +05:30 [INF] AuthenticationScheme: Identity.Application signed out.
2025-04-04 11:40:22.738 +05:30 [INF] AuthenticationScheme: Identity.External signed out.
2025-04-04 11:40:22.741 +05:30 [INF] AuthenticationScheme: Identity.TwoFactorUserId signed out.
2025-04-04 11:40:22.745 +05:30 [INF] Executed handler method OnPost, returned result Microsoft.AspNetCore.Mvc.RedirectToPageResult.
2025-04-04 11:40:22.749 +05:30 [INF] Executing RedirectToPageResult, redirecting to /Account/Login.
2025-04-04 11:40:22.751 +05:30 [INF] Executed page /Account/Logout in 22.1561ms
2025-04-04 11:40:22.755 +05:30 [INF] Executed endpoint '/Account/Logout'
2025-04-04 11:40:22.759 +05:30 [INF] HTTP POST /Account/Logout responded 302 in 37.8831 ms
2025-04-04 11:40:22.766 +05:30 [INF] Request finished HTTP/2 POST https://localhost:7134/Account/Logout - 302 0 null 53.1214ms
2025-04-04 11:40:22.770 +05:30 [INF] Request starting HTTP/2 GET https://localhost:7134/Account/Login - null null
2025-04-04 11:40:22.787 +05:30 [INF] Executing endpoint '/Account/Login'
2025-04-04 11:40:22.790 +05:30 [INF] Route matched with {page = "/Account/Login"}. Executing page /Account/Login
2025-04-04 11:40:22.795 +05:30 [INF] Executing an implicit handler method - ModelState is "Valid"
2025-04-04 11:40:22.798 +05:30 [INF] Executed an implicit handler method, returned result Microsoft.AspNetCore.Mvc.RazorPages.PageResult.
2025-04-04 11:40:22.804 +05:30 [INF] Executed page /Account/Login in 10.4123ms
2025-04-04 11:40:22.808 +05:30 [INF] Executed endpoint '/Account/Login'
2025-04-04 11:40:22.812 +05:30 [INF] HTTP GET /Account/Login responded 200 in 25.7110 ms
2025-04-04 11:40:22.821 +05:30 [INF] Request finished HTTP/2 GET https://localhost:7134/Account/Login - 200 null text/html; charset=utf-8 51.3604ms
2025-04-04 11:40:22.836 +05:30 [INF] Request starting HTTP/2 GET https://localhost:7134/_vs/browserLink - null null
2025-04-04 11:40:22.837 +05:30 [INF] Request starting HTTP/2 GET https://localhost:7134/_framework/aspnetcore-browser-refresh.js - null null
2025-04-04 11:40:22.854 +05:30 [INF] Request finished HTTP/2 GET https://localhost:7134/_vs/browserLink - 200 null text/javascript; charset=UTF-8 17.8089ms
2025-04-04 11:40:22.857 +05:30 [INF] Request finished HTTP/2 GET https://localhost:7134/_framework/aspnetcore-browser-refresh.js - 200 13758 application/javascript; charset=utf-8 20.3222ms
