2025-03-25 14:04:24.533 +05:30 [INF] User profile is available. Using 'C:\Users\liyan\AppData\Local\ASP.NET\DataProtection-Keys' as key repository and Windows DPAPI to encrypt keys at rest.
2025-03-25 14:04:24.610 +05:30 [INF] EmployeeApp started successfully.
2025-03-25 14:04:24.688 +05:30 [INF] Now listening on: https://localhost:7134
2025-03-25 14:04:24.690 +05:30 [INF] Now listening on: http://localhost:5207
2025-03-25 14:04:24.728 +05:30 [INF] Application started. Press Ctrl+C to shut down.
2025-03-25 14:04:24.730 +05:30 [INF] Hosting environment: Development
2025-03-25 14:04:24.730 +05:30 [INF] Content root path: C:\Users\liyan\Documents\GitHub\CCS\EmployeeApp
2025-03-25 14:04:24.948 +05:30 [INF] Request starting HTTP/2 GET https://localhost:7134/ - null null
2025-03-25 14:04:25.053 +05:30 [INF] Executing endpoint '/Index'
2025-03-25 14:04:25.107 +05:30 [INF] Route matched with {page = "/Index"}. Executing page /Index
2025-03-25 14:04:25.116 +05:30 [INF] Executing handler method EmployeeApp.Pages.IndexModel.OnGet - ModelState is "Valid"
2025-03-25 14:04:25.118 +05:30 [INF] Executed handler method OnGet, returned result .
2025-03-25 14:04:25.120 +05:30 [INF] Executing an implicit handler method - ModelState is "Valid"
2025-03-25 14:04:25.121 +05:30 [INF] Executed an implicit handler method, returned result Microsoft.AspNetCore.Mvc.RazorPages.PageResult.
2025-03-25 14:04:25.307 +05:30 [INF] Executed page /Index in 195.4419ms
2025-03-25 14:04:25.314 +05:30 [INF] Executed endpoint '/Index'
2025-03-25 14:04:25.318 +05:30 [INF] HTTP GET / responded 200 in 289.6417 ms
2025-03-25 14:04:25.326 +05:30 [INF] Request finished HTTP/2 GET https://localhost:7134/ - 200 null text/html; charset=utf-8 381.0837ms
2025-03-25 14:04:25.328 +05:30 [INF] Request starting HTTP/2 GET https://localhost:7134/_vs/browserLink - null null
2025-03-25 14:04:25.328 +05:30 [INF] Request starting HTTP/2 GET https://localhost:7134/_framework/aspnetcore-browser-refresh.js - null null
2025-03-25 14:04:25.342 +05:30 [INF] Request finished HTTP/2 GET https://localhost:7134/_framework/aspnetcore-browser-refresh.js - 200 13758 application/javascript; charset=utf-8 14.1241ms
2025-03-25 14:04:25.361 +05:30 [INF] Request finished HTTP/2 GET https://localhost:7134/_vs/browserLink - 200 null text/javascript; charset=UTF-8 32.9564ms
2025-03-25 14:04:27.866 +05:30 [INF] Request starting HTTP/2 GET https://localhost:7134/Account/Login - null null
2025-03-25 14:04:27.874 +05:30 [INF] Executing endpoint '/Account/Login'
2025-03-25 14:04:27.885 +05:30 [INF] Route matched with {page = "/Account/Login"}. Executing page /Account/Login
2025-03-25 14:04:27.895 +05:30 [INF] Executing an implicit handler method - ModelState is "Valid"
2025-03-25 14:04:27.896 +05:30 [INF] Executed an implicit handler method, returned result Microsoft.AspNetCore.Mvc.RazorPages.PageResult.
2025-03-25 14:04:27.935 +05:30 [INF] Executed page /Account/Login in 48.4045ms
2025-03-25 14:04:27.938 +05:30 [INF] Executed endpoint '/Account/Login'
2025-03-25 14:04:27.940 +05:30 [INF] HTTP GET /Account/Login responded 200 in 67.3758 ms
2025-03-25 14:04:27.944 +05:30 [INF] Request finished HTTP/2 GET https://localhost:7134/Account/Login - 200 null text/html; charset=utf-8 78.4563ms
2025-03-25 14:04:27.953 +05:30 [INF] Request starting HTTP/2 GET https://localhost:7134/_framework/aspnetcore-browser-refresh.js - null null
2025-03-25 14:04:27.953 +05:30 [INF] Request starting HTTP/2 GET https://localhost:7134/_vs/browserLink - null null
2025-03-25 14:04:27.956 +05:30 [INF] Request finished HTTP/2 GET https://localhost:7134/_framework/aspnetcore-browser-refresh.js - 200 13758 application/javascript; charset=utf-8 3.4719ms
2025-03-25 14:04:27.968 +05:30 [INF] Request finished HTTP/2 GET https://localhost:7134/_vs/browserLink - 200 null text/javascript; charset=UTF-8 15.3666ms
2025-03-25 14:04:29.482 +05:30 [INF] Request starting HTTP/2 GET https://localhost:7134/Dashboard/Index - null null
2025-03-25 14:04:29.492 +05:30 [INF] Executing endpoint '/Dashboard/Index'
2025-03-25 14:04:29.497 +05:30 [INF] Route matched with {page = "/Dashboard/Index"}. Executing page /Dashboard/Index
2025-03-25 14:04:29.499 +05:30 [INF] Executing handler method EmployeeApp.Pages.Dashboard.IndexModel.OnGetAsync - ModelState is "Valid"
2025-03-25 14:04:29.871 +05:30 [WRN] No store type was specified for the decimal property 'Salary' on entity type 'Employee'. This will cause values to be silently truncated if they do not fit in the default precision and scale. Explicitly specify the SQL server column type that can accommodate all the values in 'OnModelCreating' using 'HasColumnType', specify precision and scale using 'HasPrecision', or configure a value converter using 'HasConversion'.
2025-03-25 14:04:30.409 +05:30 [INF] Executed DbCommand (40ms) [Parameters=[], CommandType='"Text"', CommandTimeout='30']
SELECT [e].[Id], [e].[Department], [e].[Email], [e].[Name], [e].[PhoneNumber], [e].[Salary]
FROM [Employees] AS [e]
2025-03-25 14:04:30.470 +05:30 [INF] Executed handler method OnGetAsync, returned result Microsoft.AspNetCore.Mvc.RazorPages.PageResult.
2025-03-25 14:04:30.486 +05:30 [INF] Executed page /Dashboard/Index in 987.884ms
2025-03-25 14:04:30.489 +05:30 [INF] Executed endpoint '/Dashboard/Index'
2025-03-25 14:04:30.491 +05:30 [INF] HTTP GET /Dashboard/Index responded 200 in 1001.6234 ms
2025-03-25 14:04:30.497 +05:30 [INF] Request starting HTTP/2 GET https://localhost:7134/_vs/browserLink - null null
2025-03-25 14:04:30.499 +05:30 [INF] Request finished HTTP/2 GET https://localhost:7134/Dashboard/Index - 200 null text/html; charset=utf-8 1016.7761ms
2025-03-25 14:04:30.501 +05:30 [INF] Request starting HTTP/2 GET https://localhost:7134/_framework/aspnetcore-browser-refresh.js - null null
2025-03-25 14:04:30.505 +05:30 [INF] Request finished HTTP/2 GET https://localhost:7134/_vs/browserLink - 200 null text/javascript; charset=UTF-8 8.666ms
2025-03-25 14:04:30.507 +05:30 [INF] Request finished HTTP/2 GET https://localhost:7134/_framework/aspnetcore-browser-refresh.js - 200 13758 application/javascript; charset=utf-8 6.2643ms
2025-03-25 14:04:33.293 +05:30 [INF] Request starting HTTP/2 GET https://localhost:7134/ - null null
2025-03-25 14:04:33.298 +05:30 [INF] Executing endpoint '/Index'
2025-03-25 14:04:33.299 +05:30 [INF] Route matched with {page = "/Index"}. Executing page /Index
2025-03-25 14:04:33.300 +05:30 [INF] Executing handler method EmployeeApp.Pages.IndexModel.OnGet - ModelState is "Valid"
2025-03-25 14:04:33.300 +05:30 [INF] Executed handler method OnGet, returned result .
2025-03-25 14:04:33.301 +05:30 [INF] Executing an implicit handler method - ModelState is "Valid"
2025-03-25 14:04:33.301 +05:30 [INF] Executed an implicit handler method, returned result Microsoft.AspNetCore.Mvc.RazorPages.PageResult.
2025-03-25 14:04:33.303 +05:30 [INF] Executed page /Index in 3.7523ms
2025-03-25 14:04:33.305 +05:30 [INF] Executed endpoint '/Index'
2025-03-25 14:04:33.306 +05:30 [INF] HTTP GET / responded 200 in 8.2997 ms
2025-03-25 14:04:33.307 +05:30 [INF] Request finished HTTP/2 GET https://localhost:7134/ - 200 null text/html; charset=utf-8 14.7392ms
2025-03-25 14:04:33.317 +05:30 [INF] Request starting HTTP/2 GET https://localhost:7134/_framework/aspnetcore-browser-refresh.js - null null
2025-03-25 14:04:33.317 +05:30 [INF] Request starting HTTP/2 GET https://localhost:7134/_vs/browserLink - null null
2025-03-25 14:04:33.318 +05:30 [INF] Request finished HTTP/2 GET https://localhost:7134/_framework/aspnetcore-browser-refresh.js - 200 13758 application/javascript; charset=utf-8 1.2911ms
2025-03-25 14:04:33.323 +05:30 [INF] Request finished HTTP/2 GET https://localhost:7134/_vs/browserLink - 200 null text/javascript; charset=UTF-8 5.7613ms
2025-03-25 14:04:37.719 +05:30 [INF] Request starting HTTP/2 GET https://localhost:7134/Account/Login - null null
2025-03-25 14:04:37.725 +05:30 [INF] Executing endpoint '/Account/Login'
2025-03-25 14:04:37.727 +05:30 [INF] Route matched with {page = "/Account/Login"}. Executing page /Account/Login
2025-03-25 14:04:37.728 +05:30 [INF] Executing an implicit handler method - ModelState is "Valid"
2025-03-25 14:04:37.728 +05:30 [INF] Executed an implicit handler method, returned result Microsoft.AspNetCore.Mvc.RazorPages.PageResult.
2025-03-25 14:04:37.731 +05:30 [INF] Executed page /Account/Login in 3.8911ms
2025-03-25 14:04:37.732 +05:30 [INF] Executed endpoint '/Account/Login'
2025-03-25 14:04:37.733 +05:30 [INF] HTTP GET /Account/Login responded 200 in 8.6902 ms
2025-03-25 14:04:37.735 +05:30 [INF] Request finished HTTP/2 GET https://localhost:7134/Account/Login - 200 null text/html; charset=utf-8 15.3042ms
2025-03-25 14:04:37.744 +05:30 [INF] Request starting HTTP/2 GET https://localhost:7134/_framework/aspnetcore-browser-refresh.js - null null
2025-03-25 14:04:37.744 +05:30 [INF] Request starting HTTP/2 GET https://localhost:7134/_vs/browserLink - null null
2025-03-25 14:04:37.746 +05:30 [INF] Request finished HTTP/2 GET https://localhost:7134/_framework/aspnetcore-browser-refresh.js - 200 13758 application/javascript; charset=utf-8 1.7537ms
2025-03-25 14:04:37.750 +05:30 [INF] Request finished HTTP/2 GET https://localhost:7134/_vs/browserLink - 200 null text/javascript; charset=UTF-8 5.1585ms
2025-03-25 14:04:42.729 +05:30 [INF] Request starting HTTP/2 POST https://localhost:7134/Account/Login - application/x-www-form-urlencoded 240
2025-03-25 14:04:42.734 +05:30 [INF] Executing endpoint '/Account/Login'
2025-03-25 14:04:42.736 +05:30 [INF] Route matched with {page = "/Account/Login"}. Executing page /Account/Login
2025-03-25 14:04:42.752 +05:30 [INF] Executing handler method EmployeeApp.Pages.Account.LoginModel.OnPostAsync - ModelState is "Valid"
2025-03-25 14:04:42.857 +05:30 [INF] Executed DbCommand (18ms) [Parameters=[@__normalizedEmail_0='?' (Size = 256)], CommandType='"Text"', CommandTimeout='30']
SELECT TOP(2) [a].[Id], [a].[AccessFailedCount], [a].[ConcurrencyStamp], [a].[Email], [a].[EmailConfirmed], [a].[FullName], [a].[LockoutEnabled], [a].[LockoutEnd], [a].[NormalizedEmail], [a].[NormalizedUserName], [a].[PasswordHash], [a].[PhoneNumber], [a].[PhoneNumberConfirmed], [a].[SecurityStamp], [a].[TwoFactorEnabled], [a].[UserName]
FROM [AspNetUsers] AS [a]
WHERE [a].[NormalizedEmail] = @__normalizedEmail_0
2025-03-25 14:04:42.896 +05:30 [INF] Executed DbCommand (3ms) [Parameters=[@__normalizedUserName_0='?' (Size = 256)], CommandType='"Text"', CommandTimeout='30']
SELECT TOP(1) [a].[Id], [a].[AccessFailedCount], [a].[ConcurrencyStamp], [a].[Email], [a].[EmailConfirmed], [a].[FullName], [a].[LockoutEnabled], [a].[LockoutEnd], [a].[NormalizedEmail], [a].[NormalizedUserName], [a].[PasswordHash], [a].[PhoneNumber], [a].[PhoneNumberConfirmed], [a].[SecurityStamp], [a].[TwoFactorEnabled], [a].[UserName]
FROM [AspNetUsers] AS [a]
WHERE [a].[NormalizedUserName] = @__normalizedUserName_0
2025-03-25 14:04:42.999 +05:30 [INF] Executed DbCommand (3ms) [Parameters=[@__user_Id_0='?' (Size = 450)], CommandType='"Text"', CommandTimeout='30']
SELECT [a].[Id], [a].[ClaimType], [a].[ClaimValue], [a].[UserId]
FROM [AspNetUserClaims] AS [a]
WHERE [a].[UserId] = @__user_Id_0
2025-03-25 14:04:43.019 +05:30 [INF] Executed DbCommand (3ms) [Parameters=[@__userId_0='?' (Size = 450)], CommandType='"Text"', CommandTimeout='30']
SELECT [a0].[Name]
FROM [AspNetUserRoles] AS [a]
INNER JOIN [AspNetRoles] AS [a0] ON [a].[RoleId] = [a0].[Id]
WHERE [a].[UserId] = @__userId_0
2025-03-25 14:04:43.028 +05:30 [INF] Executed DbCommand (1ms) [Parameters=[@__normalizedName_0='?' (Size = 256)], CommandType='"Text"', CommandTimeout='30']
SELECT TOP(1) [a].[Id], [a].[ConcurrencyStamp], [a].[Name], [a].[NormalizedName]
FROM [AspNetRoles] AS [a]
WHERE [a].[NormalizedName] = @__normalizedName_0
2025-03-25 14:04:43.043 +05:30 [INF] Executed DbCommand (3ms) [Parameters=[@__role_Id_0='?' (Size = 450)], CommandType='"Text"', CommandTimeout='30']
SELECT [a].[ClaimType], [a].[ClaimValue]
FROM [AspNetRoleClaims] AS [a]
WHERE [a].[RoleId] = @__role_Id_0
2025-03-25 14:04:43.053 +05:30 [INF] AuthenticationScheme: Identity.Application signed in.
2025-03-25 14:04:43.055 +05:30 [INF] Executed handler method OnPostAsync, returned result Microsoft.AspNetCore.Mvc.RedirectToPageResult.
2025-03-25 14:04:43.056 +05:30 [INF] Executing RedirectToPageResult, redirecting to /Dashboard/Index.
2025-03-25 14:04:43.057 +05:30 [INF] Executed page /Account/Login in 319.515ms
2025-03-25 14:04:43.057 +05:30 [INF] Executed endpoint '/Account/Login'
2025-03-25 14:04:43.058 +05:30 [INF] HTTP POST /Account/Login responded 302 in 323.7468 ms
2025-03-25 14:04:43.058 +05:30 [INF] Request finished HTTP/2 POST https://localhost:7134/Account/Login - 302 0 null 329.5958ms
2025-03-25 14:04:43.061 +05:30 [INF] Request starting HTTP/2 GET https://localhost:7134/Dashboard - null null
2025-03-25 14:04:43.066 +05:30 [INF] Executing endpoint '/Dashboard/Index'
2025-03-25 14:04:43.068 +05:30 [INF] Route matched with {page = "/Dashboard/Index"}. Executing page /Dashboard/Index
2025-03-25 14:04:43.069 +05:30 [INF] Executing handler method EmployeeApp.Pages.Dashboard.IndexModel.OnGetAsync - ModelState is "Valid"
2025-03-25 14:04:43.106 +05:30 [INF] Executed DbCommand (1ms) [Parameters=[], CommandType='"Text"', CommandTimeout='30']
SELECT [e].[Id], [e].[Department], [e].[Email], [e].[Name], [e].[PhoneNumber], [e].[Salary]
FROM [Employees] AS [e]
2025-03-25 14:04:43.110 +05:30 [INF] Executed handler method OnGetAsync, returned result Microsoft.AspNetCore.Mvc.RazorPages.PageResult.
2025-03-25 14:04:43.130 +05:30 [INF] Executed DbCommand (3ms) [Parameters=[@__p_0='?' (Size = 450)], CommandType='"Text"', CommandTimeout='30']
SELECT TOP(1) [a].[Id], [a].[AccessFailedCount], [a].[ConcurrencyStamp], [a].[Email], [a].[EmailConfirmed], [a].[FullName], [a].[LockoutEnabled], [a].[LockoutEnd], [a].[NormalizedEmail], [a].[NormalizedUserName], [a].[PasswordHash], [a].[PhoneNumber], [a].[PhoneNumberConfirmed], [a].[SecurityStamp], [a].[TwoFactorEnabled], [a].[UserName]
FROM [AspNetUsers] AS [a]
WHERE [a].[Id] = @__p_0
2025-03-25 14:04:43.136 +05:30 [INF] Executed DbCommand (1ms) [Parameters=[@__userId_0='?' (Size = 450)], CommandType='"Text"', CommandTimeout='30']
SELECT [a0].[Name]
FROM [AspNetUserRoles] AS [a]
INNER JOIN [AspNetRoles] AS [a0] ON [a].[RoleId] = [a0].[Id]
WHERE [a].[UserId] = @__userId_0
2025-03-25 14:04:43.140 +05:30 [INF] Executed page /Dashboard/Index in 70.5218ms
2025-03-25 14:04:43.140 +05:30 [INF] Executed endpoint '/Dashboard/Index'
2025-03-25 14:04:43.141 +05:30 [INF] HTTP GET /Dashboard responded 200 in 77.3555 ms
2025-03-25 14:04:43.142 +05:30 [INF] Request finished HTTP/2 GET https://localhost:7134/Dashboard - 200 null text/html; charset=utf-8 81.2526ms
2025-03-25 14:04:43.151 +05:30 [INF] Request starting HTTP/2 GET https://localhost:7134/_vs/browserLink - null null
2025-03-25 14:04:43.154 +05:30 [INF] Request starting HTTP/2 GET https://localhost:7134/_framework/aspnetcore-browser-refresh.js - null null
2025-03-25 14:04:43.155 +05:30 [INF] Request finished HTTP/2 GET https://localhost:7134/_vs/browserLink - 200 null text/javascript; charset=UTF-8 3.9326ms
2025-03-25 14:04:43.156 +05:30 [INF] Request finished HTTP/2 GET https://localhost:7134/_framework/aspnetcore-browser-refresh.js - 200 13758 application/javascript; charset=utf-8 1.6186ms
2025-03-25 14:04:45.051 +05:30 [INF] Request starting HTTP/2 POST https://localhost:7134/Account/Logout - application/x-www-form-urlencoded 225
2025-03-25 14:04:45.057 +05:30 [INF] Executing endpoint '/Account/Logout'
2025-03-25 14:04:45.062 +05:30 [INF] Route matched with {page = "/Account/Logout"}. Executing page /Account/Logout
2025-03-25 14:04:45.064 +05:30 [INF] Executing handler method EmployeeApp.Pages.Account.LogoutModel.OnPost - ModelState is "Valid"
2025-03-25 14:04:45.067 +05:30 [INF] AuthenticationScheme: Identity.Application signed out.
2025-03-25 14:04:45.068 +05:30 [INF] AuthenticationScheme: Identity.External signed out.
2025-03-25 14:04:45.069 +05:30 [INF] AuthenticationScheme: Identity.TwoFactorUserId signed out.
2025-03-25 14:04:45.069 +05:30 [INF] Executed handler method OnPost, returned result Microsoft.AspNetCore.Mvc.RedirectToPageResult.
2025-03-25 14:04:45.070 +05:30 [INF] Executing RedirectToPageResult, redirecting to /Account/Login.
2025-03-25 14:04:45.071 +05:30 [INF] Executed page /Account/Logout in 7.6669ms
2025-03-25 14:04:45.072 +05:30 [INF] Executed endpoint '/Account/Logout'
2025-03-25 14:04:45.073 +05:30 [INF] HTTP POST /Account/Logout responded 302 in 17.4713 ms
2025-03-25 14:04:45.075 +05:30 [INF] Request finished HTTP/2 POST https://localhost:7134/Account/Logout - 302 0 null 23.5474ms
2025-03-25 14:04:45.079 +05:30 [INF] Request starting HTTP/2 GET https://localhost:7134/Account/Login - null null
2025-03-25 14:04:45.082 +05:30 [INF] Executing endpoint '/Account/Login'
2025-03-25 14:04:45.082 +05:30 [INF] Route matched with {page = "/Account/Login"}. Executing page /Account/Login
2025-03-25 14:04:45.083 +05:30 [INF] Executing an implicit handler method - ModelState is "Valid"
2025-03-25 14:04:45.084 +05:30 [INF] Executed an implicit handler method, returned result Microsoft.AspNetCore.Mvc.RazorPages.PageResult.
2025-03-25 14:04:45.085 +05:30 [INF] Executed page /Account/Login in 2.5786ms
2025-03-25 14:04:45.086 +05:30 [INF] Executed endpoint '/Account/Login'
2025-03-25 14:04:45.087 +05:30 [INF] HTTP GET /Account/Login responded 200 in 5.5242 ms
2025-03-25 14:04:45.088 +05:30 [INF] Request finished HTTP/2 GET https://localhost:7134/Account/Login - 200 null text/html; charset=utf-8 9.496ms
2025-03-25 14:04:45.097 +05:30 [INF] Request starting HTTP/2 GET https://localhost:7134/_vs/browserLink - null null
2025-03-25 14:04:45.101 +05:30 [INF] Request starting HTTP/2 GET https://localhost:7134/_framework/aspnetcore-browser-refresh.js - null null
2025-03-25 14:04:45.101 +05:30 [INF] Request finished HTTP/2 GET https://localhost:7134/_vs/browserLink - 200 null text/javascript; charset=UTF-8 3.902ms
2025-03-25 14:04:45.103 +05:30 [INF] Request finished HTTP/2 GET https://localhost:7134/_framework/aspnetcore-browser-refresh.js - 200 13758 application/javascript; charset=utf-8 2.2389ms
2025-03-25 14:04:49.378 +05:30 [INF] Request starting HTTP/2 GET https://localhost:7134/Dashboard/Index - null null
2025-03-25 14:04:49.383 +05:30 [INF] Executing endpoint '/Dashboard/Index'
2025-03-25 14:04:49.384 +05:30 [INF] Route matched with {page = "/Dashboard/Index"}. Executing page /Dashboard/Index
2025-03-25 14:04:49.385 +05:30 [INF] Executing handler method EmployeeApp.Pages.Dashboard.IndexModel.OnGetAsync - ModelState is "Valid"
2025-03-25 14:04:49.387 +05:30 [INF] Executed DbCommand (0ms) [Parameters=[], CommandType='"Text"', CommandTimeout='30']
SELECT [e].[Id], [e].[Department], [e].[Email], [e].[Name], [e].[PhoneNumber], [e].[Salary]
FROM [Employees] AS [e]
2025-03-25 14:04:49.388 +05:30 [INF] Executed handler method OnGetAsync, returned result Microsoft.AspNetCore.Mvc.RazorPages.PageResult.
2025-03-25 14:04:49.391 +05:30 [INF] Executed page /Dashboard/Index in 7.1544ms
2025-03-25 14:04:49.392 +05:30 [INF] Executed endpoint '/Dashboard/Index'
2025-03-25 14:04:49.393 +05:30 [INF] HTTP GET /Dashboard/Index responded 200 in 10.0591 ms
2025-03-25 14:04:49.394 +05:30 [INF] Request finished HTTP/2 GET https://localhost:7134/Dashboard/Index - 200 null text/html; charset=utf-8 15.5753ms
2025-03-25 14:04:49.402 +05:30 [INF] Request starting HTTP/2 GET https://localhost:7134/_vs/browserLink - null null
2025-03-25 14:04:49.402 +05:30 [INF] Request starting HTTP/2 GET https://localhost:7134/_framework/aspnetcore-browser-refresh.js - null null
2025-03-25 14:04:49.405 +05:30 [INF] Request finished HTTP/2 GET https://localhost:7134/_framework/aspnetcore-browser-refresh.js - 200 13758 application/javascript; charset=utf-8 2.2375ms
2025-03-25 14:04:49.406 +05:30 [INF] Request finished HTTP/2 GET https://localhost:7134/_vs/browserLink - 200 null text/javascript; charset=UTF-8 3.6702ms
2025-03-25 14:04:52.361 +05:30 [INF] Request starting HTTP/2 GET https://localhost:7134/ - null null
2025-03-25 14:04:52.367 +05:30 [INF] Executing endpoint '/Index'
2025-03-25 14:04:52.368 +05:30 [INF] Route matched with {page = "/Index"}. Executing page /Index
2025-03-25 14:04:52.369 +05:30 [INF] Executing handler method EmployeeApp.Pages.IndexModel.OnGet - ModelState is "Valid"
2025-03-25 14:04:52.369 +05:30 [INF] Executed handler method OnGet, returned result .
2025-03-25 14:04:52.370 +05:30 [INF] Executing an implicit handler method - ModelState is "Valid"
2025-03-25 14:04:52.370 +05:30 [INF] Executed an implicit handler method, returned result Microsoft.AspNetCore.Mvc.RazorPages.PageResult.
2025-03-25 14:04:52.372 +05:30 [INF] Executed page /Index in 3.3548ms
2025-03-25 14:04:52.373 +05:30 [INF] Executed endpoint '/Index'
2025-03-25 14:04:52.373 +05:30 [INF] HTTP GET / responded 200 in 6.6188 ms
2025-03-25 14:04:52.374 +05:30 [INF] Request finished HTTP/2 GET https://localhost:7134/ - 200 null text/html; charset=utf-8 12.9618ms
2025-03-25 14:04:52.385 +05:30 [INF] Request starting HTTP/2 GET https://localhost:7134/_framework/aspnetcore-browser-refresh.js - null null
2025-03-25 14:04:52.385 +05:30 [INF] Request starting HTTP/2 GET https://localhost:7134/_vs/browserLink - null null
2025-03-25 14:04:52.386 +05:30 [INF] Request finished HTTP/2 GET https://localhost:7134/_framework/aspnetcore-browser-refresh.js - 200 13758 application/javascript; charset=utf-8 1.2505ms
2025-03-25 14:04:52.390 +05:30 [INF] Request finished HTTP/2 GET https://localhost:7134/_vs/browserLink - 200 null text/javascript; charset=UTF-8 5.0443ms
2025-03-25 14:04:54.369 +05:30 [INF] Request starting HTTP/2 GET https://localhost:7134/Dashboard/Index - null null
2025-03-25 14:04:54.374 +05:30 [INF] Executing endpoint '/Dashboard/Index'
2025-03-25 14:04:54.375 +05:30 [INF] Route matched with {page = "/Dashboard/Index"}. Executing page /Dashboard/Index
2025-03-25 14:04:54.376 +05:30 [INF] Executing handler method EmployeeApp.Pages.Dashboard.IndexModel.OnGetAsync - ModelState is "Valid"
2025-03-25 14:04:54.385 +05:30 [INF] Executed DbCommand (8ms) [Parameters=[], CommandType='"Text"', CommandTimeout='30']
SELECT [e].[Id], [e].[Department], [e].[Email], [e].[Name], [e].[PhoneNumber], [e].[Salary]
FROM [Employees] AS [e]
2025-03-25 14:04:54.386 +05:30 [INF] Executed handler method OnGetAsync, returned result Microsoft.AspNetCore.Mvc.RazorPages.PageResult.
2025-03-25 14:04:54.388 +05:30 [INF] Executed page /Dashboard/Index in 12.0205ms
2025-03-25 14:04:54.389 +05:30 [INF] Executed endpoint '/Dashboard/Index'
2025-03-25 14:04:54.389 +05:30 [INF] HTTP GET /Dashboard/Index responded 200 in 15.6702 ms
2025-03-25 14:04:54.391 +05:30 [INF] Request finished HTTP/2 GET https://localhost:7134/Dashboard/Index - 200 null text/html; charset=utf-8 21.7281ms
2025-03-25 14:04:54.400 +05:30 [INF] Request starting HTTP/2 GET https://localhost:7134/_framework/aspnetcore-browser-refresh.js - null null
2025-03-25 14:04:54.400 +05:30 [INF] Request starting HTTP/2 GET https://localhost:7134/_vs/browserLink - null null
2025-03-25 14:04:54.401 +05:30 [INF] Request finished HTTP/2 GET https://localhost:7134/_framework/aspnetcore-browser-refresh.js - 200 13758 application/javascript; charset=utf-8 1.1385ms
2025-03-25 14:04:54.406 +05:30 [INF] Request finished HTTP/2 GET https://localhost:7134/_vs/browserLink - 200 null text/javascript; charset=UTF-8 5.5699ms
2025-03-25 14:04:55.286 +05:30 [INF] Request starting HTTP/2 GET https://localhost:7134/ - null null
2025-03-25 14:04:55.289 +05:30 [INF] Executing endpoint '/Index'
2025-03-25 14:04:55.291 +05:30 [INF] Route matched with {page = "/Index"}. Executing page /Index
2025-03-25 14:04:55.292 +05:30 [INF] Executing handler method EmployeeApp.Pages.IndexModel.OnGet - ModelState is "Valid"
2025-03-25 14:04:55.292 +05:30 [INF] Executed handler method OnGet, returned result .
2025-03-25 14:04:55.293 +05:30 [INF] Executing an implicit handler method - ModelState is "Valid"
2025-03-25 14:04:55.293 +05:30 [INF] Executed an implicit handler method, returned result Microsoft.AspNetCore.Mvc.RazorPages.PageResult.
2025-03-25 14:04:55.294 +05:30 [INF] Executed page /Index in 2.6741ms
2025-03-25 14:04:55.295 +05:30 [INF] Executed endpoint '/Index'
2025-03-25 14:04:55.296 +05:30 [INF] HTTP GET / responded 200 in 6.4040 ms
2025-03-25 14:04:55.297 +05:30 [INF] Request finished HTTP/2 GET https://localhost:7134/ - 200 null text/html; charset=utf-8 11.0967ms
2025-03-25 14:04:55.311 +05:30 [INF] Request starting HTTP/2 GET https://localhost:7134/_vs/browserLink - null null
2025-03-25 14:04:55.314 +05:30 [INF] Request starting HTTP/2 GET https://localhost:7134/_framework/aspnetcore-browser-refresh.js - null null
2025-03-25 14:04:55.315 +05:30 [INF] Request finished HTTP/2 GET https://localhost:7134/_vs/browserLink - 200 null text/javascript; charset=UTF-8 4.2425ms
2025-03-25 14:04:55.317 +05:30 [INF] Request finished HTTP/2 GET https://localhost:7134/_framework/aspnetcore-browser-refresh.js - 200 13758 application/javascript; charset=utf-8 2.1088ms
2025-03-25 14:07:34.108 +05:30 [INF] User profile is available. Using 'C:\Users\liyan\AppData\Local\ASP.NET\DataProtection-Keys' as key repository and Windows DPAPI to encrypt keys at rest.
2025-03-25 14:07:34.169 +05:30 [INF] EmployeeApp started successfully.
2025-03-25 14:07:34.240 +05:30 [INF] Now listening on: https://localhost:7134
2025-03-25 14:07:34.242 +05:30 [INF] Now listening on: http://localhost:5207
2025-03-25 14:07:34.280 +05:30 [INF] Application started. Press Ctrl+C to shut down.
2025-03-25 14:07:34.282 +05:30 [INF] Hosting environment: Development
2025-03-25 14:07:34.283 +05:30 [INF] Content root path: C:\Users\liyan\Documents\GitHub\CCS\EmployeeApp
2025-03-25 14:07:34.447 +05:30 [INF] Request starting HTTP/2 GET https://localhost:7134/ - null null
2025-03-25 14:07:34.514 +05:30 [INF] Executing endpoint '/Index'
2025-03-25 14:07:34.537 +05:30 [INF] Route matched with {page = "/Index"}. Executing page /Index
2025-03-25 14:07:34.544 +05:30 [INF] Executing handler method EmployeeApp.Pages.IndexModel.OnGet - ModelState is "Valid"
2025-03-25 14:07:34.547 +05:30 [INF] Executed handler method OnGet, returned result .
2025-03-25 14:07:34.550 +05:30 [INF] Executing an implicit handler method - ModelState is "Valid"
2025-03-25 14:07:34.551 +05:30 [INF] Executed an implicit handler method, returned result Microsoft.AspNetCore.Mvc.RazorPages.PageResult.
2025-03-25 14:07:34.650 +05:30 [INF] Executed page /Index in 109.5155ms
2025-03-25 14:07:34.657 +05:30 [INF] Executed endpoint '/Index'
2025-03-25 14:07:34.660 +05:30 [INF] HTTP GET / responded 200 in 160.6319 ms
2025-03-25 14:07:34.664 +05:30 [INF] Request starting HTTP/2 GET https://localhost:7134/_vs/browserLink - null null
2025-03-25 14:07:34.664 +05:30 [INF] Request starting HTTP/2 GET https://localhost:7134/_framework/aspnetcore-browser-refresh.js - null null
2025-03-25 14:07:34.667 +05:30 [INF] Request finished HTTP/2 GET https://localhost:7134/ - 200 null text/html; charset=utf-8 221.2242ms
2025-03-25 14:07:34.674 +05:30 [INF] Request finished HTTP/2 GET https://localhost:7134/_framework/aspnetcore-browser-refresh.js - 200 13758 application/javascript; charset=utf-8 9.6006ms
2025-03-25 14:07:34.686 +05:30 [INF] Request finished HTTP/2 GET https://localhost:7134/_vs/browserLink - 200 null text/javascript; charset=UTF-8 21.0825ms
2025-03-25 14:07:34.696 +05:30 [INF] Request starting HTTP/2 GET https://localhost:7134/favicon.ico - null null
2025-03-25 14:07:34.707 +05:30 [INF] Sending file. Request path: '/favicon.ico'. Physical path: 'C:\Users\liyan\Documents\GitHub\CCS\EmployeeApp\wwwroot\favicon.ico'
2025-03-25 14:07:34.709 +05:30 [INF] HTTP GET /favicon.ico responded 200 in 11.2449 ms
2025-03-25 14:07:34.710 +05:30 [INF] Request finished HTTP/2 GET https://localhost:7134/favicon.ico - 200 5430 image/x-icon 13.9276ms
2025-03-25 14:07:37.236 +05:30 [INF] Request starting HTTP/2 GET https://localhost:7134/ - null null
2025-03-25 14:07:37.244 +05:30 [INF] Executing endpoint '/Index'
2025-03-25 14:07:37.245 +05:30 [INF] Route matched with {page = "/Index"}. Executing page /Index
2025-03-25 14:07:37.245 +05:30 [INF] Executing handler method EmployeeApp.Pages.IndexModel.OnGet - ModelState is "Valid"
2025-03-25 14:07:37.246 +05:30 [INF] Executed handler method OnGet, returned result .
2025-03-25 14:07:37.246 +05:30 [INF] Executing an implicit handler method - ModelState is "Valid"
2025-03-25 14:07:37.247 +05:30 [INF] Executed an implicit handler method, returned result Microsoft.AspNetCore.Mvc.RazorPages.PageResult.
2025-03-25 14:07:37.256 +05:30 [INF] Executed page /Index in 10.8519ms
2025-03-25 14:07:37.258 +05:30 [INF] Executed endpoint '/Index'
2025-03-25 14:07:37.258 +05:30 [INF] HTTP GET / responded 200 in 15.8240 ms
2025-03-25 14:07:37.260 +05:30 [INF] Request finished HTTP/2 GET https://localhost:7134/ - 200 null text/html; charset=utf-8 23.9928ms
2025-03-25 14:07:37.268 +05:30 [INF] Request starting HTTP/2 GET https://localhost:7134/_vs/browserLink - null null
2025-03-25 14:07:37.268 +05:30 [INF] Request starting HTTP/2 GET https://localhost:7134/_framework/aspnetcore-browser-refresh.js - null null
2025-03-25 14:07:37.271 +05:30 [INF] Request finished HTTP/2 GET https://localhost:7134/_framework/aspnetcore-browser-refresh.js - 200 13758 application/javascript; charset=utf-8 3.6008ms
2025-03-25 14:07:37.279 +05:30 [INF] Request finished HTTP/2 GET https://localhost:7134/_vs/browserLink - 200 null text/javascript; charset=UTF-8 10.866ms
2025-03-25 14:07:40.934 +05:30 [INF] Request starting HTTP/2 GET https://localhost:7134/Account/Login - null null
2025-03-25 14:07:40.942 +05:30 [INF] Executing endpoint '/Account/Login'
2025-03-25 14:07:40.949 +05:30 [INF] Route matched with {page = "/Account/Login"}. Executing page /Account/Login
2025-03-25 14:07:40.961 +05:30 [INF] Executing an implicit handler method - ModelState is "Valid"
2025-03-25 14:07:40.964 +05:30 [INF] Executed an implicit handler method, returned result Microsoft.AspNetCore.Mvc.RazorPages.PageResult.
2025-03-25 14:07:40.990 +05:30 [INF] Executed page /Account/Login in 39.996ms
2025-03-25 14:07:40.994 +05:30 [INF] Executed endpoint '/Account/Login'
2025-03-25 14:07:40.995 +05:30 [INF] HTTP GET /Account/Login responded 200 in 56.1576 ms
2025-03-25 14:07:40.997 +05:30 [INF] Request finished HTTP/2 GET https://localhost:7134/Account/Login - 200 null text/html; charset=utf-8 63.3153ms
2025-03-25 14:07:41.004 +05:30 [INF] Request starting HTTP/2 GET https://localhost:7134/_vs/browserLink - null null
2025-03-25 14:07:41.007 +05:30 [INF] Request starting HTTP/2 GET https://localhost:7134/_framework/aspnetcore-browser-refresh.js - null null
2025-03-25 14:07:41.010 +05:30 [INF] Request finished HTTP/2 GET https://localhost:7134/_framework/aspnetcore-browser-refresh.js - 200 13758 application/javascript; charset=utf-8 2.3205ms
2025-03-25 14:07:41.011 +05:30 [INF] Request finished HTTP/2 GET https://localhost:7134/_vs/browserLink - 200 null text/javascript; charset=UTF-8 6.9194ms
2025-03-25 14:07:46.510 +05:30 [INF] Request starting HTTP/2 POST https://localhost:7134/Account/Login - application/x-www-form-urlencoded 240
2025-03-25 14:07:46.516 +05:30 [INF] Executing endpoint '/Account/Login'
2025-03-25 14:07:46.518 +05:30 [INF] Route matched with {page = "/Account/Login"}. Executing page /Account/Login
2025-03-25 14:07:46.537 +05:30 [INF] Executing handler method EmployeeApp.Pages.Account.LoginModel.OnPostAsync - ModelState is "Valid"
2025-03-25 14:07:47.072 +05:30 [WRN] No store type was specified for the decimal property 'Salary' on entity type 'Employee'. This will cause values to be silently truncated if they do not fit in the default precision and scale. Explicitly specify the SQL server column type that can accommodate all the values in 'OnModelCreating' using 'HasColumnType', specify precision and scale using 'HasPrecision', or configure a value converter using 'HasConversion'.
2025-03-25 14:07:47.845 +05:30 [INF] Executed DbCommand (66ms) [Parameters=[@__normalizedEmail_0='?' (Size = 256)], CommandType='"Text"', CommandTimeout='30']
SELECT TOP(2) [a].[Id], [a].[AccessFailedCount], [a].[ConcurrencyStamp], [a].[Email], [a].[EmailConfirmed], [a].[FullName], [a].[LockoutEnabled], [a].[LockoutEnd], [a].[NormalizedEmail], [a].[NormalizedUserName], [a].[PasswordHash], [a].[PhoneNumber], [a].[PhoneNumberConfirmed], [a].[SecurityStamp], [a].[TwoFactorEnabled], [a].[UserName]
FROM [AspNetUsers] AS [a]
WHERE [a].[NormalizedEmail] = @__normalizedEmail_0
2025-03-25 14:07:47.965 +05:30 [INF] Executed DbCommand (5ms) [Parameters=[@__normalizedUserName_0='?' (Size = 256)], CommandType='"Text"', CommandTimeout='30']
SELECT TOP(1) [a].[Id], [a].[AccessFailedCount], [a].[ConcurrencyStamp], [a].[Email], [a].[EmailConfirmed], [a].[FullName], [a].[LockoutEnabled], [a].[LockoutEnd], [a].[NormalizedEmail], [a].[NormalizedUserName], [a].[PasswordHash], [a].[PhoneNumber], [a].[PhoneNumberConfirmed], [a].[SecurityStamp], [a].[TwoFactorEnabled], [a].[UserName]
FROM [AspNetUsers] AS [a]
WHERE [a].[NormalizedUserName] = @__normalizedUserName_0
2025-03-25 14:07:48.135 +05:30 [INF] Executed DbCommand (2ms) [Parameters=[@__user_Id_0='?' (Size = 450)], CommandType='"Text"', CommandTimeout='30']
SELECT [a].[Id], [a].[ClaimType], [a].[ClaimValue], [a].[UserId]
FROM [AspNetUserClaims] AS [a]
WHERE [a].[UserId] = @__user_Id_0
2025-03-25 14:07:48.182 +05:30 [INF] Executed DbCommand (5ms) [Parameters=[@__userId_0='?' (Size = 450)], CommandType='"Text"', CommandTimeout='30']
SELECT [a0].[Name]
FROM [AspNetUserRoles] AS [a]
INNER JOIN [AspNetRoles] AS [a0] ON [a].[RoleId] = [a0].[Id]
WHERE [a].[UserId] = @__userId_0
2025-03-25 14:07:48.198 +05:30 [INF] Executed DbCommand (1ms) [Parameters=[@__normalizedName_0='?' (Size = 256)], CommandType='"Text"', CommandTimeout='30']
SELECT TOP(1) [a].[Id], [a].[ConcurrencyStamp], [a].[Name], [a].[NormalizedName]
FROM [AspNetRoles] AS [a]
WHERE [a].[NormalizedName] = @__normalizedName_0
2025-03-25 14:07:48.234 +05:30 [INF] Executed DbCommand (4ms) [Parameters=[@__role_Id_0='?' (Size = 450)], CommandType='"Text"', CommandTimeout='30']
SELECT [a].[ClaimType], [a].[ClaimValue]
FROM [AspNetRoleClaims] AS [a]
WHERE [a].[RoleId] = @__role_Id_0
2025-03-25 14:07:48.246 +05:30 [INF] AuthenticationScheme: Identity.Application signed in.
2025-03-25 14:07:48.250 +05:30 [INF] Executed handler method OnPostAsync, returned result Microsoft.AspNetCore.Mvc.RedirectToPageResult.
2025-03-25 14:07:48.254 +05:30 [INF] Executing RedirectToPageResult, redirecting to /Dashboard/Index.
2025-03-25 14:07:48.256 +05:30 [INF] Executed page /Account/Login in 1737.167ms
2025-03-25 14:07:48.257 +05:30 [INF] Executed endpoint '/Account/Login'
2025-03-25 14:07:48.259 +05:30 [INF] HTTP POST /Account/Login responded 302 in 1744.4633 ms
2025-03-25 14:07:48.265 +05:30 [INF] Request starting HTTP/2 GET https://localhost:7134/Dashboard - null null
2025-03-25 14:07:48.271 +05:30 [INF] Request finished HTTP/2 POST https://localhost:7134/Account/Login - 302 0 null 1760.7316ms
2025-03-25 14:07:48.272 +05:30 [INF] Executing endpoint '/Dashboard/Index'
2025-03-25 14:07:48.281 +05:30 [INF] Route matched with {page = "/Dashboard/Index"}. Executing page /Dashboard/Index
2025-03-25 14:07:48.284 +05:30 [INF] Executing handler method EmployeeApp.Pages.Dashboard.IndexModel.OnGetAsync - ModelState is "Valid"
2025-03-25 14:07:48.345 +05:30 [INF] Executed DbCommand (5ms) [Parameters=[], CommandType='"Text"', CommandTimeout='30']
SELECT [e].[Id], [e].[Department], [e].[Email], [e].[Name], [e].[PhoneNumber], [e].[Salary]
FROM [Employees] AS [e]
2025-03-25 14:07:48.365 +05:30 [INF] Executed handler method OnGetAsync, returned result Microsoft.AspNetCore.Mvc.RazorPages.PageResult.
2025-03-25 14:07:48.398 +05:30 [INF] Executed DbCommand (2ms) [Parameters=[@__p_0='?' (Size = 450)], CommandType='"Text"', CommandTimeout='30']
SELECT TOP(1) [a].[Id], [a].[AccessFailedCount], [a].[ConcurrencyStamp], [a].[Email], [a].[EmailConfirmed], [a].[FullName], [a].[LockoutEnabled], [a].[LockoutEnd], [a].[NormalizedEmail], [a].[NormalizedUserName], [a].[PasswordHash], [a].[PhoneNumber], [a].[PhoneNumberConfirmed], [a].[SecurityStamp], [a].[TwoFactorEnabled], [a].[UserName]
FROM [AspNetUsers] AS [a]
WHERE [a].[Id] = @__p_0
2025-03-25 14:07:48.409 +05:30 [INF] Executed DbCommand (1ms) [Parameters=[@__userId_0='?' (Size = 450)], CommandType='"Text"', CommandTimeout='30']
SELECT [a0].[Name]
FROM [AspNetUserRoles] AS [a]
INNER JOIN [AspNetRoles] AS [a0] ON [a].[RoleId] = [a0].[Id]
WHERE [a].[UserId] = @__userId_0
2025-03-25 14:07:48.423 +05:30 [INF] Executed page /Dashboard/Index in 140.1773ms
2025-03-25 14:07:48.425 +05:30 [INF] Executed endpoint '/Dashboard/Index'
2025-03-25 14:07:48.426 +05:30 [INF] HTTP GET /Dashboard responded 200 in 156.2324 ms
2025-03-25 14:07:48.427 +05:30 [INF] Request finished HTTP/2 GET https://localhost:7134/Dashboard - 200 null text/html; charset=utf-8 161.9307ms
2025-03-25 14:07:48.431 +05:30 [INF] Request starting HTTP/2 GET https://localhost:7134/_vs/browserLink - null null
2025-03-25 14:07:48.435 +05:30 [INF] Request starting HTTP/2 GET https://localhost:7134/_framework/aspnetcore-browser-refresh.js - null null
2025-03-25 14:07:48.436 +05:30 [INF] Request finished HTTP/2 GET https://localhost:7134/_vs/browserLink - 200 null text/javascript; charset=UTF-8 4.4103ms
2025-03-25 14:07:48.438 +05:30 [INF] Request finished HTTP/2 GET https://localhost:7134/_framework/aspnetcore-browser-refresh.js - 200 13758 application/javascript; charset=utf-8 2.5824ms
2025-03-25 14:07:51.435 +05:30 [INF] Request starting HTTP/2 GET https://localhost:7134/Dashboard/Index?handler=SearchEmployees&query=joh - null null
2025-03-25 14:07:51.439 +05:30 [INF] Executing endpoint '/Dashboard/Index'
2025-03-25 14:07:51.443 +05:30 [INF] Route matched with {page = "/Dashboard/Index"}. Executing page /Dashboard/Index
2025-03-25 14:07:51.455 +05:30 [INF] Executing handler method EmployeeApp.Pages.Dashboard.IndexModel.OnGetSearchEmployeesAsync - ModelState is "Valid"
2025-03-25 14:07:51.505 +05:30 [INF] Executed DbCommand (3ms) [Parameters=[@__query_0_startswith='?' (Size = 4000)], CommandType='"Text"', CommandTimeout='30']
SELECT [e].[Name], [e].[Email], [e].[PhoneNumber], [e].[Department], [e].[Salary]
FROM [Employees] AS [e]
WHERE [e].[Name] LIKE @__query_0_startswith ESCAPE N'\'
2025-03-25 14:07:51.510 +05:30 [INF] Executed handler method OnGetSearchEmployeesAsync, returned result Microsoft.AspNetCore.Mvc.JsonResult.
2025-03-25 14:07:51.514 +05:30 [INF] Executing JsonResult, writing value of type 'System.Collections.Generic.List`1[[<>f__AnonymousType10`5[[System.String, System.Private.CoreLib, Version=8.0.0.0, Culture=neutral, PublicKeyToken=7cec85d7bea7798e],[System.String, System.Private.CoreLib, Version=8.0.0.0, Culture=neutral, PublicKeyToken=7cec85d7bea7798e],[System.String, System.Private.CoreLib, Version=8.0.0.0, Culture=neutral, PublicKeyToken=7cec85d7bea7798e],[System.String, System.Private.CoreLib, Version=8.0.0.0, Culture=neutral, PublicKeyToken=7cec85d7bea7798e],[System.Decimal, System.Private.CoreLib, Version=8.0.0.0, Culture=neutral, PublicKeyToken=7cec85d7bea7798e]], EmployeeApp, Version=1.0.0.0, Culture=neutral, PublicKeyToken=null]]'.
2025-03-25 14:07:51.548 +05:30 [INF] Executed page /Dashboard/Index in 103.289ms
2025-03-25 14:07:51.550 +05:30 [INF] Executed endpoint '/Dashboard/Index'
2025-03-25 14:07:51.552 +05:30 [INF] HTTP GET /Dashboard/Index responded 200 in 114.9905 ms
2025-03-25 14:07:51.555 +05:30 [INF] Request finished HTTP/2 GET https://localhost:7134/Dashboard/Index?handler=SearchEmployees&query=joh - 200 null application/json; charset=utf-8 119.7995ms
2025-03-25 14:07:52.835 +05:30 [INF] Request starting HTTP/2 GET https://localhost:7134/Dashboard/Index?handler=SearchEmployees&query=john - null null
2025-03-25 14:07:52.840 +05:30 [INF] Executing endpoint '/Dashboard/Index'
2025-03-25 14:07:52.841 +05:30 [INF] Route matched with {page = "/Dashboard/Index"}. Executing page /Dashboard/Index
2025-03-25 14:07:52.842 +05:30 [INF] Executing handler method EmployeeApp.Pages.Dashboard.IndexModel.OnGetSearchEmployeesAsync - ModelState is "Valid"
2025-03-25 14:07:52.845 +05:30 [INF] Executed DbCommand (1ms) [Parameters=[@__query_0_startswith='?' (Size = 4000)], CommandType='"Text"', CommandTimeout='30']
SELECT [e].[Name], [e].[Email], [e].[PhoneNumber], [e].[Department], [e].[Salary]
FROM [Employees] AS [e]
WHERE [e].[Name] LIKE @__query_0_startswith ESCAPE N'\'
2025-03-25 14:07:52.849 +05:30 [INF] Executed handler method OnGetSearchEmployeesAsync, returned result Microsoft.AspNetCore.Mvc.JsonResult.
2025-03-25 14:07:52.850 +05:30 [INF] Executing JsonResult, writing value of type 'System.Collections.Generic.List`1[[<>f__AnonymousType10`5[[System.String, System.Private.CoreLib, Version=8.0.0.0, Culture=neutral, PublicKeyToken=7cec85d7bea7798e],[System.String, System.Private.CoreLib, Version=8.0.0.0, Culture=neutral, PublicKeyToken=7cec85d7bea7798e],[System.String, System.Private.CoreLib, Version=8.0.0.0, Culture=neutral, PublicKeyToken=7cec85d7bea7798e],[System.String, System.Private.CoreLib, Version=8.0.0.0, Culture=neutral, PublicKeyToken=7cec85d7bea7798e],[System.Decimal, System.Private.CoreLib, Version=8.0.0.0, Culture=neutral, PublicKeyToken=7cec85d7bea7798e]], EmployeeApp, Version=1.0.0.0, Culture=neutral, PublicKeyToken=null]]'.
2025-03-25 14:07:52.851 +05:30 [INF] Executed page /Dashboard/Index in 9.0659ms
2025-03-25 14:07:52.852 +05:30 [INF] Executed endpoint '/Dashboard/Index'
2025-03-25 14:07:52.852 +05:30 [INF] HTTP GET /Dashboard/Index responded 200 in 14.2640 ms
2025-03-25 14:07:52.853 +05:30 [INF] Request finished HTTP/2 GET https://localhost:7134/Dashboard/Index?handler=SearchEmployees&query=john - 200 null application/json; charset=utf-8 18.0248ms
2025-03-25 14:07:53.911 +05:30 [INF] Request starting HTTP/2 GET https://localhost:7134/Dashboard/Index?handler=SearchEmployees&query=johny - null null
2025-03-25 14:07:53.917 +05:30 [INF] Executing endpoint '/Dashboard/Index'
2025-03-25 14:07:53.918 +05:30 [INF] Route matched with {page = "/Dashboard/Index"}. Executing page /Dashboard/Index
2025-03-25 14:07:53.919 +05:30 [INF] Executing handler method EmployeeApp.Pages.Dashboard.IndexModel.OnGetSearchEmployeesAsync - ModelState is "Valid"
2025-03-25 14:07:53.922 +05:30 [INF] Executed DbCommand (1ms) [Parameters=[@__query_0_startswith='?' (Size = 4000)], CommandType='"Text"', CommandTimeout='30']
SELECT [e].[Name], [e].[Email], [e].[PhoneNumber], [e].[Department], [e].[Salary]
FROM [Employees] AS [e]
WHERE [e].[Name] LIKE @__query_0_startswith ESCAPE N'\'
2025-03-25 14:07:53.925 +05:30 [INF] Executed handler method OnGetSearchEmployeesAsync, returned result Microsoft.AspNetCore.Mvc.JsonResult.
2025-03-25 14:07:53.926 +05:30 [INF] Executing JsonResult, writing value of type 'System.Collections.Generic.List`1[[<>f__AnonymousType10`5[[System.String, System.Private.CoreLib, Version=8.0.0.0, Culture=neutral, PublicKeyToken=7cec85d7bea7798e],[System.String, System.Private.CoreLib, Version=8.0.0.0, Culture=neutral, PublicKeyToken=7cec85d7bea7798e],[System.String, System.Private.CoreLib, Version=8.0.0.0, Culture=neutral, PublicKeyToken=7cec85d7bea7798e],[System.String, System.Private.CoreLib, Version=8.0.0.0, Culture=neutral, PublicKeyToken=7cec85d7bea7798e],[System.Decimal, System.Private.CoreLib, Version=8.0.0.0, Culture=neutral, PublicKeyToken=7cec85d7bea7798e]], EmployeeApp, Version=1.0.0.0, Culture=neutral, PublicKeyToken=null]]'.
2025-03-25 14:07:53.928 +05:30 [INF] Executed page /Dashboard/Index in 8.7831ms
2025-03-25 14:07:53.929 +05:30 [INF] Executed endpoint '/Dashboard/Index'
2025-03-25 14:07:53.930 +05:30 [INF] HTTP GET /Dashboard/Index responded 200 in 14.1665 ms
2025-03-25 14:07:53.932 +05:30 [INF] Request finished HTTP/2 GET https://localhost:7134/Dashboard/Index?handler=SearchEmployees&query=johny - 200 null application/json; charset=utf-8 20.9014ms
2025-03-25 14:07:56.747 +05:30 [INF] Request starting HTTP/2 GET https://localhost:7134/EmployeeManagement/Index - null null
2025-03-25 14:07:56.759 +05:30 [INF] Executing endpoint '/EmployeeManagement/Index'
2025-03-25 14:07:56.763 +05:30 [INF] Route matched with {page = "/EmployeeManagement/Index"}. Executing page /EmployeeManagement/Index
2025-03-25 14:07:56.765 +05:30 [INF] Executing handler method EmployeeApp.Pages.EmployeeManagement.IndexModel.OnGetAsync - ModelState is "Valid"
2025-03-25 14:07:56.768 +05:30 [INF] Executed DbCommand (1ms) [Parameters=[], CommandType='"Text"', CommandTimeout='30']
SELECT [e].[Id], [e].[Department], [e].[Email], [e].[Name], [e].[PhoneNumber], [e].[Salary]
FROM [Employees] AS [e]
2025-03-25 14:07:56.771 +05:30 [INF] Executed handler method OnGetAsync, returned result .
2025-03-25 14:07:56.772 +05:30 [INF] Executing an implicit handler method - ModelState is "Valid"
2025-03-25 14:07:56.773 +05:30 [INF] Executed an implicit handler method, returned result Microsoft.AspNetCore.Mvc.RazorPages.PageResult.
2025-03-25 14:07:56.781 +05:30 [INF] Executed DbCommand (1ms) [Parameters=[@__p_0='?' (Size = 450)], CommandType='"Text"', CommandTimeout='30']
SELECT TOP(1) [a].[Id], [a].[AccessFailedCount], [a].[ConcurrencyStamp], [a].[Email], [a].[EmailConfirmed], [a].[FullName], [a].[LockoutEnabled], [a].[LockoutEnd], [a].[NormalizedEmail], [a].[NormalizedUserName], [a].[PasswordHash], [a].[PhoneNumber], [a].[PhoneNumberConfirmed], [a].[SecurityStamp], [a].[TwoFactorEnabled], [a].[UserName]
FROM [AspNetUsers] AS [a]
WHERE [a].[Id] = @__p_0
2025-03-25 14:07:56.784 +05:30 [INF] Executed DbCommand (0ms) [Parameters=[@__userId_0='?' (Size = 450)], CommandType='"Text"', CommandTimeout='30']
SELECT [a0].[Name]
FROM [AspNetUserRoles] AS [a]
INNER JOIN [AspNetRoles] AS [a0] ON [a].[RoleId] = [a0].[Id]
WHERE [a].[UserId] = @__userId_0
2025-03-25 14:07:56.790 +05:30 [INF] Executed page /EmployeeManagement/Index in 25.3818ms
2025-03-25 14:07:56.792 +05:30 [INF] Executed endpoint '/EmployeeManagement/Index'
2025-03-25 14:07:56.792 +05:30 [INF] HTTP GET /EmployeeManagement/Index responded 200 in 41.2044 ms
2025-03-25 14:07:56.795 +05:30 [INF] Request finished HTTP/2 GET https://localhost:7134/EmployeeManagement/Index - 200 null text/html; charset=utf-8 47.4992ms
2025-03-25 14:07:56.802 +05:30 [INF] Request starting HTTP/2 GET https://localhost:7134/_framework/aspnetcore-browser-refresh.js - null null
2025-03-25 14:07:56.802 +05:30 [INF] Request starting HTTP/2 GET https://localhost:7134/_vs/browserLink - null null
2025-03-25 14:07:56.804 +05:30 [INF] Request finished HTTP/2 GET https://localhost:7134/_framework/aspnetcore-browser-refresh.js - 200 13758 application/javascript; charset=utf-8 2.074ms
2025-03-25 14:07:56.809 +05:30 [INF] Request finished HTTP/2 GET https://localhost:7134/_vs/browserLink - 200 null text/javascript; charset=UTF-8 6.2444ms
2025-03-25 14:08:06.803 +05:30 [INF] Request starting HTTP/2 POST https://localhost:7134/EmployeeManagement/Index?handler=Delete - application/x-www-form-urlencoded; charset=UTF-8 230
2025-03-25 14:08:06.813 +05:30 [INF] Executing endpoint '/EmployeeManagement/Index'
2025-03-25 14:08:06.814 +05:30 [INF] Route matched with {page = "/EmployeeManagement/Index"}. Executing page /EmployeeManagement/Index
2025-03-25 14:08:06.818 +05:30 [INF] Executing handler method EmployeeApp.Pages.EmployeeManagement.IndexModel.OnPostDeleteAsync - ModelState is "Valid"
2025-03-25 14:08:06.830 +05:30 [INF] Executed DbCommand (4ms) [Parameters=[@__p_0='?' (DbType = Int32)], CommandType='"Text"', CommandTimeout='30']
SELECT TOP(1) [e].[Id], [e].[Department], [e].[Email], [e].[Name], [e].[PhoneNumber], [e].[Salary]
FROM [Employees] AS [e]
WHERE [e].[Id] = @__p_0
2025-03-25 14:08:06.955 +05:30 [INF] Executed DbCommand (8ms) [Parameters=[@p0='?' (DbType = Int32)], CommandType='"Text"', CommandTimeout='30']
SET IMPLICIT_TRANSACTIONS OFF;
SET NOCOUNT ON;
DELETE FROM [Employees]
OUTPUT 1
WHERE [Id] = @p0;
2025-03-25 14:08:06.977 +05:30 [INF] Executed handler method OnPostDeleteAsync, returned result Microsoft.AspNetCore.Mvc.JsonResult.
2025-03-25 14:08:06.979 +05:30 [INF] Executing JsonResult, writing value of type '<>f__AnonymousType12`1[[System.Boolean, System.Private.CoreLib, Version=8.0.0.0, Culture=neutral, PublicKeyToken=7cec85d7bea7798e]]'.
2025-03-25 14:08:06.985 +05:30 [INF] Executed page /EmployeeManagement/Index in 169.8954ms
2025-03-25 14:08:06.987 +05:30 [INF] Executed endpoint '/EmployeeManagement/Index'
2025-03-25 14:08:06.987 +05:30 [INF] HTTP POST /EmployeeManagement/Index responded 200 in 181.3526 ms
2025-03-25 14:08:06.988 +05:30 [INF] Request finished HTTP/2 POST https://localhost:7134/EmployeeManagement/Index?handler=Delete - 200 null application/json; charset=utf-8 185.4057ms
2025-03-25 14:08:13.717 +05:30 [INF] Request starting HTTP/2 GET https://localhost:7134/EmployeeManagement/Edit?id=3 - null null
2025-03-25 14:08:13.725 +05:30 [INF] Executing endpoint '/EmployeeManagement/Edit'
2025-03-25 14:08:13.732 +05:30 [INF] Route matched with {page = "/EmployeeManagement/Edit"}. Executing page /EmployeeManagement/Edit
2025-03-25 14:08:13.733 +05:30 [INF] Executing handler method EmployeeApp.Pages.EmployeeManagement.EditModel.OnGetAsync - ModelState is "Valid"
2025-03-25 14:08:13.749 +05:30 [INF] Executed DbCommand (12ms) [Parameters=[@__p_0='?' (DbType = Int32)], CommandType='"Text"', CommandTimeout='30']
SELECT TOP(1) [e].[Id], [e].[Department], [e].[Email], [e].[Name], [e].[PhoneNumber], [e].[Salary]
FROM [Employees] AS [e]
WHERE [e].[Id] = @__p_0
2025-03-25 14:08:13.752 +05:30 [INF] Executed handler method OnGetAsync, returned result Microsoft.AspNetCore.Mvc.RazorPages.PageResult.
2025-03-25 14:08:13.793 +05:30 [INF] Executed DbCommand (12ms) [Parameters=[@__p_0='?' (Size = 450)], CommandType='"Text"', CommandTimeout='30']
SELECT TOP(1) [a].[Id], [a].[AccessFailedCount], [a].[ConcurrencyStamp], [a].[Email], [a].[EmailConfirmed], [a].[FullName], [a].[LockoutEnabled], [a].[LockoutEnd], [a].[NormalizedEmail], [a].[NormalizedUserName], [a].[PasswordHash], [a].[PhoneNumber], [a].[PhoneNumberConfirmed], [a].[SecurityStamp], [a].[TwoFactorEnabled], [a].[UserName]
FROM [AspNetUsers] AS [a]
WHERE [a].[Id] = @__p_0
2025-03-25 14:08:13.800 +05:30 [INF] Executed DbCommand (5ms) [Parameters=[@__userId_0='?' (Size = 450)], CommandType='"Text"', CommandTimeout='30']
SELECT [a0].[Name]
FROM [AspNetUserRoles] AS [a]
INNER JOIN [AspNetRoles] AS [a0] ON [a].[RoleId] = [a0].[Id]
WHERE [a].[UserId] = @__userId_0
2025-03-25 14:08:13.802 +05:30 [INF] Executed page /EmployeeManagement/Edit in 69.0641ms
2025-03-25 14:08:13.803 +05:30 [INF] Executed endpoint '/EmployeeManagement/Edit'
2025-03-25 14:08:13.804 +05:30 [INF] HTTP GET /EmployeeManagement/Edit responded 200 in 81.1608 ms
2025-03-25 14:08:13.805 +05:30 [INF] Request finished HTTP/2 GET https://localhost:7134/EmployeeManagement/Edit?id=3 - 200 null text/html; charset=utf-8 88.0115ms
2025-03-25 14:08:13.815 +05:30 [INF] Request starting HTTP/2 GET https://localhost:7134/_vs/browserLink - null null
2025-03-25 14:08:13.815 +05:30 [INF] Request starting HTTP/2 GET https://localhost:7134/_framework/aspnetcore-browser-refresh.js - null null
2025-03-25 14:08:13.817 +05:30 [INF] Request finished HTTP/2 GET https://localhost:7134/_framework/aspnetcore-browser-refresh.js - 200 13758 application/javascript; charset=utf-8 2.9215ms
2025-03-25 14:08:13.818 +05:30 [INF] Request finished HTTP/2 GET https://localhost:7134/_vs/browserLink - 200 null text/javascript; charset=UTF-8 3.89ms
2025-03-25 14:08:20.074 +05:30 [INF] Request starting HTTP/2 POST https://localhost:7134/EmployeeManagement/Edit?id=3 - application/x-www-form-urlencoded 400
2025-03-25 14:08:20.078 +05:30 [INF] Executing endpoint '/EmployeeManagement/Edit'
2025-03-25 14:08:20.079 +05:30 [INF] Route matched with {page = "/EmployeeManagement/Edit"}. Executing page /EmployeeManagement/Edit
2025-03-25 14:08:20.085 +05:30 [INF] Executing handler method EmployeeApp.Pages.EmployeeManagement.EditModel.OnPostAsync - ModelState is "Valid"
2025-03-25 14:08:20.116 +05:30 [INF] Executed DbCommand (19ms) [Parameters=[@p5='?' (DbType = Int32), @p0='?' (Size = 4000), @p1='?' (Size = 4000), @p2='?' (Size = 4000), @p3='?' (Size = 4000), @p4='?' (Precision = 18) (Scale = 2) (DbType = Decimal)], CommandType='"Text"', CommandTimeout='30']
SET IMPLICIT_TRANSACTIONS OFF;
SET NOCOUNT ON;
UPDATE [Employees] SET [Department] = @p0, [Email] = @p1, [Name] = @p2, [PhoneNumber] = @p3, [Salary] = @p4
OUTPUT 1
WHERE [Id] = @p5;
2025-03-25 14:08:20.119 +05:30 [INF] Executed handler method OnPostAsync, returned result Microsoft.AspNetCore.Mvc.RedirectToPageResult.
2025-03-25 14:08:20.120 +05:30 [INF] Executing RedirectToPageResult, redirecting to Index.
2025-03-25 14:08:20.121 +05:30 [INF] Executed page /EmployeeManagement/Edit in 40.6045ms
2025-03-25 14:08:20.121 +05:30 [INF] Executed endpoint '/EmployeeManagement/Edit'
2025-03-25 14:08:20.123 +05:30 [INF] HTTP POST /EmployeeManagement/Edit responded 302 in 45.9616 ms
2025-03-25 14:08:20.125 +05:30 [INF] Request finished HTTP/2 POST https://localhost:7134/EmployeeManagement/Edit?id=3 - 302 0 null 51.6163ms
2025-03-25 14:08:20.129 +05:30 [INF] Request starting HTTP/2 GET https://localhost:7134/EmployeeManagement - null null
2025-03-25 14:08:20.133 +05:30 [INF] Executing endpoint '/EmployeeManagement/Index'
2025-03-25 14:08:20.136 +05:30 [INF] Route matched with {page = "/EmployeeManagement/Index"}. Executing page /EmployeeManagement/Index
2025-03-25 14:08:20.137 +05:30 [INF] Executing handler method EmployeeApp.Pages.EmployeeManagement.IndexModel.OnGetAsync - ModelState is "Valid"
2025-03-25 14:08:20.140 +05:30 [INF] Executed DbCommand (1ms) [Parameters=[], CommandType='"Text"', CommandTimeout='30']
SELECT [e].[Id], [e].[Department], [e].[Email], [e].[Name], [e].[PhoneNumber], [e].[Salary]
FROM [Employees] AS [e]
2025-03-25 14:08:20.142 +05:30 [INF] Executed handler method OnGetAsync, returned result .
2025-03-25 14:08:20.143 +05:30 [INF] Executing an implicit handler method - ModelState is "Valid"
2025-03-25 14:08:20.144 +05:30 [INF] Executed an implicit handler method, returned result Microsoft.AspNetCore.Mvc.RazorPages.PageResult.
2025-03-25 14:08:20.153 +05:30 [INF] Executed DbCommand (6ms) [Parameters=[@__p_0='?' (Size = 450)], CommandType='"Text"', CommandTimeout='30']
SELECT TOP(1) [a].[Id], [a].[AccessFailedCount], [a].[ConcurrencyStamp], [a].[Email], [a].[EmailConfirmed], [a].[FullName], [a].[LockoutEnabled], [a].[LockoutEnd], [a].[NormalizedEmail], [a].[NormalizedUserName], [a].[PasswordHash], [a].[PhoneNumber], [a].[PhoneNumberConfirmed], [a].[SecurityStamp], [a].[TwoFactorEnabled], [a].[UserName]
FROM [AspNetUsers] AS [a]
WHERE [a].[Id] = @__p_0
2025-03-25 14:08:20.158 +05:30 [INF] Executed DbCommand (3ms) [Parameters=[@__userId_0='?' (Size = 450)], CommandType='"Text"', CommandTimeout='30']
SELECT [a0].[Name]
FROM [AspNetUserRoles] AS [a]
INNER JOIN [AspNetRoles] AS [a0] ON [a].[RoleId] = [a0].[Id]
WHERE [a].[UserId] = @__userId_0
2025-03-25 14:08:20.162 +05:30 [INF] Executed page /EmployeeManagement/Index in 24.8861ms
2025-03-25 14:08:20.164 +05:30 [INF] Executed endpoint '/EmployeeManagement/Index'
2025-03-25 14:08:20.165 +05:30 [INF] HTTP GET /EmployeeManagement responded 200 in 32.8310 ms
2025-03-25 14:08:20.168 +05:30 [INF] Request finished HTTP/2 GET https://localhost:7134/EmployeeManagement - 200 null text/html; charset=utf-8 39.3685ms
2025-03-25 14:08:20.176 +05:30 [INF] Request starting HTTP/2 GET https://localhost:7134/_vs/browserLink - null null
2025-03-25 14:08:20.179 +05:30 [INF] Request starting HTTP/2 GET https://localhost:7134/_framework/aspnetcore-browser-refresh.js - null null
2025-03-25 14:08:20.181 +05:30 [INF] Request finished HTTP/2 GET https://localhost:7134/_vs/browserLink - 200 null text/javascript; charset=UTF-8 4.7562ms
2025-03-25 14:08:20.182 +05:30 [INF] Request finished HTTP/2 GET https://localhost:7134/_framework/aspnetcore-browser-refresh.js - 200 13758 application/javascript; charset=utf-8 2.7739ms
2025-03-25 14:08:25.222 +05:30 [INF] Request starting HTTP/2 POST https://localhost:7134/Account/Logout - application/x-www-form-urlencoded 225
2025-03-25 14:08:25.228 +05:30 [INF] Executing endpoint '/Account/Logout'
2025-03-25 14:08:25.232 +05:30 [INF] Route matched with {page = "/Account/Logout"}. Executing page /Account/Logout
2025-03-25 14:08:25.233 +05:30 [INF] Executing handler method EmployeeApp.Pages.Account.LogoutModel.OnPost - ModelState is "Valid"
2025-03-25 14:08:25.234 +05:30 [INF] AuthenticationScheme: Identity.Application signed out.
2025-03-25 14:08:25.235 +05:30 [INF] AuthenticationScheme: Identity.External signed out.
2025-03-25 14:08:25.236 +05:30 [INF] AuthenticationScheme: Identity.TwoFactorUserId signed out.
2025-03-25 14:08:25.237 +05:30 [INF] Executed handler method OnPost, returned result Microsoft.AspNetCore.Mvc.RedirectToPageResult.
2025-03-25 14:08:25.237 +05:30 [INF] Executing RedirectToPageResult, redirecting to /Account/Login.
2025-03-25 14:08:25.238 +05:30 [INF] Executed page /Account/Logout in 5.9506ms
2025-03-25 14:08:25.239 +05:30 [INF] Executed endpoint '/Account/Logout'
2025-03-25 14:08:25.239 +05:30 [INF] HTTP POST /Account/Logout responded 302 in 12.1013 ms
2025-03-25 14:08:25.240 +05:30 [INF] Request finished HTTP/2 POST https://localhost:7134/Account/Logout - 302 0 null 18.0797ms
2025-03-25 14:08:25.242 +05:30 [INF] Request starting HTTP/2 GET https://localhost:7134/Account/Login - null null
2025-03-25 14:08:25.244 +05:30 [INF] Executing endpoint '/Account/Login'
2025-03-25 14:08:25.245 +05:30 [INF] Route matched with {page = "/Account/Login"}. Executing page /Account/Login
2025-03-25 14:08:25.246 +05:30 [INF] Executing an implicit handler method - ModelState is "Valid"
2025-03-25 14:08:25.247 +05:30 [INF] Executed an implicit handler method, returned result Microsoft.AspNetCore.Mvc.RazorPages.PageResult.
2025-03-25 14:08:25.249 +05:30 [INF] Executed page /Account/Login in 3.8381ms
2025-03-25 14:08:25.250 +05:30 [INF] Executed endpoint '/Account/Login'
2025-03-25 14:08:25.252 +05:30 [INF] HTTP GET /Account/Login responded 200 in 7.6108 ms
2025-03-25 14:08:25.254 +05:30 [INF] Request finished HTTP/2 GET https://localhost:7134/Account/Login - 200 null text/html; charset=utf-8 11.5379ms
2025-03-25 14:08:25.261 +05:30 [INF] Request starting HTTP/2 GET https://localhost:7134/_vs/browserLink - null null
2025-03-25 14:08:25.261 +05:30 [INF] Request starting HTTP/2 GET https://localhost:7134/_framework/aspnetcore-browser-refresh.js - null null
2025-03-25 14:08:25.265 +05:30 [INF] Request finished HTTP/2 GET https://localhost:7134/_framework/aspnetcore-browser-refresh.js - 200 13758 application/javascript; charset=utf-8 3.2215ms
2025-03-25 14:08:25.266 +05:30 [INF] Request finished HTTP/2 GET https://localhost:7134/_vs/browserLink - 200 null text/javascript; charset=UTF-8 4.4388ms
2025-03-25 14:08:27.002 +05:30 [INF] Request starting HTTP/2 GET https://localhost:7134/ - null null
2025-03-25 14:08:27.007 +05:30 [INF] Executing endpoint '/Index'
2025-03-25 14:08:27.007 +05:30 [INF] Route matched with {page = "/Index"}. Executing page /Index
2025-03-25 14:08:27.010 +05:30 [INF] Executing handler method EmployeeApp.Pages.IndexModel.OnGet - ModelState is "Valid"
2025-03-25 14:08:27.011 +05:30 [INF] Executed handler method OnGet, returned result .
2025-03-25 14:08:27.011 +05:30 [INF] Executing an implicit handler method - ModelState is "Valid"
2025-03-25 14:08:27.012 +05:30 [INF] Executed an implicit handler method, returned result Microsoft.AspNetCore.Mvc.RazorPages.PageResult.
2025-03-25 14:08:27.014 +05:30 [INF] Executed page /Index in 4.4069ms
2025-03-25 14:08:27.015 +05:30 [INF] Executed endpoint '/Index'
2025-03-25 14:08:27.016 +05:30 [INF] HTTP GET / responded 200 in 9.2977 ms
2025-03-25 14:08:27.017 +05:30 [INF] Request finished HTTP/2 GET https://localhost:7134/ - 200 null text/html; charset=utf-8 15.1482ms
2025-03-25 14:08:27.027 +05:30 [INF] Request starting HTTP/2 GET https://localhost:7134/_framework/aspnetcore-browser-refresh.js - null null
2025-03-25 14:08:27.027 +05:30 [INF] Request starting HTTP/2 GET https://localhost:7134/_vs/browserLink - null null
2025-03-25 14:08:27.029 +05:30 [INF] Request finished HTTP/2 GET https://localhost:7134/_framework/aspnetcore-browser-refresh.js - 200 13758 application/javascript; charset=utf-8 2.4552ms
2025-03-25 14:08:27.034 +05:30 [INF] Request finished HTTP/2 GET https://localhost:7134/_vs/browserLink - 200 null text/javascript; charset=UTF-8 7.4071ms
2025-03-25 14:08:28.852 +05:30 [INF] Request starting HTTP/2 GET https://localhost:7134/Account/Login - null null
2025-03-25 14:08:28.857 +05:30 [INF] Executing endpoint '/Account/Login'
2025-03-25 14:08:28.858 +05:30 [INF] Route matched with {page = "/Account/Login"}. Executing page /Account/Login
2025-03-25 14:08:28.860 +05:30 [INF] Executing an implicit handler method - ModelState is "Valid"
2025-03-25 14:08:28.862 +05:30 [INF] Executed an implicit handler method, returned result Microsoft.AspNetCore.Mvc.RazorPages.PageResult.
2025-03-25 14:08:28.865 +05:30 [INF] Executed page /Account/Login in 6.048ms
2025-03-25 14:08:28.867 +05:30 [INF] Executed endpoint '/Account/Login'
2025-03-25 14:08:28.869 +05:30 [INF] HTTP GET /Account/Login responded 200 in 11.4617 ms
2025-03-25 14:08:28.870 +05:30 [INF] Request finished HTTP/2 GET https://localhost:7134/Account/Login - 200 null text/html; charset=utf-8 18.7392ms
2025-03-25 14:08:28.877 +05:30 [INF] Request starting HTTP/2 GET https://localhost:7134/_framework/aspnetcore-browser-refresh.js - null null
2025-03-25 14:08:28.877 +05:30 [INF] Request starting HTTP/2 GET https://localhost:7134/_vs/browserLink - null null
2025-03-25 14:08:28.879 +05:30 [INF] Request finished HTTP/2 GET https://localhost:7134/_framework/aspnetcore-browser-refresh.js - 200 13758 application/javascript; charset=utf-8 1.477ms
2025-03-25 14:08:28.884 +05:30 [INF] Request finished HTTP/2 GET https://localhost:7134/_vs/browserLink - 200 null text/javascript; charset=UTF-8 6.4904ms
2025-03-25 14:08:31.234 +05:30 [INF] Request starting HTTP/2 GET https://localhost:7134/ - null null
2025-03-25 14:08:31.239 +05:30 [INF] Executing endpoint '/Index'
2025-03-25 14:08:31.240 +05:30 [INF] Route matched with {page = "/Index"}. Executing page /Index
2025-03-25 14:08:31.241 +05:30 [INF] Executing handler method EmployeeApp.Pages.IndexModel.OnGet - ModelState is "Valid"
2025-03-25 14:08:31.243 +05:30 [INF] Executed handler method OnGet, returned result .
2025-03-25 14:08:31.244 +05:30 [INF] Executing an implicit handler method - ModelState is "Valid"
2025-03-25 14:08:31.244 +05:30 [INF] Executed an implicit handler method, returned result Microsoft.AspNetCore.Mvc.RazorPages.PageResult.
2025-03-25 14:08:31.246 +05:30 [INF] Executed page /Index in 4.3291ms
2025-03-25 14:08:31.247 +05:30 [INF] Executed endpoint '/Index'
2025-03-25 14:08:31.249 +05:30 [INF] HTTP GET / responded 200 in 9.3745 ms
2025-03-25 14:08:31.250 +05:30 [INF] Request finished HTTP/2 GET https://localhost:7134/ - 200 null text/html; charset=utf-8 15.4615ms
2025-03-25 14:08:31.258 +05:30 [INF] Request starting HTTP/2 GET https://localhost:7134/_framework/aspnetcore-browser-refresh.js - null null
2025-03-25 14:08:31.258 +05:30 [INF] Request starting HTTP/2 GET https://localhost:7134/_vs/browserLink - null null
2025-03-25 14:08:31.260 +05:30 [INF] Request finished HTTP/2 GET https://localhost:7134/_framework/aspnetcore-browser-refresh.js - 200 13758 application/javascript; charset=utf-8 1.8221ms
2025-03-25 14:08:31.264 +05:30 [INF] Request finished HTTP/2 GET https://localhost:7134/_vs/browserLink - 200 null text/javascript; charset=UTF-8 5.752ms
2025-03-25 17:17:24.676 +05:30 [INF] User profile is available. Using 'C:\Users\liyan\AppData\Local\ASP.NET\DataProtection-Keys' as key repository and Windows DPAPI to encrypt keys at rest.
2025-03-25 17:17:24.757 +05:30 [INF] EmployeeApp started successfully.
2025-03-25 17:17:24.862 +05:30 [INF] Now listening on: https://localhost:7134
2025-03-25 17:17:24.863 +05:30 [INF] Now listening on: http://localhost:5207
2025-03-25 17:17:24.921 +05:30 [INF] Application started. Press Ctrl+C to shut down.
2025-03-25 17:17:24.923 +05:30 [INF] Hosting environment: Development
2025-03-25 17:17:24.925 +05:30 [INF] Content root path: C:\Users\liyan\Documents\GitHub\CCS\EmployeeApp
2025-03-25 17:17:25.351 +05:30 [INF] Request starting HTTP/2 GET https://localhost:7134/ - null null
2025-03-25 17:17:25.451 +05:30 [INF] Executing endpoint '/Index'
2025-03-25 17:17:25.480 +05:30 [INF] Route matched with {page = "/Index"}. Executing page /Index
2025-03-25 17:17:25.487 +05:30 [INF] Executing handler method EmployeeApp.Pages.IndexModel.OnGet - ModelState is "Valid"
2025-03-25 17:17:25.489 +05:30 [INF] Executed handler method OnGet, returned result .
2025-03-25 17:17:25.493 +05:30 [INF] Executing an implicit handler method - ModelState is "Valid"
2025-03-25 17:17:25.494 +05:30 [INF] Executed an implicit handler method, returned result Microsoft.AspNetCore.Mvc.RazorPages.PageResult.
2025-03-25 17:17:25.670 +05:30 [INF] Executed page /Index in 184.7702ms
2025-03-25 17:17:25.682 +05:30 [INF] Executed endpoint '/Index'
2025-03-25 17:17:25.689 +05:30 [INF] HTTP GET / responded 200 in 251.6876 ms
2025-03-25 17:17:25.702 +05:30 [INF] Request starting HTTP/2 GET https://localhost:7134/_vs/browserLink - null null
2025-03-25 17:17:25.702 +05:30 [INF] Request starting HTTP/2 GET https://localhost:7134/_framework/aspnetcore-browser-refresh.js - null null
2025-03-25 17:17:25.709 +05:30 [INF] Request finished HTTP/2 GET https://localhost:7134/ - 200 null text/html; charset=utf-8 361.67ms
2025-03-25 17:17:25.733 +05:30 [INF] Request finished HTTP/2 GET https://localhost:7134/_framework/aspnetcore-browser-refresh.js - 200 13758 application/javascript; charset=utf-8 31.2843ms
2025-03-25 17:17:25.775 +05:30 [INF] Request finished HTTP/2 GET https://localhost:7134/_vs/browserLink - 200 null text/javascript; charset=UTF-8 73.4276ms
2025-03-25 17:17:28.612 +05:30 [INF] Request starting HTTP/2 GET https://localhost:7134/Account/Login - null null
2025-03-25 17:17:28.624 +05:30 [INF] Executing endpoint '/Account/Login'
2025-03-25 17:17:28.636 +05:30 [INF] Route matched with {page = "/Account/Login"}. Executing page /Account/Login
2025-03-25 17:17:28.657 +05:30 [INF] Executing an implicit handler method - ModelState is "Valid"
2025-03-25 17:17:28.662 +05:30 [INF] Executed an implicit handler method, returned result Microsoft.AspNetCore.Mvc.RazorPages.PageResult.
2025-03-25 17:17:28.721 +05:30 [INF] Executed page /Account/Login in 80.6158ms
2025-03-25 17:17:28.724 +05:30 [INF] Executed endpoint '/Account/Login'
2025-03-25 17:17:28.727 +05:30 [INF] HTTP GET /Account/Login responded 200 in 105.0323 ms
2025-03-25 17:17:28.734 +05:30 [INF] Request finished HTTP/2 GET https://localhost:7134/Account/Login - 200 null text/html; charset=utf-8 121.7678ms
2025-03-25 17:17:28.746 +05:30 [INF] Request starting HTTP/2 GET https://localhost:7134/_vs/browserLink - null null
2025-03-25 17:17:28.751 +05:30 [INF] Request starting HTTP/2 GET https://localhost:7134/_framework/aspnetcore-browser-refresh.js - null null
2025-03-25 17:17:28.756 +05:30 [INF] Request finished HTTP/2 GET https://localhost:7134/_framework/aspnetcore-browser-refresh.js - 200 13758 application/javascript; charset=utf-8 5.3733ms
2025-03-25 17:17:28.766 +05:30 [INF] Request finished HTTP/2 GET https://localhost:7134/_vs/browserLink - 200 null text/javascript; charset=UTF-8 19.2787ms
2025-03-25 17:17:35.432 +05:30 [INF] Request starting HTTP/2 POST https://localhost:7134/Account/Login - application/x-www-form-urlencoded 240
2025-03-25 17:17:35.452 +05:30 [INF] Executing endpoint '/Account/Login'
2025-03-25 17:17:35.455 +05:30 [INF] Route matched with {page = "/Account/Login"}. Executing page /Account/Login
2025-03-25 17:17:35.518 +05:30 [INF] Executing handler method EmployeeApp.Pages.Account.LoginModel.OnPostAsync - ModelState is "Valid"
2025-03-25 17:17:36.802 +05:30 [WRN] No store type was specified for the decimal property 'Salary' on entity type 'Employee'. This will cause values to be silently truncated if they do not fit in the default precision and scale. Explicitly specify the SQL server column type that can accommodate all the values in 'OnModelCreating' using 'HasColumnType', specify precision and scale using 'HasPrecision', or configure a value converter using 'HasConversion'.
2025-03-25 17:17:38.303 +05:30 [INF] Executed DbCommand (108ms) [Parameters=[@__normalizedEmail_0='?' (Size = 256)], CommandType='"Text"', CommandTimeout='30']
SELECT TOP(2) [a].[Id], [a].[AccessFailedCount], [a].[ConcurrencyStamp], [a].[Email], [a].[EmailConfirmed], [a].[FullName], [a].[LockoutEnabled], [a].[LockoutEnd], [a].[NormalizedEmail], [a].[NormalizedUserName], [a].[PasswordHash], [a].[PhoneNumber], [a].[PhoneNumberConfirmed], [a].[SecurityStamp], [a].[TwoFactorEnabled], [a].[UserName]
FROM [AspNetUsers] AS [a]
WHERE [a].[NormalizedEmail] = @__normalizedEmail_0
2025-03-25 17:17:38.546 +05:30 [INF] Executed DbCommand (11ms) [Parameters=[@__normalizedUserName_0='?' (Size = 256)], CommandType='"Text"', CommandTimeout='30']
SELECT TOP(1) [a].[Id], [a].[AccessFailedCount], [a].[ConcurrencyStamp], [a].[Email], [a].[EmailConfirmed], [a].[FullName], [a].[LockoutEnabled], [a].[LockoutEnd], [a].[NormalizedEmail], [a].[NormalizedUserName], [a].[PasswordHash], [a].[PhoneNumber], [a].[PhoneNumberConfirmed], [a].[SecurityStamp], [a].[TwoFactorEnabled], [a].[UserName]
FROM [AspNetUsers] AS [a]
WHERE [a].[NormalizedUserName] = @__normalizedUserName_0
2025-03-25 17:17:38.932 +05:30 [INF] Executed DbCommand (5ms) [Parameters=[@__user_Id_0='?' (Size = 450)], CommandType='"Text"', CommandTimeout='30']
SELECT [a].[Id], [a].[ClaimType], [a].[ClaimValue], [a].[UserId]
FROM [AspNetUserClaims] AS [a]
WHERE [a].[UserId] = @__user_Id_0
2025-03-25 17:17:38.997 +05:30 [INF] Executed DbCommand (7ms) [Parameters=[@__userId_0='?' (Size = 450)], CommandType='"Text"', CommandTimeout='30']
SELECT [a0].[Name]
FROM [AspNetUserRoles] AS [a]
INNER JOIN [AspNetRoles] AS [a0] ON [a].[RoleId] = [a0].[Id]
WHERE [a].[UserId] = @__userId_0
2025-03-25 17:17:39.023 +05:30 [INF] Executed DbCommand (2ms) [Parameters=[@__normalizedName_0='?' (Size = 256)], CommandType='"Text"', CommandTimeout='30']
SELECT TOP(1) [a].[Id], [a].[ConcurrencyStamp], [a].[Name], [a].[NormalizedName]
FROM [AspNetRoles] AS [a]
WHERE [a].[NormalizedName] = @__normalizedName_0
2025-03-25 17:17:39.075 +05:30 [INF] Executed DbCommand (5ms) [Parameters=[@__role_Id_0='?' (Size = 450)], CommandType='"Text"', CommandTimeout='30']
SELECT [a].[ClaimType], [a].[ClaimValue]
FROM [AspNetRoleClaims] AS [a]
WHERE [a].[RoleId] = @__role_Id_0
2025-03-25 17:17:39.094 +05:30 [INF] AuthenticationScheme: Identity.Application signed in.
2025-03-25 17:17:39.101 +05:30 [INF] Executed handler method OnPostAsync, returned result Microsoft.AspNetCore.Mvc.RedirectToPageResult.
2025-03-25 17:17:39.109 +05:30 [INF] Executing RedirectToPageResult, redirecting to /Dashboard/Index.
2025-03-25 17:17:39.112 +05:30 [INF] Executed page /Account/Login in 3655.2791ms
2025-03-25 17:17:39.116 +05:30 [INF] Executed endpoint '/Account/Login'
2025-03-25 17:17:39.120 +05:30 [INF] HTTP POST /Account/Login responded 302 in 3678.4823 ms
2025-03-25 17:17:39.132 +05:30 [INF] Request starting HTTP/2 GET https://localhost:7134/Dashboard - null null
2025-03-25 17:17:39.136 +05:30 [INF] Request finished HTTP/2 POST https://localhost:7134/Account/Login - 302 0 null 3703.7423ms
2025-03-25 17:17:39.145 +05:30 [INF] Executing endpoint '/Dashboard/Index'
2025-03-25 17:17:39.154 +05:30 [INF] Route matched with {page = "/Dashboard/Index"}. Executing page /Dashboard/Index
2025-03-25 17:17:39.157 +05:30 [INF] Executing handler method EmployeeApp.Pages.Dashboard.IndexModel.OnGetAsync - ModelState is "Valid"
2025-03-25 17:17:39.318 +05:30 [INF] Executed DbCommand (8ms) [Parameters=[], CommandType='"Text"', CommandTimeout='30']
SELECT [e].[Id], [e].[Department], [e].[Email], [e].[Name], [e].[PhoneNumber], [e].[Salary]
FROM [Employees] AS [e]
2025-03-25 17:17:39.366 +05:30 [INF] Executed handler method OnGetAsync, returned result Microsoft.AspNetCore.Mvc.RazorPages.PageResult.
2025-03-25 17:17:39.434 +05:30 [INF] Executed DbCommand (6ms) [Parameters=[@__p_0='?' (Size = 450)], CommandType='"Text"', CommandTimeout='30']
SELECT TOP(1) [a].[Id], [a].[AccessFailedCount], [a].[ConcurrencyStamp], [a].[Email], [a].[EmailConfirmed], [a].[FullName], [a].[LockoutEnabled], [a].[LockoutEnd], [a].[NormalizedEmail], [a].[NormalizedUserName], [a].[PasswordHash], [a].[PhoneNumber], [a].[PhoneNumberConfirmed], [a].[SecurityStamp], [a].[TwoFactorEnabled], [a].[UserName]
FROM [AspNetUsers] AS [a]
WHERE [a].[Id] = @__p_0
2025-03-25 17:17:39.450 +05:30 [INF] Executed DbCommand (1ms) [Parameters=[@__userId_0='?' (Size = 450)], CommandType='"Text"', CommandTimeout='30']
SELECT [a0].[Name]
FROM [AspNetUserRoles] AS [a]
INNER JOIN [AspNetRoles] AS [a0] ON [a].[RoleId] = [a0].[Id]
WHERE [a].[UserId] = @__userId_0
2025-03-25 17:17:39.474 +05:30 [INF] Executed page /Dashboard/Index in 317.5269ms
2025-03-25 17:17:39.476 +05:30 [INF] Executed endpoint '/Dashboard/Index'
2025-03-25 17:17:39.477 +05:30 [INF] HTTP GET /Dashboard responded 200 in 338.5013 ms
2025-03-25 17:17:39.479 +05:30 [INF] Request finished HTTP/2 GET https://localhost:7134/Dashboard - 200 null text/html; charset=utf-8 347.3261ms
2025-03-25 17:17:39.489 +05:30 [INF] Request starting HTTP/2 GET https://localhost:7134/_framework/aspnetcore-browser-refresh.js - null null
2025-03-25 17:17:39.489 +05:30 [INF] Request starting HTTP/2 GET https://localhost:7134/_vs/browserLink - null null
2025-03-25 17:17:39.494 +05:30 [INF] Request finished HTTP/2 GET https://localhost:7134/_framework/aspnetcore-browser-refresh.js - 200 13758 application/javascript; charset=utf-8 4.7371ms
2025-03-25 17:17:39.507 +05:30 [INF] Request finished HTTP/2 GET https://localhost:7134/_vs/browserLink - 200 null text/javascript; charset=UTF-8 17.7676ms
2025-03-25 17:17:45.509 +05:30 [INF] Request starting HTTP/2 GET https://localhost:7134/Dashboard/Index?handler=SearchEmployees&query=chr - null null
2025-03-25 17:17:45.520 +05:30 [INF] Executing endpoint '/Dashboard/Index'
2025-03-25 17:17:45.529 +05:30 [INF] Route matched with {page = "/Dashboard/Index"}. Executing page /Dashboard/Index
2025-03-25 17:17:45.541 +05:30 [INF] Executing handler method EmployeeApp.Pages.Dashboard.IndexModel.OnGetSearchEmployeesAsync - ModelState is "Valid"
2025-03-25 17:17:45.614 +05:30 [INF] Executed DbCommand (5ms) [Parameters=[@__query_0_startswith='?' (Size = 4000)], CommandType='"Text"', CommandTimeout='30']
SELECT [e].[Name], [e].[Email], [e].[PhoneNumber], [e].[Department], [e].[Salary]
FROM [Employees] AS [e]
WHERE [e].[Name] LIKE @__query_0_startswith ESCAPE N'\'
2025-03-25 17:17:45.621 +05:30 [INF] Executed handler method OnGetSearchEmployeesAsync, returned result Microsoft.AspNetCore.Mvc.JsonResult.
2025-03-25 17:17:45.630 +05:30 [INF] Executing JsonResult, writing value of type 'System.Collections.Generic.List`1[[<>f__AnonymousType10`5[[System.String, System.Private.CoreLib, Version=8.0.0.0, Culture=neutral, PublicKeyToken=7cec85d7bea7798e],[System.String, System.Private.CoreLib, Version=8.0.0.0, Culture=neutral, PublicKeyToken=7cec85d7bea7798e],[System.String, System.Private.CoreLib, Version=8.0.0.0, Culture=neutral, PublicKeyToken=7cec85d7bea7798e],[System.String, System.Private.CoreLib, Version=8.0.0.0, Culture=neutral, PublicKeyToken=7cec85d7bea7798e],[System.Decimal, System.Private.CoreLib, Version=8.0.0.0, Culture=neutral, PublicKeyToken=7cec85d7bea7798e]], EmployeeApp, Version=1.0.0.0, Culture=neutral, PublicKeyToken=null]]'.
2025-03-25 17:17:45.678 +05:30 [INF] Executed page /Dashboard/Index in 146.786ms
2025-03-25 17:17:45.682 +05:30 [INF] Executed endpoint '/Dashboard/Index'
2025-03-25 17:17:45.684 +05:30 [INF] HTTP GET /Dashboard/Index responded 200 in 167.7346 ms
2025-03-25 17:17:45.688 +05:30 [INF] Request finished HTTP/2 GET https://localhost:7134/Dashboard/Index?handler=SearchEmployees&query=chr - 200 null application/json; charset=utf-8 178.8168ms
2025-03-25 17:27:35.686 +05:30 [INF] Request starting HTTP/2 GET https://localhost:7134/EmployeeManagement/Index - null null
2025-03-25 17:27:35.718 +05:30 [INF] Executing endpoint '/EmployeeManagement/Index'
2025-03-25 17:27:35.732 +05:30 [INF] Route matched with {page = "/EmployeeManagement/Index"}. Executing page /EmployeeManagement/Index
2025-03-25 17:27:35.736 +05:30 [INF] Executing handler method EmployeeApp.Pages.EmployeeManagement.IndexModel.OnGetAsync - ModelState is "Valid"
2025-03-25 17:27:35.781 +05:30 [INF] Executed DbCommand (16ms) [Parameters=[], CommandType='"Text"', CommandTimeout='30']
SELECT [e].[Id], [e].[Department], [e].[Email], [e].[Name], [e].[PhoneNumber], [e].[Salary]
FROM [Employees] AS [e]
2025-03-25 17:27:35.788 +05:30 [INF] Executed handler method OnGetAsync, returned result .
2025-03-25 17:27:35.791 +05:30 [INF] Executing an implicit handler method - ModelState is "Valid"
2025-03-25 17:27:35.794 +05:30 [INF] Executed an implicit handler method, returned result Microsoft.AspNetCore.Mvc.RazorPages.PageResult.
2025-03-25 17:27:35.830 +05:30 [INF] Executed DbCommand (10ms) [Parameters=[@__p_0='?' (Size = 450)], CommandType='"Text"', CommandTimeout='30']
SELECT TOP(1) [a].[Id], [a].[AccessFailedCount], [a].[ConcurrencyStamp], [a].[Email], [a].[EmailConfirmed], [a].[FullName], [a].[LockoutEnabled], [a].[LockoutEnd], [a].[NormalizedEmail], [a].[NormalizedUserName], [a].[PasswordHash], [a].[PhoneNumber], [a].[PhoneNumberConfirmed], [a].[SecurityStamp], [a].[TwoFactorEnabled], [a].[UserName]
FROM [AspNetUsers] AS [a]
WHERE [a].[Id] = @__p_0
2025-03-25 17:27:35.841 +05:30 [INF] Executed DbCommand (4ms) [Parameters=[@__userId_0='?' (Size = 450)], CommandType='"Text"', CommandTimeout='30']
SELECT [a0].[Name]
FROM [AspNetUserRoles] AS [a]
INNER JOIN [AspNetRoles] AS [a0] ON [a].[RoleId] = [a0].[Id]
WHERE [a].[UserId] = @__userId_0
2025-03-25 17:27:35.850 +05:30 [INF] Executed page /EmployeeManagement/Index in 114.711ms
2025-03-25 17:27:35.852 +05:30 [INF] Executed endpoint '/EmployeeManagement/Index'
2025-03-25 17:27:35.854 +05:30 [INF] HTTP GET /EmployeeManagement/Index responded 200 in 152.4168 ms
2025-03-25 17:27:35.860 +05:30 [INF] Request finished HTTP/2 GET https://localhost:7134/EmployeeManagement/Index - 200 null text/html; charset=utf-8 173.2417ms
2025-03-25 17:27:35.879 +05:30 [INF] Request starting HTTP/2 GET https://localhost:7134/_vs/browserLink - null null
2025-03-25 17:27:35.891 +05:30 [INF] Request starting HTTP/2 GET https://localhost:7134/_framework/aspnetcore-browser-refresh.js - null null
2025-03-25 17:27:35.891 +05:30 [INF] Request finished HTTP/2 GET https://localhost:7134/_vs/browserLink - 200 null text/javascript; charset=UTF-8 12.3156ms
2025-03-25 17:27:35.897 +05:30 [INF] Request finished HTTP/2 GET https://localhost:7134/_framework/aspnetcore-browser-refresh.js - 200 13758 application/javascript; charset=utf-8 5.943ms
2025-03-25 17:27:39.939 +05:30 [INF] Request starting HTTP/2 POST https://localhost:7134/EmployeeManagement/Index?handler=Delete - application/x-www-form-urlencoded; charset=UTF-8 230
2025-03-25 17:27:39.954 +05:30 [INF] Executing endpoint '/EmployeeManagement/Index'
2025-03-25 17:27:39.957 +05:30 [INF] Route matched with {page = "/EmployeeManagement/Index"}. Executing page /EmployeeManagement/Index
2025-03-25 17:27:39.964 +05:30 [INF] Executing handler method EmployeeApp.Pages.EmployeeManagement.IndexModel.OnPostDeleteAsync - ModelState is "Valid"
2025-03-25 17:27:39.991 +05:30 [INF] Executed DbCommand (5ms) [Parameters=[@__p_0='?' (DbType = Int32)], CommandType='"Text"', CommandTimeout='30']
SELECT TOP(1) [e].[Id], [e].[Department], [e].[Email], [e].[Name], [e].[PhoneNumber], [e].[Salary]
FROM [Employees] AS [e]
WHERE [e].[Id] = @__p_0
2025-03-25 17:27:40.186 +05:30 [INF] Executed DbCommand (10ms) [Parameters=[@p0='?' (DbType = Int32)], CommandType='"Text"', CommandTimeout='30']
SET IMPLICIT_TRANSACTIONS OFF;
SET NOCOUNT ON;
DELETE FROM [Employees]
OUTPUT 1
WHERE [Id] = @p0;
2025-03-25 17:27:40.219 +05:30 [INF] Executed handler method OnPostDeleteAsync, returned result Microsoft.AspNetCore.Mvc.JsonResult.
2025-03-25 17:27:40.222 +05:30 [INF] Executing JsonResult, writing value of type '<>f__AnonymousType12`1[[System.Boolean, System.Private.CoreLib, Version=8.0.0.0, Culture=neutral, PublicKeyToken=7cec85d7bea7798e]]'.
2025-03-25 17:27:40.232 +05:30 [INF] Executed page /EmployeeManagement/Index in 271.6593ms
2025-03-25 17:27:40.235 +05:30 [INF] Executed endpoint '/EmployeeManagement/Index'
2025-03-25 17:27:40.236 +05:30 [INF] HTTP POST /EmployeeManagement/Index responded 200 in 290.4625 ms
2025-03-25 17:27:40.240 +05:30 [INF] Request finished HTTP/2 POST https://localhost:7134/EmployeeManagement/Index?handler=Delete - 200 null application/json; charset=utf-8 300.7793ms
