2025-04-25 10:29:12.168 +05:30 [INF] User profile is available. Using 'C:\Users\liyan\AppData\Local\ASP.NET\DataProtection-Keys' as key repository and Windows DPAPI to encrypt keys at rest.
2025-04-25 10:29:13.757 +05:30 [INF] Executed DbCommand (57ms) [Parameters=[@__normalizedName_0='?' (Size = 256)], CommandType='"Text"', CommandTimeout='30']
SELECT TOP(1) [a].[Id], [a].[ConcurrencyStamp], [a].[Name], [a].[NormalizedName]
FROM [AspNetRoles] AS [a]
WHERE [a].[NormalizedName] = @__normalizedName_0
2025-04-25 10:29:13.836 +05:30 [INF] Executed DbCommand (2ms) [Parameters=[@__normalizedName_0='?' (Size = 256)], CommandType='"Text"', CommandTimeout='30']
SELECT TOP(1) [a].[Id], [a].[ConcurrencyStamp], [a].[Name], [a].[NormalizedName]
FROM [AspNetRoles] AS [a]
WHERE [a].[NormalizedName] = @__normalizedName_0
2025-04-25 10:29:13.900 +05:30 [INF] Executed DbCommand (15ms) [Parameters=[@__normalizedEmail_0='?' (Size = 256)], CommandType='"Text"', CommandTimeout='30']
SELECT TOP(2) [a].[Id], [a].[AccessFailedCount], [a].[ConcurrencyStamp], [a].[Department], [a].[Email], [a].[EmailConfirmed], [a].[EmployeeCode], [a].[EmployeeId], [a].[FullName], [a].[LockoutEnabled], [a].[LockoutEnd], [a].[NormalizedEmail], [a].[NormalizedUserName], [a].[PasswordHash], [a].[PhoneNumber], [a].[PhoneNumberConfirmed], [a].[SecurityStamp], [a].[TwoFactorEnabled], [a].[UserName]
FROM [AspNetUsers] AS [a]
WHERE [a].[NormalizedEmail] = @__normalizedEmail_0
2025-04-25 10:29:13.969 +05:30 [INF] Executed DbCommand (8ms) [Parameters=[], CommandType='"Text"', CommandTimeout='30']
SELECT CASE
    WHEN EXISTS (
        SELECT 1
        FROM [Employees] AS [e]) THEN CAST(1 AS bit)
    ELSE CAST(0 AS bit)
END
2025-04-25 10:29:13.976 +05:30 [INF] EmployeeApp started successfully.
2025-04-25 10:29:14.131 +05:30 [INF] Now listening on: https://localhost:7134
2025-04-25 10:29:14.132 +05:30 [INF] Now listening on: http://localhost:5207
2025-04-25 10:29:14.194 +05:30 [INF] Application started. Press Ctrl+C to shut down.
2025-04-25 10:29:14.195 +05:30 [INF] Hosting environment: Development
2025-04-25 10:29:14.196 +05:30 [INF] Content root path: C:\Users\liyan\Documents\GitHub\CCS\EmployeeApp
2025-04-25 10:29:14.655 +05:30 [INF] Request starting HTTP/2 GET https://localhost:7134/ - null null
2025-04-25 10:29:14.976 +05:30 [INF] Executed DbCommand (5ms) [Parameters=[@__p_0='?' (Size = 450)], CommandType='"Text"', CommandTimeout='30']
SELECT TOP(1) [a].[Id], [a].[AccessFailedCount], [a].[ConcurrencyStamp], [a].[Department], [a].[Email], [a].[EmailConfirmed], [a].[EmployeeCode], [a].[EmployeeId], [a].[FullName], [a].[LockoutEnabled], [a].[LockoutEnd], [a].[NormalizedEmail], [a].[NormalizedUserName], [a].[PasswordHash], [a].[PhoneNumber], [a].[PhoneNumberConfirmed], [a].[SecurityStamp], [a].[TwoFactorEnabled], [a].[UserName]
FROM [AspNetUsers] AS [a]
WHERE [a].[Id] = @__p_0
2025-04-25 10:29:15.024 +05:30 [INF] Executed DbCommand (4ms) [Parameters=[@__user_Id_0='?' (Size = 450)], CommandType='"Text"', CommandTimeout='30']
SELECT [a].[Id], [a].[ClaimType], [a].[ClaimValue], [a].[UserId]
FROM [AspNetUserClaims] AS [a]
WHERE [a].[UserId] = @__user_Id_0
2025-04-25 10:29:15.051 +05:30 [INF] Executed DbCommand (3ms) [Parameters=[@__userId_0='?' (Size = 450)], CommandType='"Text"', CommandTimeout='30']
SELECT [a0].[Name]
FROM [AspNetUserRoles] AS [a]
INNER JOIN [AspNetRoles] AS [a0] ON [a].[RoleId] = [a0].[Id]
WHERE [a].[UserId] = @__userId_0
2025-04-25 10:29:15.060 +05:30 [INF] Executed DbCommand (1ms) [Parameters=[@__normalizedName_0='?' (Size = 256)], CommandType='"Text"', CommandTimeout='30']
SELECT TOP(1) [a].[Id], [a].[ConcurrencyStamp], [a].[Name], [a].[NormalizedName]
FROM [AspNetRoles] AS [a]
WHERE [a].[NormalizedName] = @__normalizedName_0
2025-04-25 10:29:15.075 +05:30 [INF] Executed DbCommand (4ms) [Parameters=[@__role_Id_0='?' (Size = 450)], CommandType='"Text"', CommandTimeout='30']
SELECT [a].[ClaimType], [a].[ClaimValue]
FROM [AspNetRoleClaims] AS [a]
WHERE [a].[RoleId] = @__role_Id_0
2025-04-25 10:29:15.085 +05:30 [INF] Executing endpoint '/Index'
2025-04-25 10:29:15.119 +05:30 [INF] Route matched with {page = "/Index"}. Executing page /Index
2025-04-25 10:29:15.136 +05:30 [INF] Executing handler method EmployeeApp.Pages.IndexModel.OnGet - ModelState is "Valid"
2025-04-25 10:29:15.141 +05:30 [INF] Executed handler method OnGet, returned result .
2025-04-25 10:29:15.147 +05:30 [INF] Executing an implicit handler method - ModelState is "Valid"
2025-04-25 10:29:15.151 +05:30 [INF] Executed an implicit handler method, returned result Microsoft.AspNetCore.Mvc.RazorPages.PageResult.
2025-04-25 10:29:15.208 +05:30 [INF] Executed DbCommand (1ms) [Parameters=[@__userId_0='?' (Size = 450)], CommandType='"Text"', CommandTimeout='30']
SELECT [a0].[Name]
FROM [AspNetUserRoles] AS [a]
INNER JOIN [AspNetRoles] AS [a0] ON [a].[RoleId] = [a0].[Id]
WHERE [a].[UserId] = @__userId_0
2025-04-25 10:29:15.277 +05:30 [INF] Executed page /Index in 145.5951ms
2025-04-25 10:29:15.288 +05:30 [INF] Executed endpoint '/Index'
2025-04-25 10:29:15.300 +05:30 [INF] HTTP GET / responded 200 in 498.4948 ms
2025-04-25 10:29:15.308 +05:30 [INF] Request starting HTTP/2 GET https://localhost:7134/_framework/aspnetcore-browser-refresh.js - null null
2025-04-25 10:29:15.319 +05:30 [INF] Request finished HTTP/2 GET https://localhost:7134/ - 200 null text/html; charset=utf-8 669.8075ms
2025-04-25 10:29:15.328 +05:30 [INF] Request finished HTTP/2 GET https://localhost:7134/_framework/aspnetcore-browser-refresh.js - 200 13758 application/javascript; charset=utf-8 20.2954ms
2025-04-25 10:29:15.334 +05:30 [INF] Request starting HTTP/2 GET https://localhost:7134/_vs/browserLink - null null
2025-04-25 10:29:15.410 +05:30 [INF] Request finished HTTP/2 GET https://localhost:7134/_vs/browserLink - 200 null text/javascript; charset=UTF-8 75.606ms
2025-04-25 10:30:21.828 +05:30 [INF] Request starting HTTP/2 POST https://localhost:7134/Account/Logout - application/x-www-form-urlencoded 225
2025-04-25 10:30:21.857 +05:30 [INF] Executing endpoint '/Account/Logout'
2025-04-25 10:30:21.874 +05:30 [INF] Route matched with {page = "/Account/Logout"}. Executing page /Account/Logout
2025-04-25 10:30:21.892 +05:30 [INF] Executing handler method EmployeeApp.Pages.Account.LogoutModel.OnPost - ModelState is "Valid"
2025-04-25 10:30:21.908 +05:30 [INF] AuthenticationScheme: Identity.Application signed out.
2025-04-25 10:30:21.917 +05:30 [INF] AuthenticationScheme: Identity.External signed out.
2025-04-25 10:30:21.922 +05:30 [INF] AuthenticationScheme: Identity.TwoFactorUserId signed out.
2025-04-25 10:30:21.930 +05:30 [INF] Executed handler method OnPost, returned result Microsoft.AspNetCore.Mvc.RedirectToPageResult.
2025-04-25 10:30:21.938 +05:30 [INF] Executing RedirectToPageResult, redirecting to /Account/Login.
2025-04-25 10:30:21.945 +05:30 [INF] Executed page /Account/Logout in 64.4689ms
2025-04-25 10:30:21.952 +05:30 [INF] Executed endpoint '/Account/Logout'
2025-04-25 10:30:21.957 +05:30 [INF] HTTP POST /Account/Logout responded 302 in 111.4884 ms
2025-04-25 10:30:21.970 +05:30 [INF] Request finished HTTP/2 POST https://localhost:7134/Account/Logout - 302 0 null 141.6268ms
2025-04-25 10:30:21.979 +05:30 [INF] Request starting HTTP/2 GET https://localhost:7134/Account/Login - null null
2025-04-25 10:30:22.010 +05:30 [INF] Executing endpoint '/Account/Login'
2025-04-25 10:30:22.048 +05:30 [INF] Route matched with {page = "/Account/Login"}. Executing page /Account/Login
2025-04-25 10:30:22.091 +05:30 [INF] Executing an implicit handler method - ModelState is "Valid"
2025-04-25 10:30:22.096 +05:30 [INF] Executed an implicit handler method, returned result Microsoft.AspNetCore.Mvc.RazorPages.PageResult.
2025-04-25 10:30:22.198 +05:30 [INF] Executed page /Account/Login in 145.3353ms
2025-04-25 10:30:22.202 +05:30 [INF] Executed endpoint '/Account/Login'
2025-04-25 10:30:22.207 +05:30 [INF] HTTP GET /Account/Login responded 200 in 203.5331 ms
2025-04-25 10:30:22.213 +05:30 [INF] Request finished HTTP/2 GET https://localhost:7134/Account/Login - 200 null text/html; charset=utf-8 233.925ms
2025-04-25 10:30:22.221 +05:30 [INF] Request starting HTTP/2 GET https://localhost:7134/_framework/aspnetcore-browser-refresh.js - null null
2025-04-25 10:30:22.221 +05:30 [INF] Request starting HTTP/2 GET https://localhost:7134/_vs/browserLink - null null
2025-04-25 10:30:22.228 +05:30 [INF] Request finished HTTP/2 GET https://localhost:7134/_framework/aspnetcore-browser-refresh.js - 200 13758 application/javascript; charset=utf-8 7.5208ms
2025-04-25 10:30:22.249 +05:30 [INF] Request finished HTTP/2 GET https://localhost:7134/_vs/browserLink - 200 null text/javascript; charset=UTF-8 27.9324ms
2025-04-25 10:30:29.700 +05:30 [INF] Request starting HTTP/2 POST https://localhost:7134/Account/Login?handler=Login - application/x-www-form-urlencoded; charset=UTF-8 229
2025-04-25 10:30:29.707 +05:30 [INF] Executing endpoint '/Account/Login'
2025-04-25 10:30:29.710 +05:30 [INF] Route matched with {page = "/Account/Login"}. Executing page /Account/Login
2025-04-25 10:30:29.751 +05:30 [INF] Executing handler method EmployeeApp.Pages.Account.LoginModel.OnPostLoginAsync - ModelState is "Valid"
2025-04-25 10:30:29.811 +05:30 [INF] Executed DbCommand (27ms) [Parameters=[@__normalizedEmail_0='?' (Size = 256)], CommandType='"Text"', CommandTimeout='30']
SELECT TOP(2) [a].[Id], [a].[AccessFailedCount], [a].[ConcurrencyStamp], [a].[Department], [a].[Email], [a].[EmailConfirmed], [a].[EmployeeCode], [a].[EmployeeId], [a].[FullName], [a].[LockoutEnabled], [a].[LockoutEnd], [a].[NormalizedEmail], [a].[NormalizedUserName], [a].[PasswordHash], [a].[PhoneNumber], [a].[PhoneNumberConfirmed], [a].[SecurityStamp], [a].[TwoFactorEnabled], [a].[UserName]
FROM [AspNetUsers] AS [a]
WHERE [a].[NormalizedEmail] = @__normalizedEmail_0
2025-04-25 10:30:29.843 +05:30 [INF] Executed DbCommand (3ms) [Parameters=[@__normalizedUserName_0='?' (Size = 256)], CommandType='"Text"', CommandTimeout='30']
SELECT TOP(1) [a].[Id], [a].[AccessFailedCount], [a].[ConcurrencyStamp], [a].[Department], [a].[Email], [a].[EmailConfirmed], [a].[EmployeeCode], [a].[EmployeeId], [a].[FullName], [a].[LockoutEnabled], [a].[LockoutEnd], [a].[NormalizedEmail], [a].[NormalizedUserName], [a].[PasswordHash], [a].[PhoneNumber], [a].[PhoneNumberConfirmed], [a].[SecurityStamp], [a].[TwoFactorEnabled], [a].[UserName]
FROM [AspNetUsers] AS [a]
WHERE [a].[NormalizedUserName] = @__normalizedUserName_0
2025-04-25 10:30:30.128 +05:30 [INF] Executed DbCommand (5ms) [Parameters=[@__user_Id_0='?' (Size = 450)], CommandType='"Text"', CommandTimeout='30']
SELECT [a].[Id], [a].[ClaimType], [a].[ClaimValue], [a].[UserId]
FROM [AspNetUserClaims] AS [a]
WHERE [a].[UserId] = @__user_Id_0
2025-04-25 10:30:30.146 +05:30 [INF] Executed DbCommand (7ms) [Parameters=[@__userId_0='?' (Size = 450)], CommandType='"Text"', CommandTimeout='30']
SELECT [a0].[Name]
FROM [AspNetUserRoles] AS [a]
INNER JOIN [AspNetRoles] AS [a0] ON [a].[RoleId] = [a0].[Id]
WHERE [a].[UserId] = @__userId_0
2025-04-25 10:30:30.165 +05:30 [INF] Executed DbCommand (8ms) [Parameters=[@__normalizedName_0='?' (Size = 256)], CommandType='"Text"', CommandTimeout='30']
SELECT TOP(1) [a].[Id], [a].[ConcurrencyStamp], [a].[Name], [a].[NormalizedName]
FROM [AspNetRoles] AS [a]
WHERE [a].[NormalizedName] = @__normalizedName_0
2025-04-25 10:30:30.182 +05:30 [INF] Executed DbCommand (5ms) [Parameters=[@__role_Id_0='?' (Size = 450)], CommandType='"Text"', CommandTimeout='30']
SELECT [a].[ClaimType], [a].[ClaimValue]
FROM [AspNetRoleClaims] AS [a]
WHERE [a].[RoleId] = @__role_Id_0
2025-04-25 10:30:30.197 +05:30 [INF] AuthenticationScheme: Identity.Application signed in.
2025-04-25 10:30:30.208 +05:30 [INF] Executed handler method OnPostLoginAsync, returned result Microsoft.AspNetCore.Mvc.JsonResult.
2025-04-25 10:30:30.218 +05:30 [INF] Executing JsonResult, writing value of type '<>f__AnonymousType12`1[[System.Boolean, System.Private.CoreLib, Version=8.0.0.0, Culture=neutral, PublicKeyToken=7cec85d7bea7798e]]'.
2025-04-25 10:30:30.242 +05:30 [INF] Executed page /Account/Login in 529.3617ms
2025-04-25 10:30:30.245 +05:30 [INF] Executed endpoint '/Account/Login'
2025-04-25 10:30:30.247 +05:30 [INF] HTTP POST /Account/Login responded 200 in 541.2323 ms
2025-04-25 10:30:30.250 +05:30 [INF] Request finished HTTP/2 POST https://localhost:7134/Account/Login?handler=Login - 200 null application/json; charset=utf-8 549.5915ms
2025-04-25 10:30:30.259 +05:30 [INF] Request starting HTTP/2 GET https://localhost:7134/Dashboard/Index - null null
2025-04-25 10:30:30.269 +05:30 [INF] Executing endpoint '/Dashboard/Index'
2025-04-25 10:30:30.278 +05:30 [INF] Route matched with {page = "/Dashboard/Index"}. Executing page /Dashboard/Index
2025-04-25 10:30:30.282 +05:30 [INF] Executing handler method EmployeeApp.Pages.Dashboard.IndexModel.OnGetAsync - ModelState is "Valid"
2025-04-25 10:30:30.364 +05:30 [INF] Executed DbCommand (10ms) [Parameters=[], CommandType='"Text"', CommandTimeout='30']
SELECT COUNT(*)
FROM [Employees] AS [e]
2025-04-25 10:30:30.407 +05:30 [INF] Executed DbCommand (5ms) [Parameters=[], CommandType='"Text"', CommandTimeout='30']
SELECT COUNT(*)
FROM (
    SELECT DISTINCT [e].[Department]
    FROM [Employees] AS [e]
) AS [t]
2025-04-25 10:30:30.418 +05:30 [INF] Executed DbCommand (1ms) [Parameters=[], CommandType='"Text"', CommandTimeout='30']
SELECT COUNT(*)
FROM [Employees] AS [e]
2025-04-25 10:30:30.445 +05:30 [INF] Executed DbCommand (2ms) [Parameters=[@__p_0='?' (DbType = Int32), @__p_1='?' (DbType = Int32)], CommandType='"Text"', CommandTimeout='30']
SELECT [e].[Id], [e].[Department], [e].[Email], [e].[EmployeeCode], [e].[Name], [e].[PhoneNumber], [e].[Salary]
FROM [Employees] AS [e]
ORDER BY [e].[Id]
OFFSET @__p_0 ROWS FETCH NEXT @__p_1 ROWS ONLY
2025-04-25 10:30:30.501 +05:30 [INF] Executed handler method OnGetAsync, returned result Microsoft.AspNetCore.Mvc.RazorPages.PageResult.
2025-04-25 10:30:30.521 +05:30 [INF] Executed DbCommand (5ms) [Parameters=[@__p_0='?' (Size = 450)], CommandType='"Text"', CommandTimeout='30']
SELECT TOP(1) [a].[Id], [a].[AccessFailedCount], [a].[ConcurrencyStamp], [a].[Department], [a].[Email], [a].[EmailConfirmed], [a].[EmployeeCode], [a].[EmployeeId], [a].[FullName], [a].[LockoutEnabled], [a].[LockoutEnd], [a].[NormalizedEmail], [a].[NormalizedUserName], [a].[PasswordHash], [a].[PhoneNumber], [a].[PhoneNumberConfirmed], [a].[SecurityStamp], [a].[TwoFactorEnabled], [a].[UserName]
FROM [AspNetUsers] AS [a]
WHERE [a].[Id] = @__p_0
2025-04-25 10:30:30.536 +05:30 [INF] Executed DbCommand (1ms) [Parameters=[@__userId_0='?' (Size = 450)], CommandType='"Text"', CommandTimeout='30']
SELECT [a0].[Name]
FROM [AspNetUserRoles] AS [a]
INNER JOIN [AspNetRoles] AS [a0] ON [a].[RoleId] = [a0].[Id]
WHERE [a].[UserId] = @__userId_0
2025-04-25 10:30:30.552 +05:30 [INF] Executed page /Dashboard/Index in 271.7359ms
2025-04-25 10:30:30.558 +05:30 [INF] Executed endpoint '/Dashboard/Index'
2025-04-25 10:30:30.565 +05:30 [INF] HTTP GET /Dashboard/Index responded 200 in 300.3155 ms
2025-04-25 10:30:30.573 +05:30 [INF] Request finished HTTP/2 GET https://localhost:7134/Dashboard/Index - 200 null text/html; charset=utf-8 313.8394ms
2025-04-25 10:30:30.579 +05:30 [INF] Request starting HTTP/2 GET https://localhost:7134/_framework/aspnetcore-browser-refresh.js - null null
2025-04-25 10:30:30.579 +05:30 [INF] Request starting HTTP/2 GET https://localhost:7134/_vs/browserLink - null null
2025-04-25 10:30:30.587 +05:30 [INF] Request finished HTTP/2 GET https://localhost:7134/_framework/aspnetcore-browser-refresh.js - 200 13758 application/javascript; charset=utf-8 7.2509ms
2025-04-25 10:30:30.601 +05:30 [INF] Request finished HTTP/2 GET https://localhost:7134/_vs/browserLink - 200 null text/javascript; charset=UTF-8 21.996ms
2025-04-25 10:32:44.896 +05:30 [INF] User profile is available. Using 'C:\Users\liyan\AppData\Local\ASP.NET\DataProtection-Keys' as key repository and Windows DPAPI to encrypt keys at rest.
2025-04-25 10:32:46.280 +05:30 [INF] Executed DbCommand (86ms) [Parameters=[@__normalizedName_0='?' (Size = 256)], CommandType='"Text"', CommandTimeout='30']
SELECT TOP(1) [a].[Id], [a].[ConcurrencyStamp], [a].[Name], [a].[NormalizedName]
FROM [AspNetRoles] AS [a]
WHERE [a].[NormalizedName] = @__normalizedName_0
2025-04-25 10:32:46.380 +05:30 [INF] Executed DbCommand (2ms) [Parameters=[@__normalizedName_0='?' (Size = 256)], CommandType='"Text"', CommandTimeout='30']
SELECT TOP(1) [a].[Id], [a].[ConcurrencyStamp], [a].[Name], [a].[NormalizedName]
FROM [AspNetRoles] AS [a]
WHERE [a].[NormalizedName] = @__normalizedName_0
2025-04-25 10:32:46.453 +05:30 [INF] Executed DbCommand (15ms) [Parameters=[@__normalizedEmail_0='?' (Size = 256)], CommandType='"Text"', CommandTimeout='30']
SELECT TOP(2) [a].[Id], [a].[AccessFailedCount], [a].[ConcurrencyStamp], [a].[Department], [a].[Email], [a].[EmailConfirmed], [a].[EmployeeCode], [a].[EmployeeId], [a].[FullName], [a].[LockoutEnabled], [a].[LockoutEnd], [a].[NormalizedEmail], [a].[NormalizedUserName], [a].[PasswordHash], [a].[PhoneNumber], [a].[PhoneNumberConfirmed], [a].[SecurityStamp], [a].[TwoFactorEnabled], [a].[UserName]
FROM [AspNetUsers] AS [a]
WHERE [a].[NormalizedEmail] = @__normalizedEmail_0
2025-04-25 10:32:46.540 +05:30 [INF] Executed DbCommand (10ms) [Parameters=[], CommandType='"Text"', CommandTimeout='30']
SELECT CASE
    WHEN EXISTS (
        SELECT 1
        FROM [Employees] AS [e]) THEN CAST(1 AS bit)
    ELSE CAST(0 AS bit)
END
2025-04-25 10:32:46.546 +05:30 [INF] EmployeeApp started successfully.
2025-04-25 10:32:46.651 +05:30 [INF] Now listening on: https://localhost:7134
2025-04-25 10:32:46.652 +05:30 [INF] Now listening on: http://localhost:5207
2025-04-25 10:32:46.705 +05:30 [INF] Application started. Press Ctrl+C to shut down.
2025-04-25 10:32:46.707 +05:30 [INF] Hosting environment: Development
2025-04-25 10:32:46.709 +05:30 [INF] Content root path: C:\Users\liyan\Documents\GitHub\CCS\EmployeeApp
2025-04-25 10:32:47.098 +05:30 [INF] Request starting HTTP/2 GET https://localhost:7134/ - null null
2025-04-25 10:32:47.243 +05:30 [INF] Executing endpoint '/Index'
2025-04-25 10:32:47.276 +05:30 [INF] Route matched with {page = "/Index"}. Executing page /Index
2025-04-25 10:32:47.293 +05:30 [INF] Executing handler method EmployeeApp.Pages.IndexModel.OnGet - ModelState is "Valid"
2025-04-25 10:32:47.300 +05:30 [INF] Executed handler method OnGet, returned result .
2025-04-25 10:32:47.312 +05:30 [INF] Executing an implicit handler method - ModelState is "Valid"
2025-04-25 10:32:47.317 +05:30 [INF] Executed an implicit handler method, returned result Microsoft.AspNetCore.Mvc.RazorPages.PageResult.
2025-04-25 10:32:47.481 +05:30 [INF] Executed DbCommand (4ms) [Parameters=[@__p_0='?' (Size = 450)], CommandType='"Text"', CommandTimeout='30']
SELECT TOP(1) [a].[Id], [a].[AccessFailedCount], [a].[ConcurrencyStamp], [a].[Department], [a].[Email], [a].[EmailConfirmed], [a].[EmployeeCode], [a].[EmployeeId], [a].[FullName], [a].[LockoutEnabled], [a].[LockoutEnd], [a].[NormalizedEmail], [a].[NormalizedUserName], [a].[PasswordHash], [a].[PhoneNumber], [a].[PhoneNumberConfirmed], [a].[SecurityStamp], [a].[TwoFactorEnabled], [a].[UserName]
FROM [AspNetUsers] AS [a]
WHERE [a].[Id] = @__p_0
2025-04-25 10:32:47.561 +05:30 [INF] Executed DbCommand (5ms) [Parameters=[@__userId_0='?' (Size = 450)], CommandType='"Text"', CommandTimeout='30']
SELECT [a0].[Name]
FROM [AspNetUserRoles] AS [a]
INNER JOIN [AspNetRoles] AS [a0] ON [a].[RoleId] = [a0].[Id]
WHERE [a].[UserId] = @__userId_0
2025-04-25 10:32:47.640 +05:30 [INF] Executed page /Index in 355.6892ms
2025-04-25 10:32:47.649 +05:30 [INF] Executed endpoint '/Index'
2025-04-25 10:32:47.659 +05:30 [INF] HTTP GET / responded 200 in 456.7325 ms
2025-04-25 10:32:47.670 +05:30 [INF] Request starting HTTP/2 GET https://localhost:7134/_vs/browserLink - null null
2025-04-25 10:32:47.670 +05:30 [INF] Request starting HTTP/2 GET https://localhost:7134/_framework/aspnetcore-browser-refresh.js - null null
2025-04-25 10:32:47.684 +05:30 [INF] Request finished HTTP/2 GET https://localhost:7134/ - 200 null text/html; charset=utf-8 588.0924ms
2025-04-25 10:32:47.691 +05:30 [INF] Request finished HTTP/2 GET https://localhost:7134/_framework/aspnetcore-browser-refresh.js - 200 13758 application/javascript; charset=utf-8 20.6532ms
2025-04-25 10:32:47.716 +05:30 [INF] Request finished HTTP/2 GET https://localhost:7134/_vs/browserLink - 200 null text/javascript; charset=UTF-8 45.6571ms
2025-04-25 10:32:51.942 +05:30 [INF] Request starting HTTP/2 GET https://localhost:7134/EmployeeManagement/Index - null null
2025-04-25 10:32:51.976 +05:30 [INF] Executing endpoint '/EmployeeManagement/Index'
2025-04-25 10:32:51.999 +05:30 [INF] Route matched with {page = "/EmployeeManagement/Index"}. Executing page /EmployeeManagement/Index
2025-04-25 10:32:52.017 +05:30 [INF] Executing handler method EmployeeApp.Pages.EmployeeManagement.IndexModel.OnGetAsync - ModelState is "Valid"
2025-04-25 10:32:52.146 +05:30 [INF] Executed DbCommand (3ms) [Parameters=[], CommandType='"Text"', CommandTimeout='30']
SELECT COUNT(*)
FROM [Employees] AS [e]
2025-04-25 10:32:52.176 +05:30 [INF] Executed DbCommand (2ms) [Parameters=[@__p_0='?' (DbType = Int32), @__p_1='?' (DbType = Int32)], CommandType='"Text"', CommandTimeout='30']
SELECT [e].[Id], [e].[Department], [e].[Email], [e].[EmployeeCode], [e].[Name], [e].[PhoneNumber], [e].[Salary]
FROM [Employees] AS [e]
ORDER BY [e].[Id]
OFFSET @__p_0 ROWS FETCH NEXT @__p_1 ROWS ONLY
2025-04-25 10:32:52.241 +05:30 [INF] Executed handler method OnGetAsync, returned result .
2025-04-25 10:32:52.246 +05:30 [INF] Executing an implicit handler method - ModelState is "Valid"
2025-04-25 10:32:52.250 +05:30 [INF] Executed an implicit handler method, returned result Microsoft.AspNetCore.Mvc.RazorPages.PageResult.
2025-04-25 10:32:52.293 +05:30 [INF] Executed DbCommand (1ms) [Parameters=[@__p_0='?' (Size = 450)], CommandType='"Text"', CommandTimeout='30']
SELECT TOP(1) [a].[Id], [a].[AccessFailedCount], [a].[ConcurrencyStamp], [a].[Department], [a].[Email], [a].[EmailConfirmed], [a].[EmployeeCode], [a].[EmployeeId], [a].[FullName], [a].[LockoutEnabled], [a].[LockoutEnd], [a].[NormalizedEmail], [a].[NormalizedUserName], [a].[PasswordHash], [a].[PhoneNumber], [a].[PhoneNumberConfirmed], [a].[SecurityStamp], [a].[TwoFactorEnabled], [a].[UserName]
FROM [AspNetUsers] AS [a]
WHERE [a].[Id] = @__p_0
2025-04-25 10:32:52.310 +05:30 [INF] Executed DbCommand (1ms) [Parameters=[@__userId_0='?' (Size = 450)], CommandType='"Text"', CommandTimeout='30']
SELECT [a0].[Name]
FROM [AspNetUserRoles] AS [a]
INNER JOIN [AspNetRoles] AS [a0] ON [a].[RoleId] = [a0].[Id]
WHERE [a].[UserId] = @__userId_0
2025-04-25 10:32:52.336 +05:30 [INF] Executed page /EmployeeManagement/Index in 330.8047ms
2025-04-25 10:32:52.342 +05:30 [INF] Executed endpoint '/EmployeeManagement/Index'
2025-04-25 10:32:52.346 +05:30 [INF] HTTP GET /EmployeeManagement/Index responded 200 in 386.5158 ms
2025-04-25 10:32:52.353 +05:30 [INF] Request finished HTTP/2 GET https://localhost:7134/EmployeeManagement/Index - 200 null text/html; charset=utf-8 410.8092ms
2025-04-25 10:32:52.356 +05:30 [INF] Request starting HTTP/2 GET https://localhost:7134/_vs/browserLink - null null
2025-04-25 10:32:52.364 +05:30 [INF] Request starting HTTP/2 GET https://localhost:7134/_framework/aspnetcore-browser-refresh.js - null null
2025-04-25 10:32:52.376 +05:30 [INF] Request finished HTTP/2 GET https://localhost:7134/_framework/aspnetcore-browser-refresh.js - 200 13758 application/javascript; charset=utf-8 12.4862ms
2025-04-25 10:32:52.397 +05:30 [INF] Request finished HTTP/2 GET https://localhost:7134/_vs/browserLink - 200 null text/javascript; charset=UTF-8 40.2658ms
2025-04-25 10:32:53.735 +05:30 [INF] Request starting HTTP/2 GET https://localhost:7134/EmployeeManagement/Create - null null
2025-04-25 10:32:53.800 +05:30 [INF] Executing endpoint '/EmployeeManagement/Create'
2025-04-25 10:32:53.823 +05:30 [INF] Route matched with {page = "/EmployeeManagement/Create"}. Executing page /EmployeeManagement/Create
2025-04-25 10:32:53.831 +05:30 [INF] Executing handler method EmployeeApp.Pages.EmployeeManagement.CreateModel.OnGet - ModelState is "Valid"
2025-04-25 10:32:53.839 +05:30 [INF] Executed handler method OnGet, returned result .
2025-04-25 10:32:53.845 +05:30 [INF] Executing an implicit handler method - ModelState is "Valid"
2025-04-25 10:32:53.849 +05:30 [INF] Executed an implicit handler method, returned result Microsoft.AspNetCore.Mvc.RazorPages.PageResult.
2025-04-25 10:32:53.938 +05:30 [INF] Executed DbCommand (1ms) [Parameters=[@__p_0='?' (Size = 450)], CommandType='"Text"', CommandTimeout='30']
SELECT TOP(1) [a].[Id], [a].[AccessFailedCount], [a].[ConcurrencyStamp], [a].[Department], [a].[Email], [a].[EmailConfirmed], [a].[EmployeeCode], [a].[EmployeeId], [a].[FullName], [a].[LockoutEnabled], [a].[LockoutEnd], [a].[NormalizedEmail], [a].[NormalizedUserName], [a].[PasswordHash], [a].[PhoneNumber], [a].[PhoneNumberConfirmed], [a].[SecurityStamp], [a].[TwoFactorEnabled], [a].[UserName]
FROM [AspNetUsers] AS [a]
WHERE [a].[Id] = @__p_0
2025-04-25 10:32:53.953 +05:30 [INF] Executed DbCommand (1ms) [Parameters=[@__userId_0='?' (Size = 450)], CommandType='"Text"', CommandTimeout='30']
SELECT [a0].[Name]
FROM [AspNetUserRoles] AS [a]
INNER JOIN [AspNetRoles] AS [a0] ON [a].[RoleId] = [a0].[Id]
WHERE [a].[UserId] = @__userId_0
2025-04-25 10:32:53.986 +05:30 [INF] Executed page /EmployeeManagement/Create in 158.1522ms
2025-04-25 10:32:53.992 +05:30 [INF] Executed endpoint '/EmployeeManagement/Create'
2025-04-25 10:32:53.998 +05:30 [INF] HTTP GET /EmployeeManagement/Create responded 200 in 245.7626 ms
2025-04-25 10:32:54.005 +05:30 [INF] Request finished HTTP/2 GET https://localhost:7134/EmployeeManagement/Create - 200 null text/html; charset=utf-8 269.3924ms
2025-04-25 10:32:54.014 +05:30 [INF] Request starting HTTP/2 GET https://localhost:7134/_framework/aspnetcore-browser-refresh.js - null null
2025-04-25 10:32:54.016 +05:30 [INF] Request starting HTTP/2 GET https://localhost:7134/_vs/browserLink - null null
2025-04-25 10:32:54.021 +05:30 [INF] Request finished HTTP/2 GET https://localhost:7134/_framework/aspnetcore-browser-refresh.js - 200 13758 application/javascript; charset=utf-8 6.4468ms
2025-04-25 10:32:54.034 +05:30 [INF] Request finished HTTP/2 GET https://localhost:7134/_vs/browserLink - 200 null text/javascript; charset=UTF-8 17.6724ms
2025-04-25 10:33:22.068 +05:30 [INF] Request starting HTTP/2 POST https://localhost:7134/EmployeeManagement/Create - application/x-www-form-urlencoded 381
2025-04-25 10:33:22.079 +05:30 [INF] Executing endpoint '/EmployeeManagement/Create'
2025-04-25 10:33:22.085 +05:30 [INF] Route matched with {page = "/EmployeeManagement/Create"}. Executing page /EmployeeManagement/Create
2025-04-25 10:33:22.121 +05:30 [INF] Executing handler method EmployeeApp.Pages.EmployeeManagement.CreateModel.OnPostAsync - ModelState is "Valid"
2025-04-25 10:33:22.194 +05:30 [INF] Executed DbCommand (16ms) [Parameters=[], CommandType='"Text"', CommandTimeout='30']
SELECT TOP(1) [a].[Id], [a].[AccessFailedCount], [a].[ConcurrencyStamp], [a].[Department], [a].[Email], [a].[EmailConfirmed], [a].[EmployeeCode], [a].[EmployeeId], [a].[FullName], [a].[LockoutEnabled], [a].[LockoutEnd], [a].[NormalizedEmail], [a].[NormalizedUserName], [a].[PasswordHash], [a].[PhoneNumber], [a].[PhoneNumberConfirmed], [a].[SecurityStamp], [a].[TwoFactorEnabled], [a].[UserName]
FROM [AspNetUsers] AS [a]
WHERE [a].[EmployeeCode] NOT LIKE N''
ORDER BY [a].[EmployeeCode] DESC
2025-04-25 10:33:22.571 +05:30 [INF] Executed DbCommand (30ms) [Parameters=[@p0='?' (Size = 4000), @p1='?' (Size = 4000), @p2='?' (Size = 4000), @p3='?' (Size = 4000), @p4='?' (Size = 4000), @p5='?' (Precision = 18) (Scale = 2) (DbType = Decimal)], CommandType='"Text"', CommandTimeout='30']
SET IMPLICIT_TRANSACTIONS OFF;
SET NOCOUNT ON;
INSERT INTO [Employees] ([Department], [Email], [EmployeeCode], [Name], [PhoneNumber], [Salary])
OUTPUT INSERTED.[Id]
VALUES (@p0, @p1, @p2, @p3, @p4, @p5);
2025-04-25 10:33:22.637 +05:30 [INF] Executed handler method OnPostAsync, returned result Microsoft.AspNetCore.Mvc.RedirectToPageResult.
2025-04-25 10:33:22.646 +05:30 [INF] Executing RedirectToPageResult, redirecting to Index.
2025-04-25 10:33:22.651 +05:30 [INF] Executed page /EmployeeManagement/Create in 563.3954ms
2025-04-25 10:33:22.656 +05:30 [INF] Executed endpoint '/EmployeeManagement/Create'
2025-04-25 10:33:22.658 +05:30 [INF] HTTP POST /EmployeeManagement/Create responded 302 in 582.0334 ms
2025-04-25 10:33:22.662 +05:30 [INF] Request finished HTTP/2 POST https://localhost:7134/EmployeeManagement/Create - 302 0 null 594.5391ms
2025-04-25 10:33:22.668 +05:30 [INF] Request starting HTTP/2 GET https://localhost:7134/EmployeeManagement - null null
2025-04-25 10:33:22.688 +05:30 [INF] Executing endpoint '/EmployeeManagement/Index'
2025-04-25 10:33:22.701 +05:30 [INF] Route matched with {page = "/EmployeeManagement/Index"}. Executing page /EmployeeManagement/Index
2025-04-25 10:33:22.707 +05:30 [INF] Executing handler method EmployeeApp.Pages.EmployeeManagement.IndexModel.OnGetAsync - ModelState is "Valid"
2025-04-25 10:33:22.733 +05:30 [INF] Executed DbCommand (19ms) [Parameters=[], CommandType='"Text"', CommandTimeout='30']
SELECT COUNT(*)
FROM [Employees] AS [e]
2025-04-25 10:33:22.747 +05:30 [INF] Executed DbCommand (3ms) [Parameters=[@__p_0='?' (DbType = Int32), @__p_1='?' (DbType = Int32)], CommandType='"Text"', CommandTimeout='30']
SELECT [e].[Id], [e].[Department], [e].[Email], [e].[EmployeeCode], [e].[Name], [e].[PhoneNumber], [e].[Salary]
FROM [Employees] AS [e]
ORDER BY [e].[Id]
OFFSET @__p_0 ROWS FETCH NEXT @__p_1 ROWS ONLY
2025-04-25 10:33:22.755 +05:30 [INF] Executed handler method OnGetAsync, returned result .
2025-04-25 10:33:22.761 +05:30 [INF] Executing an implicit handler method - ModelState is "Valid"
2025-04-25 10:33:22.766 +05:30 [INF] Executed an implicit handler method, returned result Microsoft.AspNetCore.Mvc.RazorPages.PageResult.
2025-04-25 10:33:22.799 +05:30 [INF] Executed DbCommand (22ms) [Parameters=[@__p_0='?' (Size = 450)], CommandType='"Text"', CommandTimeout='30']
SELECT TOP(1) [a].[Id], [a].[AccessFailedCount], [a].[ConcurrencyStamp], [a].[Department], [a].[Email], [a].[EmailConfirmed], [a].[EmployeeCode], [a].[EmployeeId], [a].[FullName], [a].[LockoutEnabled], [a].[LockoutEnd], [a].[NormalizedEmail], [a].[NormalizedUserName], [a].[PasswordHash], [a].[PhoneNumber], [a].[PhoneNumberConfirmed], [a].[SecurityStamp], [a].[TwoFactorEnabled], [a].[UserName]
FROM [AspNetUsers] AS [a]
WHERE [a].[Id] = @__p_0
2025-04-25 10:33:22.822 +05:30 [INF] Executed DbCommand (13ms) [Parameters=[@__userId_0='?' (Size = 450)], CommandType='"Text"', CommandTimeout='30']
SELECT [a0].[Name]
FROM [AspNetUserRoles] AS [a]
INNER JOIN [AspNetRoles] AS [a0] ON [a].[RoleId] = [a0].[Id]
WHERE [a].[UserId] = @__userId_0
2025-04-25 10:33:22.834 +05:30 [INF] Executed page /EmployeeManagement/Index in 127.2586ms
2025-04-25 10:33:22.839 +05:30 [INF] Executed endpoint '/EmployeeManagement/Index'
2025-04-25 10:33:22.842 +05:30 [INF] HTTP GET /EmployeeManagement responded 200 in 154.7266 ms
2025-04-25 10:33:22.847 +05:30 [INF] Request finished HTTP/2 GET https://localhost:7134/EmployeeManagement - 200 null text/html; charset=utf-8 179.0426ms
2025-04-25 10:33:22.866 +05:30 [INF] Request starting HTTP/2 GET https://localhost:7134/_vs/browserLink - null null
2025-04-25 10:33:22.874 +05:30 [INF] Request starting HTTP/2 GET https://localhost:7134/_framework/aspnetcore-browser-refresh.js - null null
2025-04-25 10:33:22.882 +05:30 [INF] Request finished HTTP/2 GET https://localhost:7134/_framework/aspnetcore-browser-refresh.js - 200 13758 application/javascript; charset=utf-8 8.5382ms
2025-04-25 10:33:22.886 +05:30 [INF] Request finished HTTP/2 GET https://localhost:7134/_vs/browserLink - 200 null text/javascript; charset=UTF-8 20.1089ms
2025-04-25 10:33:24.862 +05:30 [INF] Request starting HTTP/2 GET https://localhost:7134/EmployeeManagement/Index - null null
2025-04-25 10:33:24.873 +05:30 [INF] Executing endpoint '/EmployeeManagement/Index'
2025-04-25 10:33:24.878 +05:30 [INF] Route matched with {page = "/EmployeeManagement/Index"}. Executing page /EmployeeManagement/Index
2025-04-25 10:33:24.885 +05:30 [INF] Executing handler method EmployeeApp.Pages.EmployeeManagement.IndexModel.OnGetAsync - ModelState is "Valid"
2025-04-25 10:33:24.909 +05:30 [INF] Executed DbCommand (18ms) [Parameters=[], CommandType='"Text"', CommandTimeout='30']
SELECT COUNT(*)
FROM [Employees] AS [e]
2025-04-25 10:33:24.923 +05:30 [INF] Executed DbCommand (1ms) [Parameters=[@__p_0='?' (DbType = Int32), @__p_1='?' (DbType = Int32)], CommandType='"Text"', CommandTimeout='30']
SELECT [e].[Id], [e].[Department], [e].[Email], [e].[EmployeeCode], [e].[Name], [e].[PhoneNumber], [e].[Salary]
FROM [Employees] AS [e]
ORDER BY [e].[Id]
OFFSET @__p_0 ROWS FETCH NEXT @__p_1 ROWS ONLY
2025-04-25 10:33:24.935 +05:30 [INF] Executed handler method OnGetAsync, returned result .
2025-04-25 10:33:24.939 +05:30 [INF] Executing an implicit handler method - ModelState is "Valid"
2025-04-25 10:33:24.942 +05:30 [INF] Executed an implicit handler method, returned result Microsoft.AspNetCore.Mvc.RazorPages.PageResult.
2025-04-25 10:33:24.967 +05:30 [INF] Executed DbCommand (15ms) [Parameters=[@__p_0='?' (Size = 450)], CommandType='"Text"', CommandTimeout='30']
SELECT TOP(1) [a].[Id], [a].[AccessFailedCount], [a].[ConcurrencyStamp], [a].[Department], [a].[Email], [a].[EmailConfirmed], [a].[EmployeeCode], [a].[EmployeeId], [a].[FullName], [a].[LockoutEnabled], [a].[LockoutEnd], [a].[NormalizedEmail], [a].[NormalizedUserName], [a].[PasswordHash], [a].[PhoneNumber], [a].[PhoneNumberConfirmed], [a].[SecurityStamp], [a].[TwoFactorEnabled], [a].[UserName]
FROM [AspNetUsers] AS [a]
WHERE [a].[Id] = @__p_0
2025-04-25 10:33:24.992 +05:30 [INF] Executed DbCommand (14ms) [Parameters=[@__userId_0='?' (Size = 450)], CommandType='"Text"', CommandTimeout='30']
SELECT [a0].[Name]
FROM [AspNetUserRoles] AS [a]
INNER JOIN [AspNetRoles] AS [a0] ON [a].[RoleId] = [a0].[Id]
WHERE [a].[UserId] = @__userId_0
2025-04-25 10:33:25.004 +05:30 [INF] Executed page /EmployeeManagement/Index in 119.6263ms
2025-04-25 10:33:25.009 +05:30 [INF] Executed endpoint '/EmployeeManagement/Index'
2025-04-25 10:33:25.013 +05:30 [INF] HTTP GET /EmployeeManagement/Index responded 200 in 141.0672 ms
2025-04-25 10:33:25.020 +05:30 [INF] Request finished HTTP/2 GET https://localhost:7134/EmployeeManagement/Index - 200 null text/html; charset=utf-8 158.0852ms
2025-04-25 10:33:25.032 +05:30 [INF] Request starting HTTP/2 GET https://localhost:7134/_vs/browserLink - null null
2025-04-25 10:33:25.039 +05:30 [INF] Request starting HTTP/2 GET https://localhost:7134/_framework/aspnetcore-browser-refresh.js - null null
2025-04-25 10:33:25.046 +05:30 [INF] Request finished HTTP/2 GET https://localhost:7134/_framework/aspnetcore-browser-refresh.js - 200 13758 application/javascript; charset=utf-8 7.5366ms
2025-04-25 10:33:25.049 +05:30 [INF] Request finished HTTP/2 GET https://localhost:7134/_vs/browserLink - 200 null text/javascript; charset=UTF-8 16.5138ms
2025-04-25 10:33:29.408 +05:30 [INF] Request starting HTTP/2 GET https://localhost:7134/Account/Register - null null
2025-04-25 10:33:29.420 +05:30 [INF] Executing endpoint '/Account/Register'
2025-04-25 10:33:29.439 +05:30 [INF] Route matched with {page = "/Account/Register"}. Executing page /Account/Register
2025-04-25 10:33:29.445 +05:30 [INF] Executing handler method EmployeeApp.Pages.Account.RegisterModel.OnGet - ModelState is "Valid"
2025-04-25 10:33:29.448 +05:30 [INF] Executed handler method OnGet, returned result Microsoft.AspNetCore.Mvc.RazorPages.PageResult.
2025-04-25 10:33:29.534 +05:30 [INF] Executed DbCommand (27ms) [Parameters=[@__p_0='?' (Size = 450)], CommandType='"Text"', CommandTimeout='30']
SELECT TOP(1) [a].[Id], [a].[AccessFailedCount], [a].[ConcurrencyStamp], [a].[Department], [a].[Email], [a].[EmailConfirmed], [a].[EmployeeCode], [a].[EmployeeId], [a].[FullName], [a].[LockoutEnabled], [a].[LockoutEnd], [a].[NormalizedEmail], [a].[NormalizedUserName], [a].[PasswordHash], [a].[PhoneNumber], [a].[PhoneNumberConfirmed], [a].[SecurityStamp], [a].[TwoFactorEnabled], [a].[UserName]
FROM [AspNetUsers] AS [a]
WHERE [a].[Id] = @__p_0
2025-04-25 10:33:29.549 +05:30 [INF] Executed DbCommand (6ms) [Parameters=[@__userId_0='?' (Size = 450)], CommandType='"Text"', CommandTimeout='30']
SELECT [a0].[Name]
FROM [AspNetUserRoles] AS [a]
INNER JOIN [AspNetRoles] AS [a0] ON [a].[RoleId] = [a0].[Id]
WHERE [a].[UserId] = @__userId_0
2025-04-25 10:33:29.562 +05:30 [INF] Executed page /Account/Register in 118.3659ms
2025-04-25 10:33:29.566 +05:30 [INF] Executed endpoint '/Account/Register'
2025-04-25 10:33:29.570 +05:30 [INF] HTTP GET /Account/Register responded 200 in 151.3585 ms
2025-04-25 10:33:29.576 +05:30 [INF] Request finished HTTP/2 GET https://localhost:7134/Account/Register - 200 null text/html; charset=utf-8 167.7253ms
2025-04-25 10:33:29.588 +05:30 [INF] Request starting HTTP/2 GET https://localhost:7134/_vs/browserLink - null null
2025-04-25 10:33:29.591 +05:30 [INF] Request starting HTTP/2 GET https://localhost:7134/_framework/aspnetcore-browser-refresh.js - null null
2025-04-25 10:33:29.600 +05:30 [INF] Request finished HTTP/2 GET https://localhost:7134/_vs/browserLink - 200 null text/javascript; charset=UTF-8 11.8805ms
2025-04-25 10:33:29.600 +05:30 [INF] Request finished HTTP/2 GET https://localhost:7134/_framework/aspnetcore-browser-refresh.js - 200 13758 application/javascript; charset=utf-8 8.969ms
2025-04-25 10:33:50.433 +05:30 [INF] Request starting HTTP/2 POST https://localhost:7134/Account/Register?handler=Register - application/x-www-form-urlencoded; charset=UTF-8 70
2025-04-25 10:33:50.448 +05:30 [INF] Executing endpoint '/Account/Register'
2025-04-25 10:33:50.453 +05:30 [INF] Route matched with {page = "/Account/Register"}. Executing page /Account/Register
2025-04-25 10:33:50.474 +05:30 [INF] Executing handler method EmployeeApp.Pages.Account.RegisterModel.OnPostRegisterAsync - ModelState is "Valid"
2025-04-25 10:33:50.501 +05:30 [INF] Executed DbCommand (4ms) [Parameters=[], CommandType='"Text"', CommandTimeout='30']
SELECT CASE
    WHEN EXISTS (
        SELECT 1
        FROM [AspNetUsers] AS [a]) THEN CAST(1 AS bit)
    ELSE CAST(0 AS bit)
END
2025-04-25 10:33:50.857 +05:30 [INF] Executed DbCommand (4ms) [Parameters=[@__normalizedUserName_0='?' (Size = 256)], CommandType='"Text"', CommandTimeout='30']
SELECT TOP(1) [a].[Id], [a].[AccessFailedCount], [a].[ConcurrencyStamp], [a].[Department], [a].[Email], [a].[EmailConfirmed], [a].[EmployeeCode], [a].[EmployeeId], [a].[FullName], [a].[LockoutEnabled], [a].[LockoutEnd], [a].[NormalizedEmail], [a].[NormalizedUserName], [a].[PasswordHash], [a].[PhoneNumber], [a].[PhoneNumberConfirmed], [a].[SecurityStamp], [a].[TwoFactorEnabled], [a].[UserName]
FROM [AspNetUsers] AS [a]
WHERE [a].[NormalizedUserName] = @__normalizedUserName_0
2025-04-25 10:33:50.925 +05:30 [ERR] Failed executing DbCommand (19ms) [Parameters=[@p0='?' (Size = 450), @p1='?' (DbType = Int32), @p2='?' (Size = 4000), @p3='?' (Size = 4000), @p4='?' (Size = 256), @p5='?' (DbType = Boolean), @p6='?' (Size = 4000), @p7='?' (DbType = Int32), @p8='?' (Size = 50), @p9='?' (DbType = Boolean), @p10='?' (DbType = DateTimeOffset), @p11='?' (Size = 256), @p12='?' (Size = 256), @p13='?' (Size = 4000), @p14='?' (Size = 4000), @p15='?' (DbType = Boolean), @p16='?' (Size = 4000), @p17='?' (DbType = Boolean), @p18='?' (Size = 256)], CommandType='"Text"', CommandTimeout='30']
SET IMPLICIT_TRANSACTIONS OFF;
SET NOCOUNT ON;
INSERT INTO [AspNetUsers] ([Id], [AccessFailedCount], [ConcurrencyStamp], [Department], [Email], [EmailConfirmed], [EmployeeCode], [EmployeeId], [FullName], [LockoutEnabled], [LockoutEnd], [NormalizedEmail], [NormalizedUserName], [PasswordHash], [PhoneNumber], [PhoneNumberConfirmed], [SecurityStamp], [TwoFactorEnabled], [UserName])
VALUES (@p0, @p1, @p2, @p3, @p4, @p5, @p6, @p7, @p8, @p9, @p10, @p11, @p12, @p13, @p14, @p15, @p16, @p17, @p18);
2025-04-25 10:33:50.992 +05:30 [ERR] An exception occurred in the database while saving changes for context type 'EmployeeApp.Data.ApplicationDbContext'.
Microsoft.EntityFrameworkCore.DbUpdateException: An error occurred while saving the entity changes. See the inner exception for details.
 ---> Microsoft.Data.SqlClient.SqlException (0x80131904): Cannot insert the value NULL into column 'EmployeeCode', table 'EmployeeAppDB.dbo.AspNetUsers'; column does not allow nulls. INSERT fails.
The statement has been terminated.
   at Microsoft.Data.SqlClient.SqlCommand.<>c.<ExecuteDbDataReaderAsync>b__211_0(Task`1 result)
   at System.Threading.Tasks.ContinuationResultTaskFromResultTask`2.InnerInvoke()
   at System.Threading.ExecutionContext.RunInternal(ExecutionContext executionContext, ContextCallback callback, Object state)
--- End of stack trace from previous location ---
   at System.Threading.ExecutionContext.RunInternal(ExecutionContext executionContext, ContextCallback callback, Object state)
   at System.Threading.Tasks.Task.ExecuteWithThreadLocal(Task& currentTaskSlot, Thread threadPoolThread)
--- End of stack trace from previous location ---
   at Microsoft.EntityFrameworkCore.Storage.RelationalCommand.ExecuteReaderAsync(RelationalCommandParameterObject parameterObject, CancellationToken cancellationToken)
   at Microsoft.EntityFrameworkCore.Storage.RelationalCommand.ExecuteReaderAsync(RelationalCommandParameterObject parameterObject, CancellationToken cancellationToken)
   at Microsoft.EntityFrameworkCore.Update.ReaderModificationCommandBatch.ExecuteAsync(IRelationalConnection connection, CancellationToken cancellationToken)
ClientConnectionId:8c3615dc-3273-4ef4-b8a9-6c21516fac55
Error Number:515,State:2,Class:16
   --- End of inner exception stack trace ---
   at Microsoft.EntityFrameworkCore.Update.ReaderModificationCommandBatch.ExecuteAsync(IRelationalConnection connection, CancellationToken cancellationToken)
   at Microsoft.EntityFrameworkCore.SqlServer.Update.Internal.SqlServerModificationCommandBatch.ExecuteAsync(IRelationalConnection connection, CancellationToken cancellationToken)
   at Microsoft.EntityFrameworkCore.Update.Internal.BatchExecutor.ExecuteAsync(IEnumerable`1 commandBatches, IRelationalConnection connection, CancellationToken cancellationToken)
   at Microsoft.EntityFrameworkCore.Update.Internal.BatchExecutor.ExecuteAsync(IEnumerable`1 commandBatches, IRelationalConnection connection, CancellationToken cancellationToken)
   at Microsoft.EntityFrameworkCore.Update.Internal.BatchExecutor.ExecuteAsync(IEnumerable`1 commandBatches, IRelationalConnection connection, CancellationToken cancellationToken)
   at Microsoft.EntityFrameworkCore.ChangeTracking.Internal.StateManager.SaveChangesAsync(IList`1 entriesToSave, CancellationToken cancellationToken)
   at Microsoft.EntityFrameworkCore.ChangeTracking.Internal.StateManager.SaveChangesAsync(StateManager stateManager, Boolean acceptAllChangesOnSuccess, CancellationToken cancellationToken)
   at Microsoft.EntityFrameworkCore.SqlServer.Storage.Internal.SqlServerExecutionStrategy.ExecuteAsync[TState,TResult](TState state, Func`4 operation, Func`4 verifySucceeded, CancellationToken cancellationToken)
   at Microsoft.EntityFrameworkCore.DbContext.SaveChangesAsync(Boolean acceptAllChangesOnSuccess, CancellationToken cancellationToken)
Microsoft.EntityFrameworkCore.DbUpdateException: An error occurred while saving the entity changes. See the inner exception for details.
 ---> Microsoft.Data.SqlClient.SqlException (0x80131904): Cannot insert the value NULL into column 'EmployeeCode', table 'EmployeeAppDB.dbo.AspNetUsers'; column does not allow nulls. INSERT fails.
The statement has been terminated.
   at Microsoft.Data.SqlClient.SqlCommand.<>c.<ExecuteDbDataReaderAsync>b__211_0(Task`1 result)
   at System.Threading.Tasks.ContinuationResultTaskFromResultTask`2.InnerInvoke()
   at System.Threading.ExecutionContext.RunInternal(ExecutionContext executionContext, ContextCallback callback, Object state)
--- End of stack trace from previous location ---
   at System.Threading.ExecutionContext.RunInternal(ExecutionContext executionContext, ContextCallback callback, Object state)
   at System.Threading.Tasks.Task.ExecuteWithThreadLocal(Task& currentTaskSlot, Thread threadPoolThread)
--- End of stack trace from previous location ---
   at Microsoft.EntityFrameworkCore.Storage.RelationalCommand.ExecuteReaderAsync(RelationalCommandParameterObject parameterObject, CancellationToken cancellationToken)
   at Microsoft.EntityFrameworkCore.Storage.RelationalCommand.ExecuteReaderAsync(RelationalCommandParameterObject parameterObject, CancellationToken cancellationToken)
   at Microsoft.EntityFrameworkCore.Update.ReaderModificationCommandBatch.ExecuteAsync(IRelationalConnection connection, CancellationToken cancellationToken)
ClientConnectionId:8c3615dc-3273-4ef4-b8a9-6c21516fac55
Error Number:515,State:2,Class:16
   --- End of inner exception stack trace ---
   at Microsoft.EntityFrameworkCore.Update.ReaderModificationCommandBatch.ExecuteAsync(IRelationalConnection connection, CancellationToken cancellationToken)
   at Microsoft.EntityFrameworkCore.SqlServer.Update.Internal.SqlServerModificationCommandBatch.ExecuteAsync(IRelationalConnection connection, CancellationToken cancellationToken)
   at Microsoft.EntityFrameworkCore.Update.Internal.BatchExecutor.ExecuteAsync(IEnumerable`1 commandBatches, IRelationalConnection connection, CancellationToken cancellationToken)
   at Microsoft.EntityFrameworkCore.Update.Internal.BatchExecutor.ExecuteAsync(IEnumerable`1 commandBatches, IRelationalConnection connection, CancellationToken cancellationToken)
   at Microsoft.EntityFrameworkCore.Update.Internal.BatchExecutor.ExecuteAsync(IEnumerable`1 commandBatches, IRelationalConnection connection, CancellationToken cancellationToken)
   at Microsoft.EntityFrameworkCore.ChangeTracking.Internal.StateManager.SaveChangesAsync(IList`1 entriesToSave, CancellationToken cancellationToken)
   at Microsoft.EntityFrameworkCore.ChangeTracking.Internal.StateManager.SaveChangesAsync(StateManager stateManager, Boolean acceptAllChangesOnSuccess, CancellationToken cancellationToken)
   at Microsoft.EntityFrameworkCore.SqlServer.Storage.Internal.SqlServerExecutionStrategy.ExecuteAsync[TState,TResult](TState state, Func`4 operation, Func`4 verifySucceeded, CancellationToken cancellationToken)
   at Microsoft.EntityFrameworkCore.DbContext.SaveChangesAsync(Boolean acceptAllChangesOnSuccess, CancellationToken cancellationToken)
2025-04-25 10:33:51.018 +05:30 [ERR] Registration failed.
Microsoft.EntityFrameworkCore.DbUpdateException: An error occurred while saving the entity changes. See the inner exception for details.
 ---> Microsoft.Data.SqlClient.SqlException (0x80131904): Cannot insert the value NULL into column 'EmployeeCode', table 'EmployeeAppDB.dbo.AspNetUsers'; column does not allow nulls. INSERT fails.
The statement has been terminated.
   at Microsoft.Data.SqlClient.SqlCommand.<>c.<ExecuteDbDataReaderAsync>b__211_0(Task`1 result)
   at System.Threading.Tasks.ContinuationResultTaskFromResultTask`2.InnerInvoke()
   at System.Threading.ExecutionContext.RunInternal(ExecutionContext executionContext, ContextCallback callback, Object state)
--- End of stack trace from previous location ---
   at System.Threading.ExecutionContext.RunInternal(ExecutionContext executionContext, ContextCallback callback, Object state)
   at System.Threading.Tasks.Task.ExecuteWithThreadLocal(Task& currentTaskSlot, Thread threadPoolThread)
--- End of stack trace from previous location ---
   at Microsoft.EntityFrameworkCore.Storage.RelationalCommand.ExecuteReaderAsync(RelationalCommandParameterObject parameterObject, CancellationToken cancellationToken)
   at Microsoft.EntityFrameworkCore.Storage.RelationalCommand.ExecuteReaderAsync(RelationalCommandParameterObject parameterObject, CancellationToken cancellationToken)
   at Microsoft.EntityFrameworkCore.Update.ReaderModificationCommandBatch.ExecuteAsync(IRelationalConnection connection, CancellationToken cancellationToken)
ClientConnectionId:8c3615dc-3273-4ef4-b8a9-6c21516fac55
Error Number:515,State:2,Class:16
   --- End of inner exception stack trace ---
   at Microsoft.EntityFrameworkCore.Update.ReaderModificationCommandBatch.ExecuteAsync(IRelationalConnection connection, CancellationToken cancellationToken)
   at Microsoft.EntityFrameworkCore.SqlServer.Update.Internal.SqlServerModificationCommandBatch.ExecuteAsync(IRelationalConnection connection, CancellationToken cancellationToken)
   at Microsoft.EntityFrameworkCore.Update.Internal.BatchExecutor.ExecuteAsync(IEnumerable`1 commandBatches, IRelationalConnection connection, CancellationToken cancellationToken)
   at Microsoft.EntityFrameworkCore.Update.Internal.BatchExecutor.ExecuteAsync(IEnumerable`1 commandBatches, IRelationalConnection connection, CancellationToken cancellationToken)
   at Microsoft.EntityFrameworkCore.Update.Internal.BatchExecutor.ExecuteAsync(IEnumerable`1 commandBatches, IRelationalConnection connection, CancellationToken cancellationToken)
   at Microsoft.EntityFrameworkCore.ChangeTracking.Internal.StateManager.SaveChangesAsync(IList`1 entriesToSave, CancellationToken cancellationToken)
   at Microsoft.EntityFrameworkCore.ChangeTracking.Internal.StateManager.SaveChangesAsync(StateManager stateManager, Boolean acceptAllChangesOnSuccess, CancellationToken cancellationToken)
   at Microsoft.EntityFrameworkCore.SqlServer.Storage.Internal.SqlServerExecutionStrategy.ExecuteAsync[TState,TResult](TState state, Func`4 operation, Func`4 verifySucceeded, CancellationToken cancellationToken)
   at Microsoft.EntityFrameworkCore.DbContext.SaveChangesAsync(Boolean acceptAllChangesOnSuccess, CancellationToken cancellationToken)
   at Microsoft.EntityFrameworkCore.DbContext.SaveChangesAsync(Boolean acceptAllChangesOnSuccess, CancellationToken cancellationToken)
   at Microsoft.AspNetCore.Identity.EntityFrameworkCore.UserStore`9.CreateAsync(TUser user, CancellationToken cancellationToken)
   at Microsoft.AspNetCore.Identity.UserManager`1.CreateAsync(TUser user)
   at Microsoft.AspNetCore.Identity.UserManager`1.CreateAsync(TUser user, String password)
   at EmployeeApp.Pages.Account.RegisterModel.OnPostRegisterAsync(String fullName, String email, String password, String department) in C:\Users\liyan\Documents\GitHub\CCS\EmployeeApp\Pages\Account\Register.cshtml.cs:line 68
2025-04-25 10:33:51.043 +05:30 [INF] Executed handler method OnPostRegisterAsync, returned result Microsoft.AspNetCore.Mvc.JsonResult.
2025-04-25 10:33:51.047 +05:30 [INF] Executing JsonResult, writing value of type '<>f__AnonymousType11`2[[System.Boolean, System.Private.CoreLib, Version=8.0.0.0, Culture=neutral, PublicKeyToken=7cec85d7bea7798e],[System.String, System.Private.CoreLib, Version=8.0.0.0, Culture=neutral, PublicKeyToken=7cec85d7bea7798e]]'.
2025-04-25 10:33:51.079 +05:30 [INF] Executed page /Account/Register in 620.7269ms
2025-04-25 10:33:51.082 +05:30 [INF] Executed endpoint '/Account/Register'
2025-04-25 10:33:51.083 +05:30 [INF] HTTP POST /Account/Register responded 200 in 638.3018 ms
2025-04-25 10:33:51.087 +05:30 [INF] Request finished HTTP/2 POST https://localhost:7134/Account/Register?handler=Register - 200 null application/json; charset=utf-8 653.7181ms
2025-04-25 10:37:49.945 +05:30 [INF] User profile is available. Using 'C:\Users\liyan\AppData\Local\ASP.NET\DataProtection-Keys' as key repository and Windows DPAPI to encrypt keys at rest.
2025-04-25 10:37:51.234 +05:30 [INF] Executed DbCommand (75ms) [Parameters=[@__normalizedName_0='?' (Size = 256)], CommandType='"Text"', CommandTimeout='30']
SELECT TOP(1) [a].[Id], [a].[ConcurrencyStamp], [a].[Name], [a].[NormalizedName]
FROM [AspNetRoles] AS [a]
WHERE [a].[NormalizedName] = @__normalizedName_0
2025-04-25 10:37:51.342 +05:30 [INF] Executed DbCommand (2ms) [Parameters=[@__normalizedName_0='?' (Size = 256)], CommandType='"Text"', CommandTimeout='30']
SELECT TOP(1) [a].[Id], [a].[ConcurrencyStamp], [a].[Name], [a].[NormalizedName]
FROM [AspNetRoles] AS [a]
WHERE [a].[NormalizedName] = @__normalizedName_0
2025-04-25 10:37:51.414 +05:30 [INF] Executed DbCommand (14ms) [Parameters=[@__normalizedEmail_0='?' (Size = 256)], CommandType='"Text"', CommandTimeout='30']
SELECT TOP(2) [a].[Id], [a].[AccessFailedCount], [a].[ConcurrencyStamp], [a].[Department], [a].[Email], [a].[EmailConfirmed], [a].[EmployeeCode], [a].[EmployeeId], [a].[FullName], [a].[LockoutEnabled], [a].[LockoutEnd], [a].[NormalizedEmail], [a].[NormalizedUserName], [a].[PasswordHash], [a].[PhoneNumber], [a].[PhoneNumberConfirmed], [a].[SecurityStamp], [a].[TwoFactorEnabled], [a].[UserName]
FROM [AspNetUsers] AS [a]
WHERE [a].[NormalizedEmail] = @__normalizedEmail_0
2025-04-25 10:37:51.475 +05:30 [INF] Executed DbCommand (4ms) [Parameters=[], CommandType='"Text"', CommandTimeout='30']
SELECT CASE
    WHEN EXISTS (
        SELECT 1
        FROM [Employees] AS [e]) THEN CAST(1 AS bit)
    ELSE CAST(0 AS bit)
END
2025-04-25 10:37:51.485 +05:30 [INF] EmployeeApp started successfully.
2025-04-25 10:37:51.590 +05:30 [INF] Now listening on: https://localhost:7134
2025-04-25 10:37:51.592 +05:30 [INF] Now listening on: http://localhost:5207
2025-04-25 10:37:51.697 +05:30 [INF] Application started. Press Ctrl+C to shut down.
2025-04-25 10:37:51.701 +05:30 [INF] Hosting environment: Development
2025-04-25 10:37:51.707 +05:30 [INF] Content root path: C:\Users\liyan\Documents\GitHub\CCS\EmployeeApp
2025-04-25 10:37:51.855 +05:30 [INF] Request starting HTTP/2 GET https://localhost:7134/Account/Register - null null
2025-04-25 10:37:51.970 +05:30 [INF] Executing endpoint '/Account/Register'
2025-04-25 10:37:52.010 +05:30 [INF] Route matched with {page = "/Account/Register"}. Executing page /Account/Register
2025-04-25 10:37:52.025 +05:30 [INF] Executing handler method EmployeeApp.Pages.Account.RegisterModel.OnGet - ModelState is "Valid"
2025-04-25 10:37:52.027 +05:30 [INF] Executed handler method OnGet, returned result .
2025-04-25 10:37:52.034 +05:30 [INF] Executing an implicit handler method - ModelState is "Valid"
2025-04-25 10:37:52.037 +05:30 [INF] Executed an implicit handler method, returned result Microsoft.AspNetCore.Mvc.RazorPages.PageResult.
2025-04-25 10:37:52.213 +05:30 [INF] Executed DbCommand (4ms) [Parameters=[@__p_0='?' (Size = 450)], CommandType='"Text"', CommandTimeout='30']
SELECT TOP(1) [a].[Id], [a].[AccessFailedCount], [a].[ConcurrencyStamp], [a].[Department], [a].[Email], [a].[EmailConfirmed], [a].[EmployeeCode], [a].[EmployeeId], [a].[FullName], [a].[LockoutEnabled], [a].[LockoutEnd], [a].[NormalizedEmail], [a].[NormalizedUserName], [a].[PasswordHash], [a].[PhoneNumber], [a].[PhoneNumberConfirmed], [a].[SecurityStamp], [a].[TwoFactorEnabled], [a].[UserName]
FROM [AspNetUsers] AS [a]
WHERE [a].[Id] = @__p_0
2025-04-25 10:37:52.264 +05:30 [INF] Executed DbCommand (5ms) [Parameters=[@__userId_0='?' (Size = 450)], CommandType='"Text"', CommandTimeout='30']
SELECT [a0].[Name]
FROM [AspNetUserRoles] AS [a]
INNER JOIN [AspNetRoles] AS [a0] ON [a].[RoleId] = [a0].[Id]
WHERE [a].[UserId] = @__userId_0
2025-04-25 10:37:52.304 +05:30 [INF] Executed page /Account/Register in 286.4641ms
2025-04-25 10:37:52.309 +05:30 [INF] Executed endpoint '/Account/Register'
2025-04-25 10:37:52.314 +05:30 [INF] Request starting HTTP/2 GET https://localhost:7134/_vs/browserLink - null null
2025-04-25 10:37:52.314 +05:30 [INF] Request starting HTTP/2 GET https://localhost:7134/_framework/aspnetcore-browser-refresh.js - null null
2025-04-25 10:37:52.316 +05:30 [INF] HTTP GET /Account/Register responded 200 in 375.2491 ms
2025-04-25 10:37:52.326 +05:30 [INF] Request finished HTTP/2 GET https://localhost:7134/_framework/aspnetcore-browser-refresh.js - 200 13758 application/javascript; charset=utf-8 11.0134ms
2025-04-25 10:37:52.332 +05:30 [INF] Request finished HTTP/2 GET https://localhost:7134/Account/Register - 200 null text/html; charset=utf-8 478.6152ms
2025-04-25 10:37:52.351 +05:30 [INF] Request finished HTTP/2 GET https://localhost:7134/_vs/browserLink - 200 null text/javascript; charset=UTF-8 36.9708ms
2025-04-25 10:38:02.202 +05:30 [INF] Request starting HTTP/2 GET https://localhost:7134/EmployeeManagement/Index - null null
2025-04-25 10:38:02.238 +05:30 [INF] Executing endpoint '/EmployeeManagement/Index'
2025-04-25 10:38:02.252 +05:30 [INF] Route matched with {page = "/EmployeeManagement/Index"}. Executing page /EmployeeManagement/Index
2025-04-25 10:38:02.265 +05:30 [INF] Executing handler method EmployeeApp.Pages.EmployeeManagement.IndexModel.OnGetAsync - ModelState is "Valid"
2025-04-25 10:38:02.370 +05:30 [INF] Executed DbCommand (3ms) [Parameters=[], CommandType='"Text"', CommandTimeout='30']
SELECT COUNT(*)
FROM [Employees] AS [e]
2025-04-25 10:38:02.402 +05:30 [INF] Executed DbCommand (2ms) [Parameters=[@__p_0='?' (DbType = Int32), @__p_1='?' (DbType = Int32)], CommandType='"Text"', CommandTimeout='30']
SELECT [e].[Id], [e].[Department], [e].[Email], [e].[EmployeeCode], [e].[Name], [e].[PhoneNumber], [e].[Salary]
FROM [Employees] AS [e]
ORDER BY [e].[Id]
OFFSET @__p_0 ROWS FETCH NEXT @__p_1 ROWS ONLY
2025-04-25 10:38:02.465 +05:30 [INF] Executed handler method OnGetAsync, returned result .
2025-04-25 10:38:02.472 +05:30 [INF] Executing an implicit handler method - ModelState is "Valid"
2025-04-25 10:38:02.478 +05:30 [INF] Executed an implicit handler method, returned result Microsoft.AspNetCore.Mvc.RazorPages.PageResult.
2025-04-25 10:38:02.517 +05:30 [INF] Executed DbCommand (1ms) [Parameters=[@__p_0='?' (Size = 450)], CommandType='"Text"', CommandTimeout='30']
SELECT TOP(1) [a].[Id], [a].[AccessFailedCount], [a].[ConcurrencyStamp], [a].[Department], [a].[Email], [a].[EmailConfirmed], [a].[EmployeeCode], [a].[EmployeeId], [a].[FullName], [a].[LockoutEnabled], [a].[LockoutEnd], [a].[NormalizedEmail], [a].[NormalizedUserName], [a].[PasswordHash], [a].[PhoneNumber], [a].[PhoneNumberConfirmed], [a].[SecurityStamp], [a].[TwoFactorEnabled], [a].[UserName]
FROM [AspNetUsers] AS [a]
WHERE [a].[Id] = @__p_0
2025-04-25 10:38:02.531 +05:30 [INF] Executed DbCommand (1ms) [Parameters=[@__userId_0='?' (Size = 450)], CommandType='"Text"', CommandTimeout='30']
SELECT [a0].[Name]
FROM [AspNetUserRoles] AS [a]
INNER JOIN [AspNetRoles] AS [a0] ON [a].[RoleId] = [a0].[Id]
WHERE [a].[UserId] = @__userId_0
2025-04-25 10:38:02.546 +05:30 [INF] Executed page /EmployeeManagement/Index in 288.0048ms
2025-04-25 10:38:02.551 +05:30 [INF] Executed endpoint '/EmployeeManagement/Index'
2025-04-25 10:38:02.559 +05:30 [INF] HTTP GET /EmployeeManagement/Index responded 200 in 341.2893 ms
2025-04-25 10:38:02.565 +05:30 [INF] Request finished HTTP/2 GET https://localhost:7134/EmployeeManagement/Index - 200 null text/html; charset=utf-8 362.194ms
2025-04-25 10:38:02.571 +05:30 [INF] Request starting HTTP/2 GET https://localhost:7134/_framework/aspnetcore-browser-refresh.js - null null
2025-04-25 10:38:02.571 +05:30 [INF] Request starting HTTP/2 GET https://localhost:7134/_vs/browserLink - null null
2025-04-25 10:38:02.577 +05:30 [INF] Request finished HTTP/2 GET https://localhost:7134/_framework/aspnetcore-browser-refresh.js - 200 13758 application/javascript; charset=utf-8 5.2957ms
2025-04-25 10:38:02.600 +05:30 [INF] Request finished HTTP/2 GET https://localhost:7134/_vs/browserLink - 200 null text/javascript; charset=UTF-8 29.0804ms
2025-04-25 10:38:04.748 +05:30 [INF] Request starting HTTP/2 GET https://localhost:7134/EmployeeManagement/Create - null null
2025-04-25 10:38:04.805 +05:30 [INF] Executing endpoint '/EmployeeManagement/Create'
2025-04-25 10:38:04.825 +05:30 [INF] Route matched with {page = "/EmployeeManagement/Create"}. Executing page /EmployeeManagement/Create
2025-04-25 10:38:04.834 +05:30 [INF] Executing handler method EmployeeApp.Pages.EmployeeManagement.CreateModel.OnGet - ModelState is "Valid"
2025-04-25 10:38:04.839 +05:30 [INF] Executed handler method OnGet, returned result .
2025-04-25 10:38:04.846 +05:30 [INF] Executing an implicit handler method - ModelState is "Valid"
2025-04-25 10:38:04.851 +05:30 [INF] Executed an implicit handler method, returned result Microsoft.AspNetCore.Mvc.RazorPages.PageResult.
2025-04-25 10:38:04.909 +05:30 [INF] Executed DbCommand (1ms) [Parameters=[@__p_0='?' (Size = 450)], CommandType='"Text"', CommandTimeout='30']
SELECT TOP(1) [a].[Id], [a].[AccessFailedCount], [a].[ConcurrencyStamp], [a].[Department], [a].[Email], [a].[EmailConfirmed], [a].[EmployeeCode], [a].[EmployeeId], [a].[FullName], [a].[LockoutEnabled], [a].[LockoutEnd], [a].[NormalizedEmail], [a].[NormalizedUserName], [a].[PasswordHash], [a].[PhoneNumber], [a].[PhoneNumberConfirmed], [a].[SecurityStamp], [a].[TwoFactorEnabled], [a].[UserName]
FROM [AspNetUsers] AS [a]
WHERE [a].[Id] = @__p_0
2025-04-25 10:38:04.924 +05:30 [INF] Executed DbCommand (1ms) [Parameters=[@__userId_0='?' (Size = 450)], CommandType='"Text"', CommandTimeout='30']
SELECT [a0].[Name]
FROM [AspNetUserRoles] AS [a]
INNER JOIN [AspNetRoles] AS [a0] ON [a].[RoleId] = [a0].[Id]
WHERE [a].[UserId] = @__userId_0
2025-04-25 10:38:04.942 +05:30 [INF] Executed page /EmployeeManagement/Create in 109.9834ms
2025-04-25 10:38:04.947 +05:30 [INF] Executed endpoint '/EmployeeManagement/Create'
2025-04-25 10:38:04.955 +05:30 [INF] HTTP GET /EmployeeManagement/Create responded 200 in 193.9907 ms
2025-04-25 10:38:04.962 +05:30 [INF] Request finished HTTP/2 GET https://localhost:7134/EmployeeManagement/Create - 200 null text/html; charset=utf-8 214.1284ms
2025-04-25 10:38:04.971 +05:30 [INF] Request starting HTTP/2 GET https://localhost:7134/_framework/aspnetcore-browser-refresh.js - null null
2025-04-25 10:38:04.971 +05:30 [INF] Request starting HTTP/2 GET https://localhost:7134/_vs/browserLink - null null
2025-04-25 10:38:04.979 +05:30 [INF] Request finished HTTP/2 GET https://localhost:7134/_framework/aspnetcore-browser-refresh.js - 200 13758 application/javascript; charset=utf-8 8.3098ms
2025-04-25 10:38:04.991 +05:30 [INF] Request finished HTTP/2 GET https://localhost:7134/_vs/browserLink - 200 null text/javascript; charset=UTF-8 19.7395ms
2025-04-25 10:38:26.080 +05:30 [INF] Request starting HTTP/2 POST https://localhost:7134/EmployeeManagement/Create - application/x-www-form-urlencoded 381
2025-04-25 10:38:26.093 +05:30 [INF] Executing endpoint '/EmployeeManagement/Create'
2025-04-25 10:38:26.099 +05:30 [INF] Route matched with {page = "/EmployeeManagement/Create"}. Executing page /EmployeeManagement/Create
2025-04-25 10:38:26.138 +05:30 [INF] Executing handler method EmployeeApp.Pages.EmployeeManagement.CreateModel.OnPostAsync - ModelState is "Valid"
2025-04-25 10:38:26.195 +05:30 [INF] Executed DbCommand (6ms) [Parameters=[], CommandType='"Text"', CommandTimeout='30']
SELECT TOP(1) [a].[Id], [a].[AccessFailedCount], [a].[ConcurrencyStamp], [a].[Department], [a].[Email], [a].[EmailConfirmed], [a].[EmployeeCode], [a].[EmployeeId], [a].[FullName], [a].[LockoutEnabled], [a].[LockoutEnd], [a].[NormalizedEmail], [a].[NormalizedUserName], [a].[PasswordHash], [a].[PhoneNumber], [a].[PhoneNumberConfirmed], [a].[SecurityStamp], [a].[TwoFactorEnabled], [a].[UserName]
FROM [AspNetUsers] AS [a]
WHERE [a].[EmployeeCode] NOT LIKE N''
ORDER BY [a].[EmployeeCode] DESC
2025-04-25 10:38:26.432 +05:30 [INF] Executed DbCommand (7ms) [Parameters=[@p0='?' (Size = 4000), @p1='?' (Size = 4000), @p2='?' (Size = 4000), @p3='?' (Size = 4000), @p4='?' (Size = 4000), @p5='?' (Precision = 18) (Scale = 2) (DbType = Decimal)], CommandType='"Text"', CommandTimeout='30']
SET IMPLICIT_TRANSACTIONS OFF;
SET NOCOUNT ON;
INSERT INTO [Employees] ([Department], [Email], [EmployeeCode], [Name], [PhoneNumber], [Salary])
OUTPUT INSERTED.[Id]
VALUES (@p0, @p1, @p2, @p3, @p4, @p5);
2025-04-25 10:38:26.473 +05:30 [INF] Executed handler method OnPostAsync, returned result Microsoft.AspNetCore.Mvc.RedirectToPageResult.
2025-04-25 10:38:26.477 +05:30 [INF] Executing RedirectToPageResult, redirecting to Index.
2025-04-25 10:38:26.479 +05:30 [INF] Executed page /EmployeeManagement/Create in 374.4245ms
2025-04-25 10:38:26.482 +05:30 [INF] Executed endpoint '/EmployeeManagement/Create'
2025-04-25 10:38:26.484 +05:30 [INF] HTTP POST /EmployeeManagement/Create responded 302 in 394.6988 ms
2025-04-25 10:38:26.487 +05:30 [INF] Request finished HTTP/2 POST https://localhost:7134/EmployeeManagement/Create - 302 0 null 406.8732ms
2025-04-25 10:38:26.490 +05:30 [INF] Request starting HTTP/2 GET https://localhost:7134/EmployeeManagement - null null
2025-04-25 10:38:26.499 +05:30 [INF] Executing endpoint '/EmployeeManagement/Index'
2025-04-25 10:38:26.508 +05:30 [INF] Route matched with {page = "/EmployeeManagement/Index"}. Executing page /EmployeeManagement/Index
2025-04-25 10:38:26.512 +05:30 [INF] Executing handler method EmployeeApp.Pages.EmployeeManagement.IndexModel.OnGetAsync - ModelState is "Valid"
2025-04-25 10:38:26.519 +05:30 [INF] Executed DbCommand (1ms) [Parameters=[], CommandType='"Text"', CommandTimeout='30']
SELECT COUNT(*)
FROM [Employees] AS [e]
2025-04-25 10:38:26.525 +05:30 [INF] Executed DbCommand (1ms) [Parameters=[@__p_0='?' (DbType = Int32), @__p_1='?' (DbType = Int32)], CommandType='"Text"', CommandTimeout='30']
SELECT [e].[Id], [e].[Department], [e].[Email], [e].[EmployeeCode], [e].[Name], [e].[PhoneNumber], [e].[Salary]
FROM [Employees] AS [e]
ORDER BY [e].[Id]
OFFSET @__p_0 ROWS FETCH NEXT @__p_1 ROWS ONLY
2025-04-25 10:38:26.531 +05:30 [INF] Executed handler method OnGetAsync, returned result .
2025-04-25 10:38:26.535 +05:30 [INF] Executing an implicit handler method - ModelState is "Valid"
2025-04-25 10:38:26.536 +05:30 [INF] Executed an implicit handler method, returned result Microsoft.AspNetCore.Mvc.RazorPages.PageResult.
2025-04-25 10:38:26.545 +05:30 [INF] Executed DbCommand (1ms) [Parameters=[@__p_0='?' (Size = 450)], CommandType='"Text"', CommandTimeout='30']
SELECT TOP(1) [a].[Id], [a].[AccessFailedCount], [a].[ConcurrencyStamp], [a].[Department], [a].[Email], [a].[EmailConfirmed], [a].[EmployeeCode], [a].[EmployeeId], [a].[FullName], [a].[LockoutEnabled], [a].[LockoutEnd], [a].[NormalizedEmail], [a].[NormalizedUserName], [a].[PasswordHash], [a].[PhoneNumber], [a].[PhoneNumberConfirmed], [a].[SecurityStamp], [a].[TwoFactorEnabled], [a].[UserName]
FROM [AspNetUsers] AS [a]
WHERE [a].[Id] = @__p_0
2025-04-25 10:38:26.556 +05:30 [INF] Executed DbCommand (1ms) [Parameters=[@__userId_0='?' (Size = 450)], CommandType='"Text"', CommandTimeout='30']
SELECT [a0].[Name]
FROM [AspNetUserRoles] AS [a]
INNER JOIN [AspNetRoles] AS [a0] ON [a].[RoleId] = [a0].[Id]
WHERE [a].[UserId] = @__userId_0
2025-04-25 10:38:26.565 +05:30 [INF] Executed page /EmployeeManagement/Index in 52.9656ms
2025-04-25 10:38:26.567 +05:30 [INF] Executed endpoint '/EmployeeManagement/Index'
2025-04-25 10:38:26.571 +05:30 [INF] HTTP GET /EmployeeManagement responded 200 in 73.0655 ms
2025-04-25 10:38:26.576 +05:30 [INF] Request finished HTTP/2 GET https://localhost:7134/EmployeeManagement - 200 null text/html; charset=utf-8 85.8105ms
2025-04-25 10:38:26.585 +05:30 [INF] Request starting HTTP/2 GET https://localhost:7134/_vs/browserLink - null null
2025-04-25 10:38:26.585 +05:30 [INF] Request starting HTTP/2 GET https://localhost:7134/_framework/aspnetcore-browser-refresh.js - null null
2025-04-25 10:38:26.592 +05:30 [INF] Request finished HTTP/2 GET https://localhost:7134/_framework/aspnetcore-browser-refresh.js - 200 13758 application/javascript; charset=utf-8 6.9244ms
2025-04-25 10:38:26.594 +05:30 [INF] Request finished HTTP/2 GET https://localhost:7134/_vs/browserLink - 200 null text/javascript; charset=UTF-8 8.9533ms
2025-04-25 10:38:28.912 +05:30 [INF] Request starting HTTP/2 GET https://localhost:7134/EmployeeManagement/Index - null null
2025-04-25 10:38:28.923 +05:30 [INF] Executing endpoint '/EmployeeManagement/Index'
2025-04-25 10:38:28.926 +05:30 [INF] Route matched with {page = "/EmployeeManagement/Index"}. Executing page /EmployeeManagement/Index
2025-04-25 10:38:28.929 +05:30 [INF] Executing handler method EmployeeApp.Pages.EmployeeManagement.IndexModel.OnGetAsync - ModelState is "Valid"
2025-04-25 10:38:28.938 +05:30 [INF] Executed DbCommand (1ms) [Parameters=[], CommandType='"Text"', CommandTimeout='30']
SELECT COUNT(*)
FROM [Employees] AS [e]
2025-04-25 10:38:28.950 +05:30 [INF] Executed DbCommand (1ms) [Parameters=[@__p_0='?' (DbType = Int32), @__p_1='?' (DbType = Int32)], CommandType='"Text"', CommandTimeout='30']
SELECT [e].[Id], [e].[Department], [e].[Email], [e].[EmployeeCode], [e].[Name], [e].[PhoneNumber], [e].[Salary]
FROM [Employees] AS [e]
ORDER BY [e].[Id]
OFFSET @__p_0 ROWS FETCH NEXT @__p_1 ROWS ONLY
2025-04-25 10:38:28.962 +05:30 [INF] Executed handler method OnGetAsync, returned result .
2025-04-25 10:38:28.968 +05:30 [INF] Executing an implicit handler method - ModelState is "Valid"
2025-04-25 10:38:28.971 +05:30 [INF] Executed an implicit handler method, returned result Microsoft.AspNetCore.Mvc.RazorPages.PageResult.
2025-04-25 10:38:28.983 +05:30 [INF] Executed DbCommand (1ms) [Parameters=[@__p_0='?' (Size = 450)], CommandType='"Text"', CommandTimeout='30']
SELECT TOP(1) [a].[Id], [a].[AccessFailedCount], [a].[ConcurrencyStamp], [a].[Department], [a].[Email], [a].[EmailConfirmed], [a].[EmployeeCode], [a].[EmployeeId], [a].[FullName], [a].[LockoutEnabled], [a].[LockoutEnd], [a].[NormalizedEmail], [a].[NormalizedUserName], [a].[PasswordHash], [a].[PhoneNumber], [a].[PhoneNumberConfirmed], [a].[SecurityStamp], [a].[TwoFactorEnabled], [a].[UserName]
FROM [AspNetUsers] AS [a]
WHERE [a].[Id] = @__p_0
2025-04-25 10:38:28.994 +05:30 [INF] Executed DbCommand (1ms) [Parameters=[@__userId_0='?' (Size = 450)], CommandType='"Text"', CommandTimeout='30']
SELECT [a0].[Name]
FROM [AspNetUserRoles] AS [a]
INNER JOIN [AspNetRoles] AS [a0] ON [a].[RoleId] = [a0].[Id]
WHERE [a].[UserId] = @__userId_0
2025-04-25 10:38:29.004 +05:30 [INF] Executed page /EmployeeManagement/Index in 75.3649ms
2025-04-25 10:38:29.011 +05:30 [INF] Executed endpoint '/EmployeeManagement/Index'
2025-04-25 10:38:29.015 +05:30 [INF] HTTP GET /EmployeeManagement/Index responded 200 in 93.3553 ms
2025-04-25 10:38:29.023 +05:30 [INF] Request finished HTTP/2 GET https://localhost:7134/EmployeeManagement/Index - 200 null text/html; charset=utf-8 110.9868ms
2025-04-25 10:38:29.031 +05:30 [INF] Request starting HTTP/2 GET https://localhost:7134/_vs/browserLink - null null
2025-04-25 10:38:29.037 +05:30 [INF] Request starting HTTP/2 GET https://localhost:7134/_framework/aspnetcore-browser-refresh.js - null null
2025-04-25 10:38:29.044 +05:30 [INF] Request finished HTTP/2 GET https://localhost:7134/_vs/browserLink - 200 null text/javascript; charset=UTF-8 12.4764ms
2025-04-25 10:38:29.044 +05:30 [INF] Request finished HTTP/2 GET https://localhost:7134/_framework/aspnetcore-browser-refresh.js - 200 13758 application/javascript; charset=utf-8 7.5378ms
2025-04-25 10:38:33.946 +05:30 [INF] Request starting HTTP/2 GET https://localhost:7134/Account/Register - null null
2025-04-25 10:38:33.960 +05:30 [INF] Executing endpoint '/Account/Register'
2025-04-25 10:38:33.963 +05:30 [INF] Route matched with {page = "/Account/Register"}. Executing page /Account/Register
2025-04-25 10:38:33.967 +05:30 [INF] Executing handler method EmployeeApp.Pages.Account.RegisterModel.OnGet - ModelState is "Valid"
2025-04-25 10:38:33.972 +05:30 [INF] Executed handler method OnGet, returned result .
2025-04-25 10:38:33.980 +05:30 [INF] Executing an implicit handler method - ModelState is "Valid"
2025-04-25 10:38:33.982 +05:30 [INF] Executed an implicit handler method, returned result Microsoft.AspNetCore.Mvc.RazorPages.PageResult.
2025-04-25 10:38:33.996 +05:30 [INF] Executed DbCommand (2ms) [Parameters=[@__p_0='?' (Size = 450)], CommandType='"Text"', CommandTimeout='30']
SELECT TOP(1) [a].[Id], [a].[AccessFailedCount], [a].[ConcurrencyStamp], [a].[Department], [a].[Email], [a].[EmailConfirmed], [a].[EmployeeCode], [a].[EmployeeId], [a].[FullName], [a].[LockoutEnabled], [a].[LockoutEnd], [a].[NormalizedEmail], [a].[NormalizedUserName], [a].[PasswordHash], [a].[PhoneNumber], [a].[PhoneNumberConfirmed], [a].[SecurityStamp], [a].[TwoFactorEnabled], [a].[UserName]
FROM [AspNetUsers] AS [a]
WHERE [a].[Id] = @__p_0
2025-04-25 10:38:34.010 +05:30 [INF] Executed DbCommand (1ms) [Parameters=[@__userId_0='?' (Size = 450)], CommandType='"Text"', CommandTimeout='30']
SELECT [a0].[Name]
FROM [AspNetUserRoles] AS [a]
INNER JOIN [AspNetRoles] AS [a0] ON [a].[RoleId] = [a0].[Id]
WHERE [a].[UserId] = @__userId_0
2025-04-25 10:38:34.021 +05:30 [INF] Executed page /Account/Register in 54.293ms
2025-04-25 10:38:34.027 +05:30 [INF] Executed endpoint '/Account/Register'
2025-04-25 10:38:34.032 +05:30 [INF] HTTP GET /Account/Register responded 200 in 75.1676 ms
2025-04-25 10:38:34.040 +05:30 [INF] Request finished HTTP/2 GET https://localhost:7134/Account/Register - 200 null text/html; charset=utf-8 93.3251ms
2025-04-25 10:38:34.049 +05:30 [INF] Request starting HTTP/2 GET https://localhost:7134/_vs/browserLink - null null
2025-04-25 10:38:34.049 +05:30 [INF] Request starting HTTP/2 GET https://localhost:7134/_framework/aspnetcore-browser-refresh.js - null null
2025-04-25 10:38:34.062 +05:30 [INF] Request finished HTTP/2 GET https://localhost:7134/_framework/aspnetcore-browser-refresh.js - 200 13758 application/javascript; charset=utf-8 12.8874ms
2025-04-25 10:38:34.065 +05:30 [INF] Request finished HTTP/2 GET https://localhost:7134/_vs/browserLink - 200 null text/javascript; charset=UTF-8 15.7621ms
2025-04-25 10:38:57.988 +05:30 [INF] Request starting HTTP/2 POST https://localhost:7134/Account/Register?handler=Register - application/x-www-form-urlencoded; charset=UTF-8 70
2025-04-25 10:38:57.996 +05:30 [INF] Executing endpoint '/Account/Register'
2025-04-25 10:38:58.000 +05:30 [INF] Route matched with {page = "/Account/Register"}. Executing page /Account/Register
2025-04-25 10:38:58.009 +05:30 [INF] Executing handler method EmployeeApp.Pages.Account.RegisterModel.OnPostRegisterAsync - ModelState is "Valid"
2025-04-25 10:38:58.040 +05:30 [INF] Executed DbCommand (23ms) [Parameters=[@__normalizedEmail_0='?' (Size = 256)], CommandType='"Text"', CommandTimeout='30']
SELECT TOP(2) [a].[Id], [a].[AccessFailedCount], [a].[ConcurrencyStamp], [a].[Department], [a].[Email], [a].[EmailConfirmed], [a].[EmployeeCode], [a].[EmployeeId], [a].[FullName], [a].[LockoutEnabled], [a].[LockoutEnd], [a].[NormalizedEmail], [a].[NormalizedUserName], [a].[PasswordHash], [a].[PhoneNumber], [a].[PhoneNumberConfirmed], [a].[SecurityStamp], [a].[TwoFactorEnabled], [a].[UserName]
FROM [AspNetUsers] AS [a]
WHERE [a].[NormalizedEmail] = @__normalizedEmail_0
2025-04-25 10:38:58.064 +05:30 [INF] Executed DbCommand (2ms) [Parameters=[], CommandType='"Text"', CommandTimeout='30']
SELECT CASE
    WHEN EXISTS (
        SELECT 1
        FROM [AspNetUsers] AS [a]) THEN CAST(1 AS bit)
    ELSE CAST(0 AS bit)
END
2025-04-25 10:38:58.090 +05:30 [INF] Executed DbCommand (5ms) [Parameters=[@__email_0='?' (Size = 4000)], CommandType='"Text"', CommandTimeout='30']
SELECT TOP(1) [e].[Id], [e].[Department], [e].[Email], [e].[EmployeeCode], [e].[Name], [e].[PhoneNumber], [e].[Salary]
FROM [Employees] AS [e]
WHERE [e].[Email] = @__email_0
2025-04-25 10:38:58.361 +05:30 [INF] Executed DbCommand (4ms) [Parameters=[@__normalizedUserName_0='?' (Size = 256)], CommandType='"Text"', CommandTimeout='30']
SELECT TOP(1) [a].[Id], [a].[AccessFailedCount], [a].[ConcurrencyStamp], [a].[Department], [a].[Email], [a].[EmailConfirmed], [a].[EmployeeCode], [a].[EmployeeId], [a].[FullName], [a].[LockoutEnabled], [a].[LockoutEnd], [a].[NormalizedEmail], [a].[NormalizedUserName], [a].[PasswordHash], [a].[PhoneNumber], [a].[PhoneNumberConfirmed], [a].[SecurityStamp], [a].[TwoFactorEnabled], [a].[UserName]
FROM [AspNetUsers] AS [a]
WHERE [a].[NormalizedUserName] = @__normalizedUserName_0
2025-04-25 10:38:58.427 +05:30 [INF] Executed DbCommand (11ms) [Parameters=[@p0='?' (Size = 450), @p1='?' (DbType = Int32), @p2='?' (Size = 4000), @p3='?' (Size = 4000), @p4='?' (Size = 256), @p5='?' (DbType = Boolean), @p6='?' (Size = 4000), @p7='?' (DbType = Int32), @p8='?' (Size = 50), @p9='?' (DbType = Boolean), @p10='?' (DbType = DateTimeOffset), @p11='?' (Size = 256), @p12='?' (Size = 256), @p13='?' (Size = 4000), @p14='?' (Size = 4000), @p15='?' (DbType = Boolean), @p16='?' (Size = 4000), @p17='?' (DbType = Boolean), @p18='?' (Size = 256)], CommandType='"Text"', CommandTimeout='30']
SET IMPLICIT_TRANSACTIONS OFF;
SET NOCOUNT ON;
INSERT INTO [AspNetUsers] ([Id], [AccessFailedCount], [ConcurrencyStamp], [Department], [Email], [EmailConfirmed], [EmployeeCode], [EmployeeId], [FullName], [LockoutEnabled], [LockoutEnd], [NormalizedEmail], [NormalizedUserName], [PasswordHash], [PhoneNumber], [PhoneNumberConfirmed], [SecurityStamp], [TwoFactorEnabled], [UserName])
VALUES (@p0, @p1, @p2, @p3, @p4, @p5, @p6, @p7, @p8, @p9, @p10, @p11, @p12, @p13, @p14, @p15, @p16, @p17, @p18);
2025-04-25 10:38:58.453 +05:30 [INF] Executed DbCommand (8ms) [Parameters=[@__normalizedName_0='?' (Size = 256)], CommandType='"Text"', CommandTimeout='30']
SELECT TOP(1) [a].[Id], [a].[ConcurrencyStamp], [a].[Name], [a].[NormalizedName]
FROM [AspNetRoles] AS [a]
WHERE [a].[NormalizedName] = @__normalizedName_0
2025-04-25 10:38:58.466 +05:30 [INF] Executed DbCommand (1ms) [Parameters=[@__normalizedName_0='?' (Size = 256)], CommandType='"Text"', CommandTimeout='30']
SELECT TOP(1) [a].[Id], [a].[ConcurrencyStamp], [a].[Name], [a].[NormalizedName]
FROM [AspNetRoles] AS [a]
WHERE [a].[NormalizedName] = @__normalizedName_0
2025-04-25 10:38:58.498 +05:30 [INF] Executed DbCommand (6ms) [Parameters=[@__normalizedRoleName_0='?' (Size = 256)], CommandType='"Text"', CommandTimeout='30']
SELECT TOP(2) [a].[Id], [a].[ConcurrencyStamp], [a].[Name], [a].[NormalizedName]
FROM [AspNetRoles] AS [a]
WHERE [a].[NormalizedName] = @__normalizedRoleName_0
2025-04-25 10:38:58.534 +05:30 [INF] Executed DbCommand (7ms) [Parameters=[@__p_0='?' (Size = 450), @__p_1='?' (Size = 450)], CommandType='"Text"', CommandTimeout='30']
SELECT TOP(1) [a].[UserId], [a].[RoleId]
FROM [AspNetUserRoles] AS [a]
WHERE [a].[UserId] = @__p_0 AND [a].[RoleId] = @__p_1
2025-04-25 10:38:58.553 +05:30 [INF] Executed DbCommand (1ms) [Parameters=[@__normalizedRoleName_0='?' (Size = 256)], CommandType='"Text"', CommandTimeout='30']
SELECT TOP(2) [a].[Id], [a].[ConcurrencyStamp], [a].[Name], [a].[NormalizedName]
FROM [AspNetRoles] AS [a]
WHERE [a].[NormalizedName] = @__normalizedRoleName_0
2025-04-25 10:38:58.581 +05:30 [INF] Executed DbCommand (1ms) [Parameters=[@__normalizedUserName_0='?' (Size = 256)], CommandType='"Text"', CommandTimeout='30']
SELECT TOP(1) [a].[Id], [a].[AccessFailedCount], [a].[ConcurrencyStamp], [a].[Department], [a].[Email], [a].[EmailConfirmed], [a].[EmployeeCode], [a].[EmployeeId], [a].[FullName], [a].[LockoutEnabled], [a].[LockoutEnd], [a].[NormalizedEmail], [a].[NormalizedUserName], [a].[PasswordHash], [a].[PhoneNumber], [a].[PhoneNumberConfirmed], [a].[SecurityStamp], [a].[TwoFactorEnabled], [a].[UserName]
FROM [AspNetUsers] AS [a]
WHERE [a].[NormalizedUserName] = @__normalizedUserName_0
2025-04-25 10:38:58.671 +05:30 [INF] Executed DbCommand (20ms) [Parameters=[@p0='?' (Size = 450), @p1='?' (Size = 450), @p20='?' (Size = 450), @p2='?' (DbType = Int32), @p3='?' (Size = 4000), @p21='?' (Size = 4000), @p4='?' (Size = 4000), @p5='?' (Size = 256), @p6='?' (DbType = Boolean), @p7='?' (Size = 4000), @p8='?' (DbType = Int32), @p9='?' (Size = 50), @p10='?' (DbType = Boolean), @p11='?' (DbType = DateTimeOffset), @p12='?' (Size = 256), @p13='?' (Size = 256), @p14='?' (Size = 4000), @p15='?' (Size = 4000), @p16='?' (DbType = Boolean), @p17='?' (Size = 4000), @p18='?' (DbType = Boolean), @p19='?' (Size = 256)], CommandType='"Text"', CommandTimeout='30']
SET NOCOUNT ON;
INSERT INTO [AspNetUserRoles] ([RoleId], [UserId])
VALUES (@p0, @p1);
UPDATE [AspNetUsers] SET [AccessFailedCount] = @p2, [ConcurrencyStamp] = @p3, [Department] = @p4, [Email] = @p5, [EmailConfirmed] = @p6, [EmployeeCode] = @p7, [EmployeeId] = @p8, [FullName] = @p9, [LockoutEnabled] = @p10, [LockoutEnd] = @p11, [NormalizedEmail] = @p12, [NormalizedUserName] = @p13, [PasswordHash] = @p14, [PhoneNumber] = @p15, [PhoneNumberConfirmed] = @p16, [SecurityStamp] = @p17, [TwoFactorEnabled] = @p18, [UserName] = @p19
OUTPUT 1
WHERE [Id] = @p20 AND [ConcurrencyStamp] = @p21;
2025-04-25 10:38:58.736 +05:30 [INF] Executed DbCommand (5ms) [Parameters=[@__user_Id_0='?' (Size = 450)], CommandType='"Text"', CommandTimeout='30']
SELECT [a].[Id], [a].[ClaimType], [a].[ClaimValue], [a].[UserId]
FROM [AspNetUserClaims] AS [a]
WHERE [a].[UserId] = @__user_Id_0
2025-04-25 10:38:58.751 +05:30 [INF] Executed DbCommand (1ms) [Parameters=[@__userId_0='?' (Size = 450)], CommandType='"Text"', CommandTimeout='30']
SELECT [a0].[Name]
FROM [AspNetUserRoles] AS [a]
INNER JOIN [AspNetRoles] AS [a0] ON [a].[RoleId] = [a0].[Id]
WHERE [a].[UserId] = @__userId_0
2025-04-25 10:38:58.763 +05:30 [INF] Executed DbCommand (1ms) [Parameters=[@__normalizedName_0='?' (Size = 256)], CommandType='"Text"', CommandTimeout='30']
SELECT TOP(1) [a].[Id], [a].[ConcurrencyStamp], [a].[Name], [a].[NormalizedName]
FROM [AspNetRoles] AS [a]
WHERE [a].[NormalizedName] = @__normalizedName_0
2025-04-25 10:38:58.788 +05:30 [INF] Executed DbCommand (4ms) [Parameters=[@__role_Id_0='?' (Size = 450)], CommandType='"Text"', CommandTimeout='30']
SELECT [a].[ClaimType], [a].[ClaimValue]
FROM [AspNetRoleClaims] AS [a]
WHERE [a].[RoleId] = @__role_Id_0
2025-04-25 10:38:58.804 +05:30 [INF] AuthenticationScheme: Identity.Application signed in.
2025-04-25 10:38:58.809 +05:30 [INF] Executed handler method OnPostRegisterAsync, returned result Microsoft.AspNetCore.Mvc.JsonResult.
2025-04-25 10:38:58.814 +05:30 [INF] Executing JsonResult, writing value of type '<>f__AnonymousType13`2[[System.Boolean, System.Private.CoreLib, Version=8.0.0.0, Culture=neutral, PublicKeyToken=7cec85d7bea7798e],[System.String, System.Private.CoreLib, Version=8.0.0.0, Culture=neutral, PublicKeyToken=7cec85d7bea7798e]]'.
2025-04-25 10:38:58.840 +05:30 [INF] Executed page /Account/Register in 837.416ms
2025-04-25 10:38:58.843 +05:30 [INF] Executed endpoint '/Account/Register'
2025-04-25 10:38:58.848 +05:30 [INF] HTTP POST /Account/Register responded 200 in 853.2834 ms
2025-04-25 10:38:58.858 +05:30 [INF] Request finished HTTP/2 POST https://localhost:7134/Account/Register?handler=Register - 200 null application/json; charset=utf-8 870.2316ms
