2025-04-20 17:54:55.654 +05:30 [INF] Request starting HTTP/2 GET https://localhost:7134/Calendar/Admin - null null
2025-04-20 17:54:55.922 +05:30 [INF] Executed DbCommand (17ms) [Parameters=[@__p_0='?' (Size = 450)], CommandType='"Text"', CommandTimeout='30']
SELECT TOP(1) [a].[Id], [a].[AccessFailedCount], [a].[ConcurrencyStamp], [a].[Department], [a].[Email], [a].[EmailConfirmed], [a].[EmployeeCode], [a].[EmployeeId], [a].[FullName], [a].[LockoutEnabled], [a].[LockoutEnd], [a].[NormalizedEmail], [a].[NormalizedUserName], [a].[PasswordHash], [a].[PhoneNumber], [a].[PhoneNumberConfirmed], [a].[SecurityStamp], [a].[TwoFactorEnabled], [a].[UserName]
FROM [AspNetUsers] AS [a]
WHERE [a].[Id] = @__p_0
2025-04-20 17:54:56.016 +05:30 [INF] Executed DbCommand (6ms) [Parameters=[@__user_Id_0='?' (Size = 450)], CommandType='"Text"', CommandTimeout='30']
SELECT [a].[Id], [a].[ClaimType], [a].[ClaimValue], [a].[UserId]
FROM [AspNetUserClaims] AS [a]
WHERE [a].[UserId] = @__user_Id_0
2025-04-20 17:54:56.048 +05:30 [INF] Executed DbCommand (16ms) [Parameters=[@__userId_0='?' (Size = 450)], CommandType='"Text"', CommandTimeout='30']
SELECT [a0].[Name]
FROM [AspNetUserRoles] AS [a]
INNER JOIN [AspNetRoles] AS [a0] ON [a].[RoleId] = [a0].[Id]
WHERE [a].[UserId] = @__userId_0
2025-04-20 17:54:56.145 +05:30 [INF] Executed DbCommand (42ms) [Parameters=[@__normalizedName_0='?' (Size = 256)], CommandType='"Text"', CommandTimeout='30']
SELECT TOP(1) [a].[Id], [a].[ConcurrencyStamp], [a].[Name], [a].[NormalizedName]
FROM [AspNetRoles] AS [a]
WHERE [a].[NormalizedName] = @__normalizedName_0
2025-04-20 17:54:56.539 +05:30 [INF] Executed DbCommand (20ms) [Parameters=[@__role_Id_0='?' (Size = 450)], CommandType='"Text"', CommandTimeout='30']
SELECT [a].[ClaimType], [a].[ClaimValue]
FROM [AspNetRoleClaims] AS [a]
WHERE [a].[RoleId] = @__role_Id_0
2025-04-20 17:54:57.056 +05:30 [INF] Executing endpoint '/Calendar/Admin'
2025-04-20 17:54:57.133 +05:30 [INF] Route matched with {page = "/Calendar/Admin"}. Executing page /Calendar/Admin
2025-04-20 17:54:57.234 +05:30 [INF] Executing handler method EmployeeApp.Pages.Calendar.AdminModel.OnGetAsync - ModelState is "Valid"
2025-04-20 17:54:57.304 +05:30 [INF] Executed DbCommand (15ms) [Parameters=[], CommandType='"Text"', CommandTimeout='30']
SELECT [l].[Id], [l].[AppliedDate], [l].[Department], [l].[Description], [l].[From], [l].[LeaveType], [l].[Status], [l].[To], [l].[UserId], [a].[Id], [a].[AccessFailedCount], [a].[ConcurrencyStamp], [a].[Department], [a].[Email], [a].[EmailConfirmed], [a].[EmployeeCode], [a].[EmployeeId], [a].[FullName], [a].[LockoutEnabled], [a].[LockoutEnd], [a].[NormalizedEmail], [a].[NormalizedUserName], [a].[PasswordHash], [a].[PhoneNumber], [a].[PhoneNumberConfirmed], [a].[SecurityStamp], [a].[TwoFactorEnabled], [a].[UserName]
FROM [Leaves] AS [l]
INNER JOIN [AspNetUsers] AS [a] ON [l].[UserId] = [a].[Id]
2025-04-20 17:54:57.384 +05:30 [INF] Executed handler method OnGetAsync, returned result .
2025-04-20 17:54:57.478 +05:30 [INF] Executing an implicit handler method - ModelState is "Valid"
2025-04-20 17:54:57.674 +05:30 [INF] Executed an implicit handler method, returned result Microsoft.AspNetCore.Mvc.RazorPages.PageResult.
2025-04-20 17:54:57.996 +05:30 [INF] Executed DbCommand (1ms) [Parameters=[@__userId_0='?' (Size = 450)], CommandType='"Text"', CommandTimeout='30']
SELECT [a0].[Name]
FROM [AspNetUserRoles] AS [a]
INNER JOIN [AspNetRoles] AS [a0] ON [a].[RoleId] = [a0].[Id]
WHERE [a].[UserId] = @__userId_0
2025-04-20 17:54:58.204 +05:30 [INF] Executed page /Calendar/Admin in 970.2455ms
2025-04-20 17:54:58.231 +05:30 [INF] Request starting HTTP/2 GET https://localhost:7134/_framework/aspnetcore-browser-refresh.js - null null
2025-04-20 17:54:58.233 +05:30 [INF] Request starting HTTP/2 GET https://localhost:7134/_vs/browserLink - null null
2025-04-20 17:54:58.318 +05:30 [INF] Executed endpoint '/Calendar/Admin'
2025-04-20 17:54:58.339 +05:30 [INF] Request finished HTTP/2 GET https://localhost:7134/_framework/aspnetcore-browser-refresh.js - 200 13758 application/javascript; charset=utf-8 108.2109ms
2025-04-20 17:54:58.359 +05:30 [INF] Request finished HTTP/2 GET https://localhost:7134/_vs/browserLink - 200 null text/javascript; charset=UTF-8 125.6734ms
2025-04-20 17:54:58.367 +05:30 [INF] HTTP GET /Calendar/Admin responded 200 in 2575.7586 ms
2025-04-20 17:54:58.524 +05:30 [INF] Request finished HTTP/2 GET https://localhost:7134/Calendar/Admin - 200 null text/html; charset=utf-8 2869.8539ms
2025-04-20 17:55:32.303 +05:30 [INF] Request starting HTTP/2 GET https://localhost:7134/Leaves/Admin - null null
2025-04-20 17:55:32.311 +05:30 [INF] Executing endpoint '/Leaves/Admin'
2025-04-20 17:55:32.313 +05:30 [INF] Route matched with {page = "/Leaves/Admin"}. Executing page /Leaves/Admin
2025-04-20 17:55:32.316 +05:30 [INF] Executing handler method EmployeeApp.Pages.Leaves.AdminModel.OnGetAsync - ModelState is "Valid"
2025-04-20 17:55:32.323 +05:30 [INF] Executed DbCommand (3ms) [Parameters=[], CommandType='"Text"', CommandTimeout='30']
SELECT [l].[Id], [a].[FullName], COALESCE([a].[FullName], [a].[UserName]), [l].[LeaveType], COALESCE([a].[Department], N'N/A'), DATEDIFF(day, [l].[From], [l].[To]) + 1, [l].[Status]
FROM [Leaves] AS [l]
INNER JOIN [AspNetUsers] AS [a] ON [l].[UserId] = [a].[Id]
ORDER BY [l].[Id] DESC
2025-04-20 17:55:32.330 +05:30 [INF] Executed DbCommand (2ms) [Parameters=[], CommandType='"Text"', CommandTimeout='30']
SELECT TOP(1) [a].[Id], [a].[AccessFailedCount], [a].[ConcurrencyStamp], [a].[Department], [a].[Email], [a].[EmailConfirmed], [a].[EmployeeCode], [a].[EmployeeId], [a].[FullName], [a].[LockoutEnabled], [a].[LockoutEnd], [a].[NormalizedEmail], [a].[NormalizedUserName], [a].[PasswordHash], [a].[PhoneNumber], [a].[PhoneNumberConfirmed], [a].[SecurityStamp], [a].[TwoFactorEnabled], [a].[UserName]
FROM [AspNetUsers] AS [a]
WHERE [a].[EmployeeCode] NOT LIKE N''
ORDER BY [a].[EmployeeCode] DESC
2025-04-20 17:55:32.336 +05:30 [INF] Executed DbCommand (1ms) [Parameters=[], CommandType='"Text"', CommandTimeout='30']
SELECT COUNT(*)
FROM [Leaves] AS [l]
WHERE [l].[Status] = N'Pending'
2025-04-20 17:55:32.342 +05:30 [INF] Executed handler method OnGetAsync, returned result .
2025-04-20 17:55:32.344 +05:30 [INF] Executing an implicit handler method - ModelState is "Valid"
2025-04-20 17:55:32.346 +05:30 [INF] Executed an implicit handler method, returned result Microsoft.AspNetCore.Mvc.RazorPages.PageResult.
2025-04-20 17:55:32.350 +05:30 [INF] Executed DbCommand (0ms) [Parameters=[@__p_0='?' (Size = 450)], CommandType='"Text"', CommandTimeout='30']
SELECT TOP(1) [a].[Id], [a].[AccessFailedCount], [a].[ConcurrencyStamp], [a].[Department], [a].[Email], [a].[EmailConfirmed], [a].[EmployeeCode], [a].[EmployeeId], [a].[FullName], [a].[LockoutEnabled], [a].[LockoutEnd], [a].[NormalizedEmail], [a].[NormalizedUserName], [a].[PasswordHash], [a].[PhoneNumber], [a].[PhoneNumberConfirmed], [a].[SecurityStamp], [a].[TwoFactorEnabled], [a].[UserName]
FROM [AspNetUsers] AS [a]
WHERE [a].[Id] = @__p_0
2025-04-20 17:55:32.356 +05:30 [INF] Executed DbCommand (0ms) [Parameters=[@__userId_0='?' (Size = 450)], CommandType='"Text"', CommandTimeout='30']
SELECT [a0].[Name]
FROM [AspNetUserRoles] AS [a]
INNER JOIN [AspNetRoles] AS [a0] ON [a].[RoleId] = [a0].[Id]
WHERE [a].[UserId] = @__userId_0
2025-04-20 17:55:32.361 +05:30 [INF] Executed page /Leaves/Admin in 44.8779ms
2025-04-20 17:55:32.363 +05:30 [INF] Executed endpoint '/Leaves/Admin'
2025-04-20 17:55:32.365 +05:30 [INF] HTTP GET /Leaves/Admin responded 200 in 54.0033 ms
2025-04-20 17:55:32.369 +05:30 [INF] Request finished HTTP/2 GET https://localhost:7134/Leaves/Admin - 200 null text/html; charset=utf-8 65.2018ms
2025-04-20 17:55:32.379 +05:30 [INF] Request starting HTTP/2 GET https://localhost:7134/_framework/aspnetcore-browser-refresh.js - null null
2025-04-20 17:55:32.379 +05:30 [INF] Request starting HTTP/2 GET https://localhost:7134/_vs/browserLink - null null
2025-04-20 17:55:32.387 +05:30 [INF] Request finished HTTP/2 GET https://localhost:7134/_framework/aspnetcore-browser-refresh.js - 200 13758 application/javascript; charset=utf-8 7.3703ms
2025-04-20 17:55:32.396 +05:30 [INF] Request finished HTTP/2 GET https://localhost:7134/_vs/browserLink - 200 null text/javascript; charset=UTF-8 16.6394ms
2025-04-20 17:55:35.007 +05:30 [INF] Request starting HTTP/2 GET https://localhost:7134/Leaves/Admin?handler=FilterByStatus&status=Pending - null null
2025-04-20 17:55:35.018 +05:30 [INF] Executing endpoint '/Leaves/Admin'
2025-04-20 17:55:35.022 +05:30 [INF] Route matched with {page = "/Leaves/Admin"}. Executing page /Leaves/Admin
2025-04-20 17:55:35.027 +05:30 [INF] Executing handler method EmployeeApp.Pages.Leaves.AdminModel.OnGetFilterByStatusAsync - ModelState is "Valid"
2025-04-20 17:55:35.040 +05:30 [INF] Executed DbCommand (7ms) [Parameters=[@__status_0='?' (Size = 4000)], CommandType='"Text"', CommandTimeout='30']
SELECT [l].[Id], [a].[FullName], COALESCE([a].[FullName], [a].[UserName]), [l].[LeaveType], COALESCE([a].[Department], N'N/A'), DATEDIFF(day, [l].[From], [l].[To]) + 1, [l].[Status]
FROM [Leaves] AS [l]
INNER JOIN [AspNetUsers] AS [a] ON [l].[UserId] = [a].[Id]
WHERE [l].[Status] = @__status_0
ORDER BY [l].[Id] DESC
2025-04-20 17:55:35.053 +05:30 [INF] Executed DbCommand (2ms) [Parameters=[], CommandType='"Text"', CommandTimeout='30']
SELECT TOP(1) [a].[Id], [a].[AccessFailedCount], [a].[ConcurrencyStamp], [a].[Department], [a].[Email], [a].[EmailConfirmed], [a].[EmployeeCode], [a].[EmployeeId], [a].[FullName], [a].[LockoutEnabled], [a].[LockoutEnd], [a].[NormalizedEmail], [a].[NormalizedUserName], [a].[PasswordHash], [a].[PhoneNumber], [a].[PhoneNumberConfirmed], [a].[SecurityStamp], [a].[TwoFactorEnabled], [a].[UserName]
FROM [AspNetUsers] AS [a]
WHERE [a].[EmployeeCode] NOT LIKE N''
ORDER BY [a].[EmployeeCode] DESC
2025-04-20 17:55:35.064 +05:30 [INF] Executed page /Leaves/Admin in 37.6281ms
2025-04-20 17:55:35.069 +05:30 [INF] Executed endpoint '/Leaves/Admin'
2025-04-20 17:55:35.073 +05:30 [ERR] HTTP GET /Leaves/Admin responded 500 in 55.6947 ms
System.InvalidOperationException: The model item passed into the ViewDataDictionary is of type 'Microsoft.AspNetCore.Mvc.ModelBinding.ModelStateDictionary', but this ViewDataDictionary instance requires a model item of type 'System.Collections.Generic.List`1[EmployeeApp.Pages.Leaves.LeaveViewModel]'.
   at Microsoft.AspNetCore.Mvc.ViewFeatures.ViewDataDictionary.EnsureCompatible(Object value)
   at Microsoft.AspNetCore.Mvc.ViewFeatures.ViewDataDictionary..ctor(ViewDataDictionary source, Object model, Type declaredModelType)
   at EmployeeApp.Pages.Leaves.AdminModel.OnGetFilterByStatusAsync(String status) in C:\Users\liyan\Documents\GitHub\CCS\EmployeeApp\Pages\Leaves\Admin.cshtml.cs:line 129
   at Microsoft.AspNetCore.Mvc.RazorPages.Infrastructure.ExecutorFactory.GenericTaskHandlerMethod.Convert[T](Object taskAsObject)
   at Microsoft.AspNetCore.Mvc.RazorPages.Infrastructure.ExecutorFactory.GenericTaskHandlerMethod.Execute(Object receiver, Object[] arguments)
   at Microsoft.AspNetCore.Mvc.RazorPages.Infrastructure.PageActionInvoker.InvokeHandlerMethodAsync()
   at Microsoft.AspNetCore.Mvc.RazorPages.Infrastructure.PageActionInvoker.InvokeNextPageFilterAsync()
   at Microsoft.AspNetCore.Mvc.RazorPages.Infrastructure.PageActionInvoker.Rethrow(PageHandlerExecutedContext context)
   at Microsoft.AspNetCore.Mvc.RazorPages.Infrastructure.PageActionInvoker.Next(State& next, Scope& scope, Object& state, Boolean& isCompleted)
   at Microsoft.AspNetCore.Mvc.RazorPages.Infrastructure.PageActionInvoker.InvokeInnerFilterAsync()
   at Microsoft.AspNetCore.Mvc.Infrastructure.ResourceInvoker.<InvokeNextResourceFilter>g__Awaited|25_0(ResourceInvoker invoker, Task lastTask, State next, Scope scope, Object state, Boolean isCompleted)
   at Microsoft.AspNetCore.Mvc.Infrastructure.ResourceInvoker.Rethrow(ResourceExecutedContextSealed context)
   at Microsoft.AspNetCore.Mvc.Infrastructure.ResourceInvoker.Next(State& next, Scope& scope, Object& state, Boolean& isCompleted)
   at Microsoft.AspNetCore.Mvc.Infrastructure.ResourceInvoker.<InvokeFilterPipelineAsync>g__Awaited|20_0(ResourceInvoker invoker, Task lastTask, State next, Scope scope, Object state, Boolean isCompleted)
   at Microsoft.AspNetCore.Mvc.Infrastructure.ResourceInvoker.<InvokeAsync>g__Logged|17_1(ResourceInvoker invoker)
   at Microsoft.AspNetCore.Mvc.Infrastructure.ResourceInvoker.<InvokeAsync>g__Logged|17_1(ResourceInvoker invoker)
   at Microsoft.AspNetCore.Routing.EndpointMiddleware.<Invoke>g__AwaitRequestTask|7_0(Endpoint endpoint, Task requestTask, ILogger logger)
   at Microsoft.AspNetCore.Authorization.AuthorizationMiddleware.Invoke(HttpContext context)
   at Microsoft.AspNetCore.Authentication.AuthenticationMiddleware.Invoke(HttpContext context)
   at Serilog.AspNetCore.RequestLoggingMiddleware.Invoke(HttpContext httpContext)
2025-04-20 17:55:35.097 +05:30 [ERR] An unhandled exception has occurred while executing the request.
System.InvalidOperationException: The model item passed into the ViewDataDictionary is of type 'Microsoft.AspNetCore.Mvc.ModelBinding.ModelStateDictionary', but this ViewDataDictionary instance requires a model item of type 'System.Collections.Generic.List`1[EmployeeApp.Pages.Leaves.LeaveViewModel]'.
   at Microsoft.AspNetCore.Mvc.ViewFeatures.ViewDataDictionary.EnsureCompatible(Object value)
   at Microsoft.AspNetCore.Mvc.ViewFeatures.ViewDataDictionary..ctor(ViewDataDictionary source, Object model, Type declaredModelType)
   at EmployeeApp.Pages.Leaves.AdminModel.OnGetFilterByStatusAsync(String status) in C:\Users\liyan\Documents\GitHub\CCS\EmployeeApp\Pages\Leaves\Admin.cshtml.cs:line 129
   at Microsoft.AspNetCore.Mvc.RazorPages.Infrastructure.ExecutorFactory.GenericTaskHandlerMethod.Convert[T](Object taskAsObject)
   at Microsoft.AspNetCore.Mvc.RazorPages.Infrastructure.ExecutorFactory.GenericTaskHandlerMethod.Execute(Object receiver, Object[] arguments)
   at Microsoft.AspNetCore.Mvc.RazorPages.Infrastructure.PageActionInvoker.InvokeHandlerMethodAsync()
   at Microsoft.AspNetCore.Mvc.RazorPages.Infrastructure.PageActionInvoker.InvokeNextPageFilterAsync()
   at Microsoft.AspNetCore.Mvc.RazorPages.Infrastructure.PageActionInvoker.Rethrow(PageHandlerExecutedContext context)
   at Microsoft.AspNetCore.Mvc.RazorPages.Infrastructure.PageActionInvoker.Next(State& next, Scope& scope, Object& state, Boolean& isCompleted)
   at Microsoft.AspNetCore.Mvc.RazorPages.Infrastructure.PageActionInvoker.InvokeInnerFilterAsync()
   at Microsoft.AspNetCore.Mvc.Infrastructure.ResourceInvoker.<InvokeNextResourceFilter>g__Awaited|25_0(ResourceInvoker invoker, Task lastTask, State next, Scope scope, Object state, Boolean isCompleted)
   at Microsoft.AspNetCore.Mvc.Infrastructure.ResourceInvoker.Rethrow(ResourceExecutedContextSealed context)
   at Microsoft.AspNetCore.Mvc.Infrastructure.ResourceInvoker.Next(State& next, Scope& scope, Object& state, Boolean& isCompleted)
   at Microsoft.AspNetCore.Mvc.Infrastructure.ResourceInvoker.<InvokeFilterPipelineAsync>g__Awaited|20_0(ResourceInvoker invoker, Task lastTask, State next, Scope scope, Object state, Boolean isCompleted)
   at Microsoft.AspNetCore.Mvc.Infrastructure.ResourceInvoker.<InvokeAsync>g__Logged|17_1(ResourceInvoker invoker)
   at Microsoft.AspNetCore.Mvc.Infrastructure.ResourceInvoker.<InvokeAsync>g__Logged|17_1(ResourceInvoker invoker)
   at Microsoft.AspNetCore.Routing.EndpointMiddleware.<Invoke>g__AwaitRequestTask|7_0(Endpoint endpoint, Task requestTask, ILogger logger)
   at Microsoft.AspNetCore.Authorization.AuthorizationMiddleware.Invoke(HttpContext context)
   at Microsoft.AspNetCore.Authentication.AuthenticationMiddleware.Invoke(HttpContext context)
   at Serilog.AspNetCore.RequestLoggingMiddleware.Invoke(HttpContext httpContext)
   at Microsoft.AspNetCore.Diagnostics.DeveloperExceptionPageMiddlewareImpl.Invoke(HttpContext context)
2025-04-20 17:55:35.112 +05:30 [INF] Request finished HTTP/2 GET https://localhost:7134/Leaves/Admin?handler=FilterByStatus&status=Pending - 500 null text/plain; charset=utf-8 104.977ms
2025-04-20 17:56:06.526 +05:30 [INF] Request starting HTTP/2 GET https://localhost:7134/Leaves/Admin?handler=LeaveDetails&id=9 - null null
2025-04-20 17:56:06.532 +05:30 [INF] Executing endpoint '/Leaves/Admin'
2025-04-20 17:56:06.533 +05:30 [INF] Route matched with {page = "/Leaves/Admin"}. Executing page /Leaves/Admin
2025-04-20 17:56:06.534 +05:30 [INF] Executing handler method EmployeeApp.Pages.Leaves.AdminModel.OnGetLeaveDetailsAsync - ModelState is "Valid"
2025-04-20 17:56:06.557 +05:30 [INF] Executed DbCommand (21ms) [Parameters=[@__id_0='?' (DbType = Int32)], CommandType='"Text"', CommandTimeout='30']
SELECT TOP(1) [l].[Id], [a].[FullName], COALESCE([a].[FullName], [a].[UserName]), [l].[LeaveType], COALESCE([a].[Department], N'N/A'), DATEDIFF(day, [l].[From], [l].[To]) + 1, [l].[Status], [l].[Description], [l].[From], [l].[To]
FROM [Leaves] AS [l]
INNER JOIN [AspNetUsers] AS [a] ON [l].[UserId] = [a].[Id]
WHERE [l].[Id] = @__id_0
2025-04-20 17:56:06.563 +05:30 [INF] Executed DbCommand (2ms) [Parameters=[], CommandType='"Text"', CommandTimeout='30']
SELECT TOP(1) [a].[Id], [a].[AccessFailedCount], [a].[ConcurrencyStamp], [a].[Department], [a].[Email], [a].[EmailConfirmed], [a].[EmployeeCode], [a].[EmployeeId], [a].[FullName], [a].[LockoutEnabled], [a].[LockoutEnd], [a].[NormalizedEmail], [a].[NormalizedUserName], [a].[PasswordHash], [a].[PhoneNumber], [a].[PhoneNumberConfirmed], [a].[SecurityStamp], [a].[TwoFactorEnabled], [a].[UserName]
FROM [AspNetUsers] AS [a]
WHERE [a].[EmployeeCode] NOT LIKE N''
ORDER BY [a].[EmployeeCode] DESC
2025-04-20 17:56:06.566 +05:30 [INF] Executed page /Leaves/Admin in 32.5554ms
2025-04-20 17:56:06.569 +05:30 [INF] Executed endpoint '/Leaves/Admin'
2025-04-20 17:56:06.571 +05:30 [ERR] HTTP GET /Leaves/Admin responded 500 in 39.8067 ms
System.InvalidOperationException: The model item passed into the ViewDataDictionary is of type 'Microsoft.AspNetCore.Mvc.ModelBinding.ModelStateDictionary', but this ViewDataDictionary instance requires a model item of type 'EmployeeApp.Pages.Leaves.LeaveViewModel'.
   at Microsoft.AspNetCore.Mvc.ViewFeatures.ViewDataDictionary.EnsureCompatible(Object value)
   at Microsoft.AspNetCore.Mvc.ViewFeatures.ViewDataDictionary..ctor(ViewDataDictionary source, Object model, Type declaredModelType)
   at EmployeeApp.Pages.Leaves.AdminModel.OnGetLeaveDetailsAsync(Int32 id) in C:\Users\liyan\Documents\GitHub\CCS\EmployeeApp\Pages\Leaves\Admin.cshtml.cs:line 81
   at Microsoft.AspNetCore.Mvc.RazorPages.Infrastructure.ExecutorFactory.GenericTaskHandlerMethod.Convert[T](Object taskAsObject)
   at Microsoft.AspNetCore.Mvc.RazorPages.Infrastructure.ExecutorFactory.GenericTaskHandlerMethod.Execute(Object receiver, Object[] arguments)
   at Microsoft.AspNetCore.Mvc.RazorPages.Infrastructure.PageActionInvoker.InvokeHandlerMethodAsync()
   at Microsoft.AspNetCore.Mvc.RazorPages.Infrastructure.PageActionInvoker.InvokeNextPageFilterAsync()
   at Microsoft.AspNetCore.Mvc.RazorPages.Infrastructure.PageActionInvoker.Rethrow(PageHandlerExecutedContext context)
   at Microsoft.AspNetCore.Mvc.RazorPages.Infrastructure.PageActionInvoker.Next(State& next, Scope& scope, Object& state, Boolean& isCompleted)
   at Microsoft.AspNetCore.Mvc.RazorPages.Infrastructure.PageActionInvoker.InvokeInnerFilterAsync()
   at Microsoft.AspNetCore.Mvc.Infrastructure.ResourceInvoker.<InvokeNextResourceFilter>g__Awaited|25_0(ResourceInvoker invoker, Task lastTask, State next, Scope scope, Object state, Boolean isCompleted)
   at Microsoft.AspNetCore.Mvc.Infrastructure.ResourceInvoker.Rethrow(ResourceExecutedContextSealed context)
   at Microsoft.AspNetCore.Mvc.Infrastructure.ResourceInvoker.Next(State& next, Scope& scope, Object& state, Boolean& isCompleted)
   at Microsoft.AspNetCore.Mvc.Infrastructure.ResourceInvoker.<InvokeFilterPipelineAsync>g__Awaited|20_0(ResourceInvoker invoker, Task lastTask, State next, Scope scope, Object state, Boolean isCompleted)
   at Microsoft.AspNetCore.Mvc.Infrastructure.ResourceInvoker.<InvokeAsync>g__Logged|17_1(ResourceInvoker invoker)
   at Microsoft.AspNetCore.Mvc.Infrastructure.ResourceInvoker.<InvokeAsync>g__Logged|17_1(ResourceInvoker invoker)
   at Microsoft.AspNetCore.Routing.EndpointMiddleware.<Invoke>g__AwaitRequestTask|7_0(Endpoint endpoint, Task requestTask, ILogger logger)
   at Microsoft.AspNetCore.Authorization.AuthorizationMiddleware.Invoke(HttpContext context)
   at Microsoft.AspNetCore.Authentication.AuthenticationMiddleware.Invoke(HttpContext context)
   at Serilog.AspNetCore.RequestLoggingMiddleware.Invoke(HttpContext httpContext)
2025-04-20 17:56:06.579 +05:30 [ERR] An unhandled exception has occurred while executing the request.
System.InvalidOperationException: The model item passed into the ViewDataDictionary is of type 'Microsoft.AspNetCore.Mvc.ModelBinding.ModelStateDictionary', but this ViewDataDictionary instance requires a model item of type 'EmployeeApp.Pages.Leaves.LeaveViewModel'.
   at Microsoft.AspNetCore.Mvc.ViewFeatures.ViewDataDictionary.EnsureCompatible(Object value)
   at Microsoft.AspNetCore.Mvc.ViewFeatures.ViewDataDictionary..ctor(ViewDataDictionary source, Object model, Type declaredModelType)
   at EmployeeApp.Pages.Leaves.AdminModel.OnGetLeaveDetailsAsync(Int32 id) in C:\Users\liyan\Documents\GitHub\CCS\EmployeeApp\Pages\Leaves\Admin.cshtml.cs:line 81
   at Microsoft.AspNetCore.Mvc.RazorPages.Infrastructure.ExecutorFactory.GenericTaskHandlerMethod.Convert[T](Object taskAsObject)
   at Microsoft.AspNetCore.Mvc.RazorPages.Infrastructure.ExecutorFactory.GenericTaskHandlerMethod.Execute(Object receiver, Object[] arguments)
   at Microsoft.AspNetCore.Mvc.RazorPages.Infrastructure.PageActionInvoker.InvokeHandlerMethodAsync()
   at Microsoft.AspNetCore.Mvc.RazorPages.Infrastructure.PageActionInvoker.InvokeNextPageFilterAsync()
   at Microsoft.AspNetCore.Mvc.RazorPages.Infrastructure.PageActionInvoker.Rethrow(PageHandlerExecutedContext context)
   at Microsoft.AspNetCore.Mvc.RazorPages.Infrastructure.PageActionInvoker.Next(State& next, Scope& scope, Object& state, Boolean& isCompleted)
   at Microsoft.AspNetCore.Mvc.RazorPages.Infrastructure.PageActionInvoker.InvokeInnerFilterAsync()
   at Microsoft.AspNetCore.Mvc.Infrastructure.ResourceInvoker.<InvokeNextResourceFilter>g__Awaited|25_0(ResourceInvoker invoker, Task lastTask, State next, Scope scope, Object state, Boolean isCompleted)
   at Microsoft.AspNetCore.Mvc.Infrastructure.ResourceInvoker.Rethrow(ResourceExecutedContextSealed context)
   at Microsoft.AspNetCore.Mvc.Infrastructure.ResourceInvoker.Next(State& next, Scope& scope, Object& state, Boolean& isCompleted)
   at Microsoft.AspNetCore.Mvc.Infrastructure.ResourceInvoker.<InvokeFilterPipelineAsync>g__Awaited|20_0(ResourceInvoker invoker, Task lastTask, State next, Scope scope, Object state, Boolean isCompleted)
   at Microsoft.AspNetCore.Mvc.Infrastructure.ResourceInvoker.<InvokeAsync>g__Logged|17_1(ResourceInvoker invoker)
   at Microsoft.AspNetCore.Mvc.Infrastructure.ResourceInvoker.<InvokeAsync>g__Logged|17_1(ResourceInvoker invoker)
   at Microsoft.AspNetCore.Routing.EndpointMiddleware.<Invoke>g__AwaitRequestTask|7_0(Endpoint endpoint, Task requestTask, ILogger logger)
   at Microsoft.AspNetCore.Authorization.AuthorizationMiddleware.Invoke(HttpContext context)
   at Microsoft.AspNetCore.Authentication.AuthenticationMiddleware.Invoke(HttpContext context)
   at Serilog.AspNetCore.RequestLoggingMiddleware.Invoke(HttpContext httpContext)
   at Microsoft.AspNetCore.Diagnostics.DeveloperExceptionPageMiddlewareImpl.Invoke(HttpContext context)
2025-04-20 17:56:06.584 +05:30 [INF] Request finished HTTP/2 GET https://localhost:7134/Leaves/Admin?handler=LeaveDetails&id=9 - 500 null text/plain; charset=utf-8 58.1939ms
2025-04-20 19:24:14.558 +05:30 [INF] User profile is available. Using 'C:\Users\liyan\AppData\Local\ASP.NET\DataProtection-Keys' as key repository and Windows DPAPI to encrypt keys at rest.
2025-04-20 19:24:16.629 +05:30 [INF] Executed DbCommand (88ms) [Parameters=[@__normalizedName_0='?' (Size = 256)], CommandType='"Text"', CommandTimeout='30']
SELECT TOP(1) [a].[Id], [a].[ConcurrencyStamp], [a].[Name], [a].[NormalizedName]
FROM [AspNetRoles] AS [a]
WHERE [a].[NormalizedName] = @__normalizedName_0
2025-04-20 19:24:16.820 +05:30 [INF] Executed DbCommand (3ms) [Parameters=[@__normalizedName_0='?' (Size = 256)], CommandType='"Text"', CommandTimeout='30']
SELECT TOP(1) [a].[Id], [a].[ConcurrencyStamp], [a].[Name], [a].[NormalizedName]
FROM [AspNetRoles] AS [a]
WHERE [a].[NormalizedName] = @__normalizedName_0
2025-04-20 19:24:16.929 +05:30 [INF] Executed DbCommand (17ms) [Parameters=[@__normalizedEmail_0='?' (Size = 256)], CommandType='"Text"', CommandTimeout='30']
SELECT TOP(2) [a].[Id], [a].[AccessFailedCount], [a].[ConcurrencyStamp], [a].[Department], [a].[Email], [a].[EmailConfirmed], [a].[EmployeeCode], [a].[EmployeeId], [a].[FullName], [a].[LockoutEnabled], [a].[LockoutEnd], [a].[NormalizedEmail], [a].[NormalizedUserName], [a].[PasswordHash], [a].[PhoneNumber], [a].[PhoneNumberConfirmed], [a].[SecurityStamp], [a].[TwoFactorEnabled], [a].[UserName]
FROM [AspNetUsers] AS [a]
WHERE [a].[NormalizedEmail] = @__normalizedEmail_0
2025-04-20 19:24:17.014 +05:30 [INF] Executed DbCommand (11ms) [Parameters=[], CommandType='"Text"', CommandTimeout='30']
SELECT CASE
    WHEN EXISTS (
        SELECT 1
        FROM [Employees] AS [e]) THEN CAST(1 AS bit)
    ELSE CAST(0 AS bit)
END
2025-04-20 19:24:17.024 +05:30 [INF] EmployeeApp started successfully.
2025-04-20 19:24:17.130 +05:30 [INF] Now listening on: https://localhost:7134
2025-04-20 19:24:17.132 +05:30 [INF] Now listening on: http://localhost:5207
2025-04-20 19:24:17.199 +05:30 [INF] Application started. Press Ctrl+C to shut down.
2025-04-20 19:24:17.201 +05:30 [INF] Hosting environment: Development
2025-04-20 19:24:17.203 +05:30 [INF] Content root path: C:\Users\liyan\Documents\GitHub\CCS\EmployeeApp
2025-04-20 19:24:18.096 +05:30 [INF] Request starting HTTP/2 GET https://localhost:7134/ - null null
2025-04-20 19:24:18.477 +05:30 [INF] Executed DbCommand (6ms) [Parameters=[@__p_0='?' (Size = 450)], CommandType='"Text"', CommandTimeout='30']
SELECT TOP(1) [a].[Id], [a].[AccessFailedCount], [a].[ConcurrencyStamp], [a].[Department], [a].[Email], [a].[EmailConfirmed], [a].[EmployeeCode], [a].[EmployeeId], [a].[FullName], [a].[LockoutEnabled], [a].[LockoutEnd], [a].[NormalizedEmail], [a].[NormalizedUserName], [a].[PasswordHash], [a].[PhoneNumber], [a].[PhoneNumberConfirmed], [a].[SecurityStamp], [a].[TwoFactorEnabled], [a].[UserName]
FROM [AspNetUsers] AS [a]
WHERE [a].[Id] = @__p_0
2025-04-20 19:24:18.550 +05:30 [INF] Executed DbCommand (6ms) [Parameters=[@__user_Id_0='?' (Size = 450)], CommandType='"Text"', CommandTimeout='30']
SELECT [a].[Id], [a].[ClaimType], [a].[ClaimValue], [a].[UserId]
FROM [AspNetUserClaims] AS [a]
WHERE [a].[UserId] = @__user_Id_0
2025-04-20 19:24:18.614 +05:30 [INF] Executed DbCommand (7ms) [Parameters=[@__userId_0='?' (Size = 450)], CommandType='"Text"', CommandTimeout='30']
SELECT [a0].[Name]
FROM [AspNetUserRoles] AS [a]
INNER JOIN [AspNetRoles] AS [a0] ON [a].[RoleId] = [a0].[Id]
WHERE [a].[UserId] = @__userId_0
2025-04-20 19:24:18.633 +05:30 [INF] Executed DbCommand (1ms) [Parameters=[@__normalizedName_0='?' (Size = 256)], CommandType='"Text"', CommandTimeout='30']
SELECT TOP(1) [a].[Id], [a].[ConcurrencyStamp], [a].[Name], [a].[NormalizedName]
FROM [AspNetRoles] AS [a]
WHERE [a].[NormalizedName] = @__normalizedName_0
2025-04-20 19:24:18.666 +05:30 [INF] Executed DbCommand (6ms) [Parameters=[@__role_Id_0='?' (Size = 450)], CommandType='"Text"', CommandTimeout='30']
SELECT [a].[ClaimType], [a].[ClaimValue]
FROM [AspNetRoleClaims] AS [a]
WHERE [a].[RoleId] = @__role_Id_0
2025-04-20 19:24:18.690 +05:30 [INF] Executing endpoint '/Index'
2025-04-20 19:24:18.729 +05:30 [INF] Route matched with {page = "/Index"}. Executing page /Index
2025-04-20 19:24:18.744 +05:30 [INF] Executing handler method EmployeeApp.Pages.IndexModel.OnGet - ModelState is "Valid"
2025-04-20 19:24:18.749 +05:30 [INF] Executed handler method OnGet, returned result .
2025-04-20 19:24:18.757 +05:30 [INF] Executing an implicit handler method - ModelState is "Valid"
2025-04-20 19:24:18.764 +05:30 [INF] Executed an implicit handler method, returned result Microsoft.AspNetCore.Mvc.RazorPages.PageResult.
2025-04-20 19:24:18.808 +05:30 [INF] Executed DbCommand (1ms) [Parameters=[@__userId_0='?' (Size = 450)], CommandType='"Text"', CommandTimeout='30']
SELECT [a0].[Name]
FROM [AspNetUserRoles] AS [a]
INNER JOIN [AspNetRoles] AS [a0] ON [a].[RoleId] = [a0].[Id]
WHERE [a].[UserId] = @__userId_0
2025-04-20 19:24:18.867 +05:30 [INF] Executed page /Index in 128.9577ms
2025-04-20 19:24:18.877 +05:30 [INF] Executed endpoint '/Index'
2025-04-20 19:24:18.887 +05:30 [INF] HTTP GET / responded 200 in 579.8671 ms
2025-04-20 19:24:18.891 +05:30 [INF] Request starting HTTP/2 GET https://localhost:7134/_framework/aspnetcore-browser-refresh.js - null null
2025-04-20 19:24:18.899 +05:30 [INF] Request starting HTTP/2 GET https://localhost:7134/_vs/browserLink - null null
2025-04-20 19:24:18.905 +05:30 [INF] Request finished HTTP/2 GET https://localhost:7134/ - 200 null text/html; charset=utf-8 813.6517ms
2025-04-20 19:24:18.909 +05:30 [INF] Request finished HTTP/2 GET https://localhost:7134/_framework/aspnetcore-browser-refresh.js - 200 13758 application/javascript; charset=utf-8 18.6702ms
2025-04-20 19:24:19.006 +05:30 [INF] Request finished HTTP/2 GET https://localhost:7134/_vs/browserLink - 200 null text/javascript; charset=UTF-8 106.5477ms
2025-04-20 19:24:21.850 +05:30 [INF] Request starting HTTP/2 GET https://localhost:7134/Leaves/Admin - null null
2025-04-20 19:24:21.867 +05:30 [INF] Executing endpoint '/Leaves/Admin'
2025-04-20 19:24:21.875 +05:30 [INF] Executed endpoint '/Leaves/Admin'
2025-04-20 19:24:21.881 +05:30 [ERR] HTTP GET /Leaves/Admin responded 500 in 21.3598 ms
System.InvalidOperationException: Multiple constructors accepting all given argument types have been found in type 'System.Collections.Generic.List`1[EmployeeApp.Models.ViewModels.LeaveViewModel]'. There should only be one applicable constructor.
   at Microsoft.Extensions.DependencyInjection.ActivatorUtilities.TryFindMatchingConstructor(Type instanceType, Type[] argumentTypes, ConstructorInfo& matchingConstructor, Nullable`1[]& parameterMap)
   at Microsoft.Extensions.DependencyInjection.ActivatorUtilities.FindApplicableConstructor(Type instanceType, Type[] argumentTypes, ConstructorInfoEx[] constructors, ConstructorInfo& matchingConstructor, Nullable`1[]& matchingParameterMap)
   at Microsoft.Extensions.DependencyInjection.ActivatorUtilities.CreateFactoryInternal(Type instanceType, Type[] argumentTypes, ParameterExpression& provider, ParameterExpression& argumentArray, Expression& factoryExpressionBody)
   at Microsoft.Extensions.DependencyInjection.ActivatorUtilities.CreateFactory(Type instanceType, Type[] argumentTypes)
   at Microsoft.AspNetCore.Mvc.RazorPages.Infrastructure.DefaultPageModelActivatorProvider.CreateActivator(CompiledPageActionDescriptor actionDescriptor)
   at Microsoft.AspNetCore.Mvc.RazorPages.Infrastructure.DefaultPageModelFactoryProvider.CreateModelFactory(CompiledPageActionDescriptor descriptor)
   at Microsoft.AspNetCore.Mvc.RazorPages.Infrastructure.PageActionInvokerCache.CreateCacheEntry(CompiledPageActionDescriptor compiledActionDescriptor, FilterItem[] cachedFilters)
   at Microsoft.AspNetCore.Mvc.RazorPages.Infrastructure.PageActionInvokerCache.GetCachedResult(ActionContext actionContext)
   at Microsoft.AspNetCore.Mvc.RazorPages.Infrastructure.PageRequestDelegateFactory.<>c__DisplayClass13_0.<CreateRequestDelegate>b__0(HttpContext context)
   at Microsoft.AspNetCore.Routing.EndpointMiddleware.Invoke(HttpContext httpContext)
   at Microsoft.AspNetCore.Authorization.AuthorizationMiddleware.Invoke(HttpContext context)
   at Microsoft.AspNetCore.Authentication.AuthenticationMiddleware.Invoke(HttpContext context)
   at Serilog.AspNetCore.RequestLoggingMiddleware.Invoke(HttpContext httpContext)
2025-04-20 19:24:21.908 +05:30 [ERR] An unhandled exception has occurred while executing the request.
System.InvalidOperationException: Multiple constructors accepting all given argument types have been found in type 'System.Collections.Generic.List`1[EmployeeApp.Models.ViewModels.LeaveViewModel]'. There should only be one applicable constructor.
   at Microsoft.Extensions.DependencyInjection.ActivatorUtilities.TryFindMatchingConstructor(Type instanceType, Type[] argumentTypes, ConstructorInfo& matchingConstructor, Nullable`1[]& parameterMap)
   at Microsoft.Extensions.DependencyInjection.ActivatorUtilities.FindApplicableConstructor(Type instanceType, Type[] argumentTypes, ConstructorInfoEx[] constructors, ConstructorInfo& matchingConstructor, Nullable`1[]& matchingParameterMap)
   at Microsoft.Extensions.DependencyInjection.ActivatorUtilities.CreateFactoryInternal(Type instanceType, Type[] argumentTypes, ParameterExpression& provider, ParameterExpression& argumentArray, Expression& factoryExpressionBody)
   at Microsoft.Extensions.DependencyInjection.ActivatorUtilities.CreateFactory(Type instanceType, Type[] argumentTypes)
   at Microsoft.AspNetCore.Mvc.RazorPages.Infrastructure.DefaultPageModelActivatorProvider.CreateActivator(CompiledPageActionDescriptor actionDescriptor)
   at Microsoft.AspNetCore.Mvc.RazorPages.Infrastructure.DefaultPageModelFactoryProvider.CreateModelFactory(CompiledPageActionDescriptor descriptor)
   at Microsoft.AspNetCore.Mvc.RazorPages.Infrastructure.PageActionInvokerCache.CreateCacheEntry(CompiledPageActionDescriptor compiledActionDescriptor, FilterItem[] cachedFilters)
   at Microsoft.AspNetCore.Mvc.RazorPages.Infrastructure.PageActionInvokerCache.GetCachedResult(ActionContext actionContext)
   at Microsoft.AspNetCore.Mvc.RazorPages.Infrastructure.PageRequestDelegateFactory.<>c__DisplayClass13_0.<CreateRequestDelegate>b__0(HttpContext context)
   at Microsoft.AspNetCore.Routing.EndpointMiddleware.Invoke(HttpContext httpContext)
   at Microsoft.AspNetCore.Authorization.AuthorizationMiddleware.Invoke(HttpContext context)
   at Microsoft.AspNetCore.Authentication.AuthenticationMiddleware.Invoke(HttpContext context)
   at Serilog.AspNetCore.RequestLoggingMiddleware.Invoke(HttpContext httpContext)
   at Microsoft.AspNetCore.Diagnostics.DeveloperExceptionPageMiddlewareImpl.Invoke(HttpContext context)
2025-04-20 19:24:21.941 +05:30 [INF] Request finished HTTP/2 GET https://localhost:7134/Leaves/Admin - 500 null text/html; charset=utf-8 90.5031ms
2025-04-20 19:24:21.959 +05:30 [INF] Request starting HTTP/2 GET https://localhost:7134/_vs/browserLink - null null
2025-04-20 19:24:21.964 +05:30 [INF] Request starting HTTP/2 GET https://localhost:7134/_framework/aspnetcore-browser-refresh.js - null null
2025-04-20 19:24:21.973 +05:30 [INF] Request finished HTTP/2 GET https://localhost:7134/_framework/aspnetcore-browser-refresh.js - 200 13758 application/javascript; charset=utf-8 8.5822ms
2025-04-20 19:24:21.976 +05:30 [INF] Request finished HTTP/2 GET https://localhost:7134/_vs/browserLink - 200 null text/javascript; charset=UTF-8 16.5691ms
2025-04-20 19:30:40.777 +05:30 [INF] User profile is available. Using 'C:\Users\liyan\AppData\Local\ASP.NET\DataProtection-Keys' as key repository and Windows DPAPI to encrypt keys at rest.
2025-04-20 19:30:42.521 +05:30 [INF] Executed DbCommand (68ms) [Parameters=[@__normalizedName_0='?' (Size = 256)], CommandType='"Text"', CommandTimeout='30']
SELECT TOP(1) [a].[Id], [a].[ConcurrencyStamp], [a].[Name], [a].[NormalizedName]
FROM [AspNetRoles] AS [a]
WHERE [a].[NormalizedName] = @__normalizedName_0
2025-04-20 19:30:42.695 +05:30 [INF] Executed DbCommand (3ms) [Parameters=[@__normalizedName_0='?' (Size = 256)], CommandType='"Text"', CommandTimeout='30']
SELECT TOP(1) [a].[Id], [a].[ConcurrencyStamp], [a].[Name], [a].[NormalizedName]
FROM [AspNetRoles] AS [a]
WHERE [a].[NormalizedName] = @__normalizedName_0
2025-04-20 19:30:42.806 +05:30 [INF] Executed DbCommand (13ms) [Parameters=[@__normalizedEmail_0='?' (Size = 256)], CommandType='"Text"', CommandTimeout='30']
SELECT TOP(2) [a].[Id], [a].[AccessFailedCount], [a].[ConcurrencyStamp], [a].[Department], [a].[Email], [a].[EmailConfirmed], [a].[EmployeeCode], [a].[EmployeeId], [a].[FullName], [a].[LockoutEnabled], [a].[LockoutEnd], [a].[NormalizedEmail], [a].[NormalizedUserName], [a].[PasswordHash], [a].[PhoneNumber], [a].[PhoneNumberConfirmed], [a].[SecurityStamp], [a].[TwoFactorEnabled], [a].[UserName]
FROM [AspNetUsers] AS [a]
WHERE [a].[NormalizedEmail] = @__normalizedEmail_0
2025-04-20 19:30:42.891 +05:30 [INF] Executed DbCommand (10ms) [Parameters=[], CommandType='"Text"', CommandTimeout='30']
SELECT CASE
    WHEN EXISTS (
        SELECT 1
        FROM [Employees] AS [e]) THEN CAST(1 AS bit)
    ELSE CAST(0 AS bit)
END
2025-04-20 19:30:42.903 +05:30 [INF] EmployeeApp started successfully.
2025-04-20 19:30:43.053 +05:30 [INF] Now listening on: https://localhost:7134
2025-04-20 19:30:43.055 +05:30 [INF] Now listening on: http://localhost:5207
2025-04-20 19:30:43.148 +05:30 [INF] Application started. Press Ctrl+C to shut down.
2025-04-20 19:30:43.150 +05:30 [INF] Hosting environment: Development
2025-04-20 19:30:43.152 +05:30 [INF] Content root path: C:\Users\liyan\Documents\GitHub\CCS\EmployeeApp
2025-04-20 19:30:43.609 +05:30 [INF] Request starting HTTP/2 GET https://localhost:7134/Leaves/Admin - null null
2025-04-20 19:30:43.697 +05:30 [INF] Executing endpoint '/Leaves/Admin'
2025-04-20 19:30:43.706 +05:30 [INF] Executed endpoint '/Leaves/Admin'
2025-04-20 19:30:43.709 +05:30 [ERR] HTTP GET /Leaves/Admin responded 500 in 32.9140 ms
System.InvalidOperationException: Multiple constructors accepting all given argument types have been found in type 'System.Collections.Generic.List`1[EmployeeApp.Models.ViewModels.LeaveViewModel]'. There should only be one applicable constructor.
   at Microsoft.Extensions.DependencyInjection.ActivatorUtilities.TryFindMatchingConstructor(Type instanceType, Type[] argumentTypes, ConstructorInfo& matchingConstructor, Nullable`1[]& parameterMap)
   at Microsoft.Extensions.DependencyInjection.ActivatorUtilities.FindApplicableConstructor(Type instanceType, Type[] argumentTypes, ConstructorInfoEx[] constructors, ConstructorInfo& matchingConstructor, Nullable`1[]& matchingParameterMap)
   at Microsoft.Extensions.DependencyInjection.ActivatorUtilities.CreateFactoryInternal(Type instanceType, Type[] argumentTypes, ParameterExpression& provider, ParameterExpression& argumentArray, Expression& factoryExpressionBody)
   at Microsoft.Extensions.DependencyInjection.ActivatorUtilities.CreateFactory(Type instanceType, Type[] argumentTypes)
   at Microsoft.AspNetCore.Mvc.RazorPages.Infrastructure.DefaultPageModelActivatorProvider.CreateActivator(CompiledPageActionDescriptor actionDescriptor)
   at Microsoft.AspNetCore.Mvc.RazorPages.Infrastructure.DefaultPageModelFactoryProvider.CreateModelFactory(CompiledPageActionDescriptor descriptor)
   at Microsoft.AspNetCore.Mvc.RazorPages.Infrastructure.PageActionInvokerCache.CreateCacheEntry(CompiledPageActionDescriptor compiledActionDescriptor, FilterItem[] cachedFilters)
   at Microsoft.AspNetCore.Mvc.RazorPages.Infrastructure.PageActionInvokerCache.GetCachedResult(ActionContext actionContext)
   at Microsoft.AspNetCore.Mvc.RazorPages.Infrastructure.PageRequestDelegateFactory.<>c__DisplayClass13_0.<CreateRequestDelegate>b__0(HttpContext context)
   at Microsoft.AspNetCore.Routing.EndpointMiddleware.Invoke(HttpContext httpContext)
   at Microsoft.AspNetCore.Authorization.AuthorizationMiddleware.Invoke(HttpContext context)
   at Microsoft.AspNetCore.Authentication.AuthenticationMiddleware.Invoke(HttpContext context)
   at Serilog.AspNetCore.RequestLoggingMiddleware.Invoke(HttpContext httpContext)
2025-04-20 19:30:43.733 +05:30 [ERR] An unhandled exception has occurred while executing the request.
System.InvalidOperationException: Multiple constructors accepting all given argument types have been found in type 'System.Collections.Generic.List`1[EmployeeApp.Models.ViewModels.LeaveViewModel]'. There should only be one applicable constructor.
   at Microsoft.Extensions.DependencyInjection.ActivatorUtilities.TryFindMatchingConstructor(Type instanceType, Type[] argumentTypes, ConstructorInfo& matchingConstructor, Nullable`1[]& parameterMap)
   at Microsoft.Extensions.DependencyInjection.ActivatorUtilities.FindApplicableConstructor(Type instanceType, Type[] argumentTypes, ConstructorInfoEx[] constructors, ConstructorInfo& matchingConstructor, Nullable`1[]& matchingParameterMap)
   at Microsoft.Extensions.DependencyInjection.ActivatorUtilities.CreateFactoryInternal(Type instanceType, Type[] argumentTypes, ParameterExpression& provider, ParameterExpression& argumentArray, Expression& factoryExpressionBody)
   at Microsoft.Extensions.DependencyInjection.ActivatorUtilities.CreateFactory(Type instanceType, Type[] argumentTypes)
   at Microsoft.AspNetCore.Mvc.RazorPages.Infrastructure.DefaultPageModelActivatorProvider.CreateActivator(CompiledPageActionDescriptor actionDescriptor)
   at Microsoft.AspNetCore.Mvc.RazorPages.Infrastructure.DefaultPageModelFactoryProvider.CreateModelFactory(CompiledPageActionDescriptor descriptor)
   at Microsoft.AspNetCore.Mvc.RazorPages.Infrastructure.PageActionInvokerCache.CreateCacheEntry(CompiledPageActionDescriptor compiledActionDescriptor, FilterItem[] cachedFilters)
   at Microsoft.AspNetCore.Mvc.RazorPages.Infrastructure.PageActionInvokerCache.GetCachedResult(ActionContext actionContext)
   at Microsoft.AspNetCore.Mvc.RazorPages.Infrastructure.PageRequestDelegateFactory.<>c__DisplayClass13_0.<CreateRequestDelegate>b__0(HttpContext context)
   at Microsoft.AspNetCore.Routing.EndpointMiddleware.Invoke(HttpContext httpContext)
   at Microsoft.AspNetCore.Authorization.AuthorizationMiddleware.Invoke(HttpContext context)
   at Microsoft.AspNetCore.Authentication.AuthenticationMiddleware.Invoke(HttpContext context)
   at Serilog.AspNetCore.RequestLoggingMiddleware.Invoke(HttpContext httpContext)
   at Microsoft.AspNetCore.Diagnostics.DeveloperExceptionPageMiddlewareImpl.Invoke(HttpContext context)
2025-04-20 19:30:43.785 +05:30 [INF] Request finished HTTP/2 GET https://localhost:7134/Leaves/Admin - 500 null text/html; charset=utf-8 177.0418ms
2025-04-20 19:30:43.803 +05:30 [INF] Request starting HTTP/2 GET https://localhost:7134/_framework/aspnetcore-browser-refresh.js - null null
2025-04-20 19:30:43.803 +05:30 [INF] Request starting HTTP/2 GET https://localhost:7134/_vs/browserLink - null null
2025-04-20 19:30:43.812 +05:30 [INF] Request finished HTTP/2 GET https://localhost:7134/_framework/aspnetcore-browser-refresh.js - 200 13758 application/javascript; charset=utf-8 8.7187ms
2025-04-20 19:30:43.835 +05:30 [INF] Request finished HTTP/2 GET https://localhost:7134/_vs/browserLink - 200 null text/javascript; charset=UTF-8 31.731ms
2025-04-20 19:31:38.119 +05:30 [INF] User profile is available. Using 'C:\Users\liyan\AppData\Local\ASP.NET\DataProtection-Keys' as key repository and Windows DPAPI to encrypt keys at rest.
2025-04-20 19:31:39.955 +05:30 [INF] Executed DbCommand (96ms) [Parameters=[@__normalizedName_0='?' (Size = 256)], CommandType='"Text"', CommandTimeout='30']
SELECT TOP(1) [a].[Id], [a].[ConcurrencyStamp], [a].[Name], [a].[NormalizedName]
FROM [AspNetRoles] AS [a]
WHERE [a].[NormalizedName] = @__normalizedName_0
2025-04-20 19:31:40.138 +05:30 [INF] Executed DbCommand (3ms) [Parameters=[@__normalizedName_0='?' (Size = 256)], CommandType='"Text"', CommandTimeout='30']
SELECT TOP(1) [a].[Id], [a].[ConcurrencyStamp], [a].[Name], [a].[NormalizedName]
FROM [AspNetRoles] AS [a]
WHERE [a].[NormalizedName] = @__normalizedName_0
2025-04-20 19:31:40.254 +05:30 [INF] Executed DbCommand (15ms) [Parameters=[@__normalizedEmail_0='?' (Size = 256)], CommandType='"Text"', CommandTimeout='30']
SELECT TOP(2) [a].[Id], [a].[AccessFailedCount], [a].[ConcurrencyStamp], [a].[Department], [a].[Email], [a].[EmailConfirmed], [a].[EmployeeCode], [a].[EmployeeId], [a].[FullName], [a].[LockoutEnabled], [a].[LockoutEnd], [a].[NormalizedEmail], [a].[NormalizedUserName], [a].[PasswordHash], [a].[PhoneNumber], [a].[PhoneNumberConfirmed], [a].[SecurityStamp], [a].[TwoFactorEnabled], [a].[UserName]
FROM [AspNetUsers] AS [a]
WHERE [a].[NormalizedEmail] = @__normalizedEmail_0
2025-04-20 19:31:40.319 +05:30 [INF] Executed DbCommand (8ms) [Parameters=[], CommandType='"Text"', CommandTimeout='30']
SELECT CASE
    WHEN EXISTS (
        SELECT 1
        FROM [Employees] AS [e]) THEN CAST(1 AS bit)
    ELSE CAST(0 AS bit)
END
2025-04-20 19:31:40.335 +05:30 [INF] EmployeeApp started successfully.
2025-04-20 19:31:40.471 +05:30 [INF] Now listening on: https://localhost:7134
2025-04-20 19:31:40.473 +05:30 [INF] Now listening on: http://localhost:5207
2025-04-20 19:31:40.556 +05:30 [INF] Application started. Press Ctrl+C to shut down.
2025-04-20 19:31:40.559 +05:30 [INF] Hosting environment: Development
2025-04-20 19:31:40.562 +05:30 [INF] Content root path: C:\Users\liyan\Documents\GitHub\CCS\EmployeeApp
2025-04-20 19:31:40.785 +05:30 [INF] Request starting HTTP/2 GET https://localhost:7134/ - null null
2025-04-20 19:31:40.892 +05:30 [INF] Executing endpoint '/Index'
2025-04-20 19:31:40.909 +05:30 [INF] Route matched with {page = "/Index"}. Executing page /Index
2025-04-20 19:31:40.919 +05:30 [INF] Executing handler method EmployeeApp.Pages.IndexModel.OnGet - ModelState is "Valid"
2025-04-20 19:31:40.921 +05:30 [INF] Executed handler method OnGet, returned result .
2025-04-20 19:31:40.926 +05:30 [INF] Executing an implicit handler method - ModelState is "Valid"
2025-04-20 19:31:40.928 +05:30 [INF] Executed an implicit handler method, returned result Microsoft.AspNetCore.Mvc.RazorPages.PageResult.
2025-04-20 19:31:41.132 +05:30 [INF] Executed DbCommand (4ms) [Parameters=[@__p_0='?' (Size = 450)], CommandType='"Text"', CommandTimeout='30']
SELECT TOP(1) [a].[Id], [a].[AccessFailedCount], [a].[ConcurrencyStamp], [a].[Department], [a].[Email], [a].[EmailConfirmed], [a].[EmployeeCode], [a].[EmployeeId], [a].[FullName], [a].[LockoutEnabled], [a].[LockoutEnd], [a].[NormalizedEmail], [a].[NormalizedUserName], [a].[PasswordHash], [a].[PhoneNumber], [a].[PhoneNumberConfirmed], [a].[SecurityStamp], [a].[TwoFactorEnabled], [a].[UserName]
FROM [AspNetUsers] AS [a]
WHERE [a].[Id] = @__p_0
2025-04-20 19:31:41.218 +05:30 [INF] Executed DbCommand (5ms) [Parameters=[@__userId_0='?' (Size = 450)], CommandType='"Text"', CommandTimeout='30']
SELECT [a0].[Name]
FROM [AspNetUserRoles] AS [a]
INNER JOIN [AspNetRoles] AS [a0] ON [a].[RoleId] = [a0].[Id]
WHERE [a].[UserId] = @__userId_0
2025-04-20 19:31:41.303 +05:30 [INF] Executed page /Index in 381.7456ms
2025-04-20 19:31:41.312 +05:30 [INF] Executed endpoint '/Index'
2025-04-20 19:31:41.323 +05:30 [INF] HTTP GET / responded 200 in 456.0710 ms
2025-04-20 19:31:41.338 +05:30 [INF] Request starting HTTP/2 GET https://localhost:7134/_framework/aspnetcore-browser-refresh.js - null null
2025-04-20 19:31:41.339 +05:30 [INF] Request starting HTTP/2 GET https://localhost:7134/_vs/browserLink - null null
2025-04-20 19:31:41.344 +05:30 [INF] Request finished HTTP/2 GET https://localhost:7134/ - 200 null text/html; charset=utf-8 561.0122ms
2025-04-20 19:31:41.357 +05:30 [INF] Request finished HTTP/2 GET https://localhost:7134/_framework/aspnetcore-browser-refresh.js - 200 13758 application/javascript; charset=utf-8 19.2261ms
2025-04-20 19:31:41.398 +05:30 [INF] Request finished HTTP/2 GET https://localhost:7134/_vs/browserLink - 200 null text/javascript; charset=UTF-8 59.0322ms
2025-04-20 19:31:43.173 +05:30 [INF] Request starting HTTP/2 GET https://localhost:7134/Leaves/Admin - null null
2025-04-20 19:31:43.196 +05:30 [INF] Executing endpoint '/Leaves/Admin'
2025-04-20 19:31:43.202 +05:30 [INF] Executed endpoint '/Leaves/Admin'
2025-04-20 19:31:43.205 +05:30 [ERR] HTTP GET /Leaves/Admin responded 500 in 16.3077 ms
System.InvalidOperationException: Multiple constructors accepting all given argument types have been found in type 'System.Collections.Generic.List`1[EmployeeApp.Models.ViewModels.LeaveViewModel]'. There should only be one applicable constructor.
   at Microsoft.Extensions.DependencyInjection.ActivatorUtilities.TryFindMatchingConstructor(Type instanceType, Type[] argumentTypes, ConstructorInfo& matchingConstructor, Nullable`1[]& parameterMap)
   at Microsoft.Extensions.DependencyInjection.ActivatorUtilities.FindApplicableConstructor(Type instanceType, Type[] argumentTypes, ConstructorInfoEx[] constructors, ConstructorInfo& matchingConstructor, Nullable`1[]& matchingParameterMap)
   at Microsoft.Extensions.DependencyInjection.ActivatorUtilities.CreateFactoryInternal(Type instanceType, Type[] argumentTypes, ParameterExpression& provider, ParameterExpression& argumentArray, Expression& factoryExpressionBody)
   at Microsoft.Extensions.DependencyInjection.ActivatorUtilities.CreateFactory(Type instanceType, Type[] argumentTypes)
   at Microsoft.AspNetCore.Mvc.RazorPages.Infrastructure.DefaultPageModelActivatorProvider.CreateActivator(CompiledPageActionDescriptor actionDescriptor)
   at Microsoft.AspNetCore.Mvc.RazorPages.Infrastructure.DefaultPageModelFactoryProvider.CreateModelFactory(CompiledPageActionDescriptor descriptor)
   at Microsoft.AspNetCore.Mvc.RazorPages.Infrastructure.PageActionInvokerCache.CreateCacheEntry(CompiledPageActionDescriptor compiledActionDescriptor, FilterItem[] cachedFilters)
   at Microsoft.AspNetCore.Mvc.RazorPages.Infrastructure.PageActionInvokerCache.GetCachedResult(ActionContext actionContext)
   at Microsoft.AspNetCore.Mvc.RazorPages.Infrastructure.PageRequestDelegateFactory.<>c__DisplayClass13_0.<CreateRequestDelegate>b__0(HttpContext context)
   at Microsoft.AspNetCore.Routing.EndpointMiddleware.Invoke(HttpContext httpContext)
   at Microsoft.AspNetCore.Authorization.AuthorizationMiddleware.Invoke(HttpContext context)
   at Microsoft.AspNetCore.Authentication.AuthenticationMiddleware.Invoke(HttpContext context)
   at Serilog.AspNetCore.RequestLoggingMiddleware.Invoke(HttpContext httpContext)
2025-04-20 19:31:43.237 +05:30 [ERR] An unhandled exception has occurred while executing the request.
System.InvalidOperationException: Multiple constructors accepting all given argument types have been found in type 'System.Collections.Generic.List`1[EmployeeApp.Models.ViewModels.LeaveViewModel]'. There should only be one applicable constructor.
   at Microsoft.Extensions.DependencyInjection.ActivatorUtilities.TryFindMatchingConstructor(Type instanceType, Type[] argumentTypes, ConstructorInfo& matchingConstructor, Nullable`1[]& parameterMap)
   at Microsoft.Extensions.DependencyInjection.ActivatorUtilities.FindApplicableConstructor(Type instanceType, Type[] argumentTypes, ConstructorInfoEx[] constructors, ConstructorInfo& matchingConstructor, Nullable`1[]& matchingParameterMap)
   at Microsoft.Extensions.DependencyInjection.ActivatorUtilities.CreateFactoryInternal(Type instanceType, Type[] argumentTypes, ParameterExpression& provider, ParameterExpression& argumentArray, Expression& factoryExpressionBody)
   at Microsoft.Extensions.DependencyInjection.ActivatorUtilities.CreateFactory(Type instanceType, Type[] argumentTypes)
   at Microsoft.AspNetCore.Mvc.RazorPages.Infrastructure.DefaultPageModelActivatorProvider.CreateActivator(CompiledPageActionDescriptor actionDescriptor)
   at Microsoft.AspNetCore.Mvc.RazorPages.Infrastructure.DefaultPageModelFactoryProvider.CreateModelFactory(CompiledPageActionDescriptor descriptor)
   at Microsoft.AspNetCore.Mvc.RazorPages.Infrastructure.PageActionInvokerCache.CreateCacheEntry(CompiledPageActionDescriptor compiledActionDescriptor, FilterItem[] cachedFilters)
   at Microsoft.AspNetCore.Mvc.RazorPages.Infrastructure.PageActionInvokerCache.GetCachedResult(ActionContext actionContext)
   at Microsoft.AspNetCore.Mvc.RazorPages.Infrastructure.PageRequestDelegateFactory.<>c__DisplayClass13_0.<CreateRequestDelegate>b__0(HttpContext context)
   at Microsoft.AspNetCore.Routing.EndpointMiddleware.Invoke(HttpContext httpContext)
   at Microsoft.AspNetCore.Authorization.AuthorizationMiddleware.Invoke(HttpContext context)
   at Microsoft.AspNetCore.Authentication.AuthenticationMiddleware.Invoke(HttpContext context)
   at Serilog.AspNetCore.RequestLoggingMiddleware.Invoke(HttpContext httpContext)
   at Microsoft.AspNetCore.Diagnostics.DeveloperExceptionPageMiddlewareImpl.Invoke(HttpContext context)
2025-04-20 19:31:43.263 +05:30 [INF] Request finished HTTP/2 GET https://localhost:7134/Leaves/Admin - 500 null text/html; charset=utf-8 89.3422ms
2025-04-20 19:31:43.284 +05:30 [INF] Request starting HTTP/2 GET https://localhost:7134/_vs/browserLink - null null
2025-04-20 19:31:43.284 +05:30 [INF] Request starting HTTP/2 GET https://localhost:7134/_framework/aspnetcore-browser-refresh.js - null null
2025-04-20 19:31:43.296 +05:30 [INF] Request finished HTTP/2 GET https://localhost:7134/_framework/aspnetcore-browser-refresh.js - 200 13758 application/javascript; charset=utf-8 12.1136ms
2025-04-20 19:31:43.309 +05:30 [INF] Request finished HTTP/2 GET https://localhost:7134/_vs/browserLink - 200 null text/javascript; charset=UTF-8 25.2126ms
2025-04-20 19:58:04.741 +05:30 [INF] User profile is available. Using 'C:\Users\liyan\AppData\Local\ASP.NET\DataProtection-Keys' as key repository and Windows DPAPI to encrypt keys at rest.
2025-04-20 19:58:06.126 +05:30 [INF] Executed DbCommand (52ms) [Parameters=[@__normalizedName_0='?' (Size = 256)], CommandType='"Text"', CommandTimeout='30']
SELECT TOP(1) [a].[Id], [a].[ConcurrencyStamp], [a].[Name], [a].[NormalizedName]
FROM [AspNetRoles] AS [a]
WHERE [a].[NormalizedName] = @__normalizedName_0
2025-04-20 19:58:06.239 +05:30 [INF] Executed DbCommand (3ms) [Parameters=[@__normalizedName_0='?' (Size = 256)], CommandType='"Text"', CommandTimeout='30']
SELECT TOP(1) [a].[Id], [a].[ConcurrencyStamp], [a].[Name], [a].[NormalizedName]
FROM [AspNetRoles] AS [a]
WHERE [a].[NormalizedName] = @__normalizedName_0
2025-04-20 19:58:06.330 +05:30 [INF] Executed DbCommand (12ms) [Parameters=[@__normalizedEmail_0='?' (Size = 256)], CommandType='"Text"', CommandTimeout='30']
SELECT TOP(2) [a].[Id], [a].[AccessFailedCount], [a].[ConcurrencyStamp], [a].[Department], [a].[Email], [a].[EmailConfirmed], [a].[EmployeeCode], [a].[EmployeeId], [a].[FullName], [a].[LockoutEnabled], [a].[LockoutEnd], [a].[NormalizedEmail], [a].[NormalizedUserName], [a].[PasswordHash], [a].[PhoneNumber], [a].[PhoneNumberConfirmed], [a].[SecurityStamp], [a].[TwoFactorEnabled], [a].[UserName]
FROM [AspNetUsers] AS [a]
WHERE [a].[NormalizedEmail] = @__normalizedEmail_0
2025-04-20 19:58:06.392 +05:30 [INF] Executed DbCommand (9ms) [Parameters=[], CommandType='"Text"', CommandTimeout='30']
SELECT CASE
    WHEN EXISTS (
        SELECT 1
        FROM [Employees] AS [e]) THEN CAST(1 AS bit)
    ELSE CAST(0 AS bit)
END
2025-04-20 19:58:06.408 +05:30 [INF] EmployeeApp started successfully.
2025-04-20 19:58:06.513 +05:30 [INF] Now listening on: https://localhost:7134
2025-04-20 19:58:06.514 +05:30 [INF] Now listening on: http://localhost:5207
2025-04-20 19:58:06.572 +05:30 [INF] Application started. Press Ctrl+C to shut down.
2025-04-20 19:58:06.573 +05:30 [INF] Hosting environment: Development
2025-04-20 19:58:06.575 +05:30 [INF] Content root path: C:\Users\liyan\Documents\GitHub\CCS\EmployeeApp
2025-04-20 19:58:07.083 +05:30 [INF] Request starting HTTP/2 GET https://localhost:7134/ - null null
2025-04-20 19:58:07.434 +05:30 [INF] Executed DbCommand (5ms) [Parameters=[@__p_0='?' (Size = 450)], CommandType='"Text"', CommandTimeout='30']
SELECT TOP(1) [a].[Id], [a].[AccessFailedCount], [a].[ConcurrencyStamp], [a].[Department], [a].[Email], [a].[EmailConfirmed], [a].[EmployeeCode], [a].[EmployeeId], [a].[FullName], [a].[LockoutEnabled], [a].[LockoutEnd], [a].[NormalizedEmail], [a].[NormalizedUserName], [a].[PasswordHash], [a].[PhoneNumber], [a].[PhoneNumberConfirmed], [a].[SecurityStamp], [a].[TwoFactorEnabled], [a].[UserName]
FROM [AspNetUsers] AS [a]
WHERE [a].[Id] = @__p_0
2025-04-20 19:58:07.497 +05:30 [INF] Executed DbCommand (4ms) [Parameters=[@__user_Id_0='?' (Size = 450)], CommandType='"Text"', CommandTimeout='30']
SELECT [a].[Id], [a].[ClaimType], [a].[ClaimValue], [a].[UserId]
FROM [AspNetUserClaims] AS [a]
WHERE [a].[UserId] = @__user_Id_0
2025-04-20 19:58:07.526 +05:30 [INF] Executed DbCommand (4ms) [Parameters=[@__userId_0='?' (Size = 450)], CommandType='"Text"', CommandTimeout='30']
SELECT [a0].[Name]
FROM [AspNetUserRoles] AS [a]
INNER JOIN [AspNetRoles] AS [a0] ON [a].[RoleId] = [a0].[Id]
WHERE [a].[UserId] = @__userId_0
2025-04-20 19:58:07.537 +05:30 [INF] Executed DbCommand (1ms) [Parameters=[@__normalizedName_0='?' (Size = 256)], CommandType='"Text"', CommandTimeout='30']
SELECT TOP(1) [a].[Id], [a].[ConcurrencyStamp], [a].[Name], [a].[NormalizedName]
FROM [AspNetRoles] AS [a]
WHERE [a].[NormalizedName] = @__normalizedName_0
2025-04-20 19:58:07.550 +05:30 [INF] Executed DbCommand (5ms) [Parameters=[@__role_Id_0='?' (Size = 450)], CommandType='"Text"', CommandTimeout='30']
SELECT [a].[ClaimType], [a].[ClaimValue]
FROM [AspNetRoleClaims] AS [a]
WHERE [a].[RoleId] = @__role_Id_0
2025-04-20 19:58:07.568 +05:30 [INF] Executing endpoint '/Index'
2025-04-20 19:58:07.586 +05:30 [INF] Route matched with {page = "/Index"}. Executing page /Index
2025-04-20 19:58:07.596 +05:30 [INF] Executing handler method EmployeeApp.Pages.IndexModel.OnGet - ModelState is "Valid"
2025-04-20 19:58:07.602 +05:30 [INF] Executed handler method OnGet, returned result .
2025-04-20 19:58:07.608 +05:30 [INF] Executing an implicit handler method - ModelState is "Valid"
2025-04-20 19:58:07.614 +05:30 [INF] Executed an implicit handler method, returned result Microsoft.AspNetCore.Mvc.RazorPages.PageResult.
2025-04-20 19:58:07.662 +05:30 [INF] Executed DbCommand (1ms) [Parameters=[@__userId_0='?' (Size = 450)], CommandType='"Text"', CommandTimeout='30']
SELECT [a0].[Name]
FROM [AspNetUserRoles] AS [a]
INNER JOIN [AspNetRoles] AS [a0] ON [a].[RoleId] = [a0].[Id]
WHERE [a].[UserId] = @__userId_0
2025-04-20 19:58:07.724 +05:30 [INF] Executed page /Index in 130.7815ms
2025-04-20 19:58:07.730 +05:30 [INF] Executed endpoint '/Index'
2025-04-20 19:58:07.736 +05:30 [INF] HTTP GET / responded 200 in 518.0307 ms
2025-04-20 19:58:07.740 +05:30 [INF] Request starting HTTP/2 GET https://localhost:7134/_vs/browserLink - null null
2025-04-20 19:58:07.740 +05:30 [INF] Request starting HTTP/2 GET https://localhost:7134/_framework/aspnetcore-browser-refresh.js - null null
2025-04-20 19:58:07.755 +05:30 [INF] Request finished HTTP/2 GET https://localhost:7134/ - 200 null text/html; charset=utf-8 675.7765ms
2025-04-20 19:58:07.761 +05:30 [INF] Request finished HTTP/2 GET https://localhost:7134/_framework/aspnetcore-browser-refresh.js - 200 13758 application/javascript; charset=utf-8 21.0694ms
2025-04-20 19:58:07.781 +05:30 [INF] Request finished HTTP/2 GET https://localhost:7134/_vs/browserLink - 200 null text/javascript; charset=UTF-8 41.0007ms
2025-04-20 19:58:10.207 +05:30 [INF] Request starting HTTP/2 GET https://localhost:7134/Leaves/Admin - null null
2025-04-20 19:58:10.226 +05:30 [INF] Executing endpoint '/Leaves/Admin'
2025-04-20 19:58:10.230 +05:30 [INF] Executed endpoint '/Leaves/Admin'
2025-04-20 19:58:10.233 +05:30 [ERR] HTTP GET /Leaves/Admin responded 500 in 14.4337 ms
System.InvalidOperationException: Multiple constructors accepting all given argument types have been found in type 'System.Collections.Generic.List`1[EmployeeApp.Models.ViewModels.LeaveViewModel]'. There should only be one applicable constructor.
   at Microsoft.Extensions.DependencyInjection.ActivatorUtilities.TryFindMatchingConstructor(Type instanceType, Type[] argumentTypes, ConstructorInfo& matchingConstructor, Nullable`1[]& parameterMap)
   at Microsoft.Extensions.DependencyInjection.ActivatorUtilities.FindApplicableConstructor(Type instanceType, Type[] argumentTypes, ConstructorInfoEx[] constructors, ConstructorInfo& matchingConstructor, Nullable`1[]& matchingParameterMap)
   at Microsoft.Extensions.DependencyInjection.ActivatorUtilities.CreateFactoryInternal(Type instanceType, Type[] argumentTypes, ParameterExpression& provider, ParameterExpression& argumentArray, Expression& factoryExpressionBody)
   at Microsoft.Extensions.DependencyInjection.ActivatorUtilities.CreateFactory(Type instanceType, Type[] argumentTypes)
   at Microsoft.AspNetCore.Mvc.RazorPages.Infrastructure.DefaultPageModelActivatorProvider.CreateActivator(CompiledPageActionDescriptor actionDescriptor)
   at Microsoft.AspNetCore.Mvc.RazorPages.Infrastructure.DefaultPageModelFactoryProvider.CreateModelFactory(CompiledPageActionDescriptor descriptor)
   at Microsoft.AspNetCore.Mvc.RazorPages.Infrastructure.PageActionInvokerCache.CreateCacheEntry(CompiledPageActionDescriptor compiledActionDescriptor, FilterItem[] cachedFilters)
   at Microsoft.AspNetCore.Mvc.RazorPages.Infrastructure.PageActionInvokerCache.GetCachedResult(ActionContext actionContext)
   at Microsoft.AspNetCore.Mvc.RazorPages.Infrastructure.PageRequestDelegateFactory.<>c__DisplayClass13_0.<CreateRequestDelegate>b__0(HttpContext context)
   at Microsoft.AspNetCore.Routing.EndpointMiddleware.Invoke(HttpContext httpContext)
   at Microsoft.AspNetCore.Authorization.AuthorizationMiddleware.Invoke(HttpContext context)
   at Microsoft.AspNetCore.Authentication.AuthenticationMiddleware.Invoke(HttpContext context)
   at Serilog.AspNetCore.RequestLoggingMiddleware.Invoke(HttpContext httpContext)
2025-04-20 19:58:10.268 +05:30 [ERR] An unhandled exception has occurred while executing the request.
System.InvalidOperationException: Multiple constructors accepting all given argument types have been found in type 'System.Collections.Generic.List`1[EmployeeApp.Models.ViewModels.LeaveViewModel]'. There should only be one applicable constructor.
   at Microsoft.Extensions.DependencyInjection.ActivatorUtilities.TryFindMatchingConstructor(Type instanceType, Type[] argumentTypes, ConstructorInfo& matchingConstructor, Nullable`1[]& parameterMap)
   at Microsoft.Extensions.DependencyInjection.ActivatorUtilities.FindApplicableConstructor(Type instanceType, Type[] argumentTypes, ConstructorInfoEx[] constructors, ConstructorInfo& matchingConstructor, Nullable`1[]& matchingParameterMap)
   at Microsoft.Extensions.DependencyInjection.ActivatorUtilities.CreateFactoryInternal(Type instanceType, Type[] argumentTypes, ParameterExpression& provider, ParameterExpression& argumentArray, Expression& factoryExpressionBody)
   at Microsoft.Extensions.DependencyInjection.ActivatorUtilities.CreateFactory(Type instanceType, Type[] argumentTypes)
   at Microsoft.AspNetCore.Mvc.RazorPages.Infrastructure.DefaultPageModelActivatorProvider.CreateActivator(CompiledPageActionDescriptor actionDescriptor)
   at Microsoft.AspNetCore.Mvc.RazorPages.Infrastructure.DefaultPageModelFactoryProvider.CreateModelFactory(CompiledPageActionDescriptor descriptor)
   at Microsoft.AspNetCore.Mvc.RazorPages.Infrastructure.PageActionInvokerCache.CreateCacheEntry(CompiledPageActionDescriptor compiledActionDescriptor, FilterItem[] cachedFilters)
   at Microsoft.AspNetCore.Mvc.RazorPages.Infrastructure.PageActionInvokerCache.GetCachedResult(ActionContext actionContext)
   at Microsoft.AspNetCore.Mvc.RazorPages.Infrastructure.PageRequestDelegateFactory.<>c__DisplayClass13_0.<CreateRequestDelegate>b__0(HttpContext context)
   at Microsoft.AspNetCore.Routing.EndpointMiddleware.Invoke(HttpContext httpContext)
   at Microsoft.AspNetCore.Authorization.AuthorizationMiddleware.Invoke(HttpContext context)
   at Microsoft.AspNetCore.Authentication.AuthenticationMiddleware.Invoke(HttpContext context)
   at Serilog.AspNetCore.RequestLoggingMiddleware.Invoke(HttpContext httpContext)
   at Microsoft.AspNetCore.Diagnostics.DeveloperExceptionPageMiddlewareImpl.Invoke(HttpContext context)
2025-04-20 19:58:10.310 +05:30 [INF] Request finished HTTP/2 GET https://localhost:7134/Leaves/Admin - 500 null text/html; charset=utf-8 102.606ms
2025-04-20 19:58:10.339 +05:30 [INF] Request starting HTTP/2 GET https://localhost:7134/_vs/browserLink - null null
2025-04-20 19:58:10.340 +05:30 [INF] Request starting HTTP/2 GET https://localhost:7134/_framework/aspnetcore-browser-refresh.js - null null
2025-04-20 19:58:10.346 +05:30 [INF] Request finished HTTP/2 GET https://localhost:7134/_framework/aspnetcore-browser-refresh.js - 200 13758 application/javascript; charset=utf-8 6.5688ms
2025-04-20 19:58:10.356 +05:30 [INF] Request finished HTTP/2 GET https://localhost:7134/_vs/browserLink - 200 null text/javascript; charset=UTF-8 16.8638ms
